<?xml version="1.0" encoding="UTF-8"?>
<testsuite xmlns:xsi="http://www.w3.org/2001/XMLSchema-instance" xsi:noNamespaceSchemaLocation="https://maven.apache.org/surefire/maven-failsafe-plugin/xsd/failsafe-test-report.xsd" name="Feature: Compras en efectivo" time="2,492.251" tests="18" errors="18" skipped="0" failures="0">
  <properties>
    <property name="java.runtime.name" value="Java(TM) SE Runtime Environment"/>
    <property name="sun.boot.library.path" value="C:\Program Files\Java\jdk1.8.0_121\jre\bin"/>
    <property name="java.vm.version" value="25.121-b13"/>
    <property name="java.vm.vendor" value="Oracle Corporation"/>
    <property name="maven.multiModuleProjectDirectory" value="C:\workspacelineadirecta\com.lineadirecta.pacifika"/>
    <property name="java.vendor.url" value="http://java.oracle.com/"/>
    <property name="path.separator" value=";"/>
    <property name="guice.disable.misplaced.annotation.check" value="true"/>
    <property name="java.vm.name" value="Java HotSpot(TM) 64-Bit Server VM"/>
    <property name="file.encoding.pkg" value="sun.io"/>
    <property name="user.script" value=""/>
    <property name="user.country" value="CO"/>
    <property name="sun.java.launcher" value="SUN_STANDARD"/>
    <property name="sun.os.patch.level" value="Service Pack 1"/>
    <property name="java.vm.specification.name" value="Java Virtual Machine Specification"/>
    <property name="user.dir" value="C:\workspacelineadirecta\com.lineadirecta.pacifika"/>
    <property name="java.runtime.version" value="1.8.0_121-b13"/>
    <property name="java.awt.graphicsenv" value="sun.awt.Win32GraphicsEnvironment"/>
    <property name="java.endorsed.dirs" value="C:\Program Files\Java\jdk1.8.0_121\jre\lib\endorsed"/>
    <property name="os.arch" value="amd64"/>
    <property name="java.io.tmpdir" value="C:\Users\41QS362\AppData\Local\Temp\"/>
    <property name="line.separator" value="&#10;"/>
    <property name="java.vm.specification.vendor" value="Oracle Corporation"/>
    <property name="user.variant" value=""/>
    <property name="os.name" value="Windows 7"/>
    <property name="classworlds.conf" value="C:\workspacelineadirecta\.metadata\.plugins\org.eclipse.m2e.launching\launches\m2conf4577425910202130184.tmp"/>
    <property name="sun.jnu.encoding" value="Cp1252"/>
    <property name="java.library.path" value="C:\Program Files\Java\jdk1.8.0_121\bin;C:\Windows\Sun\Java\bin;C:\Windows\system32;C:\Windows;C:/Program Files/Java/jre1.8.0_121/bin/server;C:/Program Files/Java/jre1.8.0_121/bin;C:/Program Files/Java/jre1.8.0_121/lib/amd64;C:\Program Files (x86)\Java\jdk1.8.0_121;C:\Program Files (x86)\apache-maven-3.5.3\bin;C:\ProgramData\Oracle\Java\javapath;C:\Program Files (x86)\Intel\iCLS Client\;C:\Program Files\Intel\iCLS Client\;C:\Windows\system32;C:\Windows;C:\Windows\System32\Wbem;C:\Windows\System32\WindowsPowerShell\v1.0\;C:\Program Files\Intel\WiFi\bin\;C:\Program Files\Common Files\Intel\WirelessCommon\;C:\Program Files\Intel\Intel(R) Management Engine Components\DAL;C:\Program Files (x86)\Intel\Intel(R) Management Engine Components\DAL;C:\Program Files\Intel\Intel(R) Management Engine Components\IPT;C:\Program Files (x86)\Intel\Intel(R) Management Engine Components\IPT;C:\Program Files (x86)\Skype\Phone\;C:\Program Files\Git\cmd;C:\Users\41QS362\Desktop;;."/>
    <property name="java.specification.name" value="Java Platform API Specification"/>
    <property name="java.class.version" value="52.0"/>
    <property name="sun.management.compiler" value="HotSpot 64-Bit Tiered Compilers"/>
    <property name="os.version" value="6.1"/>
    <property name="user.home" value="C:\Users\41QS362"/>
    <property name="user.timezone" value="America/Bogota"/>
    <property name="java.awt.printerjob" value="sun.awt.windows.WPrinterJob"/>
    <property name="java.specification.version" value="1.8"/>
    <property name="file.encoding" value="Cp1252"/>
    <property name="user.name" value="4L8Z362"/>
    <property name="java.class.path" value="C:\Program Files (x86)\apache-maven-3.5.3\boot\plexus-classworlds-2.5.2.jar"/>
    <property name="java.vm.specification.version" value="1.8"/>
    <property name="sun.arch.data.model" value="64"/>
    <property name="java.home" value="C:\Program Files\Java\jdk1.8.0_121\jre"/>
    <property name="sun.java.command" value="org.codehaus.plexus.classworlds.launcher.Launcher -B install"/>
    <property name="java.specification.vendor" value="Oracle Corporation"/>
    <property name="user.language" value="es"/>
    <property name="awt.toolkit" value="sun.awt.windows.WToolkit"/>
    <property name="java.vm.info" value="mixed mode"/>
    <property name="java.version" value="1.8.0_121"/>
    <property name="java.ext.dirs" value="C:\Program Files\Java\jdk1.8.0_121\jre\lib\ext;C:\Windows\Sun\Java\lib\ext"/>
    <property name="sun.boot.class.path" value="C:\Program Files\Java\jdk1.8.0_121\jre\lib\resources.jar;C:\Program Files\Java\jdk1.8.0_121\jre\lib\rt.jar;C:\Program Files\Java\jdk1.8.0_121\jre\lib\sunrsasign.jar;C:\Program Files\Java\jdk1.8.0_121\jre\lib\jsse.jar;C:\Program Files\Java\jdk1.8.0_121\jre\lib\jce.jar;C:\Program Files\Java\jdk1.8.0_121\jre\lib\charsets.jar;C:\Program Files\Java\jdk1.8.0_121\jre\lib\jfr.jar;C:\Program Files\Java\jdk1.8.0_121\jre\classes"/>
    <property name="java.vendor" value="Oracle Corporation"/>
    <property name="maven.home" value="C:\Program Files (x86)\apache-maven-3.5.3"/>
    <property name="file.separator" value="\"/>
    <property name="java.vendor.url.bug" value="http://bugreport.sun.com/bugreport/"/>
    <property name="sun.cpu.endian" value="little"/>
    <property name="sun.io.unicode.encoding" value="UnicodeLittle"/>
    <property name="sun.desktop" value="windows"/>
    <property name="sun.cpu.isalist" value="amd64"/>
  </properties>
  <testcase name="Compra efectivo usuario normal forma efecty" classname="Compras en efectivo" time="121.209">
    <error type="java.lang.NullPointerException">java.lang.NullPointerException
</error>
    <system-out><![CDATA[[main] INFO net.serenitybdd.core.Serenity - &amp#27;[36m

-------------------------------------------------------------------------------------
     _______. _______ .______       _______ .__   __.  __  .___________.____    ____ 
    /       ||   ____||   _  \     |   ____||  \ |  | |  | |           |\   \  /   / 
   |   (----`|  |__   |  |_)  |    |  |__   |   \|  | |  | `---|  |----` \   \/   /  
    \   \    |   __|  |      /     |   __|  |  . `  | |  |     |  |       \_    _/   
.----)   |   |  |____ |  |\  \----.|  |____ |  |\   | |  |     |  |         |  |     
|_______/    |_______|| _| `._____||_______||__| \__| |__|     |__|         |__|    
                                                                                     
 News and tutorials at http://www.serenity-bdd.info                                  
 Documentation at https://wakaleo.gitbooks.io/the-serenity-book/content/             
 Join the Serenity Community on Rocket Chat at https://serenity-bdd.rocket.chat      
 Serenity BDD Support and Training at http://serenity-bdd.info/#/trainingandsupport  
 Learn Serenity BDD online at http://serenity-dojo.com                               
-------------------------------------------------------------------------------------
&amp#27;[0m
[main] INFO net.serenitybdd.core.Serenity - Test Suite Started: Compras en efectivo
[pool-1-thread-1] INFO net.serenitybdd.core.Serenity - 
 _____ _____ ____ _____   ____ _____  _    ____ _____ _____ ____  
|_   _| ____/ ___|_   _| / ___|_   _|/ \  |  _ \_   _| ____|  _ \ 
  | | |  _| \___ \ | |   \___ \ | | / _ \ | |_) || | |  _| | | | |
  | | | |___ ___) || |    ___) || |/ ___ \|  _ < | | | |___| |_| |
  |_| |_____|____/ |_|   |____/ |_/_/   \_\_| \_\|_| |_____|____/ 
                                                                  

TEST STARTED: Compra efectivo usuario <usuario> forma <forma>
-------------------------------------------------------------------(compras-en-efectivo;compra-efectivo-usuario-<usuario>-forma-<forma>)
Feature: Compras en efectivo

  Scenario Outline: Compra efectivo usuario <usuario> forma <forma> &amp#27;[90m# src/main/resources/features/Pruebas/dev/Compras/PDP/CompraEfectivo.feature:14&amp#27;[0m
    &amp#27;[36mGiven Estando en Home&amp#27;[0m
    &amp#27;[36mAnd Tengo datos a ingresar "src/test/resources/datadrivenDev/usuarios.xls"&amp#27;[0m
    &amp#27;[36mAnd Teniendo articulos a seleccionar "src/test/resources/datadrivenDev/articulos.csv"&amp#27;[0m
    &amp#27;[36mWhen Selecciona articulos desde PDP&amp#27;[0m
    &amp#27;[36mAnd Logueo e Ir a Pasarela "<usuario>"&amp#27;[0m
    &amp#27;[36mAnd Selecciono "<forma>"&amp#27;[0m
    &amp#27;[36mAnd Pagar Ahora&amp#27;[0m
    &amp#27;[36mAnd Guarda orden&amp#27;[0m
    &amp#27;[36mThen Verifico Mensaje Pago Final "Tu pago est√° en estado Pendiente."&amp#27;[0m

    Examples: 

  Scenario Outline: Compra efectivo usuario normal forma efecty                           &amp#27;[90m# src/main/resources/features/Pruebas/dev/Compras/PDP/CompraEfectivo.feature:28&amp#27;[0m
[pool-1-thread-1] ERROR net.serenitybdd.core.Serenity - 
           __  _____ _____ ____ _____   _____ _    ___ _     _____ ____  
  _       / / |_   _| ____/ ___|_   _| |  ___/ \  |_ _| |   | ____|  _ \ 
 (_)_____| |    | | |  _| \___ \ | |   | |_ / _ \  | || |   |  _| | | | |
  _|_____| |    | | | |___ ___) || |   |  _/ ___ \ | || |___| |___| |_| |
 (_)     | |    |_| |_____|____/ |_|   |_|/_/   \_\___|_____|_____|____/ 
          \_\                                                            

TEST FAILED WITH ERROR: Compra efectivo usuario <usuario> forma <forma>
---------------------------------------------------------------------
[pool-1-thread-1] ERROR net.serenitybdd.core.Serenity - TEST FAILED AT STEP And Logueo e Ir a Pasarela "normal"
[pool-1-thread-1] ERROR net.serenitybdd.core.Serenity - 

  Scenario Outline: Compra efectivo usuario normal forma baloto                           &amp#27;[90m# src/main/resources/features/Pruebas/dev/Compras/PDP/CompraEfectivo.feature:29&amp#27;[0m
[pool-1-thread-1] ERROR net.serenitybdd.core.Serenity - 
           __  _____ _____ ____ _____   _____ _    ___ _     _____ ____  
  _       / / |_   _| ____/ ___|_   _| |  ___/ \  |_ _| |   | ____|  _ \ 
 (_)_____| |    | | |  _| \___ \ | |   | |_ / _ \  | || |   |  _| | | | |
  _|_____| |    | | | |___ ___) || |   |  _/ ___ \ | || |___| |___| |_| |
 (_)     | |    |_| |_____|____/ |_|   |_|/_/   \_\___|_____|_____|____/ 
          \_\                                                            

TEST FAILED WITH ERROR: Compra efectivo usuario <usuario> forma <forma>
---------------------------------------------------------------------
[pool-1-thread-1] ERROR net.serenitybdd.core.Serenity - TEST FAILED AT STEP And Logueo e Ir a Pasarela "normal"
[pool-1-thread-1] ERROR net.serenitybdd.core.Serenity - 

  Scenario Outline: Compra efectivo usuario aliada forma efecty                           &amp#27;[90m# src/main/resources/features/Pruebas/dev/Compras/PDP/CompraEfectivo.feature:30&amp#27;[0m
[pool-1-thread-1] ERROR net.serenitybdd.core.Serenity - 
           __  _____ _____ ____ _____   _____ _    ___ _     _____ ____  
  _       / / |_   _| ____/ ___|_   _| |  ___/ \  |_ _| |   | ____|  _ \ 
 (_)_____| |    | | |  _| \___ \ | |   | |_ / _ \  | || |   |  _| | | | |
  _|_____| |    | | | |___ ___) || |   |  _/ ___ \ | || |___| |___| |_| |
 (_)     | |    |_| |_____|____/ |_|   |_|/_/   \_\___|_____|_____|____/ 
          \_\                                                            

TEST FAILED WITH ERROR: Compra efectivo usuario <usuario> forma <forma>
---------------------------------------------------------------------
[pool-1-thread-1] ERROR net.serenitybdd.core.Serenity - TEST FAILED AT STEP Abrir PDP: 2
[pool-1-thread-1] ERROR net.serenitybdd.core.Serenity - 

  Scenario Outline: Compra efectivo usuario aliada forma baloto                           &amp#27;[90m# src/main/resources/features/Pruebas/dev/Compras/PDP/CompraEfectivo.feature:31&amp#27;[0m
[pool-1-thread-1] ERROR net.serenitybdd.core.Serenity - 
           __  _____ _____ ____ _____   _____ _    ___ _     _____ ____  
  _       / / |_   _| ____/ ___|_   _| |  ___/ \  |_ _| |   | ____|  _ \ 
 (_)_____| |    | | |  _| \___ \ | |   | |_ / _ \  | || |   |  _| | | | |
  _|_____| |    | | | |___ ___) || |   |  _/ ___ \ | || |___| |___| |_| |
 (_)     | |    |_| |_____|____/ |_|   |_|/_/   \_\___|_____|_____|____/ 
          \_\                                                            

TEST FAILED WITH ERROR: Compra efectivo usuario <usuario> forma <forma>
---------------------------------------------------------------------
[pool-1-thread-1] ERROR net.serenitybdd.core.Serenity - TEST FAILED AT STEP And Logueo e Ir a Pasarela "aliada"
[pool-1-thread-1] ERROR net.serenitybdd.core.Serenity - 

  Scenario Outline: Compra efectivo usuario normaln forma efecty                          &amp#27;[90m# src/main/resources/features/Pruebas/dev/Compras/PDP/CompraEfectivo.feature:32&amp#27;[0m
[pool-1-thread-1] ERROR net.serenitybdd.core.Serenity - 
           __  _____ _____ ____ _____   _____ _    ___ _     _____ ____  
  _       / / |_   _| ____/ ___|_   _| |  ___/ \  |_ _| |   | ____|  _ \ 
 (_)_____| |    | | |  _| \___ \ | |   | |_ / _ \  | || |   |  _| | | | |
  _|_____| |    | | | |___ ___) || |   |  _/ ___ \ | || |___| |___| |_| |
 (_)     | |    |_| |_____|____/ |_|   |_|/_/   \_\___|_____|_____|____/ 
          \_\                                                            

TEST FAILED WITH ERROR: Compra efectivo usuario <usuario> forma <forma>
---------------------------------------------------------------------
[pool-1-thread-1] ERROR net.serenitybdd.core.Serenity - TEST FAILED AT STEP And Logueo e Ir a Pasarela "normaln"
[pool-1-thread-1] ERROR net.serenitybdd.core.Serenity - 

  Scenario Outline: Compra efectivo usuario normaln forma baloto                          &amp#27;[90m# src/main/resources/features/Pruebas/dev/Compras/PDP/CompraEfectivo.feature:33&amp#27;[0m
[pool-1-thread-1] ERROR net.serenitybdd.core.Serenity - 
           __  _____ _____ ____ _____   _____ _    ___ _     _____ ____  
  _       / / |_   _| ____/ ___|_   _| |  ___/ \  |_ _| |   | ____|  _ \ 
 (_)_____| |    | | |  _| \___ \ | |   | |_ / _ \  | || |   |  _| | | | |
  _|_____| |    | | | |___ ___) || |   |  _/ ___ \ | || |___| |___| |_| |
 (_)     | |    |_| |_____|____/ |_|   |_|/_/   \_\___|_____|_____|____/ 
          \_\                                                            

TEST FAILED WITH ERROR: Compra efectivo usuario <usuario> forma <forma>
---------------------------------------------------------------------
[pool-1-thread-1] ERROR net.serenitybdd.core.Serenity - TEST FAILED AT STEP And Logueo e Ir a Pasarela "normaln"
[pool-1-thread-1] ERROR net.serenitybdd.core.Serenity - 

  Scenario Outline: Compra efectivo usuario aliadan forma efecty                          &amp#27;[90m# src/main/resources/features/Pruebas/dev/Compras/PDP/CompraEfectivo.feature:34&amp#27;[0m
[pool-1-thread-1] ERROR net.serenitybdd.core.Serenity - 
           __  _____ _____ ____ _____   _____ _    ___ _     _____ ____  
  _       / / |_   _| ____/ ___|_   _| |  ___/ \  |_ _| |   | ____|  _ \ 
 (_)_____| |    | | |  _| \___ \ | |   | |_ / _ \  | || |   |  _| | | | |
  _|_____| |    | | | |___ ___) || |   |  _/ ___ \ | || |___| |___| |_| |
 (_)     | |    |_| |_____|____/ |_|   |_|/_/   \_\___|_____|_____|____/ 
          \_\                                                            

TEST FAILED WITH ERROR: Compra efectivo usuario <usuario> forma <forma>
---------------------------------------------------------------------
[pool-1-thread-1] ERROR net.serenitybdd.core.Serenity - TEST FAILED AT STEP And Logueo e Ir a Pasarela "aliadan"
[pool-1-thread-1] ERROR net.serenitybdd.core.Serenity - 

  Scenario Outline: Compra efectivo usuario aliadan forma baloto                          &amp#27;[90m# src/main/resources/features/Pruebas/dev/Compras/PDP/CompraEfectivo.feature:35&amp#27;[0m
[pool-1-thread-1] ERROR net.serenitybdd.core.Serenity - 
           __  _____ _____ ____ _____   _____ _    ___ _     _____ ____  
  _       / / |_   _| ____/ ___|_   _| |  ___/ \  |_ _| |   | ____|  _ \ 
 (_)_____| |    | | |  _| \___ \ | |   | |_ / _ \  | || |   |  _| | | | |
  _|_____| |    | | | |___ ___) || |   |  _/ ___ \ | || |___| |___| |_| |
 (_)     | |    |_| |_____|____/ |_|   |_|/_/   \_\___|_____|_____|____/ 
          \_\                                                            

TEST FAILED WITH ERROR: Compra efectivo usuario <usuario> forma <forma>
---------------------------------------------------------------------
[pool-1-thread-1] ERROR net.serenitybdd.core.Serenity - TEST FAILED AT STEP And Logueo e Ir a Pasarela "aliadan"
[pool-1-thread-1] ERROR net.serenitybdd.core.Serenity - 
[pool-1-thread-1] INFO net.serenitybdd.core.Serenity - 
 _____ _____ ____ _____   ____ _____  _    ____ _____ _____ ____  
|_   _| ____/ ___|_   _| / ___|_   _|/ \  |  _ \_   _| ____|  _ \ 
  | | |  _| \___ \ | |   \___ \ | | / _ \ | |_) || | |  _| | | | |
  | | | |___ ___) || |    ___) || |/ ___ \|  _ < | | | |___| |_| |
  |_| |_____|____/ |_|   |____/ |_/_/   \_\_| \_\|_| |_____|____/ 
                                                                  

TEST STARTED: Compra efectivo usuario <usuario> <forma> con descuento <voucher>
-------------------------------------------------------------------(compras-en-efectivo;compra-efectivo-usuario-<usuario>-<forma>-con-descuento-<voucher>)

  Scenario Outline: Compra efectivo usuario <usuario> <forma> con descuento <voucher> &amp#27;[90m# src/main/resources/features/Pruebas/dev/Compras/PDP/CompraEfectivo.feature:39&amp#27;[0m
    &amp#27;[36mGiven Estando en Home&amp#27;[0m
    &amp#27;[36mAnd Tengo datos a ingresar "src/test/resources/datadrivenDev/usuarios.xls"&amp#27;[0m
    &amp#27;[36mAnd Teniendo articulos a seleccionar "src/test/resources/datadrivenDev/articulos.csv"&amp#27;[0m
    &amp#27;[36mAnd teniendo datos en lista "src/test/resources/datadrivenDev/vaucher.xls"&amp#27;[0m
    &amp#27;[36mWhen Selecciona articulos desde PDP&amp#27;[0m
    &amp#27;[36mAnd digito vaucher de tipo "<voucher>"&amp#27;[0m
    &amp#27;[36mAnd Logueo e Ir a Pasarela "<usuario>"&amp#27;[0m
    &amp#27;[36mAnd Selecciono "<forma>"&amp#27;[0m
    &amp#27;[36mAnd Pagar Ahora&amp#27;[0m
    &amp#27;[36mAnd Guarda orden&amp#27;[0m
    &amp#27;[36mThen Verifico Mensaje Pago Final "Tu pago est√° en estado Pendiente."&amp#27;[0m

    Examples: 

  Scenario Outline: Compra efectivo usuario normal efecty con descuento fijo              &amp#27;[90m# src/main/resources/features/Pruebas/dev/Compras/PDP/CompraEfectivo.feature:54&amp#27;[0m
[pool-1-thread-1] ERROR net.serenitybdd.core.Serenity - 
           __  _____ _____ ____ _____   _____ _    ___ _     _____ ____  
  _       / / |_   _| ____/ ___|_   _| |  ___/ \  |_ _| |   | ____|  _ \ 
 (_)_____| |    | | |  _| \___ \ | |   | |_ / _ \  | || |   |  _| | | | |
  _|_____| |    | | | |___ ___) || |   |  _/ ___ \ | || |___| |___| |_| |
 (_)     | |    |_| |_____|____/ |_|   |_|/_/   \_\___|_____|_____|____/ 
          \_\                                                            

TEST FAILED WITH ERROR: Compra efectivo usuario <usuario> <forma> con descuento <voucher>
---------------------------------------------------------------------
[pool-1-thread-1] ERROR net.serenitybdd.core.Serenity - TEST FAILED AT STEP Abrir PDP: 2
[pool-1-thread-1] ERROR net.serenitybdd.core.Serenity - The following error occurred: unknown error: Element <img class="lazy" data-src="/medias/sys_master/images/images/hcc/heb/8796406644766/P506552-1.jpg" alt="Blusa Manga Sisa Blanco" title="Blusa Manga Sisa Blanco" src="data:image/gif;base64,R0lGODlhAQABAIAAAP///wAAACH5BAEAAAAALAAAAAABAAEAAAICRAEAOw=="> is not clickable at point (885, 404). Other element would receive the click: <div class="details mt-card-content">...</div>  (Session info: chrome=67.0.3396.99)  (Driver info: chromedriver=2.37.544315 (730aa6a5fdba159ac9f4c1e8cbc59bf1b5ce12b7),platform=Windows NT 6.1.7601 SP1 x86_64) (WARNING: The server did not provide any stacktrace information)Command duration or timeout: 0 millisecondsBuild info: version: '3.8.1', revision: '6e95a6684b', time: '2017-12-01T18:33:54.468Z'System info: host: 'SP4L8Z362', ip: '10.7.15.36', os.name: 'Windows 7', os.arch: 'amd64', os.version: '6.1', java.version: '1.8.0_121'Driver info: org.openqa.selenium.remote.RemoteWebDriverCapabilities {acceptInsecureCerts: false, acceptSslCerts: false, applicationCacheEnabled: false, browserConnectionEnabled: false, browserName: chrome, chrome: {chromedriverVersion: 2.37.544315 (730aa6a5fdba15..., userDataDir: C:\Users\41QS362\AppData\Lo...}, cssSelectorsEnabled: true, databaseEnabled: false, handlesAlerts: true, hasTouchScreen: false, javascriptEnabled: true, locationContextEnabled: true, mobileEmulationEnabled: false, nativeEvents: true, networkConnectionEnabled: false, pageLoadStrategy: normal, platform: XP, platformName: XP, rotatable: false, setWindowRect: true, takesHeapSnapshot: true, takesScreenshot: true, unexpectedAlertBehaviour: , unhandledPromptBehavior: , version: 67.0.3396.99, webStorageEnabled: true}Session ID: 2f5e4c24bd45ce277d78d0d0808fe9faBuild info: version: '3.8.1', revision: '6e95a6684b', time: '2017-12-01T18:33:54.468Z'System info: host: 'SP4L8Z362', ip: '10.7.15.36', os.name: 'Windows 7', os.arch: 'amd64', os.version: '6.1', java.version: '1.8.0_121'Driver info: driver.version: unknown

  Scenario Outline: Compra efectivo usuario normal baloto con descuento porcentaje        &amp#27;[90m# src/main/resources/features/Pruebas/dev/Compras/PDP/CompraEfectivo.feature:55&amp#27;[0m
[pool-1-thread-1] ERROR net.serenitybdd.core.Serenity - 
           __  _____ _____ ____ _____   _____ _    ___ _     _____ ____  
  _       / / |_   _| ____/ ___|_   _| |  ___/ \  |_ _| |   | ____|  _ \ 
 (_)_____| |    | | |  _| \___ \ | |   | |_ / _ \  | || |   |  _| | | | |
  _|_____| |    | | | |___ ___) || |   |  _/ ___ \ | || |___| |___| |_| |
 (_)     | |    |_| |_____|____/ |_|   |_|/_/   \_\___|_____|_____|____/ 
          \_\                                                            

TEST FAILED WITH ERROR: Compra efectivo usuario <usuario> <forma> con descuento <voucher>
---------------------------------------------------------------------
[pool-1-thread-1] ERROR net.serenitybdd.core.Serenity - TEST FAILED AT STEP Escribir vaucher: porcentaje
[pool-1-thread-1] ERROR net.serenitybdd.core.Serenity - The following error occurred: unknown error: Element <img class="lazy" data-src="/medias/sys_master/images/images/hcc/heb/8796406644766/P506552-1.jpg" alt="Blusa Manga Sisa Blanco" title="Blusa Manga Sisa Blanco" src="data:image/gif;base64,R0lGODlhAQABAIAAAP///wAAACH5BAEAAAAALAAAAAABAAEAAAICRAEAOw=="> is not clickable at point (885, 404). Other element would receive the click: <div class="details mt-card-content">...</div>  (Session info: chrome=67.0.3396.99)  (Driver info: chromedriver=2.37.544315 (730aa6a5fdba159ac9f4c1e8cbc59bf1b5ce12b7),platform=Windows NT 6.1.7601 SP1 x86_64) (WARNING: The server did not provide any stacktrace information)Command duration or timeout: 0 millisecondsBuild info: version: '3.8.1', revision: '6e95a6684b', time: '2017-12-01T18:33:54.468Z'System info: host: 'SP4L8Z362', ip: '10.7.15.36', os.name: 'Windows 7', os.arch: 'amd64', os.version: '6.1', java.version: '1.8.0_121'Driver info: org.openqa.selenium.remote.RemoteWebDriverCapabilities {acceptInsecureCerts: false, acceptSslCerts: false, applicationCacheEnabled: false, browserConnectionEnabled: false, browserName: chrome, chrome: {chromedriverVersion: 2.37.544315 (730aa6a5fdba15..., userDataDir: C:\Users\41QS362\AppData\Lo...}, cssSelectorsEnabled: true, databaseEnabled: false, handlesAlerts: true, hasTouchScreen: false, javascriptEnabled: true, locationContextEnabled: true, mobileEmulationEnabled: false, nativeEvents: true, networkConnectionEnabled: false, pageLoadStrategy: normal, platform: XP, platformName: XP, rotatable: false, setWindowRect: true, takesHeapSnapshot: true, takesScreenshot: true, unexpectedAlertBehaviour: , unhandledPromptBehavior: , version: 67.0.3396.99, webStorageEnabled: true}Session ID: 2f5e4c24bd45ce277d78d0d0808fe9faBuild info: version: '3.8.1', revision: '6e95a6684b', time: '2017-12-01T18:33:54.468Z'System info: host: 'SP4L8Z362', ip: '10.7.15.36', os.name: 'Windows 7', os.arch: 'amd64', os.version: '6.1', java.version: '1.8.0_121'Driver info: driver.version: unknown

  Scenario Outline: Compra efectivo usuario normaln baloto con descuento porcentaje       &amp#27;[90m# src/main/resources/features/Pruebas/dev/Compras/PDP/CompraEfectivo.feature:56&amp#27;[0m
[pool-1-thread-1] ERROR net.serenitybdd.core.Serenity - 
           __  _____ _____ ____ _____   _____ _    ___ _     _____ ____  
  _       / / |_   _| ____/ ___|_   _| |  ___/ \  |_ _| |   | ____|  _ \ 
 (_)_____| |    | | |  _| \___ \ | |   | |_ / _ \  | || |   |  _| | | | |
  _|_____| |    | | | |___ ___) || |   |  _/ ___ \ | || |___| |___| |_| |
 (_)     | |    |_| |_____|____/ |_|   |_|/_/   \_\___|_____|_____|____/ 
          \_\                                                            

TEST FAILED WITH ERROR: Compra efectivo usuario <usuario> <forma> con descuento <voucher>
---------------------------------------------------------------------
[pool-1-thread-1] ERROR net.serenitybdd.core.Serenity - TEST FAILED AT STEP Abrir PDP: 2
[pool-1-thread-1] ERROR net.serenitybdd.core.Serenity - The following error occurred: unknown error: Element <img class="lazy" data-src="/medias/sys_master/images/images/hcc/heb/8796406644766/P506552-1.jpg" alt="Blusa Manga Sisa Blanco" title="Blusa Manga Sisa Blanco" src="data:image/gif;base64,R0lGODlhAQABAIAAAP///wAAACH5BAEAAAAALAAAAAABAAEAAAICRAEAOw=="> is not clickable at point (885, 404). Other element would receive the click: <div class="details mt-card-content">...</div>  (Session info: chrome=67.0.3396.99)  (Driver info: chromedriver=2.37.544315 (730aa6a5fdba159ac9f4c1e8cbc59bf1b5ce12b7),platform=Windows NT 6.1.7601 SP1 x86_64) (WARNING: The server did not provide any stacktrace information)Command duration or timeout: 0 millisecondsBuild info: version: '3.8.1', revision: '6e95a6684b', time: '2017-12-01T18:33:54.468Z'System info: host: 'SP4L8Z362', ip: '10.7.15.36', os.name: 'Windows 7', os.arch: 'amd64', os.version: '6.1', java.version: '1.8.0_121'Driver info: org.openqa.selenium.remote.RemoteWebDriverCapabilities {acceptInsecureCerts: false, acceptSslCerts: false, applicationCacheEnabled: false, browserConnectionEnabled: false, browserName: chrome, chrome: {chromedriverVersion: 2.37.544315 (730aa6a5fdba15..., userDataDir: C:\Users\41QS362\AppData\Lo...}, cssSelectorsEnabled: true, databaseEnabled: false, handlesAlerts: true, hasTouchScreen: false, javascriptEnabled: true, locationContextEnabled: true, mobileEmulationEnabled: false, nativeEvents: true, networkConnectionEnabled: false, pageLoadStrategy: normal, platform: XP, platformName: XP, rotatable: false, setWindowRect: true, takesHeapSnapshot: true, takesScreenshot: true, unexpectedAlertBehaviour: , unhandledPromptBehavior: , version: 67.0.3396.99, webStorageEnabled: true}Session ID: 2f5e4c24bd45ce277d78d0d0808fe9faBuild info: version: '3.8.1', revision: '6e95a6684b', time: '2017-12-01T18:33:54.468Z'System info: host: 'SP4L8Z362', ip: '10.7.15.36', os.name: 'Windows 7', os.arch: 'amd64', os.version: '6.1', java.version: '1.8.0_121'Driver info: driver.version: unknown

  Scenario Outline: Compra efectivo usuario normal efecty con descuento freeshiping       &amp#27;[90m# src/main/resources/features/Pruebas/dev/Compras/PDP/CompraEfectivo.feature:57&amp#27;[0m
[pool-1-thread-1] ERROR net.serenitybdd.core.Serenity - 
           __  _____ _____ ____ _____   _____ _    ___ _     _____ ____  
  _       / / |_   _| ____/ ___|_   _| |  ___/ \  |_ _| |   | ____|  _ \ 
 (_)_____| |    | | |  _| \___ \ | |   | |_ / _ \  | || |   |  _| | | | |
  _|_____| |    | | | |___ ___) || |   |  _/ ___ \ | || |___| |___| |_| |
 (_)     | |    |_| |_____|____/ |_|   |_|/_/   \_\___|_____|_____|____/ 
          \_\                                                            

TEST FAILED WITH ERROR: Compra efectivo usuario <usuario> <forma> con descuento <voucher>
---------------------------------------------------------------------
[pool-1-thread-1] ERROR net.serenitybdd.core.Serenity - TEST FAILED AT STEP And Logueo e Ir a Pasarela "normal"
[pool-1-thread-1] ERROR net.serenitybdd.core.Serenity - The following error occurred: unknown error: Element <img class="lazy" data-src="/medias/sys_master/images/images/hcc/heb/8796406644766/P506552-1.jpg" alt="Blusa Manga Sisa Blanco" title="Blusa Manga Sisa Blanco" src="data:image/gif;base64,R0lGODlhAQABAIAAAP///wAAACH5BAEAAAAALAAAAAABAAEAAAICRAEAOw=="> is not clickable at point (885, 404). Other element would receive the click: <div class="details mt-card-content">...</div>  (Session info: chrome=67.0.3396.99)  (Driver info: chromedriver=2.37.544315 (730aa6a5fdba159ac9f4c1e8cbc59bf1b5ce12b7),platform=Windows NT 6.1.7601 SP1 x86_64) (WARNING: The server did not provide any stacktrace information)Command duration or timeout: 0 millisecondsBuild info: version: '3.8.1', revision: '6e95a6684b', time: '2017-12-01T18:33:54.468Z'System info: host: 'SP4L8Z362', ip: '10.7.15.36', os.name: 'Windows 7', os.arch: 'amd64', os.version: '6.1', java.version: '1.8.0_121'Driver info: org.openqa.selenium.remote.RemoteWebDriverCapabilities {acceptInsecureCerts: false, acceptSslCerts: false, applicationCacheEnabled: false, browserConnectionEnabled: false, browserName: chrome, chrome: {chromedriverVersion: 2.37.544315 (730aa6a5fdba15..., userDataDir: C:\Users\41QS362\AppData\Lo...}, cssSelectorsEnabled: true, databaseEnabled: false, handlesAlerts: true, hasTouchScreen: false, javascriptEnabled: true, locationContextEnabled: true, mobileEmulationEnabled: false, nativeEvents: true, networkConnectionEnabled: false, pageLoadStrategy: normal, platform: XP, platformName: XP, rotatable: false, setWindowRect: true, takesHeapSnapshot: true, takesScreenshot: true, unexpectedAlertBehaviour: , unhandledPromptBehavior: , version: 67.0.3396.99, webStorageEnabled: true}Session ID: 2f5e4c24bd45ce277d78d0d0808fe9faBuild info: version: '3.8.1', revision: '6e95a6684b', time: '2017-12-01T18:33:54.468Z'System info: host: 'SP4L8Z362', ip: '10.7.15.36', os.name: 'Windows 7', os.arch: 'amd64', os.version: '6.1', java.version: '1.8.0_121'Driver info: driver.version: unknown

  Scenario Outline: Compra efectivo usuario aliada baloto con descuento fijo              &amp#27;[90m# src/main/resources/features/Pruebas/dev/Compras/PDP/CompraEfectivo.feature:58&amp#27;[0m
[pool-1-thread-1] ERROR net.serenitybdd.core.Serenity - 
           __  _____ _____ ____ _____   _____ _    ___ _     _____ ____  
  _       / / |_   _| ____/ ___|_   _| |  ___/ \  |_ _| |   | ____|  _ \ 
 (_)_____| |    | | |  _| \___ \ | |   | |_ / _ \  | || |   |  _| | | | |
  _|_____| |    | | | |___ ___) || |   |  _/ ___ \ | || |___| |___| |_| |
 (_)     | |    |_| |_____|____/ |_|   |_|/_/   \_\___|_____|_____|____/ 
          \_\                                                            

TEST FAILED WITH ERROR: Compra efectivo usuario <usuario> <forma> con descuento <voucher>
---------------------------------------------------------------------
[pool-1-thread-1] ERROR net.serenitybdd.core.Serenity - TEST FAILED AT STEP Escribir vaucher: valorfijo
[pool-1-thread-1] ERROR net.serenitybdd.core.Serenity - The following error occurred: unknown error: Element <img class="lazy" data-src="/medias/sys_master/images/images/hcc/heb/8796406644766/P506552-1.jpg" alt="Blusa Manga Sisa Blanco" title="Blusa Manga Sisa Blanco" src="data:image/gif;base64,R0lGODlhAQABAIAAAP///wAAACH5BAEAAAAALAAAAAABAAEAAAICRAEAOw=="> is not clickable at point (885, 404). Other element would receive the click: <div class="details mt-card-content">...</div>  (Session info: chrome=67.0.3396.99)  (Driver info: chromedriver=2.37.544315 (730aa6a5fdba159ac9f4c1e8cbc59bf1b5ce12b7),platform=Windows NT 6.1.7601 SP1 x86_64) (WARNING: The server did not provide any stacktrace information)Command duration or timeout: 0 millisecondsBuild info: version: '3.8.1', revision: '6e95a6684b', time: '2017-12-01T18:33:54.468Z'System info: host: 'SP4L8Z362', ip: '10.7.15.36', os.name: 'Windows 7', os.arch: 'amd64', os.version: '6.1', java.version: '1.8.0_121'Driver info: org.openqa.selenium.remote.RemoteWebDriverCapabilities {acceptInsecureCerts: false, acceptSslCerts: false, applicationCacheEnabled: false, browserConnectionEnabled: false, browserName: chrome, chrome: {chromedriverVersion: 2.37.544315 (730aa6a5fdba15..., userDataDir: C:\Users\41QS362\AppData\Lo...}, cssSelectorsEnabled: true, databaseEnabled: false, handlesAlerts: true, hasTouchScreen: false, javascriptEnabled: true, locationContextEnabled: true, mobileEmulationEnabled: false, nativeEvents: true, networkConnectionEnabled: false, pageLoadStrategy: normal, platform: XP, platformName: XP, rotatable: false, setWindowRect: true, takesHeapSnapshot: true, takesScreenshot: true, unexpectedAlertBehaviour: , unhandledPromptBehavior: , version: 67.0.3396.99, webStorageEnabled: true}Session ID: 2f5e4c24bd45ce277d78d0d0808fe9faBuild info: version: '3.8.1', revision: '6e95a6684b', time: '2017-12-01T18:33:54.468Z'System info: host: 'SP4L8Z362', ip: '10.7.15.36', os.name: 'Windows 7', os.arch: 'amd64', os.version: '6.1', java.version: '1.8.0_121'Driver info: driver.version: unknown

  Scenario Outline: Compra efectivo usuario aliada efecty con descuento porcentaje        &amp#27;[90m# src/main/resources/features/Pruebas/dev/Compras/PDP/CompraEfectivo.feature:59&amp#27;[0m
[pool-1-thread-1] ERROR net.serenitybdd.core.Serenity - 
           __  _____ _____ ____ _____   _____ _    ___ _     _____ ____  
  _       / / |_   _| ____/ ___|_   _| |  ___/ \  |_ _| |   | ____|  _ \ 
 (_)_____| |    | | |  _| \___ \ | |   | |_ / _ \  | || |   |  _| | | | |
  _|_____| |    | | | |___ ___) || |   |  _/ ___ \ | || |___| |___| |_| |
 (_)     | |    |_| |_____|____/ |_|   |_|/_/   \_\___|_____|_____|____/ 
          \_\                                                            

TEST FAILED WITH ERROR: Compra efectivo usuario <usuario> <forma> con descuento <voucher>
---------------------------------------------------------------------
[pool-1-thread-1] ERROR net.serenitybdd.core.Serenity - TEST FAILED AT STEP Escribir vaucher: porcentaje
[pool-1-thread-1] ERROR net.serenitybdd.core.Serenity - The following error occurred: unknown error: Element <img class="lazy" data-src="/medias/sys_master/images/images/hcc/heb/8796406644766/P506552-1.jpg" alt="Blusa Manga Sisa Blanco" title="Blusa Manga Sisa Blanco" src="data:image/gif;base64,R0lGODlhAQABAIAAAP///wAAACH5BAEAAAAALAAAAAABAAEAAAICRAEAOw=="> is not clickable at point (885, 404). Other element would receive the click: <div class="details mt-card-content">...</div>  (Session info: chrome=67.0.3396.99)  (Driver info: chromedriver=2.37.544315 (730aa6a5fdba159ac9f4c1e8cbc59bf1b5ce12b7),platform=Windows NT 6.1.7601 SP1 x86_64) (WARNING: The server did not provide any stacktrace information)Command duration or timeout: 0 millisecondsBuild info: version: '3.8.1', revision: '6e95a6684b', time: '2017-12-01T18:33:54.468Z'System info: host: 'SP4L8Z362', ip: '10.7.15.36', os.name: 'Windows 7', os.arch: 'amd64', os.version: '6.1', java.version: '1.8.0_121'Driver info: org.openqa.selenium.remote.RemoteWebDriverCapabilities {acceptInsecureCerts: false, acceptSslCerts: false, applicationCacheEnabled: false, browserConnectionEnabled: false, browserName: chrome, chrome: {chromedriverVersion: 2.37.544315 (730aa6a5fdba15..., userDataDir: C:\Users\41QS362\AppData\Lo...}, cssSelectorsEnabled: true, databaseEnabled: false, handlesAlerts: true, hasTouchScreen: false, javascriptEnabled: true, locationContextEnabled: true, mobileEmulationEnabled: false, nativeEvents: true, networkConnectionEnabled: false, pageLoadStrategy: normal, platform: XP, platformName: XP, rotatable: false, setWindowRect: true, takesHeapSnapshot: true, takesScreenshot: true, unexpectedAlertBehaviour: , unhandledPromptBehavior: , version: 67.0.3396.99, webStorageEnabled: true}Session ID: 2f5e4c24bd45ce277d78d0d0808fe9faBuild info: version: '3.8.1', revision: '6e95a6684b', time: '2017-12-01T18:33:54.468Z'System info: host: 'SP4L8Z362', ip: '10.7.15.36', os.name: 'Windows 7', os.arch: 'amd64', os.version: '6.1', java.version: '1.8.0_121'Driver info: driver.version: unknown

  Scenario Outline: Compra efectivo usuario aliadan efecty con descuento porcentaje       &amp#27;[90m# src/main/resources/features/Pruebas/dev/Compras/PDP/CompraEfectivo.feature:60&amp#27;[0m
[pool-1-thread-1] ERROR net.serenitybdd.core.Serenity - 
           __  _____ _____ ____ _____   _____ _    ___ _     _____ ____  
  _       / / |_   _| ____/ ___|_   _| |  ___/ \  |_ _| |   | ____|  _ \ 
 (_)_____| |    | | |  _| \___ \ | |   | |_ / _ \  | || |   |  _| | | | |
  _|_____| |    | | | |___ ___) || |   |  _/ ___ \ | || |___| |___| |_| |
 (_)     | |    |_| |_____|____/ |_|   |_|/_/   \_\___|_____|_____|____/ 
          \_\                                                            

TEST FAILED WITH ERROR: Compra efectivo usuario <usuario> <forma> con descuento <voucher>
---------------------------------------------------------------------
[pool-1-thread-1] ERROR net.serenitybdd.core.Serenity - TEST FAILED AT STEP Escribir vaucher: porcentaje
[pool-1-thread-1] ERROR net.serenitybdd.core.Serenity - The following error occurred: unknown error: Element <img class="lazy" data-src="/medias/sys_master/images/images/hcc/heb/8796406644766/P506552-1.jpg" alt="Blusa Manga Sisa Blanco" title="Blusa Manga Sisa Blanco" src="data:image/gif;base64,R0lGODlhAQABAIAAAP///wAAACH5BAEAAAAALAAAAAABAAEAAAICRAEAOw=="> is not clickable at point (885, 404). Other element would receive the click: <div class="details mt-card-content">...</div>  (Session info: chrome=67.0.3396.99)  (Driver info: chromedriver=2.37.544315 (730aa6a5fdba159ac9f4c1e8cbc59bf1b5ce12b7),platform=Windows NT 6.1.7601 SP1 x86_64) (WARNING: The server did not provide any stacktrace information)Command duration or timeout: 0 millisecondsBuild info: version: '3.8.1', revision: '6e95a6684b', time: '2017-12-01T18:33:54.468Z'System info: host: 'SP4L8Z362', ip: '10.7.15.36', os.name: 'Windows 7', os.arch: 'amd64', os.version: '6.1', java.version: '1.8.0_121'Driver info: org.openqa.selenium.remote.RemoteWebDriverCapabilities {acceptInsecureCerts: false, acceptSslCerts: false, applicationCacheEnabled: false, browserConnectionEnabled: false, browserName: chrome, chrome: {chromedriverVersion: 2.37.544315 (730aa6a5fdba15..., userDataDir: C:\Users\41QS362\AppData\Lo...}, cssSelectorsEnabled: true, databaseEnabled: false, handlesAlerts: true, hasTouchScreen: false, javascriptEnabled: true, locationContextEnabled: true, mobileEmulationEnabled: false, nativeEvents: true, networkConnectionEnabled: false, pageLoadStrategy: normal, platform: XP, platformName: XP, rotatable: false, setWindowRect: true, takesHeapSnapshot: true, takesScreenshot: true, unexpectedAlertBehaviour: , unhandledPromptBehavior: , version: 67.0.3396.99, webStorageEnabled: true}Session ID: 2f5e4c24bd45ce277d78d0d0808fe9faBuild info: version: '3.8.1', revision: '6e95a6684b', time: '2017-12-01T18:33:54.468Z'System info: host: 'SP4L8Z362', ip: '10.7.15.36', os.name: 'Windows 7', os.arch: 'amd64', os.version: '6.1', java.version: '1.8.0_121'Driver info: driver.version: unknown

  Scenario Outline: Compra efectivo usuario aliada baloto con descuento freeshiping       &amp#27;[90m# src/main/resources/features/Pruebas/dev/Compras/PDP/CompraEfectivo.feature:61&amp#27;[0m
[pool-1-thread-1] ERROR net.serenitybdd.core.Serenity - 
           __  _____ _____ ____ _____   _____ _    ___ _     _____ ____  
  _       / / |_   _| ____/ ___|_   _| |  ___/ \  |_ _| |   | ____|  _ \ 
 (_)_____| |    | | |  _| \___ \ | |   | |_ / _ \  | || |   |  _| | | | |
  _|_____| |    | | | |___ ___) || |   |  _/ ___ \ | || |___| |___| |_| |
 (_)     | |    |_| |_____|____/ |_|   |_|/_/   \_\___|_____|_____|____/ 
          \_\                                                            

TEST FAILED WITH ERROR: Compra efectivo usuario <usuario> <forma> con descuento <voucher>
---------------------------------------------------------------------
[pool-1-thread-1] ERROR net.serenitybdd.core.Serenity - TEST FAILED AT STEP And Logueo e Ir a Pasarela "aliada"
[pool-1-thread-1] ERROR net.serenitybdd.core.Serenity - The following error occurred: unknown error: Element <img class="lazy" data-src="/medias/sys_master/images/images/hcc/heb/8796406644766/P506552-1.jpg" alt="Blusa Manga Sisa Blanco" title="Blusa Manga Sisa Blanco" src="data:image/gif;base64,R0lGODlhAQABAIAAAP///wAAACH5BAEAAAAALAAAAAABAAEAAAICRAEAOw=="> is not clickable at point (885, 404). Other element would receive the click: <div class="details mt-card-content">...</div>  (Session info: chrome=67.0.3396.99)  (Driver info: chromedriver=2.37.544315 (730aa6a5fdba159ac9f4c1e8cbc59bf1b5ce12b7),platform=Windows NT 6.1.7601 SP1 x86_64) (WARNING: The server did not provide any stacktrace information)Command duration or timeout: 0 millisecondsBuild info: version: '3.8.1', revision: '6e95a6684b', time: '2017-12-01T18:33:54.468Z'System info: host: 'SP4L8Z362', ip: '10.7.15.36', os.name: 'Windows 7', os.arch: 'amd64', os.version: '6.1', java.version: '1.8.0_121'Driver info: org.openqa.selenium.remote.RemoteWebDriverCapabilities {acceptInsecureCerts: false, acceptSslCerts: false, applicationCacheEnabled: false, browserConnectionEnabled: false, browserName: chrome, chrome: {chromedriverVersion: 2.37.544315 (730aa6a5fdba15..., userDataDir: C:\Users\41QS362\AppData\Lo...}, cssSelectorsEnabled: true, databaseEnabled: false, handlesAlerts: true, hasTouchScreen: false, javascriptEnabled: true, locationContextEnabled: true, mobileEmulationEnabled: false, nativeEvents: true, networkConnectionEnabled: false, pageLoadStrategy: normal, platform: XP, platformName: XP, rotatable: false, setWindowRect: true, takesHeapSnapshot: true, takesScreenshot: true, unexpectedAlertBehaviour: , unhandledPromptBehavior: , version: 67.0.3396.99, webStorageEnabled: true}Session ID: 2f5e4c24bd45ce277d78d0d0808fe9faBuild info: version: '3.8.1', revision: '6e95a6684b', time: '2017-12-01T18:33:54.468Z'System info: host: 'SP4L8Z362', ip: '10.7.15.36', os.name: 'Windows 7', os.arch: 'amd64', os.version: '6.1', java.version: '1.8.0_121'Driver info: driver.version: unknown
[pool-1-thread-1] INFO net.serenitybdd.core.Serenity - 
 _____ _____ ____ _____   ____ _____  _    ____ _____ _____ ____  
|_   _| ____/ ___|_   _| / ___|_   _|/ \  |  _ \_   _| ____|  _ \ 
  | | |  _| \___ \ | |   \___ \ | | / _ \ | |_) || | |  _| | | | |
  | | | |___ ___) || |    ___) || |/ ___ \|  _ < | | | |___| |_| |
  |_| |_____|____/ |_|   |____/ |_/_/   \_\_| \_\|_| |_____|____/ 
                                                                  

TEST STARTED: Store Credit Mayor Compra usuario normal verifica pasarela
-------------------------------------------------------------------(compras-en-efectivo;store-credit-mayor-compra-usuario-normal-verifica-pasarela)

  Scenario: Store Credit Mayor Compra usuario normal verifica pasarela                    &amp#27;[90m# src/main/resources/features/Pruebas/dev/Compras/PDP/CompraEfectivo.feature:65&amp#27;[0m
[pool-1-thread-1] ERROR net.serenitybdd.core.Serenity - 
           __  _____ _____ ____ _____   _____ _    ___ _     _____ ____  
  _       / / |_   _| ____/ ___|_   _| |  ___/ \  |_ _| |   | ____|  _ \ 
 (_)_____| |    | | |  _| \___ \ | |   | |_ / _ \  | || |   |  _| | | | |
  _|_____| |    | | | |___ ___) || |   |  _/ ___ \ | || |___| |___| |_| |
 (_)     | |    |_| |_____|____/ |_|   |_|/_/   \_\___|_____|_____|____/ 
          \_\                                                            

TEST FAILED WITH ERROR: Store Credit Mayor Compra usuario normal verifica pasarela
---------------------------------------------------------------------
[pool-1-thread-1] ERROR net.serenitybdd.core.Serenity - TEST FAILED AT STEP And Logueo e Ir a Pasarela "normal" mayor a "100000"
[pool-1-thread-1] ERROR net.serenitybdd.core.Serenity - 
[pool-1-thread-1] INFO net.serenitybdd.core.Serenity - 
 _____ _____ ____ _____   ____ _____  _    ____ _____ _____ ____  
|_   _| ____/ ___|_   _| / ___|_   _|/ \  |  _ \_   _| ____|  _ \ 
  | | |  _| \___ \ | |   \___ \ | | / _ \ | |_) || | |  _| | | | |
  | | | |___ ___) || |    ___) || |/ ___ \|  _ < | | | |___| |_| |
  |_| |_____|____/ |_|   |____/ |_/_/   \_\_| \_\|_| |_____|____/ 
                                                                  

TEST STARTED: Store Credit Mayor Compra usuario aliada verifica pasarela
-------------------------------------------------------------------(compras-en-efectivo;store-credit-mayor-compra-usuario-aliada-verifica-pasarela)

  @Ejecutar
  Scenario: Store Credit Mayor Compra usuario aliada verifica pasarela                    &amp#27;[90m# src/main/resources/features/Pruebas/dev/Compras/PDP/CompraEfectivo.feature:74&amp#27;[0m
[pool-1-thread-1] ERROR net.serenitybdd.core.Serenity - 
           __  _____ _____ ____ _____   _____ _    ___ _     _____ ____  
  _       / / |_   _| ____/ ___|_   _| |  ___/ \  |_ _| |   | ____|  _ \ 
 (_)_____| |    | | |  _| \___ \ | |   | |_ / _ \  | || |   |  _| | | | |
  _|_____| |    | | | |___ ___) || |   |  _/ ___ \ | || |___| |___| |_| |
 (_)     | |    |_| |_____|____/ |_|   |_|/_/   \_\___|_____|_____|____/ 
          \_\                                                            

TEST FAILED WITH ERROR: Store Credit Mayor Compra usuario aliada verifica pasarela
---------------------------------------------------------------------
[pool-1-thread-1] ERROR net.serenitybdd.core.Serenity - TEST FAILED AT STEP And Logueo e Ir a Pasarela "aliada" mayor a "100000"
[pool-1-thread-1] ERROR net.serenitybdd.core.Serenity - 

&amp#27;[31mFailed scenarios:&amp#27;[0m
&amp#27;[31msrc/main/resources/features/Pruebas/dev/Compras/PDP/CompraEfectivo.feature:28 &amp#27;[0m# Compra efectivo usuario normal forma efecty
&amp#27;[31msrc/main/resources/features/Pruebas/dev/Compras/PDP/CompraEfectivo.feature:29 &amp#27;[0m# Compra efectivo usuario normal forma baloto
&amp#27;[31msrc/main/resources/features/Pruebas/dev/Compras/PDP/CompraEfectivo.feature:30 &amp#27;[0m# Compra efectivo usuario aliada forma efecty
&amp#27;[31msrc/main/resources/features/Pruebas/dev/Compras/PDP/CompraEfectivo.feature:31 &amp#27;[0m# Compra efectivo usuario aliada forma baloto
&amp#27;[31msrc/main/resources/features/Pruebas/dev/Compras/PDP/CompraEfectivo.feature:32 &amp#27;[0m# Compra efectivo usuario normaln forma efecty
&amp#27;[31msrc/main/resources/features/Pruebas/dev/Compras/PDP/CompraEfectivo.feature:33 &amp#27;[0m# Compra efectivo usuario normaln forma baloto
&amp#27;[31msrc/main/resources/features/Pruebas/dev/Compras/PDP/CompraEfectivo.feature:34 &amp#27;[0m# Compra efectivo usuario aliadan forma efecty
&amp#27;[31msrc/main/resources/features/Pruebas/dev/Compras/PDP/CompraEfectivo.feature:35 &amp#27;[0m# Compra efectivo usuario aliadan forma baloto
&amp#27;[31msrc/main/resources/features/Pruebas/dev/Compras/PDP/CompraEfectivo.feature:54 &amp#27;[0m# Compra efectivo usuario normal efecty con descuento fijo
&amp#27;[31msrc/main/resources/features/Pruebas/dev/Compras/PDP/CompraEfectivo.feature:55 &amp#27;[0m# Compra efectivo usuario normal baloto con descuento porcentaje
&amp#27;[31msrc/main/resources/features/Pruebas/dev/Compras/PDP/CompraEfectivo.feature:56 &amp#27;[0m# Compra efectivo usuario normaln baloto con descuento porcentaje
&amp#27;[31msrc/main/resources/features/Pruebas/dev/Compras/PDP/CompraEfectivo.feature:57 &amp#27;[0m# Compra efectivo usuario normal efecty con descuento freeshiping
&amp#27;[31msrc/main/resources/features/Pruebas/dev/Compras/PDP/CompraEfectivo.feature:58 &amp#27;[0m# Compra efectivo usuario aliada baloto con descuento fijo
&amp#27;[31msrc/main/resources/features/Pruebas/dev/Compras/PDP/CompraEfectivo.feature:59 &amp#27;[0m# Compra efectivo usuario aliada efecty con descuento porcentaje
&amp#27;[31msrc/main/resources/features/Pruebas/dev/Compras/PDP/CompraEfectivo.feature:60 &amp#27;[0m# Compra efectivo usuario aliadan efecty con descuento porcentaje
&amp#27;[31msrc/main/resources/features/Pruebas/dev/Compras/PDP/CompraEfectivo.feature:61 &amp#27;[0m# Compra efectivo usuario aliada baloto con descuento freeshiping
&amp#27;[31msrc/main/resources/features/Pruebas/dev/Compras/PDP/CompraEfectivo.feature:65 &amp#27;[0m# Store Credit Mayor Compra usuario normal verifica pasarela
&amp#27;[31msrc/main/resources/features/Pruebas/dev/Compras/PDP/CompraEfectivo.feature:74 &amp#27;[0m# Store Credit Mayor Compra usuario aliada verifica pasarela

18 Scenarios (&amp#27;[31m18 failed&amp#27;[0m)
172 Steps (&amp#27;[31m18 failed&amp#27;[0m, &amp#27;[36m75 skipped&amp#27;[0m, &amp#27;[32m79 passed&amp#27;[0m)
41m32,724s

java.lang.NullPointerException
	at com.lineadirecta.pacifika.definition.LogueoDesdeInicioDefinition.Logueo_e_ir_a_Pasarela(LogueoDesdeInicioDefinition.java:103)
	at ?.Logueo e Ir a Pasarela "normal"(src/main/resources/features/Pruebas/dev/Compras/PDP/CompraEfectivo.feature:19)

java.lang.NullPointerException
	at com.lineadirecta.pacifika.definition.LogueoDesdeInicioDefinition.Logueo_e_ir_a_Pasarela(LogueoDesdeInicioDefinition.java:103)
	at ?.Logueo e Ir a Pasarela "normal"(src/main/resources/features/Pruebas/dev/Compras/PDP/CompraEfectivo.feature:19)

net.serenitybdd.core.exceptions.SerenityManagedException: The following error occurred: unknown error: Element <img class="lazy" data-src="/medias/sys_master/images/images/hcc/heb/8796406644766/P506552-1.jpg" alt="Blusa Manga Sisa Blanco" title="Blusa Manga Sisa Blanco" src="data:image/gif;base64,R0lGODlhAQABAIAAAP///wAAACH5BAEAAAAALAAAAAABAAEAAAICRAEAOw=="> is not clickable at point (885, 404). Other element would receive the click: <div class="details mt-card-content">...</div>
  (Session info: chrome=67.0.3396.99)
  (Driver info: chromedriver=2.37.544315 (730aa6a5fdba159ac9f4c1e8cbc59bf1b5ce12b7),platform=Windows NT 6.1.7601 SP1 x86_64) (WARNING: The server did not provide any stacktrace information)
Command duration or timeout: 0 milliseconds
Build info: version: '3.8.1', revision: '6e95a6684b', time: '2017-12-01T18:33:54.468Z'
System info: host: 'SP4L8Z362', ip: '10.7.15.36', os.name: 'Windows 7', os.arch: 'amd64', os.version: '6.1', java.version: '1.8.0_121'
Driver info: org.openqa.selenium.remote.RemoteWebDriver
Capabilities {acceptInsecureCerts: false, acceptSslCerts: false, applicationCacheEnabled: false, browserConnectionEnabled: false, browserName: chrome, chrome: {chromedriverVersion: 2.37.544315 (730aa6a5fdba15..., userDataDir: C:\Users\41QS362\AppData\Lo...}, cssSelectorsEnabled: true, databaseEnabled: false, handlesAlerts: true, hasTouchScreen: false, javascriptEnabled: true, locationContextEnabled: true, mobileEmulationEnabled: false, nativeEvents: true, networkConnectionEnabled: false, pageLoadStrategy: normal, platform: XP, platformName: XP, rotatable: false, setWindowRect: true, takesHeapSnapshot: true, takesScreenshot: true, unexpectedAlertBehaviour: , unhandledPromptBehavior: , version: 67.0.3396.99, webStorageEnabled: true}
Session ID: 56a0257b8ff95d08132c25596e065625
	at sun.reflect.NativeConstructorAccessorImpl.newInstance0(Native Method)
	at sun.reflect.NativeConstructorAccessorImpl.newInstance(NativeConstructorAccessorImpl.java:62)
	at sun.reflect.DelegatingConstructorAccessorImpl.newInstance(DelegatingConstructorAccessorImpl.java:45)
	at java.lang.reflect.Constructor.newInstance(Constructor.java:423)
	at org.openqa.selenium.remote.ErrorHandler.createThrowable(ErrorHandler.java:214)
	at org.openqa.selenium.remote.ErrorHandler.throwIfResponseFailed(ErrorHandler.java:166)
	at org.openqa.selenium.remote.http.JsonHttpResponseCodec.reconstructValue(JsonHttpResponseCodec.java:40)
	at org.openqa.selenium.remote.http.AbstractHttpResponseCodec.decode(AbstractHttpResponseCodec.java:80)
	at org.openqa.selenium.remote.http.AbstractHttpResponseCodec.decode(AbstractHttpResponseCodec.java:44)
	at org.openqa.selenium.remote.HttpCommandExecutor.execute(HttpCommandExecutor.java:164)
	at org.openqa.selenium.remote.RemoteWebDriver.execute(RemoteWebDriver.java:601)
	at org.openqa.selenium.remote.RemoteWebElement.execute(RemoteWebElement.java:279)
	at org.openqa.selenium.remote.RemoteWebElement.click(RemoteWebElement.java:83)
	at net.serenitybdd.core.pages.WebElementFacadeImpl.click(WebElementFacadeImpl.java:1046)
	at com.lineadirecta.pacifika.pageobjets.BusquedaDeArticulosPorSubcategoriaPage.abrirpaginadeproducto(BusquedaDeArticulosPorSubcategoriaPage.java:140)
	at com.lineadirecta.pacifika.steps.BusquedaDeaArticulosPorSubcategoriaSteps.AbrirPDP(BusquedaDeaArticulosPorSubcategoriaSteps.java:53)
	at com.lineadirecta.pacifika.steps.BusquedaDeaArticulosPorSubcategoriaSteps$$EnhancerByCGLIB$$77f8046.CGLIB$AbrirPDP$8(<generated>)
	at com.lineadirecta.pacifika.steps.BusquedaDeaArticulosPorSubcategoriaSteps$$EnhancerByCGLIB$$77f8046$$FastClassByCGLIB$$42dd1ba0.invoke(<generated>)
	at net.sf.cglib.proxy.MethodProxy.invokeSuper(MethodProxy.java:228)
	at net.thucydides.core.steps.StepInterceptor.invokeMethod(StepInterceptor.java:450)
	at net.thucydides.core.steps.StepInterceptor.executeTestStepMethod(StepInterceptor.java:435)
	at net.thucydides.core.steps.StepInterceptor.runTestStep(StepInterceptor.java:410)
	at net.thucydides.core.steps.StepInterceptor.runOrSkipMethod(StepInterceptor.java:151)
	at net.thucydides.core.steps.StepInterceptor.testStepResult(StepInterceptor.java:138)
	at net.thucydides.core.steps.StepInterceptor.intercept(StepInterceptor.java:69)
	at com.lineadirecta.pacifika.steps.BusquedaDeaArticulosPorSubcategoriaSteps$$EnhancerByCGLIB$$77f8046.AbrirPDP(<generated>)
	at com.lineadirecta.pacifika.definition.AgregarArticuloDefinition.selecciona_articulos_desde_PDP(AgregarArticuloDefinition.java:316)
	at ?.Selecciona articulos desde PDP(src/main/resources/features/Pruebas/dev/Compras/PDP/CompraEfectivo.feature:18)

java.lang.NullPointerException
	at com.lineadirecta.pacifika.definition.LogueoDesdeInicioDefinition.Logueo_e_ir_a_Pasarela(LogueoDesdeInicioDefinition.java:103)
	at ?.Logueo e Ir a Pasarela "aliada"(src/main/resources/features/Pruebas/dev/Compras/PDP/CompraEfectivo.feature:19)

java.lang.NullPointerException
	at com.lineadirecta.pacifika.definition.LogueoDesdeInicioDefinition.Logueo_e_ir_a_Pasarela(LogueoDesdeInicioDefinition.java:103)
	at ?.Logueo e Ir a Pasarela "normaln"(src/main/resources/features/Pruebas/dev/Compras/PDP/CompraEfectivo.feature:19)

java.lang.NullPointerException
	at com.lineadirecta.pacifika.definition.LogueoDesdeInicioDefinition.Logueo_e_ir_a_Pasarela(LogueoDesdeInicioDefinition.java:103)
	at ?.Logueo e Ir a Pasarela "normaln"(src/main/resources/features/Pruebas/dev/Compras/PDP/CompraEfectivo.feature:19)

java.lang.NullPointerException
	at com.lineadirecta.pacifika.definition.LogueoDesdeInicioDefinition.Logueo_e_ir_a_Pasarela(LogueoDesdeInicioDefinition.java:103)
	at ?.Logueo e Ir a Pasarela "aliadan"(src/main/resources/features/Pruebas/dev/Compras/PDP/CompraEfectivo.feature:19)

java.lang.NullPointerException
	at com.lineadirecta.pacifika.definition.LogueoDesdeInicioDefinition.Logueo_e_ir_a_Pasarela(LogueoDesdeInicioDefinition.java:103)
	at ?.Logueo e Ir a Pasarela "aliadan"(src/main/resources/features/Pruebas/dev/Compras/PDP/CompraEfectivo.feature:19)

net.serenitybdd.core.exceptions.SerenityManagedException: The following error occurred: unknown error: Element <img class="lazy" data-src="/medias/sys_master/images/images/hcc/heb/8796406644766/P506552-1.jpg" alt="Blusa Manga Sisa Blanco" title="Blusa Manga Sisa Blanco" src="data:image/gif;base64,R0lGODlhAQABAIAAAP///wAAACH5BAEAAAAALAAAAAABAAEAAAICRAEAOw=="> is not clickable at point (885, 404). Other element would receive the click: <div class="details mt-card-content">...</div>
  (Session info: chrome=67.0.3396.99)
  (Driver info: chromedriver=2.37.544315 (730aa6a5fdba159ac9f4c1e8cbc59bf1b5ce12b7),platform=Windows NT 6.1.7601 SP1 x86_64) (WARNING: The server did not provide any stacktrace information)
Command duration or timeout: 0 milliseconds
Build info: version: '3.8.1', revision: '6e95a6684b', time: '2017-12-01T18:33:54.468Z'
System info: host: 'SP4L8Z362', ip: '10.7.15.36', os.name: 'Windows 7', os.arch: 'amd64', os.version: '6.1', java.version: '1.8.0_121'
Driver info: org.openqa.selenium.remote.RemoteWebDriver
Capabilities {acceptInsecureCerts: false, acceptSslCerts: false, applicationCacheEnabled: false, browserConnectionEnabled: false, browserName: chrome, chrome: {chromedriverVersion: 2.37.544315 (730aa6a5fdba15..., userDataDir: C:\Users\41QS362\AppData\Lo...}, cssSelectorsEnabled: true, databaseEnabled: false, handlesAlerts: true, hasTouchScreen: false, javascriptEnabled: true, locationContextEnabled: true, mobileEmulationEnabled: false, nativeEvents: true, networkConnectionEnabled: false, pageLoadStrategy: normal, platform: XP, platformName: XP, rotatable: false, setWindowRect: true, takesHeapSnapshot: true, takesScreenshot: true, unexpectedAlertBehaviour: , unhandledPromptBehavior: , version: 67.0.3396.99, webStorageEnabled: true}
Session ID: 2f5e4c24bd45ce277d78d0d0808fe9fa
	at sun.reflect.NativeConstructorAccessorImpl.newInstance0(Native Method)
	at sun.reflect.NativeConstructorAccessorImpl.newInstance(NativeConstructorAccessorImpl.java:62)
	at sun.reflect.DelegatingConstructorAccessorImpl.newInstance(DelegatingConstructorAccessorImpl.java:45)
	at java.lang.reflect.Constructor.newInstance(Constructor.java:423)
	at org.openqa.selenium.remote.ErrorHandler.createThrowable(ErrorHandler.java:214)
	at org.openqa.selenium.remote.ErrorHandler.throwIfResponseFailed(ErrorHandler.java:166)
	at org.openqa.selenium.remote.http.JsonHttpResponseCodec.reconstructValue(JsonHttpResponseCodec.java:40)
	at org.openqa.selenium.remote.http.AbstractHttpResponseCodec.decode(AbstractHttpResponseCodec.java:80)
	at org.openqa.selenium.remote.http.AbstractHttpResponseCodec.decode(AbstractHttpResponseCodec.java:44)
	at org.openqa.selenium.remote.HttpCommandExecutor.execute(HttpCommandExecutor.java:164)
	at org.openqa.selenium.remote.RemoteWebDriver.execute(RemoteWebDriver.java:601)
	at org.openqa.selenium.remote.RemoteWebElement.execute(RemoteWebElement.java:279)
	at org.openqa.selenium.remote.RemoteWebElement.click(RemoteWebElement.java:83)
	at net.serenitybdd.core.pages.WebElementFacadeImpl.click(WebElementFacadeImpl.java:1046)
	at com.lineadirecta.pacifika.pageobjets.BusquedaDeArticulosPorSubcategoriaPage.abrirpaginadeproducto(BusquedaDeArticulosPorSubcategoriaPage.java:140)
	at com.lineadirecta.pacifika.steps.BusquedaDeaArticulosPorSubcategoriaSteps.AbrirPDP(BusquedaDeaArticulosPorSubcategoriaSteps.java:53)
	at com.lineadirecta.pacifika.steps.BusquedaDeaArticulosPorSubcategoriaSteps$$EnhancerByCGLIB$$77f8046.CGLIB$AbrirPDP$8(<generated>)
	at com.lineadirecta.pacifika.steps.BusquedaDeaArticulosPorSubcategoriaSteps$$EnhancerByCGLIB$$77f8046$$FastClassByCGLIB$$42dd1ba0.invoke(<generated>)
	at net.sf.cglib.proxy.MethodProxy.invokeSuper(MethodProxy.java:228)
	at net.thucydides.core.steps.StepInterceptor.invokeMethod(StepInterceptor.java:450)
	at net.thucydides.core.steps.StepInterceptor.executeTestStepMethod(StepInterceptor.java:435)
	at net.thucydides.core.steps.StepInterceptor.runTestStep(StepInterceptor.java:410)
	at net.thucydides.core.steps.StepInterceptor.runOrSkipMethod(StepInterceptor.java:151)
	at net.thucydides.core.steps.StepInterceptor.testStepResult(StepInterceptor.java:138)
	at net.thucydides.core.steps.StepInterceptor.intercept(StepInterceptor.java:69)
	at com.lineadirecta.pacifika.steps.BusquedaDeaArticulosPorSubcategoriaSteps$$EnhancerByCGLIB$$77f8046.AbrirPDP(<generated>)
	at com.lineadirecta.pacifika.definition.AgregarArticuloDefinition.selecciona_articulos_desde_PDP(AgregarArticuloDefinition.java:316)
	at ?.Selecciona articulos desde PDP(src/main/resources/features/Pruebas/dev/Compras/PDP/CompraEfectivo.feature:44)

net.serenitybdd.core.exceptions.SerenityManagedException: The following error occurred: Expected enabled element was not enabled
	at net.serenitybdd.core.pages.WebElementFacadeImpl.waitUntilEnabled(WebElementFacadeImpl.java:968)
	at net.serenitybdd.core.pages.WebElementFacadeImpl.waitUntilElementAvailable(WebElementFacadeImpl.java:807)
	at net.serenitybdd.core.pages.WebElementFacadeImpl.type(WebElementFacadeImpl.java:688)
	at com.lineadirecta.pacifika.pageobjets.RedimirVaucherPage.EscribirVaucher(RedimirVaucherPage.java:18)
	at com.lineadirecta.pacifika.steps.RedimirVaucherSteps.EscribirVaucher(RedimirVaucherSteps.java:15)
	at com.lineadirecta.pacifika.steps.RedimirVaucherSteps$$EnhancerByCGLIB$$e5aea0e2.CGLIB$EscribirVaucher$5(<generated>)
	at com.lineadirecta.pacifika.steps.RedimirVaucherSteps$$EnhancerByCGLIB$$e5aea0e2$$FastClassByCGLIB$$cb65673c.invoke(<generated>)
	at net.sf.cglib.proxy.MethodProxy.invokeSuper(MethodProxy.java:228)
	at net.thucydides.core.steps.StepInterceptor.invokeMethod(StepInterceptor.java:450)
	at net.thucydides.core.steps.StepInterceptor.executeTestStepMethod(StepInterceptor.java:435)
	at net.thucydides.core.steps.StepInterceptor.runTestStep(StepInterceptor.java:410)
	at net.thucydides.core.steps.StepInterceptor.runOrSkipMethod(StepInterceptor.java:151)
	at net.thucydides.core.steps.StepInterceptor.testStepResult(StepInterceptor.java:138)
	at net.thucydides.core.steps.StepInterceptor.intercept(StepInterceptor.java:69)
	at com.lineadirecta.pacifika.steps.RedimirVaucherSteps$$EnhancerByCGLIB$$e5aea0e2.EscribirVaucher(<generated>)
	at com.lineadirecta.pacifika.definition.RedimirVaucherDefinition.digito_vaucher_de_tipo(RedimirVaucherDefinition.java:109)
	at ?.digito vaucher de tipo "porcentaje"(src/main/resources/features/Pruebas/dev/Compras/PDP/CompraEfectivo.feature:45)
Caused by: org.openqa.selenium.TimeoutException: Expected condition failed: waiting for By.xpath: (//input[@id='js-voucher-code-text'])[2] to be enabled (tried for 5 second(s) with 100 MILLISECONDS interval)
	at org.openqa.selenium.support.ui.FluentWait.timeoutException(FluentWait.java:263)
	at org.openqa.selenium.support.ui.FluentWait.until(FluentWait.java:231)
	at net.serenitybdd.core.pages.WebElementFacadeImpl.waitUntilEnabled(WebElementFacadeImpl.java:965)
	at net.serenitybdd.core.pages.WebElementFacadeImpl.waitUntilElementAvailable(WebElementFacadeImpl.java:807)
	at net.serenitybdd.core.pages.WebElementFacadeImpl.type(WebElementFacadeImpl.java:688)
	at com.lineadirecta.pacifika.pageobjets.RedimirVaucherPage.EscribirVaucher(RedimirVaucherPage.java:18)
	at com.lineadirecta.pacifika.steps.RedimirVaucherSteps.EscribirVaucher(RedimirVaucherSteps.java:15)
	at com.lineadirecta.pacifika.steps.RedimirVaucherSteps$$EnhancerByCGLIB$$e5aea0e2.CGLIB$EscribirVaucher$5(<generated>)
	at com.lineadirecta.pacifika.steps.RedimirVaucherSteps$$EnhancerByCGLIB$$e5aea0e2$$FastClassByCGLIB$$cb65673c.invoke(<generated>)
	at net.sf.cglib.proxy.MethodProxy.invokeSuper(MethodProxy.java:228)
	at net.thucydides.core.steps.StepInterceptor.invokeMethod(StepInterceptor.java:450)
	at net.thucydides.core.steps.StepInterceptor.executeTestStepMethod(StepInterceptor.java:435)
	at net.thucydides.core.steps.StepInterceptor.runTestStep(StepInterceptor.java:410)
	at net.thucydides.core.steps.StepInterceptor.runOrSkipMethod(StepInterceptor.java:151)
	at net.thucydides.core.steps.StepInterceptor.testStepResult(StepInterceptor.java:138)
	at net.thucydides.core.steps.StepInterceptor.intercept(StepInterceptor.java:69)
	at com.lineadirecta.pacifika.steps.RedimirVaucherSteps$$EnhancerByCGLIB$$e5aea0e2.EscribirVaucher(<generated>)
	at com.lineadirecta.pacifika.definition.RedimirVaucherDefinition.digito_vaucher_de_tipo(RedimirVaucherDefinition.java:109)
	at sun.reflect.NativeMethodAccessorImpl.invoke0(Native Method)
	at sun.reflect.NativeMethodAccessorImpl.invoke(NativeMethodAccessorImpl.java:62)
	at sun.reflect.DelegatingMethodAccessorImpl.invoke(DelegatingMethodAccessorImpl.java:43)
	at java.lang.reflect.Method.invoke(Method.java:498)
	at cucumber.runtime.Utils$1.call(Utils.java:32)
	at cucumber.runtime.Timeout.timeout(Timeout.java:16)
	at cucumber.runtime.Utils.invoke(Utils.java:26)
	at cucumber.runtime.java.JavaStepDefinition.execute(JavaStepDefinition.java:37)
	at cucumber.runtime.StepDefinitionMatch.runStep(StepDefinitionMatch.java:40)
	at cucumber.api.TestStep.executeStep(TestStep.java:102)
	at cucumber.api.TestStep.run(TestStep.java:83)
	at cucumber.api.TestCase.run(TestCase.java:58)
	at cucumber.runner.Runner.runPickle(Runner.java:80)
	at cucumber.runtime.junit.PickleRunners$NoStepDescriptions.run(PickleRunners.java:140)
	at cucumber.runtime.junit.FeatureRunner.runChild(FeatureRunner.java:68)
	at cucumber.runtime.junit.FeatureRunner.runChild(FeatureRunner.java:23)
	at org.junit.runners.ParentRunner$3.run(ParentRunner.java:290)
	at org.junit.runners.ParentRunner$1.schedule(ParentRunner.java:71)
	at org.junit.runners.ParentRunner.runChildren(ParentRunner.java:288)
	at org.junit.runners.ParentRunner.access$000(ParentRunner.java:58)
	at org.junit.runners.ParentRunner$2.evaluate(ParentRunner.java:268)
	at org.junit.runners.ParentRunner.run(ParentRunner.java:363)
	at cucumber.runtime.junit.FeatureRunner.run(FeatureRunner.java:73)
	at cucumber.api.junit.Cucumber.runChild(Cucumber.java:117)
	at cucumber.api.junit.Cucumber.runChild(Cucumber.java:55)
	at org.junit.runners.ParentRunner$3.run(ParentRunner.java:290)
	at org.apache.maven.surefire.junitcore.pc.Scheduler$1.run(Scheduler.java:393)
	at org.apache.maven.surefire.junitcore.pc.InvokerStrategy.schedule(InvokerStrategy.java:54)
	at org.apache.maven.surefire.junitcore.pc.Scheduler.schedule(Scheduler.java:352)
	at org.junit.runners.ParentRunner.runChildren(ParentRunner.java:288)
	at org.junit.runners.ParentRunner.access$000(ParentRunner.java:58)
	at org.junit.runners.ParentRunner$2.evaluate(ParentRunner.java:268)
	at cucumber.api.junit.Cucumber$1.evaluate(Cucumber.java:126)
	at org.junit.runners.ParentRunner.run(ParentRunner.java:363)
	at org.junit.runners.Suite.runChild(Suite.java:128)
	at org.junit.runners.Suite.runChild(Suite.java:27)
	at org.junit.runners.ParentRunner$3.run(ParentRunner.java:290)
	at org.apache.maven.surefire.junitcore.pc.Scheduler$1.run(Scheduler.java:393)
	at java.util.concurrent.Executors$RunnableAdapter.call(Executors.java:511)
	at java.util.concurrent.FutureTask.run(FutureTask.java:266)
	at java.util.concurrent.ThreadPoolExecutor.runWorker(ThreadPoolExecutor.java:1142)
	at java.util.concurrent.ThreadPoolExecutor$Worker.run(ThreadPoolExecutor.java:617)
	at java.lang.Thread.run(Thread.java:745)
Caused by: org.openqa.selenium.NoSuchElementException: no such element: Unable to locate element: {"method":"xpath","selector":"(//input[@id='js-voucher-code-text'])[2]"}
  (Session info: chrome=67.0.3396.99)
  (Driver info: chromedriver=2.37.544315 (730aa6a5fdba159ac9f4c1e8cbc59bf1b5ce12b7),platform=Windows NT 6.1.7601 SP1 x86_64) (WARNING: The server did not provide any stacktrace information)
Command duration or timeout: 0 milliseconds
For documentation on this error, please visit: http://seleniumhq.org/exceptions/no_such_element.html
Build info: version: '3.8.1', revision: '6e95a6684b', time: '2017-12-01T18:33:54.468Z'
System info: host: 'SP4L8Z362', ip: '10.7.15.36', os.name: 'Windows 7', os.arch: 'amd64', os.version: '6.1', java.version: '1.8.0_121'
Driver info: org.openqa.selenium.remote.RemoteWebDriver
Capabilities {acceptInsecureCerts: false, acceptSslCerts: false, applicationCacheEnabled: false, browserConnectionEnabled: false, browserName: chrome, chrome: {chromedriverVersion: 2.37.544315 (730aa6a5fdba15..., userDataDir: C:\Users\41QS362\AppData\Lo...}, cssSelectorsEnabled: true, databaseEnabled: false, handlesAlerts: true, hasTouchScreen: false, javascriptEnabled: true, locationContextEnabled: true, mobileEmulationEnabled: false, nativeEvents: true, networkConnectionEnabled: false, pageLoadStrategy: normal, platform: XP, platformName: XP, rotatable: false, setWindowRect: true, takesHeapSnapshot: true, takesScreenshot: true, unexpectedAlertBehaviour: , unhandledPromptBehavior: , version: 67.0.3396.99, webStorageEnabled: true}
Session ID: e945e5d1bb75928a1a40c43e28de0c4b
*** Element info: {Using=xpath, value=(//input[@id='js-voucher-code-text'])[2]}
	at sun.reflect.GeneratedConstructorAccessor62.newInstance(Unknown Source)
	at sun.reflect.DelegatingConstructorAccessorImpl.newInstance(DelegatingConstructorAccessorImpl.java:45)
	at java.lang.reflect.Constructor.newInstance(Constructor.java:423)
	at org.openqa.selenium.remote.ErrorHandler.createThrowable(ErrorHandler.java:214)
	at org.openqa.selenium.remote.ErrorHandler.throwIfResponseFailed(ErrorHandler.java:166)
	at org.openqa.selenium.remote.http.JsonHttpResponseCodec.reconstructValue(JsonHttpResponseCodec.java:40)
	at org.openqa.selenium.remote.http.AbstractHttpResponseCodec.decode(AbstractHttpResponseCodec.java:80)
	at org.openqa.selenium.remote.http.AbstractHttpResponseCodec.decode(AbstractHttpResponseCodec.java:44)
	at org.openqa.selenium.remote.HttpCommandExecutor.execute(HttpCommandExecutor.java:164)
	at org.openqa.selenium.remote.RemoteWebDriver.execute(RemoteWebDriver.java:601)
	at org.openqa.selenium.remote.RemoteWebDriver.findElement(RemoteWebDriver.java:371)
	at org.openqa.selenium.remote.RemoteWebDriver.findElementByXPath(RemoteWebDriver.java:473)
	at org.openqa.selenium.By$ByXPath.findElement(By.java:361)
	at org.openqa.selenium.remote.RemoteWebDriver.findElement(RemoteWebDriver.java:363)
	at net.thucydides.core.webdriver.WebDriverFacade.findElement(WebDriverFacade.java:278)
	at net.serenitybdd.core.pages.WebElementResolverByLocator.resolveForDriver(WebElementResolverByLocator.java:16)
	at net.serenitybdd.core.pages.WebElementFacadeImpl.getElement(WebElementFacadeImpl.java:209)
	at net.serenitybdd.core.pages.WebElementExpectations$3.apply(WebElementExpectations.java:63)
	at net.serenitybdd.core.pages.WebElementExpectations$3.apply(WebElementExpectations.java:55)
	at org.openqa.selenium.support.ui.FluentWait.until(FluentWait.java:208)
	... 59 more

net.serenitybdd.core.exceptions.SerenityManagedException: The following error occurred: unknown error: Element <img class="lazy" data-src="/medias/sys_master/images/images/hcc/heb/8796406644766/P506552-1.jpg" alt="Blusa Manga Sisa Blanco" title="Blusa Manga Sisa Blanco" src="data:image/gif;base64,R0lGODlhAQABAIAAAP///wAAACH5BAEAAAAALAAAAAABAAEAAAICRAEAOw=="> is not clickable at point (885, 404). Other element would receive the click: <div class="details mt-card-content">...</div>
  (Session info: chrome=67.0.3396.99)
  (Driver info: chromedriver=2.37.544315 (730aa6a5fdba159ac9f4c1e8cbc59bf1b5ce12b7),platform=Windows NT 6.1.7601 SP1 x86_64) (WARNING: The server did not provide any stacktrace information)
Command duration or timeout: 0 milliseconds
Build info: version: '3.8.1', revision: '6e95a6684b', time: '2017-12-01T18:33:54.468Z'
System info: host: 'SP4L8Z362', ip: '10.7.15.36', os.name: 'Windows 7', os.arch: 'amd64', os.version: '6.1', java.version: '1.8.0_121'
Driver info: org.openqa.selenium.remote.RemoteWebDriver
Capabilities {acceptInsecureCerts: false, acceptSslCerts: false, applicationCacheEnabled: false, browserConnectionEnabled: false, browserName: chrome, chrome: {chromedriverVersion: 2.37.544315 (730aa6a5fdba15..., userDataDir: C:\Users\41QS362\AppData\Lo...}, cssSelectorsEnabled: true, databaseEnabled: false, handlesAlerts: true, hasTouchScreen: false, javascriptEnabled: true, locationContextEnabled: true, mobileEmulationEnabled: false, nativeEvents: true, networkConnectionEnabled: false, pageLoadStrategy: normal, platform: XP, platformName: XP, rotatable: false, setWindowRect: true, takesHeapSnapshot: true, takesScreenshot: true, unexpectedAlertBehaviour: , unhandledPromptBehavior: , version: 67.0.3396.99, webStorageEnabled: true}
Session ID: 8c2774a507b886141083e8aff90e4c40
	at sun.reflect.NativeConstructorAccessorImpl.newInstance0(Native Method)
	at sun.reflect.NativeConstructorAccessorImpl.newInstance(NativeConstructorAccessorImpl.java:62)
	at sun.reflect.DelegatingConstructorAccessorImpl.newInstance(DelegatingConstructorAccessorImpl.java:45)
	at java.lang.reflect.Constructor.newInstance(Constructor.java:423)
	at org.openqa.selenium.remote.ErrorHandler.createThrowable(ErrorHandler.java:214)
	at org.openqa.selenium.remote.ErrorHandler.throwIfResponseFailed(ErrorHandler.java:166)
	at org.openqa.selenium.remote.http.JsonHttpResponseCodec.reconstructValue(JsonHttpResponseCodec.java:40)
	at org.openqa.selenium.remote.http.AbstractHttpResponseCodec.decode(AbstractHttpResponseCodec.java:80)
	at org.openqa.selenium.remote.http.AbstractHttpResponseCodec.decode(AbstractHttpResponseCodec.java:44)
	at org.openqa.selenium.remote.HttpCommandExecutor.execute(HttpCommandExecutor.java:164)
	at org.openqa.selenium.remote.RemoteWebDriver.execute(RemoteWebDriver.java:601)
	at org.openqa.selenium.remote.RemoteWebElement.execute(RemoteWebElement.java:279)
	at org.openqa.selenium.remote.RemoteWebElement.click(RemoteWebElement.java:83)
	at net.serenitybdd.core.pages.WebElementFacadeImpl.click(WebElementFacadeImpl.java:1046)
	at com.lineadirecta.pacifika.pageobjets.BusquedaDeArticulosPorSubcategoriaPage.abrirpaginadeproducto(BusquedaDeArticulosPorSubcategoriaPage.java:140)
	at com.lineadirecta.pacifika.steps.BusquedaDeaArticulosPorSubcategoriaSteps.AbrirPDP(BusquedaDeaArticulosPorSubcategoriaSteps.java:53)
	at com.lineadirecta.pacifika.steps.BusquedaDeaArticulosPorSubcategoriaSteps$$EnhancerByCGLIB$$77f8046.CGLIB$AbrirPDP$8(<generated>)
	at com.lineadirecta.pacifika.steps.BusquedaDeaArticulosPorSubcategoriaSteps$$EnhancerByCGLIB$$77f8046$$FastClassByCGLIB$$42dd1ba0.invoke(<generated>)
	at net.sf.cglib.proxy.MethodProxy.invokeSuper(MethodProxy.java:228)
	at net.thucydides.core.steps.StepInterceptor.invokeMethod(StepInterceptor.java:450)
	at net.thucydides.core.steps.StepInterceptor.executeTestStepMethod(StepInterceptor.java:435)
	at net.thucydides.core.steps.StepInterceptor.runTestStep(StepInterceptor.java:410)
	at net.thucydides.core.steps.StepInterceptor.runOrSkipMethod(StepInterceptor.java:151)
	at net.thucydides.core.steps.StepInterceptor.testStepResult(StepInterceptor.java:138)
	at net.thucydides.core.steps.StepInterceptor.intercept(StepInterceptor.java:69)
	at com.lineadirecta.pacifika.steps.BusquedaDeaArticulosPorSubcategoriaSteps$$EnhancerByCGLIB$$77f8046.AbrirPDP(<generated>)
	at com.lineadirecta.pacifika.definition.AgregarArticuloDefinition.selecciona_articulos_desde_PDP(AgregarArticuloDefinition.java:316)
	at ?.Selecciona articulos desde PDP(src/main/resources/features/Pruebas/dev/Compras/PDP/CompraEfectivo.feature:44)

java.lang.NullPointerException
	at com.lineadirecta.pacifika.definition.LogueoDesdeInicioDefinition.Logueo_e_ir_a_Pasarela(LogueoDesdeInicioDefinition.java:103)
	at ?.Logueo e Ir a Pasarela "normal"(src/main/resources/features/Pruebas/dev/Compras/PDP/CompraEfectivo.feature:46)

net.serenitybdd.core.exceptions.SerenityManagedException: The following error occurred: Expected enabled element was not enabled
	at net.serenitybdd.core.pages.WebElementFacadeImpl.waitUntilEnabled(WebElementFacadeImpl.java:968)
	at net.serenitybdd.core.pages.WebElementFacadeImpl.waitUntilElementAvailable(WebElementFacadeImpl.java:807)
	at net.serenitybdd.core.pages.WebElementFacadeImpl.type(WebElementFacadeImpl.java:688)
	at com.lineadirecta.pacifika.pageobjets.RedimirVaucherPage.EscribirVaucher(RedimirVaucherPage.java:18)
	at com.lineadirecta.pacifika.steps.RedimirVaucherSteps.EscribirVaucher(RedimirVaucherSteps.java:15)
	at com.lineadirecta.pacifika.steps.RedimirVaucherSteps$$EnhancerByCGLIB$$e5aea0e2.CGLIB$EscribirVaucher$5(<generated>)
	at com.lineadirecta.pacifika.steps.RedimirVaucherSteps$$EnhancerByCGLIB$$e5aea0e2$$FastClassByCGLIB$$cb65673c.invoke(<generated>)
	at net.sf.cglib.proxy.MethodProxy.invokeSuper(MethodProxy.java:228)
	at net.thucydides.core.steps.StepInterceptor.invokeMethod(StepInterceptor.java:450)
	at net.thucydides.core.steps.StepInterceptor.executeTestStepMethod(StepInterceptor.java:435)
	at net.thucydides.core.steps.StepInterceptor.runTestStep(StepInterceptor.java:410)
	at net.thucydides.core.steps.StepInterceptor.runOrSkipMethod(StepInterceptor.java:151)
	at net.thucydides.core.steps.StepInterceptor.testStepResult(StepInterceptor.java:138)
	at net.thucydides.core.steps.StepInterceptor.intercept(StepInterceptor.java:69)
	at com.lineadirecta.pacifika.steps.RedimirVaucherSteps$$EnhancerByCGLIB$$e5aea0e2.EscribirVaucher(<generated>)
	at com.lineadirecta.pacifika.definition.RedimirVaucherDefinition.digito_vaucher_de_tipo(RedimirVaucherDefinition.java:109)
	at ?.digito vaucher de tipo "fijo"(src/main/resources/features/Pruebas/dev/Compras/PDP/CompraEfectivo.feature:45)
Caused by: org.openqa.selenium.TimeoutException: Expected condition failed: waiting for By.xpath: (//input[@id='js-voucher-code-text'])[2] to be enabled (tried for 5 second(s) with 100 MILLISECONDS interval)
	at org.openqa.selenium.support.ui.FluentWait.timeoutException(FluentWait.java:263)
	at org.openqa.selenium.support.ui.FluentWait.until(FluentWait.java:231)
	at net.serenitybdd.core.pages.WebElementFacadeImpl.waitUntilEnabled(WebElementFacadeImpl.java:965)
	at net.serenitybdd.core.pages.WebElementFacadeImpl.waitUntilElementAvailable(WebElementFacadeImpl.java:807)
	at net.serenitybdd.core.pages.WebElementFacadeImpl.type(WebElementFacadeImpl.java:688)
	at com.lineadirecta.pacifika.pageobjets.RedimirVaucherPage.EscribirVaucher(RedimirVaucherPage.java:18)
	at com.lineadirecta.pacifika.steps.RedimirVaucherSteps.EscribirVaucher(RedimirVaucherSteps.java:15)
	at com.lineadirecta.pacifika.steps.RedimirVaucherSteps$$EnhancerByCGLIB$$e5aea0e2.CGLIB$EscribirVaucher$5(<generated>)
	at com.lineadirecta.pacifika.steps.RedimirVaucherSteps$$EnhancerByCGLIB$$e5aea0e2$$FastClassByCGLIB$$cb65673c.invoke(<generated>)
	at net.sf.cglib.proxy.MethodProxy.invokeSuper(MethodProxy.java:228)
	at net.thucydides.core.steps.StepInterceptor.invokeMethod(StepInterceptor.java:450)
	at net.thucydides.core.steps.StepInterceptor.executeTestStepMethod(StepInterceptor.java:435)
	at net.thucydides.core.steps.StepInterceptor.runTestStep(StepInterceptor.java:410)
	at net.thucydides.core.steps.StepInterceptor.runOrSkipMethod(StepInterceptor.java:151)
	at net.thucydides.core.steps.StepInterceptor.testStepResult(StepInterceptor.java:138)
	at net.thucydides.core.steps.StepInterceptor.intercept(StepInterceptor.java:69)
	at com.lineadirecta.pacifika.steps.RedimirVaucherSteps$$EnhancerByCGLIB$$e5aea0e2.EscribirVaucher(<generated>)
	at com.lineadirecta.pacifika.definition.RedimirVaucherDefinition.digito_vaucher_de_tipo(RedimirVaucherDefinition.java:109)
	at sun.reflect.NativeMethodAccessorImpl.invoke0(Native Method)
	at sun.reflect.NativeMethodAccessorImpl.invoke(NativeMethodAccessorImpl.java:62)
	at sun.reflect.DelegatingMethodAccessorImpl.invoke(DelegatingMethodAccessorImpl.java:43)
	at java.lang.reflect.Method.invoke(Method.java:498)
	at cucumber.runtime.Utils$1.call(Utils.java:32)
	at cucumber.runtime.Timeout.timeout(Timeout.java:16)
	at cucumber.runtime.Utils.invoke(Utils.java:26)
	at cucumber.runtime.java.JavaStepDefinition.execute(JavaStepDefinition.java:37)
	at cucumber.runtime.StepDefinitionMatch.runStep(StepDefinitionMatch.java:40)
	at cucumber.api.TestStep.executeStep(TestStep.java:102)
	at cucumber.api.TestStep.run(TestStep.java:83)
	at cucumber.api.TestCase.run(TestCase.java:58)
	at cucumber.runner.Runner.runPickle(Runner.java:80)
	at cucumber.runtime.junit.PickleRunners$NoStepDescriptions.run(PickleRunners.java:140)
	at cucumber.runtime.junit.FeatureRunner.runChild(FeatureRunner.java:68)
	at cucumber.runtime.junit.FeatureRunner.runChild(FeatureRunner.java:23)
	at org.junit.runners.ParentRunner$3.run(ParentRunner.java:290)
	at org.junit.runners.ParentRunner$1.schedule(ParentRunner.java:71)
	at org.junit.runners.ParentRunner.runChildren(ParentRunner.java:288)
	at org.junit.runners.ParentRunner.access$000(ParentRunner.java:58)
	at org.junit.runners.ParentRunner$2.evaluate(ParentRunner.java:268)
	at org.junit.runners.ParentRunner.run(ParentRunner.java:363)
	at cucumber.runtime.junit.FeatureRunner.run(FeatureRunner.java:73)
	at cucumber.api.junit.Cucumber.runChild(Cucumber.java:117)
	at cucumber.api.junit.Cucumber.runChild(Cucumber.java:55)
	at org.junit.runners.ParentRunner$3.run(ParentRunner.java:290)
	at org.apache.maven.surefire.junitcore.pc.Scheduler$1.run(Scheduler.java:393)
	at org.apache.maven.surefire.junitcore.pc.InvokerStrategy.schedule(InvokerStrategy.java:54)
	at org.apache.maven.surefire.junitcore.pc.Scheduler.schedule(Scheduler.java:352)
	at org.junit.runners.ParentRunner.runChildren(ParentRunner.java:288)
	at org.junit.runners.ParentRunner.access$000(ParentRunner.java:58)
	at org.junit.runners.ParentRunner$2.evaluate(ParentRunner.java:268)
	at cucumber.api.junit.Cucumber$1.evaluate(Cucumber.java:126)
	at org.junit.runners.ParentRunner.run(ParentRunner.java:363)
	at org.junit.runners.Suite.runChild(Suite.java:128)
	at org.junit.runners.Suite.runChild(Suite.java:27)
	at org.junit.runners.ParentRunner$3.run(ParentRunner.java:290)
	at org.apache.maven.surefire.junitcore.pc.Scheduler$1.run(Scheduler.java:393)
	at java.util.concurrent.Executors$RunnableAdapter.call(Executors.java:511)
	at java.util.concurrent.FutureTask.run(FutureTask.java:266)
	at java.util.concurrent.ThreadPoolExecutor.runWorker(ThreadPoolExecutor.java:1142)
	at java.util.concurrent.ThreadPoolExecutor$Worker.run(ThreadPoolExecutor.java:617)
	at java.lang.Thread.run(Thread.java:745)
Caused by: org.openqa.selenium.NoSuchElementException: no such element: Unable to locate element: {"method":"xpath","selector":"(//input[@id='js-voucher-code-text'])[2]"}
  (Session info: chrome=67.0.3396.99)
  (Driver info: chromedriver=2.37.544315 (730aa6a5fdba159ac9f4c1e8cbc59bf1b5ce12b7),platform=Windows NT 6.1.7601 SP1 x86_64) (WARNING: The server did not provide any stacktrace information)
Command duration or timeout: 0 milliseconds
For documentation on this error, please visit: http://seleniumhq.org/exceptions/no_such_element.html
Build info: version: '3.8.1', revision: '6e95a6684b', time: '2017-12-01T18:33:54.468Z'
System info: host: 'SP4L8Z362', ip: '10.7.15.36', os.name: 'Windows 7', os.arch: 'amd64', os.version: '6.1', java.version: '1.8.0_121'
Driver info: org.openqa.selenium.remote.RemoteWebDriver
Capabilities {acceptInsecureCerts: false, acceptSslCerts: false, applicationCacheEnabled: false, browserConnectionEnabled: false, browserName: chrome, chrome: {chromedriverVersion: 2.37.544315 (730aa6a5fdba15..., userDataDir: C:\Users\41QS362\AppData\Lo...}, cssSelectorsEnabled: true, databaseEnabled: false, handlesAlerts: true, hasTouchScreen: false, javascriptEnabled: true, locationContextEnabled: true, mobileEmulationEnabled: false, nativeEvents: true, networkConnectionEnabled: false, pageLoadStrategy: normal, platform: XP, platformName: XP, rotatable: false, setWindowRect: true, takesHeapSnapshot: true, takesScreenshot: true, unexpectedAlertBehaviour: , unhandledPromptBehavior: , version: 67.0.3396.99, webStorageEnabled: true}
Session ID: e2533041215b2e60a5525f0f520bba9d
*** Element info: {Using=xpath, value=(//input[@id='js-voucher-code-text'])[2]}
	at sun.reflect.GeneratedConstructorAccessor62.newInstance(Unknown Source)
	at sun.reflect.DelegatingConstructorAccessorImpl.newInstance(DelegatingConstructorAccessorImpl.java:45)
	at java.lang.reflect.Constructor.newInstance(Constructor.java:423)
	at org.openqa.selenium.remote.ErrorHandler.createThrowable(ErrorHandler.java:214)
	at org.openqa.selenium.remote.ErrorHandler.throwIfResponseFailed(ErrorHandler.java:166)
	at org.openqa.selenium.remote.http.JsonHttpResponseCodec.reconstructValue(JsonHttpResponseCodec.java:40)
	at org.openqa.selenium.remote.http.AbstractHttpResponseCodec.decode(AbstractHttpResponseCodec.java:80)
	at org.openqa.selenium.remote.http.AbstractHttpResponseCodec.decode(AbstractHttpResponseCodec.java:44)
	at org.openqa.selenium.remote.HttpCommandExecutor.execute(HttpCommandExecutor.java:164)
	at org.openqa.selenium.remote.RemoteWebDriver.execute(RemoteWebDriver.java:601)
	at org.openqa.selenium.remote.RemoteWebDriver.findElement(RemoteWebDriver.java:371)
	at org.openqa.selenium.remote.RemoteWebDriver.findElementByXPath(RemoteWebDriver.java:473)
	at org.openqa.selenium.By$ByXPath.findElement(By.java:361)
	at org.openqa.selenium.remote.RemoteWebDriver.findElement(RemoteWebDriver.java:363)
	at net.thucydides.core.webdriver.WebDriverFacade.findElement(WebDriverFacade.java:278)
	at net.serenitybdd.core.pages.WebElementResolverByLocator.resolveForDriver(WebElementResolverByLocator.java:16)
	at net.serenitybdd.core.pages.WebElementFacadeImpl.getElement(WebElementFacadeImpl.java:209)
	at net.serenitybdd.core.pages.WebElementExpectations$3.apply(WebElementExpectations.java:63)
	at net.serenitybdd.core.pages.WebElementExpectations$3.apply(WebElementExpectations.java:55)
	at org.openqa.selenium.support.ui.FluentWait.until(FluentWait.java:208)
	... 59 more

net.serenitybdd.core.exceptions.SerenityManagedException: The following error occurred: Expected enabled element was not enabled
	at net.serenitybdd.core.pages.WebElementFacadeImpl.waitUntilEnabled(WebElementFacadeImpl.java:968)
	at net.serenitybdd.core.pages.WebElementFacadeImpl.waitUntilElementAvailable(WebElementFacadeImpl.java:807)
	at net.serenitybdd.core.pages.WebElementFacadeImpl.type(WebElementFacadeImpl.java:688)
	at com.lineadirecta.pacifika.pageobjets.RedimirVaucherPage.EscribirVaucher(RedimirVaucherPage.java:18)
	at com.lineadirecta.pacifika.steps.RedimirVaucherSteps.EscribirVaucher(RedimirVaucherSteps.java:15)
	at com.lineadirecta.pacifika.steps.RedimirVaucherSteps$$EnhancerByCGLIB$$e5aea0e2.CGLIB$EscribirVaucher$5(<generated>)
	at com.lineadirecta.pacifika.steps.RedimirVaucherSteps$$EnhancerByCGLIB$$e5aea0e2$$FastClassByCGLIB$$cb65673c.invoke(<generated>)
	at net.sf.cglib.proxy.MethodProxy.invokeSuper(MethodProxy.java:228)
	at net.thucydides.core.steps.StepInterceptor.invokeMethod(StepInterceptor.java:450)
	at net.thucydides.core.steps.StepInterceptor.executeTestStepMethod(StepInterceptor.java:435)
	at net.thucydides.core.steps.StepInterceptor.runTestStep(StepInterceptor.java:410)
	at net.thucydides.core.steps.StepInterceptor.runOrSkipMethod(StepInterceptor.java:151)
	at net.thucydides.core.steps.StepInterceptor.testStepResult(StepInterceptor.java:138)
	at net.thucydides.core.steps.StepInterceptor.intercept(StepInterceptor.java:69)
	at com.lineadirecta.pacifika.steps.RedimirVaucherSteps$$EnhancerByCGLIB$$e5aea0e2.EscribirVaucher(<generated>)
	at com.lineadirecta.pacifika.definition.RedimirVaucherDefinition.digito_vaucher_de_tipo(RedimirVaucherDefinition.java:109)
	at ?.digito vaucher de tipo "porcentaje"(src/main/resources/features/Pruebas/dev/Compras/PDP/CompraEfectivo.feature:45)
Caused by: org.openqa.selenium.TimeoutException: Expected condition failed: waiting for By.xpath: (//input[@id='js-voucher-code-text'])[2] to be enabled (tried for 5 second(s) with 100 MILLISECONDS interval)
	at org.openqa.selenium.support.ui.FluentWait.timeoutException(FluentWait.java:263)
	at org.openqa.selenium.support.ui.FluentWait.until(FluentWait.java:231)
	at net.serenitybdd.core.pages.WebElementFacadeImpl.waitUntilEnabled(WebElementFacadeImpl.java:965)
	at net.serenitybdd.core.pages.WebElementFacadeImpl.waitUntilElementAvailable(WebElementFacadeImpl.java:807)
	at net.serenitybdd.core.pages.WebElementFacadeImpl.type(WebElementFacadeImpl.java:688)
	at com.lineadirecta.pacifika.pageobjets.RedimirVaucherPage.EscribirVaucher(RedimirVaucherPage.java:18)
	at com.lineadirecta.pacifika.steps.RedimirVaucherSteps.EscribirVaucher(RedimirVaucherSteps.java:15)
	at com.lineadirecta.pacifika.steps.RedimirVaucherSteps$$EnhancerByCGLIB$$e5aea0e2.CGLIB$EscribirVaucher$5(<generated>)
	at com.lineadirecta.pacifika.steps.RedimirVaucherSteps$$EnhancerByCGLIB$$e5aea0e2$$FastClassByCGLIB$$cb65673c.invoke(<generated>)
	at net.sf.cglib.proxy.MethodProxy.invokeSuper(MethodProxy.java:228)
	at net.thucydides.core.steps.StepInterceptor.invokeMethod(StepInterceptor.java:450)
	at net.thucydides.core.steps.StepInterceptor.executeTestStepMethod(StepInterceptor.java:435)
	at net.thucydides.core.steps.StepInterceptor.runTestStep(StepInterceptor.java:410)
	at net.thucydides.core.steps.StepInterceptor.runOrSkipMethod(StepInterceptor.java:151)
	at net.thucydides.core.steps.StepInterceptor.testStepResult(StepInterceptor.java:138)
	at net.thucydides.core.steps.StepInterceptor.intercept(StepInterceptor.java:69)
	at com.lineadirecta.pacifika.steps.RedimirVaucherSteps$$EnhancerByCGLIB$$e5aea0e2.EscribirVaucher(<generated>)
	at com.lineadirecta.pacifika.definition.RedimirVaucherDefinition.digito_vaucher_de_tipo(RedimirVaucherDefinition.java:109)
	at sun.reflect.NativeMethodAccessorImpl.invoke0(Native Method)
	at sun.reflect.NativeMethodAccessorImpl.invoke(NativeMethodAccessorImpl.java:62)
	at sun.reflect.DelegatingMethodAccessorImpl.invoke(DelegatingMethodAccessorImpl.java:43)
	at java.lang.reflect.Method.invoke(Method.java:498)
	at cucumber.runtime.Utils$1.call(Utils.java:32)
	at cucumber.runtime.Timeout.timeout(Timeout.java:16)
	at cucumber.runtime.Utils.invoke(Utils.java:26)
	at cucumber.runtime.java.JavaStepDefinition.execute(JavaStepDefinition.java:37)
	at cucumber.runtime.StepDefinitionMatch.runStep(StepDefinitionMatch.java:40)
	at cucumber.api.TestStep.executeStep(TestStep.java:102)
	at cucumber.api.TestStep.run(TestStep.java:83)
	at cucumber.api.TestCase.run(TestCase.java:58)
	at cucumber.runner.Runner.runPickle(Runner.java:80)
	at cucumber.runtime.junit.PickleRunners$NoStepDescriptions.run(PickleRunners.java:140)
	at cucumber.runtime.junit.FeatureRunner.runChild(FeatureRunner.java:68)
	at cucumber.runtime.junit.FeatureRunner.runChild(FeatureRunner.java:23)
	at org.junit.runners.ParentRunner$3.run(ParentRunner.java:290)
	at org.junit.runners.ParentRunner$1.schedule(ParentRunner.java:71)
	at org.junit.runners.ParentRunner.runChildren(ParentRunner.java:288)
	at org.junit.runners.ParentRunner.access$000(ParentRunner.java:58)
	at org.junit.runners.ParentRunner$2.evaluate(ParentRunner.java:268)
	at org.junit.runners.ParentRunner.run(ParentRunner.java:363)
	at cucumber.runtime.junit.FeatureRunner.run(FeatureRunner.java:73)
	at cucumber.api.junit.Cucumber.runChild(Cucumber.java:117)
	at cucumber.api.junit.Cucumber.runChild(Cucumber.java:55)
	at org.junit.runners.ParentRunner$3.run(ParentRunner.java:290)
	at org.apache.maven.surefire.junitcore.pc.Scheduler$1.run(Scheduler.java:393)
	at org.apache.maven.surefire.junitcore.pc.InvokerStrategy.schedule(InvokerStrategy.java:54)
	at org.apache.maven.surefire.junitcore.pc.Scheduler.schedule(Scheduler.java:352)
	at org.junit.runners.ParentRunner.runChildren(ParentRunner.java:288)
	at org.junit.runners.ParentRunner.access$000(ParentRunner.java:58)
	at org.junit.runners.ParentRunner$2.evaluate(ParentRunner.java:268)
	at cucumber.api.junit.Cucumber$1.evaluate(Cucumber.java:126)
	at org.junit.runners.ParentRunner.run(ParentRunner.java:363)
	at org.junit.runners.Suite.runChild(Suite.java:128)
	at org.junit.runners.Suite.runChild(Suite.java:27)
	at org.junit.runners.ParentRunner$3.run(ParentRunner.java:290)
	at org.apache.maven.surefire.junitcore.pc.Scheduler$1.run(Scheduler.java:393)
	at java.util.concurrent.Executors$RunnableAdapter.call(Executors.java:511)
	at java.util.concurrent.FutureTask.run(FutureTask.java:266)
	at java.util.concurrent.ThreadPoolExecutor.runWorker(ThreadPoolExecutor.java:1142)
	at java.util.concurrent.ThreadPoolExecutor$Worker.run(ThreadPoolExecutor.java:617)
	at java.lang.Thread.run(Thread.java:745)
Caused by: org.openqa.selenium.NoSuchElementException: no such element: Unable to locate element: {"method":"xpath","selector":"(//input[@id='js-voucher-code-text'])[2]"}
  (Session info: chrome=67.0.3396.99)
  (Driver info: chromedriver=2.37.544315 (730aa6a5fdba159ac9f4c1e8cbc59bf1b5ce12b7),platform=Windows NT 6.1.7601 SP1 x86_64) (WARNING: The server did not provide any stacktrace information)
Command duration or timeout: 0 milliseconds
For documentation on this error, please visit: http://seleniumhq.org/exceptions/no_such_element.html
Build info: version: '3.8.1', revision: '6e95a6684b', time: '2017-12-01T18:33:54.468Z'
System info: host: 'SP4L8Z362', ip: '10.7.15.36', os.name: 'Windows 7', os.arch: 'amd64', os.version: '6.1', java.version: '1.8.0_121'
Driver info: org.openqa.selenium.remote.RemoteWebDriver
Capabilities {acceptInsecureCerts: false, acceptSslCerts: false, applicationCacheEnabled: false, browserConnectionEnabled: false, browserName: chrome, chrome: {chromedriverVersion: 2.37.544315 (730aa6a5fdba15..., userDataDir: C:\Users\41QS362\AppData\Lo...}, cssSelectorsEnabled: true, databaseEnabled: false, handlesAlerts: true, hasTouchScreen: false, javascriptEnabled: true, locationContextEnabled: true, mobileEmulationEnabled: false, nativeEvents: true, networkConnectionEnabled: false, pageLoadStrategy: normal, platform: XP, platformName: XP, rotatable: false, setWindowRect: true, takesHeapSnapshot: true, takesScreenshot: true, unexpectedAlertBehaviour: , unhandledPromptBehavior: , version: 67.0.3396.99, webStorageEnabled: true}
Session ID: 6c7b41e9103a4465cb6f4e75e4a3b238
*** Element info: {Using=xpath, value=(//input[@id='js-voucher-code-text'])[2]}
	at sun.reflect.GeneratedConstructorAccessor62.newInstance(Unknown Source)
	at sun.reflect.DelegatingConstructorAccessorImpl.newInstance(DelegatingConstructorAccessorImpl.java:45)
	at java.lang.reflect.Constructor.newInstance(Constructor.java:423)
	at org.openqa.selenium.remote.ErrorHandler.createThrowable(ErrorHandler.java:214)
	at org.openqa.selenium.remote.ErrorHandler.throwIfResponseFailed(ErrorHandler.java:166)
	at org.openqa.selenium.remote.http.JsonHttpResponseCodec.reconstructValue(JsonHttpResponseCodec.java:40)
	at org.openqa.selenium.remote.http.AbstractHttpResponseCodec.decode(AbstractHttpResponseCodec.java:80)
	at org.openqa.selenium.remote.http.AbstractHttpResponseCodec.decode(AbstractHttpResponseCodec.java:44)
	at org.openqa.selenium.remote.HttpCommandExecutor.execute(HttpCommandExecutor.java:164)
	at org.openqa.selenium.remote.RemoteWebDriver.execute(RemoteWebDriver.java:601)
	at org.openqa.selenium.remote.RemoteWebDriver.findElement(RemoteWebDriver.java:371)
	at org.openqa.selenium.remote.RemoteWebDriver.findElementByXPath(RemoteWebDriver.java:473)
	at org.openqa.selenium.By$ByXPath.findElement(By.java:361)
	at org.openqa.selenium.remote.RemoteWebDriver.findElement(RemoteWebDriver.java:363)
	at net.thucydides.core.webdriver.WebDriverFacade.findElement(WebDriverFacade.java:278)
	at net.serenitybdd.core.pages.WebElementResolverByLocator.resolveForDriver(WebElementResolverByLocator.java:16)
	at net.serenitybdd.core.pages.WebElementFacadeImpl.getElement(WebElementFacadeImpl.java:209)
	at net.serenitybdd.core.pages.WebElementExpectations$3.apply(WebElementExpectations.java:63)
	at net.serenitybdd.core.pages.WebElementExpectations$3.apply(WebElementExpectations.java:55)
	at org.openqa.selenium.support.ui.FluentWait.until(FluentWait.java:208)
	... 59 more

net.serenitybdd.core.exceptions.SerenityManagedException: The following error occurred: Expected enabled element was not enabled
	at net.serenitybdd.core.pages.WebElementFacadeImpl.waitUntilEnabled(WebElementFacadeImpl.java:968)
	at net.serenitybdd.core.pages.WebElementFacadeImpl.waitUntilElementAvailable(WebElementFacadeImpl.java:807)
	at net.serenitybdd.core.pages.WebElementFacadeImpl.type(WebElementFacadeImpl.java:688)
	at com.lineadirecta.pacifika.pageobjets.RedimirVaucherPage.EscribirVaucher(RedimirVaucherPage.java:18)
	at com.lineadirecta.pacifika.steps.RedimirVaucherSteps.EscribirVaucher(RedimirVaucherSteps.java:15)
	at com.lineadirecta.pacifika.steps.RedimirVaucherSteps$$EnhancerByCGLIB$$e5aea0e2.CGLIB$EscribirVaucher$5(<generated>)
	at com.lineadirecta.pacifika.steps.RedimirVaucherSteps$$EnhancerByCGLIB$$e5aea0e2$$FastClassByCGLIB$$cb65673c.invoke(<generated>)
	at net.sf.cglib.proxy.MethodProxy.invokeSuper(MethodProxy.java:228)
	at net.thucydides.core.steps.StepInterceptor.invokeMethod(StepInterceptor.java:450)
	at net.thucydides.core.steps.StepInterceptor.executeTestStepMethod(StepInterceptor.java:435)
	at net.thucydides.core.steps.StepInterceptor.runTestStep(StepInterceptor.java:410)
	at net.thucydides.core.steps.StepInterceptor.runOrSkipMethod(StepInterceptor.java:151)
	at net.thucydides.core.steps.StepInterceptor.testStepResult(StepInterceptor.java:138)
	at net.thucydides.core.steps.StepInterceptor.intercept(StepInterceptor.java:69)
	at com.lineadirecta.pacifika.steps.RedimirVaucherSteps$$EnhancerByCGLIB$$e5aea0e2.EscribirVaucher(<generated>)
	at com.lineadirecta.pacifika.definition.RedimirVaucherDefinition.digito_vaucher_de_tipo(RedimirVaucherDefinition.java:109)
	at ?.digito vaucher de tipo "porcentaje"(src/main/resources/features/Pruebas/dev/Compras/PDP/CompraEfectivo.feature:45)
Caused by: org.openqa.selenium.TimeoutException: Expected condition failed: waiting for By.xpath: (//input[@id='js-voucher-code-text'])[2] to be enabled (tried for 5 second(s) with 100 MILLISECONDS interval)
	at org.openqa.selenium.support.ui.FluentWait.timeoutException(FluentWait.java:263)
	at org.openqa.selenium.support.ui.FluentWait.until(FluentWait.java:231)
	at net.serenitybdd.core.pages.WebElementFacadeImpl.waitUntilEnabled(WebElementFacadeImpl.java:965)
	at net.serenitybdd.core.pages.WebElementFacadeImpl.waitUntilElementAvailable(WebElementFacadeImpl.java:807)
	at net.serenitybdd.core.pages.WebElementFacadeImpl.type(WebElementFacadeImpl.java:688)
	at com.lineadirecta.pacifika.pageobjets.RedimirVaucherPage.EscribirVaucher(RedimirVaucherPage.java:18)
	at com.lineadirecta.pacifika.steps.RedimirVaucherSteps.EscribirVaucher(RedimirVaucherSteps.java:15)
	at com.lineadirecta.pacifika.steps.RedimirVaucherSteps$$EnhancerByCGLIB$$e5aea0e2.CGLIB$EscribirVaucher$5(<generated>)
	at com.lineadirecta.pacifika.steps.RedimirVaucherSteps$$EnhancerByCGLIB$$e5aea0e2$$FastClassByCGLIB$$cb65673c.invoke(<generated>)
	at net.sf.cglib.proxy.MethodProxy.invokeSuper(MethodProxy.java:228)
	at net.thucydides.core.steps.StepInterceptor.invokeMethod(StepInterceptor.java:450)
	at net.thucydides.core.steps.StepInterceptor.executeTestStepMethod(StepInterceptor.java:435)
	at net.thucydides.core.steps.StepInterceptor.runTestStep(StepInterceptor.java:410)
	at net.thucydides.core.steps.StepInterceptor.runOrSkipMethod(StepInterceptor.java:151)
	at net.thucydides.core.steps.StepInterceptor.testStepResult(StepInterceptor.java:138)
	at net.thucydides.core.steps.StepInterceptor.intercept(StepInterceptor.java:69)
	at com.lineadirecta.pacifika.steps.RedimirVaucherSteps$$EnhancerByCGLIB$$e5aea0e2.EscribirVaucher(<generated>)
	at com.lineadirecta.pacifika.definition.RedimirVaucherDefinition.digito_vaucher_de_tipo(RedimirVaucherDefinition.java:109)
	at sun.reflect.NativeMethodAccessorImpl.invoke0(Native Method)
	at sun.reflect.NativeMethodAccessorImpl.invoke(NativeMethodAccessorImpl.java:62)
	at sun.reflect.DelegatingMethodAccessorImpl.invoke(DelegatingMethodAccessorImpl.java:43)
	at java.lang.reflect.Method.invoke(Method.java:498)
	at cucumber.runtime.Utils$1.call(Utils.java:32)
	at cucumber.runtime.Timeout.timeout(Timeout.java:16)
	at cucumber.runtime.Utils.invoke(Utils.java:26)
	at cucumber.runtime.java.JavaStepDefinition.execute(JavaStepDefinition.java:37)
	at cucumber.runtime.StepDefinitionMatch.runStep(StepDefinitionMatch.java:40)
	at cucumber.api.TestStep.executeStep(TestStep.java:102)
	at cucumber.api.TestStep.run(TestStep.java:83)
	at cucumber.api.TestCase.run(TestCase.java:58)
	at cucumber.runner.Runner.runPickle(Runner.java:80)
	at cucumber.runtime.junit.PickleRunners$NoStepDescriptions.run(PickleRunners.java:140)
	at cucumber.runtime.junit.FeatureRunner.runChild(FeatureRunner.java:68)
	at cucumber.runtime.junit.FeatureRunner.runChild(FeatureRunner.java:23)
	at org.junit.runners.ParentRunner$3.run(ParentRunner.java:290)
	at org.junit.runners.ParentRunner$1.schedule(ParentRunner.java:71)
	at org.junit.runners.ParentRunner.runChildren(ParentRunner.java:288)
	at org.junit.runners.ParentRunner.access$000(ParentRunner.java:58)
	at org.junit.runners.ParentRunner$2.evaluate(ParentRunner.java:268)
	at org.junit.runners.ParentRunner.run(ParentRunner.java:363)
	at cucumber.runtime.junit.FeatureRunner.run(FeatureRunner.java:73)
	at cucumber.api.junit.Cucumber.runChild(Cucumber.java:117)
	at cucumber.api.junit.Cucumber.runChild(Cucumber.java:55)
	at org.junit.runners.ParentRunner$3.run(ParentRunner.java:290)
	at org.apache.maven.surefire.junitcore.pc.Scheduler$1.run(Scheduler.java:393)
	at org.apache.maven.surefire.junitcore.pc.InvokerStrategy.schedule(InvokerStrategy.java:54)
	at org.apache.maven.surefire.junitcore.pc.Scheduler.schedule(Scheduler.java:352)
	at org.junit.runners.ParentRunner.runChildren(ParentRunner.java:288)
	at org.junit.runners.ParentRunner.access$000(ParentRunner.java:58)
	at org.junit.runners.ParentRunner$2.evaluate(ParentRunner.java:268)
	at cucumber.api.junit.Cucumber$1.evaluate(Cucumber.java:126)
	at org.junit.runners.ParentRunner.run(ParentRunner.java:363)
	at org.junit.runners.Suite.runChild(Suite.java:128)
	at org.junit.runners.Suite.runChild(Suite.java:27)
	at org.junit.runners.ParentRunner$3.run(ParentRunner.java:290)
	at org.apache.maven.surefire.junitcore.pc.Scheduler$1.run(Scheduler.java:393)
	at java.util.concurrent.Executors$RunnableAdapter.call(Executors.java:511)
	at java.util.concurrent.FutureTask.run(FutureTask.java:266)
	at java.util.concurrent.ThreadPoolExecutor.runWorker(ThreadPoolExecutor.java:1142)
	at java.util.concurrent.ThreadPoolExecutor$Worker.run(ThreadPoolExecutor.java:617)
	at java.lang.Thread.run(Thread.java:745)
Caused by: org.openqa.selenium.NoSuchElementException: no such element: Unable to locate element: {"method":"xpath","selector":"(//input[@id='js-voucher-code-text'])[2]"}
  (Session info: chrome=67.0.3396.99)
  (Driver info: chromedriver=2.37.544315 (730aa6a5fdba159ac9f4c1e8cbc59bf1b5ce12b7),platform=Windows NT 6.1.7601 SP1 x86_64) (WARNING: The server did not provide any stacktrace information)
Command duration or timeout: 0 milliseconds
For documentation on this error, please visit: http://seleniumhq.org/exceptions/no_such_element.html
Build info: version: '3.8.1', revision: '6e95a6684b', time: '2017-12-01T18:33:54.468Z'
System info: host: 'SP4L8Z362', ip: '10.7.15.36', os.name: 'Windows 7', os.arch: 'amd64', os.version: '6.1', java.version: '1.8.0_121'
Driver info: org.openqa.selenium.remote.RemoteWebDriver
Capabilities {acceptInsecureCerts: false, acceptSslCerts: false, applicationCacheEnabled: false, browserConnectionEnabled: false, browserName: chrome, chrome: {chromedriverVersion: 2.37.544315 (730aa6a5fdba15..., userDataDir: C:\Users\41QS362\AppData\Lo...}, cssSelectorsEnabled: true, databaseEnabled: false, handlesAlerts: true, hasTouchScreen: false, javascriptEnabled: true, locationContextEnabled: true, mobileEmulationEnabled: false, nativeEvents: true, networkConnectionEnabled: false, pageLoadStrategy: normal, platform: XP, platformName: XP, rotatable: false, setWindowRect: true, takesHeapSnapshot: true, takesScreenshot: true, unexpectedAlertBehaviour: , unhandledPromptBehavior: , version: 67.0.3396.99, webStorageEnabled: true}
Session ID: 3463fae6cb3803418e42f495fa24db4d
*** Element info: {Using=xpath, value=(//input[@id='js-voucher-code-text'])[2]}
	at sun.reflect.GeneratedConstructorAccessor62.newInstance(Unknown Source)
	at sun.reflect.DelegatingConstructorAccessorImpl.newInstance(DelegatingConstructorAccessorImpl.java:45)
	at java.lang.reflect.Constructor.newInstance(Constructor.java:423)
	at org.openqa.selenium.remote.ErrorHandler.createThrowable(ErrorHandler.java:214)
	at org.openqa.selenium.remote.ErrorHandler.throwIfResponseFailed(ErrorHandler.java:166)
	at org.openqa.selenium.remote.http.JsonHttpResponseCodec.reconstructValue(JsonHttpResponseCodec.java:40)
	at org.openqa.selenium.remote.http.AbstractHttpResponseCodec.decode(AbstractHttpResponseCodec.java:80)
	at org.openqa.selenium.remote.http.AbstractHttpResponseCodec.decode(AbstractHttpResponseCodec.java:44)
	at org.openqa.selenium.remote.HttpCommandExecutor.execute(HttpCommandExecutor.java:164)
	at org.openqa.selenium.remote.RemoteWebDriver.execute(RemoteWebDriver.java:601)
	at org.openqa.selenium.remote.RemoteWebDriver.findElement(RemoteWebDriver.java:371)
	at org.openqa.selenium.remote.RemoteWebDriver.findElementByXPath(RemoteWebDriver.java:473)
	at org.openqa.selenium.By$ByXPath.findElement(By.java:361)
	at org.openqa.selenium.remote.RemoteWebDriver.findElement(RemoteWebDriver.java:363)
	at net.thucydides.core.webdriver.WebDriverFacade.findElement(WebDriverFacade.java:278)
	at net.serenitybdd.core.pages.WebElementResolverByLocator.resolveForDriver(WebElementResolverByLocator.java:16)
	at net.serenitybdd.core.pages.WebElementFacadeImpl.getElement(WebElementFacadeImpl.java:209)
	at net.serenitybdd.core.pages.WebElementExpectations$3.apply(WebElementExpectations.java:63)
	at net.serenitybdd.core.pages.WebElementExpectations$3.apply(WebElementExpectations.java:55)
	at org.openqa.selenium.support.ui.FluentWait.until(FluentWait.java:208)
	... 59 more

java.lang.NullPointerException
	at com.lineadirecta.pacifika.definition.LogueoDesdeInicioDefinition.Logueo_e_ir_a_Pasarela(LogueoDesdeInicioDefinition.java:103)
	at ?.Logueo e Ir a Pasarela "aliada"(src/main/resources/features/Pruebas/dev/Compras/PDP/CompraEfectivo.feature:46)

java.lang.NullPointerException
	at com.lineadirecta.pacifika.definition.LogueoDesdeInicioDefinition.logueo_e_Ir_a_Pasarela_mayor_a(LogueoDesdeInicioDefinition.java:159)
	at ?.Logueo e Ir a Pasarela "normal" mayor a "100000"(src/main/resources/features/Pruebas/dev/Compras/PDP/CompraEfectivo.feature:70)

java.lang.NullPointerException
	at com.lineadirecta.pacifika.definition.LogueoDesdeInicioDefinition.logueo_e_Ir_a_Pasarela_mayor_a(LogueoDesdeInicioDefinition.java:159)
	at ?.Logueo e Ir a Pasarela "aliada" mayor a "100000"(src/main/resources/features/Pruebas/dev/Compras/PDP/CompraEfectivo.feature:79)

    &amp#27;[32mGiven &amp#27;[0m&amp#27;[32mEstando en Home&amp#27;[0m                                                                 &amp#27;[90m# AgregarArticuloDefinition.estando_en_Home()&amp#27;[0m
    &amp#27;[32mAnd &amp#27;[0m&amp#27;[32mTengo datos a ingresar "&amp#27;[0m&amp#27;[32m&amp#27;[1msrc/test/resources/datadrivenDev/usuarios.xls&amp#27;[0m&amp#27;[32m"&amp#27;[0m            &amp#27;[90m# LogueoDesdeInicioDefinition.Tengo_datos_a_ingresar(String)&amp#27;[0m
    &amp#27;[32mAnd &amp#27;[0m&amp#27;[32mTeniendo articulos a seleccionar "&amp#27;[0m&amp#27;[32m&amp#27;[1msrc/test/resources/datadrivenDev/articulos.csv&amp#27;[0m&amp#27;[32m"&amp#27;[0m &amp#27;[90m# AgregarArticuloDefinition.teniendo_articulos_a_seleccionar(String)&amp#27;[0m
    &amp#27;[32mWhen &amp#27;[0m&amp#27;[32mSelecciona articulos desde PDP&amp#27;[0m                                                   &amp#27;[90m# AgregarArticuloDefinition.selecciona_articulos_desde_PDP()&amp#27;[0m
    &amp#27;[31mAnd &amp#27;[0m&amp#27;[31mLogueo e Ir a Pasarela "&amp#27;[0m&amp#27;[31m&amp#27;[1mnormal&amp#27;[0m&amp#27;[31m"&amp#27;[0m                                                   &amp#27;[90m# LogueoDesdeInicioDefinition.Logueo_e_ir_a_Pasarela(String)&amp#27;[0m
      &amp#27;[31mjava.lang.NullPointerException
	at com.lineadirecta.pacifika.definition.LogueoDesdeInicioDefinition.Logueo_e_ir_a_Pasarela(LogueoDesdeInicioDefinition.java:103)
	at ?.Logueo e Ir a Pasarela "normal"(src/main/resources/features/Pruebas/dev/Compras/PDP/CompraEfectivo.feature:19)
&amp#27;[0m
    &amp#27;[36mAnd &amp#27;[0m&amp#27;[36mSelecciono "&amp#27;[0m&amp#27;[36m&amp#27;[1mefecty&amp#27;[0m&amp#27;[36m"&amp#27;[0m                                                               &amp#27;[90m# CompraEfectivoDefinition.selecciono(String)&amp#27;[0m
    &amp#27;[36mAnd &amp#27;[0m&amp#27;[36mPagar Ahora&amp#27;[0m                                                                       &amp#27;[90m# CompraTCDefinition.pagar_Ahora()&amp#27;[0m
    &amp#27;[36mAnd &amp#27;[0m&amp#27;[36mGuarda orden&amp#27;[0m                                                                      &amp#27;[90m# CompraEfectivoDefinition.guardar_orden()&amp#27;[0m
    &amp#27;[36mThen &amp#27;[0m&amp#27;[36mVerifico Mensaje Pago Final "&amp#27;[0m&amp#27;[36m&amp#27;[1mTu pago est√° en estado Pendiente.&amp#27;[0m&amp#27;[36m"&amp#27;[0m                  &amp#27;[90m# CompraCreditoDefinition.verifico_vensaje_vago_final(String)&amp#27;[0m
]]></system-out>
    <system-err><![CDATA[ago 01, 2018 3:41:48 PM org.openqa.selenium.remote.DesiredCapabilities chrome
INFORMACI√ìN: Using `new ChromeOptions()` is preferred to `DesiredCapabilities.chrome()`
Starting ChromeDriver 2.37.544315 (730aa6a5fdba159ac9f4c1e8cbc59bf1b5ce12b7) on port 31365Only local connections are allowed.log4j:WARN No appenders could be found for logger (org.apache.http.client.protocol.RequestAddCookies).
log4j:WARN Please initialize the log4j system properly.
ago 01, 2018 3:41:51 PM org.openqa.selenium.remote.ProtocolHandshake createSession
INFORMACI√ìN: Detected dialect: OSS
java.lang.IllegalStateException: Cannot get a STRING value from a NUMERIC cell
	at org.apache.poi.hssf.usermodel.HSSFCell.typeMismatch(HSSFCell.java:654)
	at org.apache.poi.hssf.usermodel.HSSFCell.getRichStringCellValue(HSSFCell.java:731)
	at org.apache.poi.hssf.usermodel.HSSFCell.getStringCellValue(HSSFCell.java:714)
	at com.lineadirecta.pacifika.model.DatosLogueoDesdeInicioModel2.LlenarLista(DatosLogueoDesdeInicioModel2.java:77)
	at com.lineadirecta.pacifika.definition.LogueoDesdeInicioDefinition.Tengo_datos_a_ingresar(LogueoDesdeInicioDefinition.java:47)
	at sun.reflect.NativeMethodAccessorImpl.invoke0(Native Method)
	at sun.reflect.NativeMethodAccessorImpl.invoke(NativeMethodAccessorImpl.java:62)
	at sun.reflect.DelegatingMethodAccessorImpl.invoke(DelegatingMethodAccessorImpl.java:43)
	at java.lang.reflect.Method.invoke(Method.java:498)
	at cucumber.runtime.Utils$1.call(Utils.java:32)
	at cucumber.runtime.Timeout.timeout(Timeout.java:16)
	at cucumber.runtime.Utils.invoke(Utils.java:26)
	at cucumber.runtime.java.JavaStepDefinition.execute(JavaStepDefinition.java:37)
	at cucumber.runtime.StepDefinitionMatch.runStep(StepDefinitionMatch.java:40)
	at cucumber.api.TestStep.executeStep(TestStep.java:102)
	at cucumber.api.TestStep.run(TestStep.java:83)
	at cucumber.api.TestCase.run(TestCase.java:58)
	at cucumber.runner.Runner.runPickle(Runner.java:80)
	at cucumber.runtime.junit.PickleRunners$NoStepDescriptions.run(PickleRunners.java:140)
	at cucumber.runtime.junit.FeatureRunner.runChild(FeatureRunner.java:68)
	at cucumber.runtime.junit.FeatureRunner.runChild(FeatureRunner.java:23)
	at org.junit.runners.ParentRunner$3.run(ParentRunner.java:290)
	at org.junit.runners.ParentRunner$1.schedule(ParentRunner.java:71)
	at org.junit.runners.ParentRunner.runChildren(ParentRunner.java:288)
	at org.junit.runners.ParentRunner.access$000(ParentRunner.java:58)
	at org.junit.runners.ParentRunner$2.evaluate(ParentRunner.java:268)
	at org.junit.runners.ParentRunner.run(ParentRunner.java:363)
	at cucumber.runtime.junit.FeatureRunner.run(FeatureRunner.java:73)
	at cucumber.api.junit.Cucumber.runChild(Cucumber.java:117)
	at cucumber.api.junit.Cucumber.runChild(Cucumber.java:55)
	at org.junit.runners.ParentRunner$3.run(ParentRunner.java:290)
	at org.apache.maven.surefire.junitcore.pc.Scheduler$1.run(Scheduler.java:393)
	at org.apache.maven.surefire.junitcore.pc.InvokerStrategy.schedule(InvokerStrategy.java:54)
	at org.apache.maven.surefire.junitcore.pc.Scheduler.schedule(Scheduler.java:352)
	at org.junit.runners.ParentRunner.runChildren(ParentRunner.java:288)
	at org.junit.runners.ParentRunner.access$000(ParentRunner.java:58)
	at org.junit.runners.ParentRunner$2.evaluate(ParentRunner.java:268)
	at cucumber.api.junit.Cucumber$1.evaluate(Cucumber.java:126)
	at org.junit.runners.ParentRunner.run(ParentRunner.java:363)
	at org.junit.runners.Suite.runChild(Suite.java:128)
	at org.junit.runners.Suite.runChild(Suite.java:27)
	at org.junit.runners.ParentRunner$3.run(ParentRunner.java:290)
	at org.apache.maven.surefire.junitcore.pc.Scheduler$1.run(Scheduler.java:393)
	at java.util.concurrent.Executors$RunnableAdapter.call(Executors.java:511)
	at java.util.concurrent.FutureTask.run(FutureTask.java:266)
	at java.util.concurrent.ThreadPoolExecutor.runWorker(ThreadPoolExecutor.java:1142)
	at java.util.concurrent.ThreadPoolExecutor$Worker.run(ThreadPoolExecutor.java:617)
	at java.lang.Thread.run(Thread.java:745)
[pool-1-thread-1] ERROR net.serenitybdd.core.Serenity - 
           __  _____ _____ ____ _____   _____ _    ___ _     _____ ____  
  _       / / |_   _| ____/ ___|_   _| |  ___/ \  |_ _| |   | ____|  _ \ 
 (_)_____| |    | | |  _| \___ \ | |   | |_ / _ \  | || |   |  _| | | | |
  _|_____| |    | | | |___ ___) || |   |  _/ ___ \ | || |___| |___| |_| |
 (_)     | |    |_| |_____|____/ |_|   |_|/_/   \_\___|_____|_____|____/ 
          \_\                                                            

TEST FAILED WITH ERROR: Compra efectivo usuario <usuario> forma <forma>
---------------------------------------------------------------------
[pool-1-thread-1] ERROR net.serenitybdd.core.Serenity - TEST FAILED AT STEP And Logueo e Ir a Pasarela "normal"
[pool-1-thread-1] ERROR net.serenitybdd.core.Serenity - 
]]></system-err>
  </testcase>
  <testcase name="Compra efectivo usuario normal forma baloto" classname="Compras en efectivo" time="153.709">
    <error type="java.lang.NullPointerException">java.lang.NullPointerException
</error>
    <system-out><![CDATA[    &amp#27;[32mGiven &amp#27;[0m&amp#27;[32mEstando en Home&amp#27;[0m                                                                 &amp#27;[90m# AgregarArticuloDefinition.estando_en_Home()&amp#27;[0m
    &amp#27;[32mAnd &amp#27;[0m&amp#27;[32mTengo datos a ingresar "&amp#27;[0m&amp#27;[32m&amp#27;[1msrc/test/resources/datadrivenDev/usuarios.xls&amp#27;[0m&amp#27;[32m"&amp#27;[0m            &amp#27;[90m# LogueoDesdeInicioDefinition.Tengo_datos_a_ingresar(String)&amp#27;[0m
    &amp#27;[32mAnd &amp#27;[0m&amp#27;[32mTeniendo articulos a seleccionar "&amp#27;[0m&amp#27;[32m&amp#27;[1msrc/test/resources/datadrivenDev/articulos.csv&amp#27;[0m&amp#27;[32m"&amp#27;[0m &amp#27;[90m# AgregarArticuloDefinition.teniendo_articulos_a_seleccionar(String)&amp#27;[0m
    &amp#27;[32mWhen &amp#27;[0m&amp#27;[32mSelecciona articulos desde PDP&amp#27;[0m                                                   &amp#27;[90m# AgregarArticuloDefinition.selecciona_articulos_desde_PDP()&amp#27;[0m
    &amp#27;[31mAnd &amp#27;[0m&amp#27;[31mLogueo e Ir a Pasarela "&amp#27;[0m&amp#27;[31m&amp#27;[1mnormal&amp#27;[0m&amp#27;[31m"&amp#27;[0m                                                   &amp#27;[90m# LogueoDesdeInicioDefinition.Logueo_e_ir_a_Pasarela(String)&amp#27;[0m
      &amp#27;[31mjava.lang.NullPointerException
	at com.lineadirecta.pacifika.definition.LogueoDesdeInicioDefinition.Logueo_e_ir_a_Pasarela(LogueoDesdeInicioDefinition.java:103)
	at ?.Logueo e Ir a Pasarela "normal"(src/main/resources/features/Pruebas/dev/Compras/PDP/CompraEfectivo.feature:19)
&amp#27;[0m
    &amp#27;[36mAnd &amp#27;[0m&amp#27;[36mSelecciono "&amp#27;[0m&amp#27;[36m&amp#27;[1mbaloto&amp#27;[0m&amp#27;[36m"&amp#27;[0m                                                               &amp#27;[90m# CompraEfectivoDefinition.selecciono(String)&amp#27;[0m
    &amp#27;[36mAnd &amp#27;[0m&amp#27;[36mPagar Ahora&amp#27;[0m                                                                       &amp#27;[90m# CompraTCDefinition.pagar_Ahora()&amp#27;[0m
    &amp#27;[36mAnd &amp#27;[0m&amp#27;[36mGuarda orden&amp#27;[0m                                                                      &amp#27;[90m# CompraEfectivoDefinition.guardar_orden()&amp#27;[0m
    &amp#27;[36mThen &amp#27;[0m&amp#27;[36mVerifico Mensaje Pago Final "&amp#27;[0m&amp#27;[36m&amp#27;[1mTu pago est√° en estado Pendiente.&amp#27;[0m&amp#27;[36m"&amp#27;[0m                  &amp#27;[90m# CompraCreditoDefinition.verifico_vensaje_vago_final(String)&amp#27;[0m
]]></system-out>
    <system-err><![CDATA[ago 01, 2018 3:43:49 PM org.openqa.selenium.remote.DesiredCapabilities chrome
INFORMACI√ìN: Using `new ChromeOptions()` is preferred to `DesiredCapabilities.chrome()`
ago 01, 2018 3:43:50 PM org.openqa.selenium.remote.ProtocolHandshake createSession
INFORMACI√ìN: Detected dialect: OSS
java.lang.IllegalStateException: Cannot get a STRING value from a NUMERIC cell
	at org.apache.poi.hssf.usermodel.HSSFCell.typeMismatch(HSSFCell.java:654)
	at org.apache.poi.hssf.usermodel.HSSFCell.getRichStringCellValue(HSSFCell.java:731)
	at org.apache.poi.hssf.usermodel.HSSFCell.getStringCellValue(HSSFCell.java:714)
	at com.lineadirecta.pacifika.model.DatosLogueoDesdeInicioModel2.LlenarLista(DatosLogueoDesdeInicioModel2.java:77)
	at com.lineadirecta.pacifika.definition.LogueoDesdeInicioDefinition.Tengo_datos_a_ingresar(LogueoDesdeInicioDefinition.java:47)
	at sun.reflect.NativeMethodAccessorImpl.invoke0(Native Method)
	at sun.reflect.NativeMethodAccessorImpl.invoke(NativeMethodAccessorImpl.java:62)
	at sun.reflect.DelegatingMethodAccessorImpl.invoke(DelegatingMethodAccessorImpl.java:43)
	at java.lang.reflect.Method.invoke(Method.java:498)
	at cucumber.runtime.Utils$1.call(Utils.java:32)
	at cucumber.runtime.Timeout.timeout(Timeout.java:16)
	at cucumber.runtime.Utils.invoke(Utils.java:26)
	at cucumber.runtime.java.JavaStepDefinition.execute(JavaStepDefinition.java:37)
	at cucumber.runtime.StepDefinitionMatch.runStep(StepDefinitionMatch.java:40)
	at cucumber.api.TestStep.executeStep(TestStep.java:102)
	at cucumber.api.TestStep.run(TestStep.java:83)
	at cucumber.api.TestCase.run(TestCase.java:58)
	at cucumber.runner.Runner.runPickle(Runner.java:80)
	at cucumber.runtime.junit.PickleRunners$NoStepDescriptions.run(PickleRunners.java:140)
	at cucumber.runtime.junit.FeatureRunner.runChild(FeatureRunner.java:68)
	at cucumber.runtime.junit.FeatureRunner.runChild(FeatureRunner.java:23)
	at org.junit.runners.ParentRunner$3.run(ParentRunner.java:290)
	at org.junit.runners.ParentRunner$1.schedule(ParentRunner.java:71)
	at org.junit.runners.ParentRunner.runChildren(ParentRunner.java:288)
	at org.junit.runners.ParentRunner.access$000(ParentRunner.java:58)
	at org.junit.runners.ParentRunner$2.evaluate(ParentRunner.java:268)
	at org.junit.runners.ParentRunner.run(ParentRunner.java:363)
	at cucumber.runtime.junit.FeatureRunner.run(FeatureRunner.java:73)
	at cucumber.api.junit.Cucumber.runChild(Cucumber.java:117)
	at cucumber.api.junit.Cucumber.runChild(Cucumber.java:55)
	at org.junit.runners.ParentRunner$3.run(ParentRunner.java:290)
	at org.apache.maven.surefire.junitcore.pc.Scheduler$1.run(Scheduler.java:393)
	at org.apache.maven.surefire.junitcore.pc.InvokerStrategy.schedule(InvokerStrategy.java:54)
	at org.apache.maven.surefire.junitcore.pc.Scheduler.schedule(Scheduler.java:352)
	at org.junit.runners.ParentRunner.runChildren(ParentRunner.java:288)
	at org.junit.runners.ParentRunner.access$000(ParentRunner.java:58)
	at org.junit.runners.ParentRunner$2.evaluate(ParentRunner.java:268)
	at cucumber.api.junit.Cucumber$1.evaluate(Cucumber.java:126)
	at org.junit.runners.ParentRunner.run(ParentRunner.java:363)
	at org.junit.runners.Suite.runChild(Suite.java:128)
	at org.junit.runners.Suite.runChild(Suite.java:27)
	at org.junit.runners.ParentRunner$3.run(ParentRunner.java:290)
	at org.apache.maven.surefire.junitcore.pc.Scheduler$1.run(Scheduler.java:393)
	at java.util.concurrent.Executors$RunnableAdapter.call(Executors.java:511)
	at java.util.concurrent.FutureTask.run(FutureTask.java:266)
	at java.util.concurrent.ThreadPoolExecutor.runWorker(ThreadPoolExecutor.java:1142)
	at java.util.concurrent.ThreadPoolExecutor$Worker.run(ThreadPoolExecutor.java:617)
	at java.lang.Thread.run(Thread.java:745)
[pool-1-thread-1] ERROR net.serenitybdd.core.Serenity - 
           __  _____ _____ ____ _____   _____ _    ___ _     _____ ____  
  _       / / |_   _| ____/ ___|_   _| |  ___/ \  |_ _| |   | ____|  _ \ 
 (_)_____| |    | | |  _| \___ \ | |   | |_ / _ \  | || |   |  _| | | | |
  _|_____| |    | | | |___ ___) || |   |  _/ ___ \ | || |___| |___| |_| |
 (_)     | |    |_| |_____|____/ |_|   |_|/_/   \_\___|_____|_____|____/ 
          \_\                                                            

TEST FAILED WITH ERROR: Compra efectivo usuario <usuario> forma <forma>
---------------------------------------------------------------------
[pool-1-thread-1] ERROR net.serenitybdd.core.Serenity - TEST FAILED AT STEP And Logueo e Ir a Pasarela "normal"
[pool-1-thread-1] ERROR net.serenitybdd.core.Serenity - 
]]></system-err>
  </testcase>
  <testcase name="Compra efectivo usuario aliada forma efecty" classname="Compras en efectivo" time="68.872">
    <error message="The following error occurred: unknown error: Element &lt;img class=&quot;lazy&quot; data-src=&quot;/medias/sys_master/images/images/hcc/heb/8796406644766/P506552-1.jpg&quot; alt=&quot;Blusa Manga Sisa Blanco&quot; title=&quot;Blusa Manga Sisa Blanco&quot; src=&quot;data:image/gif;base64,R0lGODlhAQABAIAAAP///wAAACH5BAEAAAAALAAAAAABAAEAAAICRAEAOw==&quot;&gt; is not clickable at point (885, 404). Other element would receive the click: &lt;div class=&quot;details mt-card-content&quot;&gt;...&lt;/div&gt;&#10;  (Session info: chrome=67.0.3396.99)&#10;  (Driver info: chromedriver=2.37.544315 (730aa6a5fdba159ac9f4c1e8cbc59bf1b5ce12b7),platform=Windows NT 6.1.7601 SP1 x86_64) (WARNING: The server did not provide any stacktrace information)&#10;Command duration or timeout: 0 milliseconds&#10;Build info: version: &apos;3.8.1&apos;, revision: &apos;6e95a6684b&apos;, time: &apos;2017-12-01T18:33:54.468Z&apos;&#10;System info: host: &apos;SP4L8Z362&apos;, ip: &apos;10.7.15.36&apos;, os.name: &apos;Windows 7&apos;, os.arch: &apos;amd64&apos;, os.version: &apos;6.1&apos;, java.version: &apos;1.8.0_121&apos;&#10;Driver info: org.openqa.selenium.remote.RemoteWebDriver&#10;Capabilities {acceptInsecureCerts: false, acceptSslCerts: false, applicationCacheEnabled: false, browserConnectionEnabled: false, browserName: chrome, chrome: {chromedriverVersion: 2.37.544315 (730aa6a5fdba15..., userDataDir: C:\Users\41QS362\AppData\Lo...}, cssSelectorsEnabled: true, databaseEnabled: false, handlesAlerts: true, hasTouchScreen: false, javascriptEnabled: true, locationContextEnabled: true, mobileEmulationEnabled: false, nativeEvents: true, networkConnectionEnabled: false, pageLoadStrategy: normal, platform: XP, platformName: XP, rotatable: false, setWindowRect: true, takesHeapSnapshot: true, takesScreenshot: true, unexpectedAlertBehaviour: , unhandledPromptBehavior: , version: 67.0.3396.99, webStorageEnabled: true}&#10;Session ID: 56a0257b8ff95d08132c25596e065625" type="net.serenitybdd.core.exceptions.SerenityManagedException"><![CDATA[net.serenitybdd.core.exceptions.SerenityManagedException: 
The following error occurred: unknown error: Element <img class="lazy" data-src="/medias/sys_master/images/images/hcc/heb/8796406644766/P506552-1.jpg" alt="Blusa Manga Sisa Blanco" title="Blusa Manga Sisa Blanco" src="data:image/gif;base64,R0lGODlhAQABAIAAAP///wAAACH5BAEAAAAALAAAAAABAAEAAAICRAEAOw=="> is not clickable at point (885, 404). Other element would receive the click: <div class="details mt-card-content">...</div>
  (Session info: chrome=67.0.3396.99)
  (Driver info: chromedriver=2.37.544315 (730aa6a5fdba159ac9f4c1e8cbc59bf1b5ce12b7),platform=Windows NT 6.1.7601 SP1 x86_64) (WARNING: The server did not provide any stacktrace information)
Command duration or timeout: 0 milliseconds
Build info: version: '3.8.1', revision: '6e95a6684b', time: '2017-12-01T18:33:54.468Z'
System info: host: 'SP4L8Z362', ip: '10.7.15.36', os.name: 'Windows 7', os.arch: 'amd64', os.version: '6.1', java.version: '1.8.0_121'
Driver info: org.openqa.selenium.remote.RemoteWebDriver
Capabilities {acceptInsecureCerts: false, acceptSslCerts: false, applicationCacheEnabled: false, browserConnectionEnabled: false, browserName: chrome, chrome: {chromedriverVersion: 2.37.544315 (730aa6a5fdba15..., userDataDir: C:\Users\41QS362\AppData\Lo...}, cssSelectorsEnabled: true, databaseEnabled: false, handlesAlerts: true, hasTouchScreen: false, javascriptEnabled: true, locationContextEnabled: true, mobileEmulationEnabled: false, nativeEvents: true, networkConnectionEnabled: false, pageLoadStrategy: normal, platform: XP, platformName: XP, rotatable: false, setWindowRect: true, takesHeapSnapshot: true, takesScreenshot: true, unexpectedAlertBehaviour: , unhandledPromptBehavior: , version: 67.0.3396.99, webStorageEnabled: true}
Session ID: 56a0257b8ff95d08132c25596e065625
]]></error>
    <system-out><![CDATA[    &amp#27;[32mGiven &amp#27;[0m&amp#27;[32mEstando en Home&amp#27;[0m                                                                 &amp#27;[90m# AgregarArticuloDefinition.estando_en_Home()&amp#27;[0m
    &amp#27;[32mAnd &amp#27;[0m&amp#27;[32mTengo datos a ingresar "&amp#27;[0m&amp#27;[32m&amp#27;[1msrc/test/resources/datadrivenDev/usuarios.xls&amp#27;[0m&amp#27;[32m"&amp#27;[0m            &amp#27;[90m# LogueoDesdeInicioDefinition.Tengo_datos_a_ingresar(String)&amp#27;[0m
    &amp#27;[32mAnd &amp#27;[0m&amp#27;[32mTeniendo articulos a seleccionar "&amp#27;[0m&amp#27;[32m&amp#27;[1msrc/test/resources/datadrivenDev/articulos.csv&amp#27;[0m&amp#27;[32m"&amp#27;[0m &amp#27;[90m# AgregarArticuloDefinition.teniendo_articulos_a_seleccionar(String)&amp#27;[0m
    &amp#27;[31mWhen &amp#27;[0m&amp#27;[31mSelecciona articulos desde PDP&amp#27;[0m                                                   &amp#27;[90m# AgregarArticuloDefinition.selecciona_articulos_desde_PDP()&amp#27;[0m
      &amp#27;[31mnet.serenitybdd.core.exceptions.SerenityManagedException: The following error occurred: unknown error: Element <img class="lazy" data-src="/medias/sys_master/images/images/hcc/heb/8796406644766/P506552-1.jpg" alt="Blusa Manga Sisa Blanco" title="Blusa Manga Sisa Blanco" src="data:image/gif;base64,R0lGODlhAQABAIAAAP///wAAACH5BAEAAAAALAAAAAABAAEAAAICRAEAOw=="> is not clickable at point (885, 404). Other element would receive the click: <div class="details mt-card-content">...</div>
  (Session info: chrome=67.0.3396.99)
  (Driver info: chromedriver=2.37.544315 (730aa6a5fdba159ac9f4c1e8cbc59bf1b5ce12b7),platform=Windows NT 6.1.7601 SP1 x86_64) (WARNING: The server did not provide any stacktrace information)
Command duration or timeout: 0 milliseconds
Build info: version: '3.8.1', revision: '6e95a6684b', time: '2017-12-01T18:33:54.468Z'
System info: host: 'SP4L8Z362', ip: '10.7.15.36', os.name: 'Windows 7', os.arch: 'amd64', os.version: '6.1', java.version: '1.8.0_121'
Driver info: org.openqa.selenium.remote.RemoteWebDriver
Capabilities {acceptInsecureCerts: false, acceptSslCerts: false, applicationCacheEnabled: false, browserConnectionEnabled: false, browserName: chrome, chrome: {chromedriverVersion: 2.37.544315 (730aa6a5fdba15..., userDataDir: C:\Users\41QS362\AppData\Lo...}, cssSelectorsEnabled: true, databaseEnabled: false, handlesAlerts: true, hasTouchScreen: false, javascriptEnabled: true, locationContextEnabled: true, mobileEmulationEnabled: false, nativeEvents: true, networkConnectionEnabled: false, pageLoadStrategy: normal, platform: XP, platformName: XP, rotatable: false, setWindowRect: true, takesHeapSnapshot: true, takesScreenshot: true, unexpectedAlertBehaviour: , unhandledPromptBehavior: , version: 67.0.3396.99, webStorageEnabled: true}
Session ID: 56a0257b8ff95d08132c25596e065625
	at sun.reflect.NativeConstructorAccessorImpl.newInstance0(Native Method)
	at sun.reflect.NativeConstructorAccessorImpl.newInstance(NativeConstructorAccessorImpl.java:62)
	at sun.reflect.DelegatingConstructorAccessorImpl.newInstance(DelegatingConstructorAccessorImpl.java:45)
	at java.lang.reflect.Constructor.newInstance(Constructor.java:423)
	at org.openqa.selenium.remote.ErrorHandler.createThrowable(ErrorHandler.java:214)
	at org.openqa.selenium.remote.ErrorHandler.throwIfResponseFailed(ErrorHandler.java:166)
	at org.openqa.selenium.remote.http.JsonHttpResponseCodec.reconstructValue(JsonHttpResponseCodec.java:40)
	at org.openqa.selenium.remote.http.AbstractHttpResponseCodec.decode(AbstractHttpResponseCodec.java:80)
	at org.openqa.selenium.remote.http.AbstractHttpResponseCodec.decode(AbstractHttpResponseCodec.java:44)
	at org.openqa.selenium.remote.HttpCommandExecutor.execute(HttpCommandExecutor.java:164)
	at org.openqa.selenium.remote.RemoteWebDriver.execute(RemoteWebDriver.java:601)
	at org.openqa.selenium.remote.RemoteWebElement.execute(RemoteWebElement.java:279)
	at org.openqa.selenium.remote.RemoteWebElement.click(RemoteWebElement.java:83)
	at net.serenitybdd.core.pages.WebElementFacadeImpl.click(WebElementFacadeImpl.java:1046)
	at com.lineadirecta.pacifika.pageobjets.BusquedaDeArticulosPorSubcategoriaPage.abrirpaginadeproducto(BusquedaDeArticulosPorSubcategoriaPage.java:140)
	at com.lineadirecta.pacifika.steps.BusquedaDeaArticulosPorSubcategoriaSteps.AbrirPDP(BusquedaDeaArticulosPorSubcategoriaSteps.java:53)
	at com.lineadirecta.pacifika.steps.BusquedaDeaArticulosPorSubcategoriaSteps$$EnhancerByCGLIB$$77f8046.CGLIB$AbrirPDP$8(<generated>)
	at com.lineadirecta.pacifika.steps.BusquedaDeaArticulosPorSubcategoriaSteps$$EnhancerByCGLIB$$77f8046$$FastClassByCGLIB$$42dd1ba0.invoke(<generated>)
	at net.sf.cglib.proxy.MethodProxy.invokeSuper(MethodProxy.java:228)
	at net.thucydides.core.steps.StepInterceptor.invokeMethod(StepInterceptor.java:450)
	at net.thucydides.core.steps.StepInterceptor.executeTestStepMethod(StepInterceptor.java:435)
	at net.thucydides.core.steps.StepInterceptor.runTestStep(StepInterceptor.java:410)
	at net.thucydides.core.steps.StepInterceptor.runOrSkipMethod(StepInterceptor.java:151)
	at net.thucydides.core.steps.StepInterceptor.testStepResult(StepInterceptor.java:138)
	at net.thucydides.core.steps.StepInterceptor.intercept(StepInterceptor.java:69)
	at com.lineadirecta.pacifika.steps.BusquedaDeaArticulosPorSubcategoriaSteps$$EnhancerByCGLIB$$77f8046.AbrirPDP(<generated>)
	at com.lineadirecta.pacifika.definition.AgregarArticuloDefinition.selecciona_articulos_desde_PDP(AgregarArticuloDefinition.java:316)
	at ?.Selecciona articulos desde PDP(src/main/resources/features/Pruebas/dev/Compras/PDP/CompraEfectivo.feature:18)
&amp#27;[0m
    &amp#27;[36mAnd &amp#27;[0m&amp#27;[36mLogueo e Ir a Pasarela "&amp#27;[0m&amp#27;[36m&amp#27;[1maliada&amp#27;[0m&amp#27;[36m"&amp#27;[0m                                                   &amp#27;[90m# LogueoDesdeInicioDefinition.Logueo_e_ir_a_Pasarela(String)&amp#27;[0m
    &amp#27;[36mAnd &amp#27;[0m&amp#27;[36mSelecciono "&amp#27;[0m&amp#27;[36m&amp#27;[1mefecty&amp#27;[0m&amp#27;[36m"&amp#27;[0m                                                               &amp#27;[90m# CompraEfectivoDefinition.selecciono(String)&amp#27;[0m
    &amp#27;[36mAnd &amp#27;[0m&amp#27;[36mPagar Ahora&amp#27;[0m                                                                       &amp#27;[90m# CompraTCDefinition.pagar_Ahora()&amp#27;[0m
    &amp#27;[36mAnd &amp#27;[0m&amp#27;[36mGuarda orden&amp#27;[0m                                                                      &amp#27;[90m# CompraEfectivoDefinition.guardar_orden()&amp#27;[0m
    &amp#27;[36mThen &amp#27;[0m&amp#27;[36mVerifico Mensaje Pago Final "&amp#27;[0m&amp#27;[36m&amp#27;[1mTu pago est√° en estado Pendiente.&amp#27;[0m&amp#27;[36m"&amp#27;[0m                  &amp#27;[90m# CompraCreditoDefinition.verifico_vensaje_vago_final(String)&amp#27;[0m
]]></system-out>
    <system-err><![CDATA[ago 01, 2018 3:46:22 PM org.openqa.selenium.remote.DesiredCapabilities chrome
INFORMACI√ìN: Using `new ChromeOptions()` is preferred to `DesiredCapabilities.chrome()`
ago 01, 2018 3:46:23 PM org.openqa.selenium.remote.ProtocolHandshake createSession
INFORMACI√ìN: Detected dialect: OSS
java.lang.IllegalStateException: Cannot get a STRING value from a NUMERIC cell
	at org.apache.poi.hssf.usermodel.HSSFCell.typeMismatch(HSSFCell.java:654)
	at org.apache.poi.hssf.usermodel.HSSFCell.getRichStringCellValue(HSSFCell.java:731)
	at org.apache.poi.hssf.usermodel.HSSFCell.getStringCellValue(HSSFCell.java:714)
	at com.lineadirecta.pacifika.model.DatosLogueoDesdeInicioModel2.LlenarLista(DatosLogueoDesdeInicioModel2.java:77)
	at com.lineadirecta.pacifika.definition.LogueoDesdeInicioDefinition.Tengo_datos_a_ingresar(LogueoDesdeInicioDefinition.java:47)
	at sun.reflect.NativeMethodAccessorImpl.invoke0(Native Method)
	at sun.reflect.NativeMethodAccessorImpl.invoke(NativeMethodAccessorImpl.java:62)
	at sun.reflect.DelegatingMethodAccessorImpl.invoke(DelegatingMethodAccessorImpl.java:43)
	at java.lang.reflect.Method.invoke(Method.java:498)
	at cucumber.runtime.Utils$1.call(Utils.java:32)
	at cucumber.runtime.Timeout.timeout(Timeout.java:16)
	at cucumber.runtime.Utils.invoke(Utils.java:26)
	at cucumber.runtime.java.JavaStepDefinition.execute(JavaStepDefinition.java:37)
	at cucumber.runtime.StepDefinitionMatch.runStep(StepDefinitionMatch.java:40)
	at cucumber.api.TestStep.executeStep(TestStep.java:102)
	at cucumber.api.TestStep.run(TestStep.java:83)
	at cucumber.api.TestCase.run(TestCase.java:58)
	at cucumber.runner.Runner.runPickle(Runner.java:80)
	at cucumber.runtime.junit.PickleRunners$NoStepDescriptions.run(PickleRunners.java:140)
	at cucumber.runtime.junit.FeatureRunner.runChild(FeatureRunner.java:68)
	at cucumber.runtime.junit.FeatureRunner.runChild(FeatureRunner.java:23)
	at org.junit.runners.ParentRunner$3.run(ParentRunner.java:290)
	at org.junit.runners.ParentRunner$1.schedule(ParentRunner.java:71)
	at org.junit.runners.ParentRunner.runChildren(ParentRunner.java:288)
	at org.junit.runners.ParentRunner.access$000(ParentRunner.java:58)
	at org.junit.runners.ParentRunner$2.evaluate(ParentRunner.java:268)
	at org.junit.runners.ParentRunner.run(ParentRunner.java:363)
	at cucumber.runtime.junit.FeatureRunner.run(FeatureRunner.java:73)
	at cucumber.api.junit.Cucumber.runChild(Cucumber.java:117)
	at cucumber.api.junit.Cucumber.runChild(Cucumber.java:55)
	at org.junit.runners.ParentRunner$3.run(ParentRunner.java:290)
	at org.apache.maven.surefire.junitcore.pc.Scheduler$1.run(Scheduler.java:393)
	at org.apache.maven.surefire.junitcore.pc.InvokerStrategy.schedule(InvokerStrategy.java:54)
	at org.apache.maven.surefire.junitcore.pc.Scheduler.schedule(Scheduler.java:352)
	at org.junit.runners.ParentRunner.runChildren(ParentRunner.java:288)
	at org.junit.runners.ParentRunner.access$000(ParentRunner.java:58)
	at org.junit.runners.ParentRunner$2.evaluate(ParentRunner.java:268)
	at cucumber.api.junit.Cucumber$1.evaluate(Cucumber.java:126)
	at org.junit.runners.ParentRunner.run(ParentRunner.java:363)
	at org.junit.runners.Suite.runChild(Suite.java:128)
	at org.junit.runners.Suite.runChild(Suite.java:27)
	at org.junit.runners.ParentRunner$3.run(ParentRunner.java:290)
	at org.apache.maven.surefire.junitcore.pc.Scheduler$1.run(Scheduler.java:393)
	at java.util.concurrent.Executors$RunnableAdapter.call(Executors.java:511)
	at java.util.concurrent.FutureTask.run(FutureTask.java:266)
	at java.util.concurrent.ThreadPoolExecutor.runWorker(ThreadPoolExecutor.java:1142)
	at java.util.concurrent.ThreadPoolExecutor$Worker.run(ThreadPoolExecutor.java:617)
	at java.lang.Thread.run(Thread.java:745)
[pool-1-thread-1] ERROR net.serenitybdd.core.Serenity - 
           __  _____ _____ ____ _____   _____ _    ___ _     _____ ____  
  _       / / |_   _| ____/ ___|_   _| |  ___/ \  |_ _| |   | ____|  _ \ 
 (_)_____| |    | | |  _| \___ \ | |   | |_ / _ \  | || |   |  _| | | | |
  _|_____| |    | | | |___ ___) || |   |  _/ ___ \ | || |___| |___| |_| |
 (_)     | |    |_| |_____|____/ |_|   |_|/_/   \_\___|_____|_____|____/ 
          \_\                                                            

TEST FAILED WITH ERROR: Compra efectivo usuario <usuario> forma <forma>
---------------------------------------------------------------------
[pool-1-thread-1] ERROR net.serenitybdd.core.Serenity - TEST FAILED AT STEP Abrir PDP: 2
[pool-1-thread-1] ERROR net.serenitybdd.core.Serenity - 
]]></system-err>
  </testcase>
  <testcase name="Compra efectivo usuario aliada forma baloto" classname="Compras en efectivo" time="114.97">
    <error type="java.lang.NullPointerException">java.lang.NullPointerException
</error>
    <system-out><![CDATA[    &amp#27;[32mGiven &amp#27;[0m&amp#27;[32mEstando en Home&amp#27;[0m                                                                 &amp#27;[90m# AgregarArticuloDefinition.estando_en_Home()&amp#27;[0m
    &amp#27;[32mAnd &amp#27;[0m&amp#27;[32mTengo datos a ingresar "&amp#27;[0m&amp#27;[32m&amp#27;[1msrc/test/resources/datadrivenDev/usuarios.xls&amp#27;[0m&amp#27;[32m"&amp#27;[0m            &amp#27;[90m# LogueoDesdeInicioDefinition.Tengo_datos_a_ingresar(String)&amp#27;[0m
    &amp#27;[32mAnd &amp#27;[0m&amp#27;[32mTeniendo articulos a seleccionar "&amp#27;[0m&amp#27;[32m&amp#27;[1msrc/test/resources/datadrivenDev/articulos.csv&amp#27;[0m&amp#27;[32m"&amp#27;[0m &amp#27;[90m# AgregarArticuloDefinition.teniendo_articulos_a_seleccionar(String)&amp#27;[0m
    &amp#27;[32mWhen &amp#27;[0m&amp#27;[32mSelecciona articulos desde PDP&amp#27;[0m                                                   &amp#27;[90m# AgregarArticuloDefinition.selecciona_articulos_desde_PDP()&amp#27;[0m
    &amp#27;[31mAnd &amp#27;[0m&amp#27;[31mLogueo e Ir a Pasarela "&amp#27;[0m&amp#27;[31m&amp#27;[1maliada&amp#27;[0m&amp#27;[31m"&amp#27;[0m                                                   &amp#27;[90m# LogueoDesdeInicioDefinition.Logueo_e_ir_a_Pasarela(String)&amp#27;[0m
      &amp#27;[31mjava.lang.NullPointerException
	at com.lineadirecta.pacifika.definition.LogueoDesdeInicioDefinition.Logueo_e_ir_a_Pasarela(LogueoDesdeInicioDefinition.java:103)
	at ?.Logueo e Ir a Pasarela "aliada"(src/main/resources/features/Pruebas/dev/Compras/PDP/CompraEfectivo.feature:19)
&amp#27;[0m
    &amp#27;[36mAnd &amp#27;[0m&amp#27;[36mSelecciono "&amp#27;[0m&amp#27;[36m&amp#27;[1mbaloto&amp#27;[0m&amp#27;[36m"&amp#27;[0m                                                               &amp#27;[90m# CompraEfectivoDefinition.selecciono(String)&amp#27;[0m
    &amp#27;[36mAnd &amp#27;[0m&amp#27;[36mPagar Ahora&amp#27;[0m                                                                       &amp#27;[90m# CompraTCDefinition.pagar_Ahora()&amp#27;[0m
    &amp#27;[36mAnd &amp#27;[0m&amp#27;[36mGuarda orden&amp#27;[0m                                                                      &amp#27;[90m# CompraEfectivoDefinition.guardar_orden()&amp#27;[0m
    &amp#27;[36mThen &amp#27;[0m&amp#27;[36mVerifico Mensaje Pago Final "&amp#27;[0m&amp#27;[36m&amp#27;[1mTu pago est√° en estado Pendiente.&amp#27;[0m&amp#27;[36m"&amp#27;[0m                  &amp#27;[90m# CompraCreditoDefinition.verifico_vensaje_vago_final(String)&amp#27;[0m
]]></system-out>
    <system-err><![CDATA[ago 01, 2018 3:47:31 PM org.openqa.selenium.remote.DesiredCapabilities chrome
INFORMACI√ìN: Using `new ChromeOptions()` is preferred to `DesiredCapabilities.chrome()`
ago 01, 2018 3:47:32 PM org.openqa.selenium.remote.ProtocolHandshake createSession
INFORMACI√ìN: Detected dialect: OSS
java.lang.IllegalStateException: Cannot get a STRING value from a NUMERIC cell
	at org.apache.poi.hssf.usermodel.HSSFCell.typeMismatch(HSSFCell.java:654)
	at org.apache.poi.hssf.usermodel.HSSFCell.getRichStringCellValue(HSSFCell.java:731)
	at org.apache.poi.hssf.usermodel.HSSFCell.getStringCellValue(HSSFCell.java:714)
	at com.lineadirecta.pacifika.model.DatosLogueoDesdeInicioModel2.LlenarLista(DatosLogueoDesdeInicioModel2.java:77)
	at com.lineadirecta.pacifika.definition.LogueoDesdeInicioDefinition.Tengo_datos_a_ingresar(LogueoDesdeInicioDefinition.java:47)
	at sun.reflect.NativeMethodAccessorImpl.invoke0(Native Method)
	at sun.reflect.NativeMethodAccessorImpl.invoke(NativeMethodAccessorImpl.java:62)
	at sun.reflect.DelegatingMethodAccessorImpl.invoke(DelegatingMethodAccessorImpl.java:43)
	at java.lang.reflect.Method.invoke(Method.java:498)
	at cucumber.runtime.Utils$1.call(Utils.java:32)
	at cucumber.runtime.Timeout.timeout(Timeout.java:16)
	at cucumber.runtime.Utils.invoke(Utils.java:26)
	at cucumber.runtime.java.JavaStepDefinition.execute(JavaStepDefinition.java:37)
	at cucumber.runtime.StepDefinitionMatch.runStep(StepDefinitionMatch.java:40)
	at cucumber.api.TestStep.executeStep(TestStep.java:102)
	at cucumber.api.TestStep.run(TestStep.java:83)
	at cucumber.api.TestCase.run(TestCase.java:58)
	at cucumber.runner.Runner.runPickle(Runner.java:80)
	at cucumber.runtime.junit.PickleRunners$NoStepDescriptions.run(PickleRunners.java:140)
	at cucumber.runtime.junit.FeatureRunner.runChild(FeatureRunner.java:68)
	at cucumber.runtime.junit.FeatureRunner.runChild(FeatureRunner.java:23)
	at org.junit.runners.ParentRunner$3.run(ParentRunner.java:290)
	at org.junit.runners.ParentRunner$1.schedule(ParentRunner.java:71)
	at org.junit.runners.ParentRunner.runChildren(ParentRunner.java:288)
	at org.junit.runners.ParentRunner.access$000(ParentRunner.java:58)
	at org.junit.runners.ParentRunner$2.evaluate(ParentRunner.java:268)
	at org.junit.runners.ParentRunner.run(ParentRunner.java:363)
	at cucumber.runtime.junit.FeatureRunner.run(FeatureRunner.java:73)
	at cucumber.api.junit.Cucumber.runChild(Cucumber.java:117)
	at cucumber.api.junit.Cucumber.runChild(Cucumber.java:55)
	at org.junit.runners.ParentRunner$3.run(ParentRunner.java:290)
	at org.apache.maven.surefire.junitcore.pc.Scheduler$1.run(Scheduler.java:393)
	at org.apache.maven.surefire.junitcore.pc.InvokerStrategy.schedule(InvokerStrategy.java:54)
	at org.apache.maven.surefire.junitcore.pc.Scheduler.schedule(Scheduler.java:352)
	at org.junit.runners.ParentRunner.runChildren(ParentRunner.java:288)
	at org.junit.runners.ParentRunner.access$000(ParentRunner.java:58)
	at org.junit.runners.ParentRunner$2.evaluate(ParentRunner.java:268)
	at cucumber.api.junit.Cucumber$1.evaluate(Cucumber.java:126)
	at org.junit.runners.ParentRunner.run(ParentRunner.java:363)
	at org.junit.runners.Suite.runChild(Suite.java:128)
	at org.junit.runners.Suite.runChild(Suite.java:27)
	at org.junit.runners.ParentRunner$3.run(ParentRunner.java:290)
	at org.apache.maven.surefire.junitcore.pc.Scheduler$1.run(Scheduler.java:393)
	at java.util.concurrent.Executors$RunnableAdapter.call(Executors.java:511)
	at java.util.concurrent.FutureTask.run(FutureTask.java:266)
	at java.util.concurrent.ThreadPoolExecutor.runWorker(ThreadPoolExecutor.java:1142)
	at java.util.concurrent.ThreadPoolExecutor$Worker.run(ThreadPoolExecutor.java:617)
	at java.lang.Thread.run(Thread.java:745)
[pool-1-thread-1] ERROR net.serenitybdd.core.Serenity - 
           __  _____ _____ ____ _____   _____ _    ___ _     _____ ____  
  _       / / |_   _| ____/ ___|_   _| |  ___/ \  |_ _| |   | ____|  _ \ 
 (_)_____| |    | | |  _| \___ \ | |   | |_ / _ \  | || |   |  _| | | | |
  _|_____| |    | | | |___ ___) || |   |  _/ ___ \ | || |___| |___| |_| |
 (_)     | |    |_| |_____|____/ |_|   |_|/_/   \_\___|_____|_____|____/ 
          \_\                                                            

TEST FAILED WITH ERROR: Compra efectivo usuario <usuario> forma <forma>
---------------------------------------------------------------------
[pool-1-thread-1] ERROR net.serenitybdd.core.Serenity - TEST FAILED AT STEP And Logueo e Ir a Pasarela "aliada"
[pool-1-thread-1] ERROR net.serenitybdd.core.Serenity - 
]]></system-err>
  </testcase>
  <testcase name="Compra efectivo usuario normaln forma efecty" classname="Compras en efectivo" time="128.529">
    <error type="java.lang.NullPointerException">java.lang.NullPointerException
</error>
    <system-out><![CDATA[    &amp#27;[32mGiven &amp#27;[0m&amp#27;[32mEstando en Home&amp#27;[0m                                                                 &amp#27;[90m# AgregarArticuloDefinition.estando_en_Home()&amp#27;[0m
    &amp#27;[32mAnd &amp#27;[0m&amp#27;[32mTengo datos a ingresar "&amp#27;[0m&amp#27;[32m&amp#27;[1msrc/test/resources/datadrivenDev/usuarios.xls&amp#27;[0m&amp#27;[32m"&amp#27;[0m            &amp#27;[90m# LogueoDesdeInicioDefinition.Tengo_datos_a_ingresar(String)&amp#27;[0m
    &amp#27;[32mAnd &amp#27;[0m&amp#27;[32mTeniendo articulos a seleccionar "&amp#27;[0m&amp#27;[32m&amp#27;[1msrc/test/resources/datadrivenDev/articulos.csv&amp#27;[0m&amp#27;[32m"&amp#27;[0m &amp#27;[90m# AgregarArticuloDefinition.teniendo_articulos_a_seleccionar(String)&amp#27;[0m
    &amp#27;[32mWhen &amp#27;[0m&amp#27;[32mSelecciona articulos desde PDP&amp#27;[0m                                                   &amp#27;[90m# AgregarArticuloDefinition.selecciona_articulos_desde_PDP()&amp#27;[0m
    &amp#27;[31mAnd &amp#27;[0m&amp#27;[31mLogueo e Ir a Pasarela "&amp#27;[0m&amp#27;[31m&amp#27;[1mnormaln&amp#27;[0m&amp#27;[31m"&amp#27;[0m                                                  &amp#27;[90m# LogueoDesdeInicioDefinition.Logueo_e_ir_a_Pasarela(String)&amp#27;[0m
      &amp#27;[31mjava.lang.NullPointerException
	at com.lineadirecta.pacifika.definition.LogueoDesdeInicioDefinition.Logueo_e_ir_a_Pasarela(LogueoDesdeInicioDefinition.java:103)
	at ?.Logueo e Ir a Pasarela "normaln"(src/main/resources/features/Pruebas/dev/Compras/PDP/CompraEfectivo.feature:19)
&amp#27;[0m
    &amp#27;[36mAnd &amp#27;[0m&amp#27;[36mSelecciono "&amp#27;[0m&amp#27;[36m&amp#27;[1mefecty&amp#27;[0m&amp#27;[36m"&amp#27;[0m                                                               &amp#27;[90m# CompraEfectivoDefinition.selecciono(String)&amp#27;[0m
    &amp#27;[36mAnd &amp#27;[0m&amp#27;[36mPagar Ahora&amp#27;[0m                                                                       &amp#27;[90m# CompraTCDefinition.pagar_Ahora()&amp#27;[0m
    &amp#27;[36mAnd &amp#27;[0m&amp#27;[36mGuarda orden&amp#27;[0m                                                                      &amp#27;[90m# CompraEfectivoDefinition.guardar_orden()&amp#27;[0m
    &amp#27;[36mThen &amp#27;[0m&amp#27;[36mVerifico Mensaje Pago Final "&amp#27;[0m&amp#27;[36m&amp#27;[1mTu pago est√° en estado Pendiente.&amp#27;[0m&amp#27;[36m"&amp#27;[0m                  &amp#27;[90m# CompraCreditoDefinition.verifico_vensaje_vago_final(String)&amp#27;[0m
]]></system-out>
    <system-err><![CDATA[ago 01, 2018 3:49:26 PM org.openqa.selenium.remote.DesiredCapabilities chrome
INFORMACI√ìN: Using `new ChromeOptions()` is preferred to `DesiredCapabilities.chrome()`
ago 01, 2018 3:49:27 PM org.openqa.selenium.remote.ProtocolHandshake createSession
INFORMACI√ìN: Detected dialect: OSS
java.lang.IllegalStateException: Cannot get a STRING value from a NUMERIC cell
	at org.apache.poi.hssf.usermodel.HSSFCell.typeMismatch(HSSFCell.java:654)
	at org.apache.poi.hssf.usermodel.HSSFCell.getRichStringCellValue(HSSFCell.java:731)
	at org.apache.poi.hssf.usermodel.HSSFCell.getStringCellValue(HSSFCell.java:714)
	at com.lineadirecta.pacifika.model.DatosLogueoDesdeInicioModel2.LlenarLista(DatosLogueoDesdeInicioModel2.java:77)
	at com.lineadirecta.pacifika.definition.LogueoDesdeInicioDefinition.Tengo_datos_a_ingresar(LogueoDesdeInicioDefinition.java:47)
	at sun.reflect.NativeMethodAccessorImpl.invoke0(Native Method)
	at sun.reflect.NativeMethodAccessorImpl.invoke(NativeMethodAccessorImpl.java:62)
	at sun.reflect.DelegatingMethodAccessorImpl.invoke(DelegatingMethodAccessorImpl.java:43)
	at java.lang.reflect.Method.invoke(Method.java:498)
	at cucumber.runtime.Utils$1.call(Utils.java:32)
	at cucumber.runtime.Timeout.timeout(Timeout.java:16)
	at cucumber.runtime.Utils.invoke(Utils.java:26)
	at cucumber.runtime.java.JavaStepDefinition.execute(JavaStepDefinition.java:37)
	at cucumber.runtime.StepDefinitionMatch.runStep(StepDefinitionMatch.java:40)
	at cucumber.api.TestStep.executeStep(TestStep.java:102)
	at cucumber.api.TestStep.run(TestStep.java:83)
	at cucumber.api.TestCase.run(TestCase.java:58)
	at cucumber.runner.Runner.runPickle(Runner.java:80)
	at cucumber.runtime.junit.PickleRunners$NoStepDescriptions.run(PickleRunners.java:140)
	at cucumber.runtime.junit.FeatureRunner.runChild(FeatureRunner.java:68)
	at cucumber.runtime.junit.FeatureRunner.runChild(FeatureRunner.java:23)
	at org.junit.runners.ParentRunner$3.run(ParentRunner.java:290)
	at org.junit.runners.ParentRunner$1.schedule(ParentRunner.java:71)
	at org.junit.runners.ParentRunner.runChildren(ParentRunner.java:288)
	at org.junit.runners.ParentRunner.access$000(ParentRunner.java:58)
	at org.junit.runners.ParentRunner$2.evaluate(ParentRunner.java:268)
	at org.junit.runners.ParentRunner.run(ParentRunner.java:363)
	at cucumber.runtime.junit.FeatureRunner.run(FeatureRunner.java:73)
	at cucumber.api.junit.Cucumber.runChild(Cucumber.java:117)
	at cucumber.api.junit.Cucumber.runChild(Cucumber.java:55)
	at org.junit.runners.ParentRunner$3.run(ParentRunner.java:290)
	at org.apache.maven.surefire.junitcore.pc.Scheduler$1.run(Scheduler.java:393)
	at org.apache.maven.surefire.junitcore.pc.InvokerStrategy.schedule(InvokerStrategy.java:54)
	at org.apache.maven.surefire.junitcore.pc.Scheduler.schedule(Scheduler.java:352)
	at org.junit.runners.ParentRunner.runChildren(ParentRunner.java:288)
	at org.junit.runners.ParentRunner.access$000(ParentRunner.java:58)
	at org.junit.runners.ParentRunner$2.evaluate(ParentRunner.java:268)
	at cucumber.api.junit.Cucumber$1.evaluate(Cucumber.java:126)
	at org.junit.runners.ParentRunner.run(ParentRunner.java:363)
	at org.junit.runners.Suite.runChild(Suite.java:128)
	at org.junit.runners.Suite.runChild(Suite.java:27)
	at org.junit.runners.ParentRunner$3.run(ParentRunner.java:290)
	at org.apache.maven.surefire.junitcore.pc.Scheduler$1.run(Scheduler.java:393)
	at java.util.concurrent.Executors$RunnableAdapter.call(Executors.java:511)
	at java.util.concurrent.FutureTask.run(FutureTask.java:266)
	at java.util.concurrent.ThreadPoolExecutor.runWorker(ThreadPoolExecutor.java:1142)
	at java.util.concurrent.ThreadPoolExecutor$Worker.run(ThreadPoolExecutor.java:617)
	at java.lang.Thread.run(Thread.java:745)
[pool-1-thread-1] ERROR net.serenitybdd.core.Serenity - 
           __  _____ _____ ____ _____   _____ _    ___ _     _____ ____  
  _       / / |_   _| ____/ ___|_   _| |  ___/ \  |_ _| |   | ____|  _ \ 
 (_)_____| |    | | |  _| \___ \ | |   | |_ / _ \  | || |   |  _| | | | |
  _|_____| |    | | | |___ ___) || |   |  _/ ___ \ | || |___| |___| |_| |
 (_)     | |    |_| |_____|____/ |_|   |_|/_/   \_\___|_____|_____|____/ 
          \_\                                                            

TEST FAILED WITH ERROR: Compra efectivo usuario <usuario> forma <forma>
---------------------------------------------------------------------
[pool-1-thread-1] ERROR net.serenitybdd.core.Serenity - TEST FAILED AT STEP And Logueo e Ir a Pasarela "normaln"
[pool-1-thread-1] ERROR net.serenitybdd.core.Serenity - 
]]></system-err>
  </testcase>
  <testcase name="Compra efectivo usuario normaln forma baloto" classname="Compras en efectivo" time="116.249">
    <error type="java.lang.NullPointerException">java.lang.NullPointerException
</error>
    <system-out><![CDATA[    &amp#27;[32mGiven &amp#27;[0m&amp#27;[32mEstando en Home&amp#27;[0m                                                                 &amp#27;[90m# AgregarArticuloDefinition.estando_en_Home()&amp#27;[0m
    &amp#27;[32mAnd &amp#27;[0m&amp#27;[32mTengo datos a ingresar "&amp#27;[0m&amp#27;[32m&amp#27;[1msrc/test/resources/datadrivenDev/usuarios.xls&amp#27;[0m&amp#27;[32m"&amp#27;[0m            &amp#27;[90m# LogueoDesdeInicioDefinition.Tengo_datos_a_ingresar(String)&amp#27;[0m
    &amp#27;[32mAnd &amp#27;[0m&amp#27;[32mTeniendo articulos a seleccionar "&amp#27;[0m&amp#27;[32m&amp#27;[1msrc/test/resources/datadrivenDev/articulos.csv&amp#27;[0m&amp#27;[32m"&amp#27;[0m &amp#27;[90m# AgregarArticuloDefinition.teniendo_articulos_a_seleccionar(String)&amp#27;[0m
    &amp#27;[32mWhen &amp#27;[0m&amp#27;[32mSelecciona articulos desde PDP&amp#27;[0m                                                   &amp#27;[90m# AgregarArticuloDefinition.selecciona_articulos_desde_PDP()&amp#27;[0m
    &amp#27;[31mAnd &amp#27;[0m&amp#27;[31mLogueo e Ir a Pasarela "&amp#27;[0m&amp#27;[31m&amp#27;[1mnormaln&amp#27;[0m&amp#27;[31m"&amp#27;[0m                                                  &amp#27;[90m# LogueoDesdeInicioDefinition.Logueo_e_ir_a_Pasarela(String)&amp#27;[0m
      &amp#27;[31mjava.lang.NullPointerException
	at com.lineadirecta.pacifika.definition.LogueoDesdeInicioDefinition.Logueo_e_ir_a_Pasarela(LogueoDesdeInicioDefinition.java:103)
	at ?.Logueo e Ir a Pasarela "normaln"(src/main/resources/features/Pruebas/dev/Compras/PDP/CompraEfectivo.feature:19)
&amp#27;[0m
    &amp#27;[36mAnd &amp#27;[0m&amp#27;[36mSelecciono "&amp#27;[0m&amp#27;[36m&amp#27;[1mbaloto&amp#27;[0m&amp#27;[36m"&amp#27;[0m                                                               &amp#27;[90m# CompraEfectivoDefinition.selecciono(String)&amp#27;[0m
    &amp#27;[36mAnd &amp#27;[0m&amp#27;[36mPagar Ahora&amp#27;[0m                                                                       &amp#27;[90m# CompraTCDefinition.pagar_Ahora()&amp#27;[0m
    &amp#27;[36mAnd &amp#27;[0m&amp#27;[36mGuarda orden&amp#27;[0m                                                                      &amp#27;[90m# CompraEfectivoDefinition.guardar_orden()&amp#27;[0m
    &amp#27;[36mThen &amp#27;[0m&amp#27;[36mVerifico Mensaje Pago Final "&amp#27;[0m&amp#27;[36m&amp#27;[1mTu pago est√° en estado Pendiente.&amp#27;[0m&amp#27;[36m"&amp#27;[0m                  &amp#27;[90m# CompraCreditoDefinition.verifico_vensaje_vago_final(String)&amp#27;[0m
]]></system-out>
    <system-err><![CDATA[ago 01, 2018 3:51:35 PM org.openqa.selenium.remote.DesiredCapabilities chrome
INFORMACI√ìN: Using `new ChromeOptions()` is preferred to `DesiredCapabilities.chrome()`
ago 01, 2018 3:51:36 PM org.openqa.selenium.remote.ProtocolHandshake createSession
INFORMACI√ìN: Detected dialect: OSS
java.lang.IllegalStateException: Cannot get a STRING value from a NUMERIC cell
	at org.apache.poi.hssf.usermodel.HSSFCell.typeMismatch(HSSFCell.java:654)
	at org.apache.poi.hssf.usermodel.HSSFCell.getRichStringCellValue(HSSFCell.java:731)
	at org.apache.poi.hssf.usermodel.HSSFCell.getStringCellValue(HSSFCell.java:714)
	at com.lineadirecta.pacifika.model.DatosLogueoDesdeInicioModel2.LlenarLista(DatosLogueoDesdeInicioModel2.java:77)
	at com.lineadirecta.pacifika.definition.LogueoDesdeInicioDefinition.Tengo_datos_a_ingresar(LogueoDesdeInicioDefinition.java:47)
	at sun.reflect.NativeMethodAccessorImpl.invoke0(Native Method)
	at sun.reflect.NativeMethodAccessorImpl.invoke(NativeMethodAccessorImpl.java:62)
	at sun.reflect.DelegatingMethodAccessorImpl.invoke(DelegatingMethodAccessorImpl.java:43)
	at java.lang.reflect.Method.invoke(Method.java:498)
	at cucumber.runtime.Utils$1.call(Utils.java:32)
	at cucumber.runtime.Timeout.timeout(Timeout.java:16)
	at cucumber.runtime.Utils.invoke(Utils.java:26)
	at cucumber.runtime.java.JavaStepDefinition.execute(JavaStepDefinition.java:37)
	at cucumber.runtime.StepDefinitionMatch.runStep(StepDefinitionMatch.java:40)
	at cucumber.api.TestStep.executeStep(TestStep.java:102)
	at cucumber.api.TestStep.run(TestStep.java:83)
	at cucumber.api.TestCase.run(TestCase.java:58)
	at cucumber.runner.Runner.runPickle(Runner.java:80)
	at cucumber.runtime.junit.PickleRunners$NoStepDescriptions.run(PickleRunners.java:140)
	at cucumber.runtime.junit.FeatureRunner.runChild(FeatureRunner.java:68)
	at cucumber.runtime.junit.FeatureRunner.runChild(FeatureRunner.java:23)
	at org.junit.runners.ParentRunner$3.run(ParentRunner.java:290)
	at org.junit.runners.ParentRunner$1.schedule(ParentRunner.java:71)
	at org.junit.runners.ParentRunner.runChildren(ParentRunner.java:288)
	at org.junit.runners.ParentRunner.access$000(ParentRunner.java:58)
	at org.junit.runners.ParentRunner$2.evaluate(ParentRunner.java:268)
	at org.junit.runners.ParentRunner.run(ParentRunner.java:363)
	at cucumber.runtime.junit.FeatureRunner.run(FeatureRunner.java:73)
	at cucumber.api.junit.Cucumber.runChild(Cucumber.java:117)
	at cucumber.api.junit.Cucumber.runChild(Cucumber.java:55)
	at org.junit.runners.ParentRunner$3.run(ParentRunner.java:290)
	at org.apache.maven.surefire.junitcore.pc.Scheduler$1.run(Scheduler.java:393)
	at org.apache.maven.surefire.junitcore.pc.InvokerStrategy.schedule(InvokerStrategy.java:54)
	at org.apache.maven.surefire.junitcore.pc.Scheduler.schedule(Scheduler.java:352)
	at org.junit.runners.ParentRunner.runChildren(ParentRunner.java:288)
	at org.junit.runners.ParentRunner.access$000(ParentRunner.java:58)
	at org.junit.runners.ParentRunner$2.evaluate(ParentRunner.java:268)
	at cucumber.api.junit.Cucumber$1.evaluate(Cucumber.java:126)
	at org.junit.runners.ParentRunner.run(ParentRunner.java:363)
	at org.junit.runners.Suite.runChild(Suite.java:128)
	at org.junit.runners.Suite.runChild(Suite.java:27)
	at org.junit.runners.ParentRunner$3.run(ParentRunner.java:290)
	at org.apache.maven.surefire.junitcore.pc.Scheduler$1.run(Scheduler.java:393)
	at java.util.concurrent.Executors$RunnableAdapter.call(Executors.java:511)
	at java.util.concurrent.FutureTask.run(FutureTask.java:266)
	at java.util.concurrent.ThreadPoolExecutor.runWorker(ThreadPoolExecutor.java:1142)
	at java.util.concurrent.ThreadPoolExecutor$Worker.run(ThreadPoolExecutor.java:617)
	at java.lang.Thread.run(Thread.java:745)
[pool-1-thread-1] ERROR net.serenitybdd.core.Serenity - 
           __  _____ _____ ____ _____   _____ _    ___ _     _____ ____  
  _       / / |_   _| ____/ ___|_   _| |  ___/ \  |_ _| |   | ____|  _ \ 
 (_)_____| |    | | |  _| \___ \ | |   | |_ / _ \  | || |   |  _| | | | |
  _|_____| |    | | | |___ ___) || |   |  _/ ___ \ | || |___| |___| |_| |
 (_)     | |    |_| |_____|____/ |_|   |_|/_/   \_\___|_____|_____|____/ 
          \_\                                                            

TEST FAILED WITH ERROR: Compra efectivo usuario <usuario> forma <forma>
---------------------------------------------------------------------
[pool-1-thread-1] ERROR net.serenitybdd.core.Serenity - TEST FAILED AT STEP And Logueo e Ir a Pasarela "normaln"
[pool-1-thread-1] ERROR net.serenitybdd.core.Serenity - 
]]></system-err>
  </testcase>
  <testcase name="Compra efectivo usuario aliadan forma efecty" classname="Compras en efectivo" time="112.285">
    <error type="java.lang.NullPointerException">java.lang.NullPointerException
</error>
    <system-out><![CDATA[    &amp#27;[32mGiven &amp#27;[0m&amp#27;[32mEstando en Home&amp#27;[0m                                                                 &amp#27;[90m# AgregarArticuloDefinition.estando_en_Home()&amp#27;[0m
    &amp#27;[32mAnd &amp#27;[0m&amp#27;[32mTengo datos a ingresar "&amp#27;[0m&amp#27;[32m&amp#27;[1msrc/test/resources/datadrivenDev/usuarios.xls&amp#27;[0m&amp#27;[32m"&amp#27;[0m            &amp#27;[90m# LogueoDesdeInicioDefinition.Tengo_datos_a_ingresar(String)&amp#27;[0m
    &amp#27;[32mAnd &amp#27;[0m&amp#27;[32mTeniendo articulos a seleccionar "&amp#27;[0m&amp#27;[32m&amp#27;[1msrc/test/resources/datadrivenDev/articulos.csv&amp#27;[0m&amp#27;[32m"&amp#27;[0m &amp#27;[90m# AgregarArticuloDefinition.teniendo_articulos_a_seleccionar(String)&amp#27;[0m
    &amp#27;[32mWhen &amp#27;[0m&amp#27;[32mSelecciona articulos desde PDP&amp#27;[0m                                                   &amp#27;[90m# AgregarArticuloDefinition.selecciona_articulos_desde_PDP()&amp#27;[0m
    &amp#27;[31mAnd &amp#27;[0m&amp#27;[31mLogueo e Ir a Pasarela "&amp#27;[0m&amp#27;[31m&amp#27;[1maliadan&amp#27;[0m&amp#27;[31m"&amp#27;[0m                                                  &amp#27;[90m# LogueoDesdeInicioDefinition.Logueo_e_ir_a_Pasarela(String)&amp#27;[0m
      &amp#27;[31mjava.lang.NullPointerException
	at com.lineadirecta.pacifika.definition.LogueoDesdeInicioDefinition.Logueo_e_ir_a_Pasarela(LogueoDesdeInicioDefinition.java:103)
	at ?.Logueo e Ir a Pasarela "aliadan"(src/main/resources/features/Pruebas/dev/Compras/PDP/CompraEfectivo.feature:19)
&amp#27;[0m
    &amp#27;[36mAnd &amp#27;[0m&amp#27;[36mSelecciono "&amp#27;[0m&amp#27;[36m&amp#27;[1mefecty&amp#27;[0m&amp#27;[36m"&amp#27;[0m                                                               &amp#27;[90m# CompraEfectivoDefinition.selecciono(String)&amp#27;[0m
    &amp#27;[36mAnd &amp#27;[0m&amp#27;[36mPagar Ahora&amp#27;[0m                                                                       &amp#27;[90m# CompraTCDefinition.pagar_Ahora()&amp#27;[0m
    &amp#27;[36mAnd &amp#27;[0m&amp#27;[36mGuarda orden&amp#27;[0m                                                                      &amp#27;[90m# CompraEfectivoDefinition.guardar_orden()&amp#27;[0m
    &amp#27;[36mThen &amp#27;[0m&amp#27;[36mVerifico Mensaje Pago Final "&amp#27;[0m&amp#27;[36m&amp#27;[1mTu pago est√° en estado Pendiente.&amp#27;[0m&amp#27;[36m"&amp#27;[0m                  &amp#27;[90m# CompraCreditoDefinition.verifico_vensaje_vago_final(String)&amp#27;[0m
]]></system-out>
    <system-err><![CDATA[ago 01, 2018 3:53:31 PM org.openqa.selenium.remote.DesiredCapabilities chrome
INFORMACI√ìN: Using `new ChromeOptions()` is preferred to `DesiredCapabilities.chrome()`
ago 01, 2018 3:53:32 PM org.openqa.selenium.remote.ProtocolHandshake createSession
INFORMACI√ìN: Detected dialect: OSS
java.lang.IllegalStateException: Cannot get a STRING value from a NUMERIC cell
	at org.apache.poi.hssf.usermodel.HSSFCell.typeMismatch(HSSFCell.java:654)
	at org.apache.poi.hssf.usermodel.HSSFCell.getRichStringCellValue(HSSFCell.java:731)
	at org.apache.poi.hssf.usermodel.HSSFCell.getStringCellValue(HSSFCell.java:714)
	at com.lineadirecta.pacifika.model.DatosLogueoDesdeInicioModel2.LlenarLista(DatosLogueoDesdeInicioModel2.java:77)
	at com.lineadirecta.pacifika.definition.LogueoDesdeInicioDefinition.Tengo_datos_a_ingresar(LogueoDesdeInicioDefinition.java:47)
	at sun.reflect.NativeMethodAccessorImpl.invoke0(Native Method)
	at sun.reflect.NativeMethodAccessorImpl.invoke(NativeMethodAccessorImpl.java:62)
	at sun.reflect.DelegatingMethodAccessorImpl.invoke(DelegatingMethodAccessorImpl.java:43)
	at java.lang.reflect.Method.invoke(Method.java:498)
	at cucumber.runtime.Utils$1.call(Utils.java:32)
	at cucumber.runtime.Timeout.timeout(Timeout.java:16)
	at cucumber.runtime.Utils.invoke(Utils.java:26)
	at cucumber.runtime.java.JavaStepDefinition.execute(JavaStepDefinition.java:37)
	at cucumber.runtime.StepDefinitionMatch.runStep(StepDefinitionMatch.java:40)
	at cucumber.api.TestStep.executeStep(TestStep.java:102)
	at cucumber.api.TestStep.run(TestStep.java:83)
	at cucumber.api.TestCase.run(TestCase.java:58)
	at cucumber.runner.Runner.runPickle(Runner.java:80)
	at cucumber.runtime.junit.PickleRunners$NoStepDescriptions.run(PickleRunners.java:140)
	at cucumber.runtime.junit.FeatureRunner.runChild(FeatureRunner.java:68)
	at cucumber.runtime.junit.FeatureRunner.runChild(FeatureRunner.java:23)
	at org.junit.runners.ParentRunner$3.run(ParentRunner.java:290)
	at org.junit.runners.ParentRunner$1.schedule(ParentRunner.java:71)
	at org.junit.runners.ParentRunner.runChildren(ParentRunner.java:288)
	at org.junit.runners.ParentRunner.access$000(ParentRunner.java:58)
	at org.junit.runners.ParentRunner$2.evaluate(ParentRunner.java:268)
	at org.junit.runners.ParentRunner.run(ParentRunner.java:363)
	at cucumber.runtime.junit.FeatureRunner.run(FeatureRunner.java:73)
	at cucumber.api.junit.Cucumber.runChild(Cucumber.java:117)
	at cucumber.api.junit.Cucumber.runChild(Cucumber.java:55)
	at org.junit.runners.ParentRunner$3.run(ParentRunner.java:290)
	at org.apache.maven.surefire.junitcore.pc.Scheduler$1.run(Scheduler.java:393)
	at org.apache.maven.surefire.junitcore.pc.InvokerStrategy.schedule(InvokerStrategy.java:54)
	at org.apache.maven.surefire.junitcore.pc.Scheduler.schedule(Scheduler.java:352)
	at org.junit.runners.ParentRunner.runChildren(ParentRunner.java:288)
	at org.junit.runners.ParentRunner.access$000(ParentRunner.java:58)
	at org.junit.runners.ParentRunner$2.evaluate(ParentRunner.java:268)
	at cucumber.api.junit.Cucumber$1.evaluate(Cucumber.java:126)
	at org.junit.runners.ParentRunner.run(ParentRunner.java:363)
	at org.junit.runners.Suite.runChild(Suite.java:128)
	at org.junit.runners.Suite.runChild(Suite.java:27)
	at org.junit.runners.ParentRunner$3.run(ParentRunner.java:290)
	at org.apache.maven.surefire.junitcore.pc.Scheduler$1.run(Scheduler.java:393)
	at java.util.concurrent.Executors$RunnableAdapter.call(Executors.java:511)
	at java.util.concurrent.FutureTask.run(FutureTask.java:266)
	at java.util.concurrent.ThreadPoolExecutor.runWorker(ThreadPoolExecutor.java:1142)
	at java.util.concurrent.ThreadPoolExecutor$Worker.run(ThreadPoolExecutor.java:617)
	at java.lang.Thread.run(Thread.java:745)
[pool-1-thread-1] ERROR net.serenitybdd.core.Serenity - 
           __  _____ _____ ____ _____   _____ _    ___ _     _____ ____  
  _       / / |_   _| ____/ ___|_   _| |  ___/ \  |_ _| |   | ____|  _ \ 
 (_)_____| |    | | |  _| \___ \ | |   | |_ / _ \  | || |   |  _| | | | |
  _|_____| |    | | | |___ ___) || |   |  _/ ___ \ | || |___| |___| |_| |
 (_)     | |    |_| |_____|____/ |_|   |_|/_/   \_\___|_____|_____|____/ 
          \_\                                                            

TEST FAILED WITH ERROR: Compra efectivo usuario <usuario> forma <forma>
---------------------------------------------------------------------
[pool-1-thread-1] ERROR net.serenitybdd.core.Serenity - TEST FAILED AT STEP And Logueo e Ir a Pasarela "aliadan"
[pool-1-thread-1] ERROR net.serenitybdd.core.Serenity - 
]]></system-err>
  </testcase>
  <testcase name="Compra efectivo usuario aliadan forma baloto" classname="Compras en efectivo" time="133.951">
    <error type="java.lang.NullPointerException">java.lang.NullPointerException
</error>
    <system-out><![CDATA[    &amp#27;[32mGiven &amp#27;[0m&amp#27;[32mEstando en Home&amp#27;[0m                                                                 &amp#27;[90m# AgregarArticuloDefinition.estando_en_Home()&amp#27;[0m
    &amp#27;[32mAnd &amp#27;[0m&amp#27;[32mTengo datos a ingresar "&amp#27;[0m&amp#27;[32m&amp#27;[1msrc/test/resources/datadrivenDev/usuarios.xls&amp#27;[0m&amp#27;[32m"&amp#27;[0m            &amp#27;[90m# LogueoDesdeInicioDefinition.Tengo_datos_a_ingresar(String)&amp#27;[0m
    &amp#27;[32mAnd &amp#27;[0m&amp#27;[32mTeniendo articulos a seleccionar "&amp#27;[0m&amp#27;[32m&amp#27;[1msrc/test/resources/datadrivenDev/articulos.csv&amp#27;[0m&amp#27;[32m"&amp#27;[0m &amp#27;[90m# AgregarArticuloDefinition.teniendo_articulos_a_seleccionar(String)&amp#27;[0m
    &amp#27;[32mWhen &amp#27;[0m&amp#27;[32mSelecciona articulos desde PDP&amp#27;[0m                                                   &amp#27;[90m# AgregarArticuloDefinition.selecciona_articulos_desde_PDP()&amp#27;[0m
    &amp#27;[31mAnd &amp#27;[0m&amp#27;[31mLogueo e Ir a Pasarela "&amp#27;[0m&amp#27;[31m&amp#27;[1maliadan&amp#27;[0m&amp#27;[31m"&amp#27;[0m                                                  &amp#27;[90m# LogueoDesdeInicioDefinition.Logueo_e_ir_a_Pasarela(String)&amp#27;[0m
      &amp#27;[31mjava.lang.NullPointerException
	at com.lineadirecta.pacifika.definition.LogueoDesdeInicioDefinition.Logueo_e_ir_a_Pasarela(LogueoDesdeInicioDefinition.java:103)
	at ?.Logueo e Ir a Pasarela "aliadan"(src/main/resources/features/Pruebas/dev/Compras/PDP/CompraEfectivo.feature:19)
&amp#27;[0m
    &amp#27;[36mAnd &amp#27;[0m&amp#27;[36mSelecciono "&amp#27;[0m&amp#27;[36m&amp#27;[1mbaloto&amp#27;[0m&amp#27;[36m"&amp#27;[0m                                                               &amp#27;[90m# CompraEfectivoDefinition.selecciono(String)&amp#27;[0m
    &amp#27;[36mAnd &amp#27;[0m&amp#27;[36mPagar Ahora&amp#27;[0m                                                                       &amp#27;[90m# CompraTCDefinition.pagar_Ahora()&amp#27;[0m
    &amp#27;[36mAnd &amp#27;[0m&amp#27;[36mGuarda orden&amp#27;[0m                                                                      &amp#27;[90m# CompraEfectivoDefinition.guardar_orden()&amp#27;[0m
    &amp#27;[36mThen &amp#27;[0m&amp#27;[36mVerifico Mensaje Pago Final "&amp#27;[0m&amp#27;[36m&amp#27;[1mTu pago est√° en estado Pendiente.&amp#27;[0m&amp#27;[36m"&amp#27;[0m                  &amp#27;[90m# CompraCreditoDefinition.verifico_vensaje_vago_final(String)&amp#27;[0m
]]></system-out>
    <system-err><![CDATA[ago 01, 2018 3:55:23 PM org.openqa.selenium.remote.DesiredCapabilities chrome
INFORMACI√ìN: Using `new ChromeOptions()` is preferred to `DesiredCapabilities.chrome()`
ago 01, 2018 3:55:24 PM org.openqa.selenium.remote.ProtocolHandshake createSession
INFORMACI√ìN: Detected dialect: OSS
java.lang.IllegalStateException: Cannot get a STRING value from a NUMERIC cell
	at org.apache.poi.hssf.usermodel.HSSFCell.typeMismatch(HSSFCell.java:654)
	at org.apache.poi.hssf.usermodel.HSSFCell.getRichStringCellValue(HSSFCell.java:731)
	at org.apache.poi.hssf.usermodel.HSSFCell.getStringCellValue(HSSFCell.java:714)
	at com.lineadirecta.pacifika.model.DatosLogueoDesdeInicioModel2.LlenarLista(DatosLogueoDesdeInicioModel2.java:77)
	at com.lineadirecta.pacifika.definition.LogueoDesdeInicioDefinition.Tengo_datos_a_ingresar(LogueoDesdeInicioDefinition.java:47)
	at sun.reflect.NativeMethodAccessorImpl.invoke0(Native Method)
	at sun.reflect.NativeMethodAccessorImpl.invoke(NativeMethodAccessorImpl.java:62)
	at sun.reflect.DelegatingMethodAccessorImpl.invoke(DelegatingMethodAccessorImpl.java:43)
	at java.lang.reflect.Method.invoke(Method.java:498)
	at cucumber.runtime.Utils$1.call(Utils.java:32)
	at cucumber.runtime.Timeout.timeout(Timeout.java:16)
	at cucumber.runtime.Utils.invoke(Utils.java:26)
	at cucumber.runtime.java.JavaStepDefinition.execute(JavaStepDefinition.java:37)
	at cucumber.runtime.StepDefinitionMatch.runStep(StepDefinitionMatch.java:40)
	at cucumber.api.TestStep.executeStep(TestStep.java:102)
	at cucumber.api.TestStep.run(TestStep.java:83)
	at cucumber.api.TestCase.run(TestCase.java:58)
	at cucumber.runner.Runner.runPickle(Runner.java:80)
	at cucumber.runtime.junit.PickleRunners$NoStepDescriptions.run(PickleRunners.java:140)
	at cucumber.runtime.junit.FeatureRunner.runChild(FeatureRunner.java:68)
	at cucumber.runtime.junit.FeatureRunner.runChild(FeatureRunner.java:23)
	at org.junit.runners.ParentRunner$3.run(ParentRunner.java:290)
	at org.junit.runners.ParentRunner$1.schedule(ParentRunner.java:71)
	at org.junit.runners.ParentRunner.runChildren(ParentRunner.java:288)
	at org.junit.runners.ParentRunner.access$000(ParentRunner.java:58)
	at org.junit.runners.ParentRunner$2.evaluate(ParentRunner.java:268)
	at org.junit.runners.ParentRunner.run(ParentRunner.java:363)
	at cucumber.runtime.junit.FeatureRunner.run(FeatureRunner.java:73)
	at cucumber.api.junit.Cucumber.runChild(Cucumber.java:117)
	at cucumber.api.junit.Cucumber.runChild(Cucumber.java:55)
	at org.junit.runners.ParentRunner$3.run(ParentRunner.java:290)
	at org.apache.maven.surefire.junitcore.pc.Scheduler$1.run(Scheduler.java:393)
	at org.apache.maven.surefire.junitcore.pc.InvokerStrategy.schedule(InvokerStrategy.java:54)
	at org.apache.maven.surefire.junitcore.pc.Scheduler.schedule(Scheduler.java:352)
	at org.junit.runners.ParentRunner.runChildren(ParentRunner.java:288)
	at org.junit.runners.ParentRunner.access$000(ParentRunner.java:58)
	at org.junit.runners.ParentRunner$2.evaluate(ParentRunner.java:268)
	at cucumber.api.junit.Cucumber$1.evaluate(Cucumber.java:126)
	at org.junit.runners.ParentRunner.run(ParentRunner.java:363)
	at org.junit.runners.Suite.runChild(Suite.java:128)
	at org.junit.runners.Suite.runChild(Suite.java:27)
	at org.junit.runners.ParentRunner$3.run(ParentRunner.java:290)
	at org.apache.maven.surefire.junitcore.pc.Scheduler$1.run(Scheduler.java:393)
	at java.util.concurrent.Executors$RunnableAdapter.call(Executors.java:511)
	at java.util.concurrent.FutureTask.run(FutureTask.java:266)
	at java.util.concurrent.ThreadPoolExecutor.runWorker(ThreadPoolExecutor.java:1142)
	at java.util.concurrent.ThreadPoolExecutor$Worker.run(ThreadPoolExecutor.java:617)
	at java.lang.Thread.run(Thread.java:745)
[pool-1-thread-1] ERROR net.serenitybdd.core.Serenity - 
           __  _____ _____ ____ _____   _____ _    ___ _     _____ ____  
  _       / / |_   _| ____/ ___|_   _| |  ___/ \  |_ _| |   | ____|  _ \ 
 (_)_____| |    | | |  _| \___ \ | |   | |_ / _ \  | || |   |  _| | | | |
  _|_____| |    | | | |___ ___) || |   |  _/ ___ \ | || |___| |___| |_| |
 (_)     | |    |_| |_____|____/ |_|   |_|/_/   \_\___|_____|_____|____/ 
          \_\                                                            

TEST FAILED WITH ERROR: Compra efectivo usuario <usuario> forma <forma>
---------------------------------------------------------------------
[pool-1-thread-1] ERROR net.serenitybdd.core.Serenity - TEST FAILED AT STEP And Logueo e Ir a Pasarela "aliadan"
[pool-1-thread-1] ERROR net.serenitybdd.core.Serenity - 
]]></system-err>
  </testcase>
  <testcase name="Compra efectivo usuario normal efecty con descuento fijo" classname="Compras en efectivo" time="65.043">
    <error message="The following error occurred: unknown error: Element &lt;img class=&quot;lazy&quot; data-src=&quot;/medias/sys_master/images/images/hcc/heb/8796406644766/P506552-1.jpg&quot; alt=&quot;Blusa Manga Sisa Blanco&quot; title=&quot;Blusa Manga Sisa Blanco&quot; src=&quot;data:image/gif;base64,R0lGODlhAQABAIAAAP///wAAACH5BAEAAAAALAAAAAABAAEAAAICRAEAOw==&quot;&gt; is not clickable at point (885, 404). Other element would receive the click: &lt;div class=&quot;details mt-card-content&quot;&gt;...&lt;/div&gt;&#10;  (Session info: chrome=67.0.3396.99)&#10;  (Driver info: chromedriver=2.37.544315 (730aa6a5fdba159ac9f4c1e8cbc59bf1b5ce12b7),platform=Windows NT 6.1.7601 SP1 x86_64) (WARNING: The server did not provide any stacktrace information)&#10;Command duration or timeout: 0 milliseconds&#10;Build info: version: &apos;3.8.1&apos;, revision: &apos;6e95a6684b&apos;, time: &apos;2017-12-01T18:33:54.468Z&apos;&#10;System info: host: &apos;SP4L8Z362&apos;, ip: &apos;10.7.15.36&apos;, os.name: &apos;Windows 7&apos;, os.arch: &apos;amd64&apos;, os.version: &apos;6.1&apos;, java.version: &apos;1.8.0_121&apos;&#10;Driver info: org.openqa.selenium.remote.RemoteWebDriver&#10;Capabilities {acceptInsecureCerts: false, acceptSslCerts: false, applicationCacheEnabled: false, browserConnectionEnabled: false, browserName: chrome, chrome: {chromedriverVersion: 2.37.544315 (730aa6a5fdba15..., userDataDir: C:\Users\41QS362\AppData\Lo...}, cssSelectorsEnabled: true, databaseEnabled: false, handlesAlerts: true, hasTouchScreen: false, javascriptEnabled: true, locationContextEnabled: true, mobileEmulationEnabled: false, nativeEvents: true, networkConnectionEnabled: false, pageLoadStrategy: normal, platform: XP, platformName: XP, rotatable: false, setWindowRect: true, takesHeapSnapshot: true, takesScreenshot: true, unexpectedAlertBehaviour: , unhandledPromptBehavior: , version: 67.0.3396.99, webStorageEnabled: true}&#10;Session ID: 2f5e4c24bd45ce277d78d0d0808fe9fa" type="net.serenitybdd.core.exceptions.SerenityManagedException"><![CDATA[net.serenitybdd.core.exceptions.SerenityManagedException: 
The following error occurred: unknown error: Element <img class="lazy" data-src="/medias/sys_master/images/images/hcc/heb/8796406644766/P506552-1.jpg" alt="Blusa Manga Sisa Blanco" title="Blusa Manga Sisa Blanco" src="data:image/gif;base64,R0lGODlhAQABAIAAAP///wAAACH5BAEAAAAALAAAAAABAAEAAAICRAEAOw=="> is not clickable at point (885, 404). Other element would receive the click: <div class="details mt-card-content">...</div>
  (Session info: chrome=67.0.3396.99)
  (Driver info: chromedriver=2.37.544315 (730aa6a5fdba159ac9f4c1e8cbc59bf1b5ce12b7),platform=Windows NT 6.1.7601 SP1 x86_64) (WARNING: The server did not provide any stacktrace information)
Command duration or timeout: 0 milliseconds
Build info: version: '3.8.1', revision: '6e95a6684b', time: '2017-12-01T18:33:54.468Z'
System info: host: 'SP4L8Z362', ip: '10.7.15.36', os.name: 'Windows 7', os.arch: 'amd64', os.version: '6.1', java.version: '1.8.0_121'
Driver info: org.openqa.selenium.remote.RemoteWebDriver
Capabilities {acceptInsecureCerts: false, acceptSslCerts: false, applicationCacheEnabled: false, browserConnectionEnabled: false, browserName: chrome, chrome: {chromedriverVersion: 2.37.544315 (730aa6a5fdba15..., userDataDir: C:\Users\41QS362\AppData\Lo...}, cssSelectorsEnabled: true, databaseEnabled: false, handlesAlerts: true, hasTouchScreen: false, javascriptEnabled: true, locationContextEnabled: true, mobileEmulationEnabled: false, nativeEvents: true, networkConnectionEnabled: false, pageLoadStrategy: normal, platform: XP, platformName: XP, rotatable: false, setWindowRect: true, takesHeapSnapshot: true, takesScreenshot: true, unexpectedAlertBehaviour: , unhandledPromptBehavior: , version: 67.0.3396.99, webStorageEnabled: true}
Session ID: 2f5e4c24bd45ce277d78d0d0808fe9fa
]]></error>
    <system-out><![CDATA[    &amp#27;[32mGiven &amp#27;[0m&amp#27;[32mEstando en Home&amp#27;[0m                                                                 &amp#27;[90m# AgregarArticuloDefinition.estando_en_Home()&amp#27;[0m
    &amp#27;[32mAnd &amp#27;[0m&amp#27;[32mTengo datos a ingresar "&amp#27;[0m&amp#27;[32m&amp#27;[1msrc/test/resources/datadrivenDev/usuarios.xls&amp#27;[0m&amp#27;[32m"&amp#27;[0m            &amp#27;[90m# LogueoDesdeInicioDefinition.Tengo_datos_a_ingresar(String)&amp#27;[0m
    &amp#27;[32mAnd &amp#27;[0m&amp#27;[32mTeniendo articulos a seleccionar "&amp#27;[0m&amp#27;[32m&amp#27;[1msrc/test/resources/datadrivenDev/articulos.csv&amp#27;[0m&amp#27;[32m"&amp#27;[0m &amp#27;[90m# AgregarArticuloDefinition.teniendo_articulos_a_seleccionar(String)&amp#27;[0m
    &amp#27;[32mAnd &amp#27;[0m&amp#27;[32mteniendo datos en lista "&amp#27;[0m&amp#27;[32m&amp#27;[1msrc/test/resources/datadrivenDev/vaucher.xls&amp#27;[0m&amp#27;[32m"&amp#27;[0m            &amp#27;[90m# RedimirVaucherDefinition.teniendo_datos_en_lista(String)&amp#27;[0m
    &amp#27;[31mWhen &amp#27;[0m&amp#27;[31mSelecciona articulos desde PDP&amp#27;[0m                                                   &amp#27;[90m# AgregarArticuloDefinition.selecciona_articulos_desde_PDP()&amp#27;[0m
      &amp#27;[31mnet.serenitybdd.core.exceptions.SerenityManagedException: The following error occurred: unknown error: Element <img class="lazy" data-src="/medias/sys_master/images/images/hcc/heb/8796406644766/P506552-1.jpg" alt="Blusa Manga Sisa Blanco" title="Blusa Manga Sisa Blanco" src="data:image/gif;base64,R0lGODlhAQABAIAAAP///wAAACH5BAEAAAAALAAAAAABAAEAAAICRAEAOw=="> is not clickable at point (885, 404). Other element would receive the click: <div class="details mt-card-content">...</div>
  (Session info: chrome=67.0.3396.99)
  (Driver info: chromedriver=2.37.544315 (730aa6a5fdba159ac9f4c1e8cbc59bf1b5ce12b7),platform=Windows NT 6.1.7601 SP1 x86_64) (WARNING: The server did not provide any stacktrace information)
Command duration or timeout: 0 milliseconds
Build info: version: '3.8.1', revision: '6e95a6684b', time: '2017-12-01T18:33:54.468Z'
System info: host: 'SP4L8Z362', ip: '10.7.15.36', os.name: 'Windows 7', os.arch: 'amd64', os.version: '6.1', java.version: '1.8.0_121'
Driver info: org.openqa.selenium.remote.RemoteWebDriver
Capabilities {acceptInsecureCerts: false, acceptSslCerts: false, applicationCacheEnabled: false, browserConnectionEnabled: false, browserName: chrome, chrome: {chromedriverVersion: 2.37.544315 (730aa6a5fdba15..., userDataDir: C:\Users\41QS362\AppData\Lo...}, cssSelectorsEnabled: true, databaseEnabled: false, handlesAlerts: true, hasTouchScreen: false, javascriptEnabled: true, locationContextEnabled: true, mobileEmulationEnabled: false, nativeEvents: true, networkConnectionEnabled: false, pageLoadStrategy: normal, platform: XP, platformName: XP, rotatable: false, setWindowRect: true, takesHeapSnapshot: true, takesScreenshot: true, unexpectedAlertBehaviour: , unhandledPromptBehavior: , version: 67.0.3396.99, webStorageEnabled: true}
Session ID: 2f5e4c24bd45ce277d78d0d0808fe9fa
	at sun.reflect.NativeConstructorAccessorImpl.newInstance0(Native Method)
	at sun.reflect.NativeConstructorAccessorImpl.newInstance(NativeConstructorAccessorImpl.java:62)
	at sun.reflect.DelegatingConstructorAccessorImpl.newInstance(DelegatingConstructorAccessorImpl.java:45)
	at java.lang.reflect.Constructor.newInstance(Constructor.java:423)
	at org.openqa.selenium.remote.ErrorHandler.createThrowable(ErrorHandler.java:214)
	at org.openqa.selenium.remote.ErrorHandler.throwIfResponseFailed(ErrorHandler.java:166)
	at org.openqa.selenium.remote.http.JsonHttpResponseCodec.reconstructValue(JsonHttpResponseCodec.java:40)
	at org.openqa.selenium.remote.http.AbstractHttpResponseCodec.decode(AbstractHttpResponseCodec.java:80)
	at org.openqa.selenium.remote.http.AbstractHttpResponseCodec.decode(AbstractHttpResponseCodec.java:44)
	at org.openqa.selenium.remote.HttpCommandExecutor.execute(HttpCommandExecutor.java:164)
	at org.openqa.selenium.remote.RemoteWebDriver.execute(RemoteWebDriver.java:601)
	at org.openqa.selenium.remote.RemoteWebElement.execute(RemoteWebElement.java:279)
	at org.openqa.selenium.remote.RemoteWebElement.click(RemoteWebElement.java:83)
	at net.serenitybdd.core.pages.WebElementFacadeImpl.click(WebElementFacadeImpl.java:1046)
	at com.lineadirecta.pacifika.pageobjets.BusquedaDeArticulosPorSubcategoriaPage.abrirpaginadeproducto(BusquedaDeArticulosPorSubcategoriaPage.java:140)
	at com.lineadirecta.pacifika.steps.BusquedaDeaArticulosPorSubcategoriaSteps.AbrirPDP(BusquedaDeaArticulosPorSubcategoriaSteps.java:53)
	at com.lineadirecta.pacifika.steps.BusquedaDeaArticulosPorSubcategoriaSteps$$EnhancerByCGLIB$$77f8046.CGLIB$AbrirPDP$8(<generated>)
	at com.lineadirecta.pacifika.steps.BusquedaDeaArticulosPorSubcategoriaSteps$$EnhancerByCGLIB$$77f8046$$FastClassByCGLIB$$42dd1ba0.invoke(<generated>)
	at net.sf.cglib.proxy.MethodProxy.invokeSuper(MethodProxy.java:228)
	at net.thucydides.core.steps.StepInterceptor.invokeMethod(StepInterceptor.java:450)
	at net.thucydides.core.steps.StepInterceptor.executeTestStepMethod(StepInterceptor.java:435)
	at net.thucydides.core.steps.StepInterceptor.runTestStep(StepInterceptor.java:410)
	at net.thucydides.core.steps.StepInterceptor.runOrSkipMethod(StepInterceptor.java:151)
	at net.thucydides.core.steps.StepInterceptor.testStepResult(StepInterceptor.java:138)
	at net.thucydides.core.steps.StepInterceptor.intercept(StepInterceptor.java:69)
	at com.lineadirecta.pacifika.steps.BusquedaDeaArticulosPorSubcategoriaSteps$$EnhancerByCGLIB$$77f8046.AbrirPDP(<generated>)
	at com.lineadirecta.pacifika.definition.AgregarArticuloDefinition.selecciona_articulos_desde_PDP(AgregarArticuloDefinition.java:316)
	at ?.Selecciona articulos desde PDP(src/main/resources/features/Pruebas/dev/Compras/PDP/CompraEfectivo.feature:44)
&amp#27;[0m
    &amp#27;[36mAnd &amp#27;[0m&amp#27;[36mdigito vaucher de tipo "&amp#27;[0m&amp#27;[36m&amp#27;[1mfijo&amp#27;[0m&amp#27;[36m"&amp#27;[0m                                                     &amp#27;[90m# RedimirVaucherDefinition.digito_vaucher_de_tipo(String)&amp#27;[0m
    &amp#27;[36mAnd &amp#27;[0m&amp#27;[36mLogueo e Ir a Pasarela "&amp#27;[0m&amp#27;[36m&amp#27;[1mnormal&amp#27;[0m&amp#27;[36m"&amp#27;[0m                                                   &amp#27;[90m# LogueoDesdeInicioDefinition.Logueo_e_ir_a_Pasarela(String)&amp#27;[0m
    &amp#27;[36mAnd &amp#27;[0m&amp#27;[36mSelecciono "&amp#27;[0m&amp#27;[36m&amp#27;[1mefecty&amp#27;[0m&amp#27;[36m"&amp#27;[0m                                                               &amp#27;[90m# CompraEfectivoDefinition.selecciono(String)&amp#27;[0m
    &amp#27;[36mAnd &amp#27;[0m&amp#27;[36mPagar Ahora&amp#27;[0m                                                                       &amp#27;[90m# CompraTCDefinition.pagar_Ahora()&amp#27;[0m
    &amp#27;[36mAnd &amp#27;[0m&amp#27;[36mGuarda orden&amp#27;[0m                                                                      &amp#27;[90m# CompraEfectivoDefinition.guardar_orden()&amp#27;[0m
    &amp#27;[36mThen &amp#27;[0m&amp#27;[36mVerifico Mensaje Pago Final "&amp#27;[0m&amp#27;[36m&amp#27;[1mTu pago est√° en estado Pendiente.&amp#27;[0m&amp#27;[36m"&amp#27;[0m                  &amp#27;[90m# CompraCreditoDefinition.verifico_vensaje_vago_final(String)&amp#27;[0m
]]></system-out>
    <system-err><![CDATA[ago 01, 2018 3:57:37 PM org.openqa.selenium.remote.DesiredCapabilities chrome
INFORMACI√ìN: Using `new ChromeOptions()` is preferred to `DesiredCapabilities.chrome()`
ago 01, 2018 3:57:38 PM org.openqa.selenium.remote.ProtocolHandshake createSession
INFORMACI√ìN: Detected dialect: OSS
java.lang.IllegalStateException: Cannot get a STRING value from a NUMERIC cell
	at org.apache.poi.hssf.usermodel.HSSFCell.typeMismatch(HSSFCell.java:654)
	at org.apache.poi.hssf.usermodel.HSSFCell.getRichStringCellValue(HSSFCell.java:731)
	at org.apache.poi.hssf.usermodel.HSSFCell.getStringCellValue(HSSFCell.java:714)
	at com.lineadirecta.pacifika.model.DatosLogueoDesdeInicioModel2.LlenarLista(DatosLogueoDesdeInicioModel2.java:77)
	at com.lineadirecta.pacifika.definition.LogueoDesdeInicioDefinition.Tengo_datos_a_ingresar(LogueoDesdeInicioDefinition.java:47)
	at sun.reflect.NativeMethodAccessorImpl.invoke0(Native Method)
	at sun.reflect.NativeMethodAccessorImpl.invoke(NativeMethodAccessorImpl.java:62)
	at sun.reflect.DelegatingMethodAccessorImpl.invoke(DelegatingMethodAccessorImpl.java:43)
	at java.lang.reflect.Method.invoke(Method.java:498)
	at cucumber.runtime.Utils$1.call(Utils.java:32)
	at cucumber.runtime.Timeout.timeout(Timeout.java:16)
	at cucumber.runtime.Utils.invoke(Utils.java:26)
	at cucumber.runtime.java.JavaStepDefinition.execute(JavaStepDefinition.java:37)
	at cucumber.runtime.StepDefinitionMatch.runStep(StepDefinitionMatch.java:40)
	at cucumber.api.TestStep.executeStep(TestStep.java:102)
	at cucumber.api.TestStep.run(TestStep.java:83)
	at cucumber.api.TestCase.run(TestCase.java:58)
	at cucumber.runner.Runner.runPickle(Runner.java:80)
	at cucumber.runtime.junit.PickleRunners$NoStepDescriptions.run(PickleRunners.java:140)
	at cucumber.runtime.junit.FeatureRunner.runChild(FeatureRunner.java:68)
	at cucumber.runtime.junit.FeatureRunner.runChild(FeatureRunner.java:23)
	at org.junit.runners.ParentRunner$3.run(ParentRunner.java:290)
	at org.junit.runners.ParentRunner$1.schedule(ParentRunner.java:71)
	at org.junit.runners.ParentRunner.runChildren(ParentRunner.java:288)
	at org.junit.runners.ParentRunner.access$000(ParentRunner.java:58)
	at org.junit.runners.ParentRunner$2.evaluate(ParentRunner.java:268)
	at org.junit.runners.ParentRunner.run(ParentRunner.java:363)
	at cucumber.runtime.junit.FeatureRunner.run(FeatureRunner.java:73)
	at cucumber.api.junit.Cucumber.runChild(Cucumber.java:117)
	at cucumber.api.junit.Cucumber.runChild(Cucumber.java:55)
	at org.junit.runners.ParentRunner$3.run(ParentRunner.java:290)
	at org.apache.maven.surefire.junitcore.pc.Scheduler$1.run(Scheduler.java:393)
	at org.apache.maven.surefire.junitcore.pc.InvokerStrategy.schedule(InvokerStrategy.java:54)
	at org.apache.maven.surefire.junitcore.pc.Scheduler.schedule(Scheduler.java:352)
	at org.junit.runners.ParentRunner.runChildren(ParentRunner.java:288)
	at org.junit.runners.ParentRunner.access$000(ParentRunner.java:58)
	at org.junit.runners.ParentRunner$2.evaluate(ParentRunner.java:268)
	at cucumber.api.junit.Cucumber$1.evaluate(Cucumber.java:126)
	at org.junit.runners.ParentRunner.run(ParentRunner.java:363)
	at org.junit.runners.Suite.runChild(Suite.java:128)
	at org.junit.runners.Suite.runChild(Suite.java:27)
	at org.junit.runners.ParentRunner$3.run(ParentRunner.java:290)
	at org.apache.maven.surefire.junitcore.pc.Scheduler$1.run(Scheduler.java:393)
	at java.util.concurrent.Executors$RunnableAdapter.call(Executors.java:511)
	at java.util.concurrent.FutureTask.run(FutureTask.java:266)
	at java.util.concurrent.ThreadPoolExecutor.runWorker(ThreadPoolExecutor.java:1142)
	at java.util.concurrent.ThreadPoolExecutor$Worker.run(ThreadPoolExecutor.java:617)
	at java.lang.Thread.run(Thread.java:745)
[pool-1-thread-1] ERROR net.serenitybdd.core.Serenity - 
           __  _____ _____ ____ _____   _____ _    ___ _     _____ ____  
  _       / / |_   _| ____/ ___|_   _| |  ___/ \  |_ _| |   | ____|  _ \ 
 (_)_____| |    | | |  _| \___ \ | |   | |_ / _ \  | || |   |  _| | | | |
  _|_____| |    | | | |___ ___) || |   |  _/ ___ \ | || |___| |___| |_| |
 (_)     | |    |_| |_____|____/ |_|   |_|/_/   \_\___|_____|_____|____/ 
          \_\                                                            

TEST FAILED WITH ERROR: Compra efectivo usuario <usuario> <forma> con descuento <voucher>
---------------------------------------------------------------------
[pool-1-thread-1] ERROR net.serenitybdd.core.Serenity - TEST FAILED AT STEP Abrir PDP: 2
[pool-1-thread-1] ERROR net.serenitybdd.core.Serenity - The following error occurred: unknown error: Element <img class="lazy" data-src="/medias/sys_master/images/images/hcc/heb/8796406644766/P506552-1.jpg" alt="Blusa Manga Sisa Blanco" title="Blusa Manga Sisa Blanco" src="data:image/gif;base64,R0lGODlhAQABAIAAAP///wAAACH5BAEAAAAALAAAAAABAAEAAAICRAEAOw=="> is not clickable at point (885, 404). Other element would receive the click: <div class="details mt-card-content">...</div>  (Session info: chrome=67.0.3396.99)  (Driver info: chromedriver=2.37.544315 (730aa6a5fdba159ac9f4c1e8cbc59bf1b5ce12b7),platform=Windows NT 6.1.7601 SP1 x86_64) (WARNING: The server did not provide any stacktrace information)Command duration or timeout: 0 millisecondsBuild info: version: '3.8.1', revision: '6e95a6684b', time: '2017-12-01T18:33:54.468Z'System info: host: 'SP4L8Z362', ip: '10.7.15.36', os.name: 'Windows 7', os.arch: 'amd64', os.version: '6.1', java.version: '1.8.0_121'Driver info: org.openqa.selenium.remote.RemoteWebDriverCapabilities {acceptInsecureCerts: false, acceptSslCerts: false, applicationCacheEnabled: false, browserConnectionEnabled: false, browserName: chrome, chrome: {chromedriverVersion: 2.37.544315 (730aa6a5fdba15..., userDataDir: C:\Users\41QS362\AppData\Lo...}, cssSelectorsEnabled: true, databaseEnabled: false, handlesAlerts: true, hasTouchScreen: false, javascriptEnabled: true, locationContextEnabled: true, mobileEmulationEnabled: false, nativeEvents: true, networkConnectionEnabled: false, pageLoadStrategy: normal, platform: XP, platformName: XP, rotatable: false, setWindowRect: true, takesHeapSnapshot: true, takesScreenshot: true, unexpectedAlertBehaviour: , unhandledPromptBehavior: , version: 67.0.3396.99, webStorageEnabled: true}Session ID: 2f5e4c24bd45ce277d78d0d0808fe9faBuild info: version: '3.8.1', revision: '6e95a6684b', time: '2017-12-01T18:33:54.468Z'System info: host: 'SP4L8Z362', ip: '10.7.15.36', os.name: 'Windows 7', os.arch: 'amd64', os.version: '6.1', java.version: '1.8.0_121'Driver info: driver.version: unknown
]]></system-err>
  </testcase>
  <testcase name="Compra efectivo usuario normal baloto con descuento porcentaje" classname="Compras en efectivo" time="132.335">
    <error message="The following error occurred: Expected enabled element was not enabled" type="net.serenitybdd.core.exceptions.SerenityManagedException">net.serenitybdd.core.exceptions.SerenityManagedException: The following error occurred: Expected enabled element was not enabled
Caused by: org.openqa.selenium.TimeoutException: Expected condition failed: waiting for By.xpath: (//input[@id='js-voucher-code-text'])[2] to be enabled (tried for 5 second(s) with 100 MILLISECONDS interval)
Caused by: org.openqa.selenium.NoSuchElementException: 
no such element: Unable to locate element: {"method":"xpath","selector":"(//input[@id='js-voucher-code-text'])[2]"}
  (Session info: chrome=67.0.3396.99)
  (Driver info: chromedriver=2.37.544315 (730aa6a5fdba159ac9f4c1e8cbc59bf1b5ce12b7),platform=Windows NT 6.1.7601 SP1 x86_64) (WARNING: The server did not provide any stacktrace information)
Command duration or timeout: 0 milliseconds
For documentation on this error, please visit: http://seleniumhq.org/exceptions/no_such_element.html
Build info: version: '3.8.1', revision: '6e95a6684b', time: '2017-12-01T18:33:54.468Z'
System info: host: 'SP4L8Z362', ip: '10.7.15.36', os.name: 'Windows 7', os.arch: 'amd64', os.version: '6.1', java.version: '1.8.0_121'
Driver info: org.openqa.selenium.remote.RemoteWebDriver
Capabilities {acceptInsecureCerts: false, acceptSslCerts: false, applicationCacheEnabled: false, browserConnectionEnabled: false, browserName: chrome, chrome: {chromedriverVersion: 2.37.544315 (730aa6a5fdba15..., userDataDir: C:\Users\41QS362\AppData\Lo...}, cssSelectorsEnabled: true, databaseEnabled: false, handlesAlerts: true, hasTouchScreen: false, javascriptEnabled: true, locationContextEnabled: true, mobileEmulationEnabled: false, nativeEvents: true, networkConnectionEnabled: false, pageLoadStrategy: normal, platform: XP, platformName: XP, rotatable: false, setWindowRect: true, takesHeapSnapshot: true, takesScreenshot: true, unexpectedAlertBehaviour: , unhandledPromptBehavior: , version: 67.0.3396.99, webStorageEnabled: true}
Session ID: e945e5d1bb75928a1a40c43e28de0c4b
*** Element info: {Using=xpath, value=(//input[@id='js-voucher-code-text'])[2]}
</error>
    <system-out><![CDATA[    &amp#27;[32mGiven &amp#27;[0m&amp#27;[32mEstando en Home&amp#27;[0m                                                                 &amp#27;[90m# AgregarArticuloDefinition.estando_en_Home()&amp#27;[0m
    &amp#27;[32mAnd &amp#27;[0m&amp#27;[32mTengo datos a ingresar "&amp#27;[0m&amp#27;[32m&amp#27;[1msrc/test/resources/datadrivenDev/usuarios.xls&amp#27;[0m&amp#27;[32m"&amp#27;[0m            &amp#27;[90m# LogueoDesdeInicioDefinition.Tengo_datos_a_ingresar(String)&amp#27;[0m
    &amp#27;[32mAnd &amp#27;[0m&amp#27;[32mTeniendo articulos a seleccionar "&amp#27;[0m&amp#27;[32m&amp#27;[1msrc/test/resources/datadrivenDev/articulos.csv&amp#27;[0m&amp#27;[32m"&amp#27;[0m &amp#27;[90m# AgregarArticuloDefinition.teniendo_articulos_a_seleccionar(String)&amp#27;[0m
    &amp#27;[32mAnd &amp#27;[0m&amp#27;[32mteniendo datos en lista "&amp#27;[0m&amp#27;[32m&amp#27;[1msrc/test/resources/datadrivenDev/vaucher.xls&amp#27;[0m&amp#27;[32m"&amp#27;[0m            &amp#27;[90m# RedimirVaucherDefinition.teniendo_datos_en_lista(String)&amp#27;[0m
    &amp#27;[32mWhen &amp#27;[0m&amp#27;[32mSelecciona articulos desde PDP&amp#27;[0m                                                   &amp#27;[90m# AgregarArticuloDefinition.selecciona_articulos_desde_PDP()&amp#27;[0m
    &amp#27;[31mAnd &amp#27;[0m&amp#27;[31mdigito vaucher de tipo "&amp#27;[0m&amp#27;[31m&amp#27;[1mporcentaje&amp#27;[0m&amp#27;[31m"&amp#27;[0m                                               &amp#27;[90m# RedimirVaucherDefinition.digito_vaucher_de_tipo(String)&amp#27;[0m
      &amp#27;[31mnet.serenitybdd.core.exceptions.SerenityManagedException: The following error occurred: Expected enabled element was not enabled
	at net.serenitybdd.core.pages.WebElementFacadeImpl.waitUntilEnabled(WebElementFacadeImpl.java:968)
	at net.serenitybdd.core.pages.WebElementFacadeImpl.waitUntilElementAvailable(WebElementFacadeImpl.java:807)
	at net.serenitybdd.core.pages.WebElementFacadeImpl.type(WebElementFacadeImpl.java:688)
	at com.lineadirecta.pacifika.pageobjets.RedimirVaucherPage.EscribirVaucher(RedimirVaucherPage.java:18)
	at com.lineadirecta.pacifika.steps.RedimirVaucherSteps.EscribirVaucher(RedimirVaucherSteps.java:15)
	at com.lineadirecta.pacifika.steps.RedimirVaucherSteps$$EnhancerByCGLIB$$e5aea0e2.CGLIB$EscribirVaucher$5(<generated>)
	at com.lineadirecta.pacifika.steps.RedimirVaucherSteps$$EnhancerByCGLIB$$e5aea0e2$$FastClassByCGLIB$$cb65673c.invoke(<generated>)
	at net.sf.cglib.proxy.MethodProxy.invokeSuper(MethodProxy.java:228)
	at net.thucydides.core.steps.StepInterceptor.invokeMethod(StepInterceptor.java:450)
	at net.thucydides.core.steps.StepInterceptor.executeTestStepMethod(StepInterceptor.java:435)
	at net.thucydides.core.steps.StepInterceptor.runTestStep(StepInterceptor.java:410)
	at net.thucydides.core.steps.StepInterceptor.runOrSkipMethod(StepInterceptor.java:151)
	at net.thucydides.core.steps.StepInterceptor.testStepResult(StepInterceptor.java:138)
	at net.thucydides.core.steps.StepInterceptor.intercept(StepInterceptor.java:69)
	at com.lineadirecta.pacifika.steps.RedimirVaucherSteps$$EnhancerByCGLIB$$e5aea0e2.EscribirVaucher(<generated>)
	at com.lineadirecta.pacifika.definition.RedimirVaucherDefinition.digito_vaucher_de_tipo(RedimirVaucherDefinition.java:109)
	at ?.digito vaucher de tipo "porcentaje"(src/main/resources/features/Pruebas/dev/Compras/PDP/CompraEfectivo.feature:45)
Caused by: org.openqa.selenium.TimeoutException: Expected condition failed: waiting for By.xpath: (//input[@id='js-voucher-code-text'])[2] to be enabled (tried for 5 second(s) with 100 MILLISECONDS interval)
	at org.openqa.selenium.support.ui.FluentWait.timeoutException(FluentWait.java:263)
	at org.openqa.selenium.support.ui.FluentWait.until(FluentWait.java:231)
	at net.serenitybdd.core.pages.WebElementFacadeImpl.waitUntilEnabled(WebElementFacadeImpl.java:965)
	at net.serenitybdd.core.pages.WebElementFacadeImpl.waitUntilElementAvailable(WebElementFacadeImpl.java:807)
	at net.serenitybdd.core.pages.WebElementFacadeImpl.type(WebElementFacadeImpl.java:688)
	at com.lineadirecta.pacifika.pageobjets.RedimirVaucherPage.EscribirVaucher(RedimirVaucherPage.java:18)
	at com.lineadirecta.pacifika.steps.RedimirVaucherSteps.EscribirVaucher(RedimirVaucherSteps.java:15)
	at com.lineadirecta.pacifika.steps.RedimirVaucherSteps$$EnhancerByCGLIB$$e5aea0e2.CGLIB$EscribirVaucher$5(<generated>)
	at com.lineadirecta.pacifika.steps.RedimirVaucherSteps$$EnhancerByCGLIB$$e5aea0e2$$FastClassByCGLIB$$cb65673c.invoke(<generated>)
	at net.sf.cglib.proxy.MethodProxy.invokeSuper(MethodProxy.java:228)
	at net.thucydides.core.steps.StepInterceptor.invokeMethod(StepInterceptor.java:450)
	at net.thucydides.core.steps.StepInterceptor.executeTestStepMethod(StepInterceptor.java:435)
	at net.thucydides.core.steps.StepInterceptor.runTestStep(StepInterceptor.java:410)
	at net.thucydides.core.steps.StepInterceptor.runOrSkipMethod(StepInterceptor.java:151)
	at net.thucydides.core.steps.StepInterceptor.testStepResult(StepInterceptor.java:138)
	at net.thucydides.core.steps.StepInterceptor.intercept(StepInterceptor.java:69)
	at com.lineadirecta.pacifika.steps.RedimirVaucherSteps$$EnhancerByCGLIB$$e5aea0e2.EscribirVaucher(<generated>)
	at com.lineadirecta.pacifika.definition.RedimirVaucherDefinition.digito_vaucher_de_tipo(RedimirVaucherDefinition.java:109)
	at sun.reflect.NativeMethodAccessorImpl.invoke0(Native Method)
	at sun.reflect.NativeMethodAccessorImpl.invoke(NativeMethodAccessorImpl.java:62)
	at sun.reflect.DelegatingMethodAccessorImpl.invoke(DelegatingMethodAccessorImpl.java:43)
	at java.lang.reflect.Method.invoke(Method.java:498)
	at cucumber.runtime.Utils$1.call(Utils.java:32)
	at cucumber.runtime.Timeout.timeout(Timeout.java:16)
	at cucumber.runtime.Utils.invoke(Utils.java:26)
	at cucumber.runtime.java.JavaStepDefinition.execute(JavaStepDefinition.java:37)
	at cucumber.runtime.StepDefinitionMatch.runStep(StepDefinitionMatch.java:40)
	at cucumber.api.TestStep.executeStep(TestStep.java:102)
	at cucumber.api.TestStep.run(TestStep.java:83)
	at cucumber.api.TestCase.run(TestCase.java:58)
	at cucumber.runner.Runner.runPickle(Runner.java:80)
	at cucumber.runtime.junit.PickleRunners$NoStepDescriptions.run(PickleRunners.java:140)
	at cucumber.runtime.junit.FeatureRunner.runChild(FeatureRunner.java:68)
	at cucumber.runtime.junit.FeatureRunner.runChild(FeatureRunner.java:23)
	at org.junit.runners.ParentRunner$3.run(ParentRunner.java:290)
	at org.junit.runners.ParentRunner$1.schedule(ParentRunner.java:71)
	at org.junit.runners.ParentRunner.runChildren(ParentRunner.java:288)
	at org.junit.runners.ParentRunner.access$000(ParentRunner.java:58)
	at org.junit.runners.ParentRunner$2.evaluate(ParentRunner.java:268)
	at org.junit.runners.ParentRunner.run(ParentRunner.java:363)
	at cucumber.runtime.junit.FeatureRunner.run(FeatureRunner.java:73)
	at cucumber.api.junit.Cucumber.runChild(Cucumber.java:117)
	at cucumber.api.junit.Cucumber.runChild(Cucumber.java:55)
	at org.junit.runners.ParentRunner$3.run(ParentRunner.java:290)
	at org.apache.maven.surefire.junitcore.pc.Scheduler$1.run(Scheduler.java:393)
	at org.apache.maven.surefire.junitcore.pc.InvokerStrategy.schedule(InvokerStrategy.java:54)
	at org.apache.maven.surefire.junitcore.pc.Scheduler.schedule(Scheduler.java:352)
	at org.junit.runners.ParentRunner.runChildren(ParentRunner.java:288)
	at org.junit.runners.ParentRunner.access$000(ParentRunner.java:58)
	at org.junit.runners.ParentRunner$2.evaluate(ParentRunner.java:268)
	at cucumber.api.junit.Cucumber$1.evaluate(Cucumber.java:126)
	at org.junit.runners.ParentRunner.run(ParentRunner.java:363)
	at org.junit.runners.Suite.runChild(Suite.java:128)
	at org.junit.runners.Suite.runChild(Suite.java:27)
	at org.junit.runners.ParentRunner$3.run(ParentRunner.java:290)
	at org.apache.maven.surefire.junitcore.pc.Scheduler$1.run(Scheduler.java:393)
	at java.util.concurrent.Executors$RunnableAdapter.call(Executors.java:511)
	at java.util.concurrent.FutureTask.run(FutureTask.java:266)
	at java.util.concurrent.ThreadPoolExecutor.runWorker(ThreadPoolExecutor.java:1142)
	at java.util.concurrent.ThreadPoolExecutor$Worker.run(ThreadPoolExecutor.java:617)
	at java.lang.Thread.run(Thread.java:745)
Caused by: org.openqa.selenium.NoSuchElementException: no such element: Unable to locate element: {"method":"xpath","selector":"(//input[@id='js-voucher-code-text'])[2]"}
  (Session info: chrome=67.0.3396.99)
  (Driver info: chromedriver=2.37.544315 (730aa6a5fdba159ac9f4c1e8cbc59bf1b5ce12b7),platform=Windows NT 6.1.7601 SP1 x86_64) (WARNING: The server did not provide any stacktrace information)
Command duration or timeout: 0 milliseconds
For documentation on this error, please visit: http://seleniumhq.org/exceptions/no_such_element.html
Build info: version: '3.8.1', revision: '6e95a6684b', time: '2017-12-01T18:33:54.468Z'
System info: host: 'SP4L8Z362', ip: '10.7.15.36', os.name: 'Windows 7', os.arch: 'amd64', os.version: '6.1', java.version: '1.8.0_121'
Driver info: org.openqa.selenium.remote.RemoteWebDriver
Capabilities {acceptInsecureCerts: false, acceptSslCerts: false, applicationCacheEnabled: false, browserConnectionEnabled: false, browserName: chrome, chrome: {chromedriverVersion: 2.37.544315 (730aa6a5fdba15..., userDataDir: C:\Users\41QS362\AppData\Lo...}, cssSelectorsEnabled: true, databaseEnabled: false, handlesAlerts: true, hasTouchScreen: false, javascriptEnabled: true, locationContextEnabled: true, mobileEmulationEnabled: false, nativeEvents: true, networkConnectionEnabled: false, pageLoadStrategy: normal, platform: XP, platformName: XP, rotatable: false, setWindowRect: true, takesHeapSnapshot: true, takesScreenshot: true, unexpectedAlertBehaviour: , unhandledPromptBehavior: , version: 67.0.3396.99, webStorageEnabled: true}
Session ID: e945e5d1bb75928a1a40c43e28de0c4b
*** Element info: {Using=xpath, value=(//input[@id='js-voucher-code-text'])[2]}
	at sun.reflect.GeneratedConstructorAccessor62.newInstance(Unknown Source)
	at sun.reflect.DelegatingConstructorAccessorImpl.newInstance(DelegatingConstructorAccessorImpl.java:45)
	at java.lang.reflect.Constructor.newInstance(Constructor.java:423)
	at org.openqa.selenium.remote.ErrorHandler.createThrowable(ErrorHandler.java:214)
	at org.openqa.selenium.remote.ErrorHandler.throwIfResponseFailed(ErrorHandler.java:166)
	at org.openqa.selenium.remote.http.JsonHttpResponseCodec.reconstructValue(JsonHttpResponseCodec.java:40)
	at org.openqa.selenium.remote.http.AbstractHttpResponseCodec.decode(AbstractHttpResponseCodec.java:80)
	at org.openqa.selenium.remote.http.AbstractHttpResponseCodec.decode(AbstractHttpResponseCodec.java:44)
	at org.openqa.selenium.remote.HttpCommandExecutor.execute(HttpCommandExecutor.java:164)
	at org.openqa.selenium.remote.RemoteWebDriver.execute(RemoteWebDriver.java:601)
	at org.openqa.selenium.remote.RemoteWebDriver.findElement(RemoteWebDriver.java:371)
	at org.openqa.selenium.remote.RemoteWebDriver.findElementByXPath(RemoteWebDriver.java:473)
	at org.openqa.selenium.By$ByXPath.findElement(By.java:361)
	at org.openqa.selenium.remote.RemoteWebDriver.findElement(RemoteWebDriver.java:363)
	at net.thucydides.core.webdriver.WebDriverFacade.findElement(WebDriverFacade.java:278)
	at net.serenitybdd.core.pages.WebElementResolverByLocator.resolveForDriver(WebElementResolverByLocator.java:16)
	at net.serenitybdd.core.pages.WebElementFacadeImpl.getElement(WebElementFacadeImpl.java:209)
	at net.serenitybdd.core.pages.WebElementExpectations$3.apply(WebElementExpectations.java:63)
	at net.serenitybdd.core.pages.WebElementExpectations$3.apply(WebElementExpectations.java:55)
	at org.openqa.selenium.support.ui.FluentWait.until(FluentWait.java:208)
	... 59 more
&amp#27;[0m
    &amp#27;[36mAnd &amp#27;[0m&amp#27;[36mLogueo e Ir a Pasarela "&amp#27;[0m&amp#27;[36m&amp#27;[1mnormal&amp#27;[0m&amp#27;[36m"&amp#27;[0m                                                   &amp#27;[90m# LogueoDesdeInicioDefinition.Logueo_e_ir_a_Pasarela(String)&amp#27;[0m
    &amp#27;[36mAnd &amp#27;[0m&amp#27;[36mSelecciono "&amp#27;[0m&amp#27;[36m&amp#27;[1mbaloto&amp#27;[0m&amp#27;[36m"&amp#27;[0m                                                               &amp#27;[90m# CompraEfectivoDefinition.selecciono(String)&amp#27;[0m
    &amp#27;[36mAnd &amp#27;[0m&amp#27;[36mPagar Ahora&amp#27;[0m                                                                       &amp#27;[90m# CompraTCDefinition.pagar_Ahora()&amp#27;[0m
    &amp#27;[36mAnd &amp#27;[0m&amp#27;[36mGuarda orden&amp#27;[0m                                                                      &amp#27;[90m# CompraEfectivoDefinition.guardar_orden()&amp#27;[0m
    &amp#27;[36mThen &amp#27;[0m&amp#27;[36mVerifico Mensaje Pago Final "&amp#27;[0m&amp#27;[36m&amp#27;[1mTu pago est√° en estado Pendiente.&amp#27;[0m&amp#27;[36m"&amp#27;[0m                  &amp#27;[90m# CompraCreditoDefinition.verifico_vensaje_vago_final(String)&amp#27;[0m
]]></system-out>
    <system-err><![CDATA[ago 01, 2018 3:58:42 PM org.openqa.selenium.remote.DesiredCapabilities chrome
INFORMACI√ìN: Using `new ChromeOptions()` is preferred to `DesiredCapabilities.chrome()`
ago 01, 2018 3:58:43 PM org.openqa.selenium.remote.ProtocolHandshake createSession
INFORMACI√ìN: Detected dialect: OSS
java.lang.IllegalStateException: Cannot get a STRING value from a NUMERIC cell
	at org.apache.poi.hssf.usermodel.HSSFCell.typeMismatch(HSSFCell.java:654)
	at org.apache.poi.hssf.usermodel.HSSFCell.getRichStringCellValue(HSSFCell.java:731)
	at org.apache.poi.hssf.usermodel.HSSFCell.getStringCellValue(HSSFCell.java:714)
	at com.lineadirecta.pacifika.model.DatosLogueoDesdeInicioModel2.LlenarLista(DatosLogueoDesdeInicioModel2.java:77)
	at com.lineadirecta.pacifika.definition.LogueoDesdeInicioDefinition.Tengo_datos_a_ingresar(LogueoDesdeInicioDefinition.java:47)
	at sun.reflect.NativeMethodAccessorImpl.invoke0(Native Method)
	at sun.reflect.NativeMethodAccessorImpl.invoke(NativeMethodAccessorImpl.java:62)
	at sun.reflect.DelegatingMethodAccessorImpl.invoke(DelegatingMethodAccessorImpl.java:43)
	at java.lang.reflect.Method.invoke(Method.java:498)
	at cucumber.runtime.Utils$1.call(Utils.java:32)
	at cucumber.runtime.Timeout.timeout(Timeout.java:16)
	at cucumber.runtime.Utils.invoke(Utils.java:26)
	at cucumber.runtime.java.JavaStepDefinition.execute(JavaStepDefinition.java:37)
	at cucumber.runtime.StepDefinitionMatch.runStep(StepDefinitionMatch.java:40)
	at cucumber.api.TestStep.executeStep(TestStep.java:102)
	at cucumber.api.TestStep.run(TestStep.java:83)
	at cucumber.api.TestCase.run(TestCase.java:58)
	at cucumber.runner.Runner.runPickle(Runner.java:80)
	at cucumber.runtime.junit.PickleRunners$NoStepDescriptions.run(PickleRunners.java:140)
	at cucumber.runtime.junit.FeatureRunner.runChild(FeatureRunner.java:68)
	at cucumber.runtime.junit.FeatureRunner.runChild(FeatureRunner.java:23)
	at org.junit.runners.ParentRunner$3.run(ParentRunner.java:290)
	at org.junit.runners.ParentRunner$1.schedule(ParentRunner.java:71)
	at org.junit.runners.ParentRunner.runChildren(ParentRunner.java:288)
	at org.junit.runners.ParentRunner.access$000(ParentRunner.java:58)
	at org.junit.runners.ParentRunner$2.evaluate(ParentRunner.java:268)
	at org.junit.runners.ParentRunner.run(ParentRunner.java:363)
	at cucumber.runtime.junit.FeatureRunner.run(FeatureRunner.java:73)
	at cucumber.api.junit.Cucumber.runChild(Cucumber.java:117)
	at cucumber.api.junit.Cucumber.runChild(Cucumber.java:55)
	at org.junit.runners.ParentRunner$3.run(ParentRunner.java:290)
	at org.apache.maven.surefire.junitcore.pc.Scheduler$1.run(Scheduler.java:393)
	at org.apache.maven.surefire.junitcore.pc.InvokerStrategy.schedule(InvokerStrategy.java:54)
	at org.apache.maven.surefire.junitcore.pc.Scheduler.schedule(Scheduler.java:352)
	at org.junit.runners.ParentRunner.runChildren(ParentRunner.java:288)
	at org.junit.runners.ParentRunner.access$000(ParentRunner.java:58)
	at org.junit.runners.ParentRunner$2.evaluate(ParentRunner.java:268)
	at cucumber.api.junit.Cucumber$1.evaluate(Cucumber.java:126)
	at org.junit.runners.ParentRunner.run(ParentRunner.java:363)
	at org.junit.runners.Suite.runChild(Suite.java:128)
	at org.junit.runners.Suite.runChild(Suite.java:27)
	at org.junit.runners.ParentRunner$3.run(ParentRunner.java:290)
	at org.apache.maven.surefire.junitcore.pc.Scheduler$1.run(Scheduler.java:393)
	at java.util.concurrent.Executors$RunnableAdapter.call(Executors.java:511)
	at java.util.concurrent.FutureTask.run(FutureTask.java:266)
	at java.util.concurrent.ThreadPoolExecutor.runWorker(ThreadPoolExecutor.java:1142)
	at java.util.concurrent.ThreadPoolExecutor$Worker.run(ThreadPoolExecutor.java:617)
	at java.lang.Thread.run(Thread.java:745)
[pool-1-thread-1] ERROR net.serenitybdd.core.Serenity - 
           __  _____ _____ ____ _____   _____ _    ___ _     _____ ____  
  _       / / |_   _| ____/ ___|_   _| |  ___/ \  |_ _| |   | ____|  _ \ 
 (_)_____| |    | | |  _| \___ \ | |   | |_ / _ \  | || |   |  _| | | | |
  _|_____| |    | | | |___ ___) || |   |  _/ ___ \ | || |___| |___| |_| |
 (_)     | |    |_| |_____|____/ |_|   |_|/_/   \_\___|_____|_____|____/ 
          \_\                                                            

TEST FAILED WITH ERROR: Compra efectivo usuario <usuario> <forma> con descuento <voucher>
---------------------------------------------------------------------
[pool-1-thread-1] ERROR net.serenitybdd.core.Serenity - TEST FAILED AT STEP Escribir vaucher: porcentaje
[pool-1-thread-1] ERROR net.serenitybdd.core.Serenity - The following error occurred: unknown error: Element <img class="lazy" data-src="/medias/sys_master/images/images/hcc/heb/8796406644766/P506552-1.jpg" alt="Blusa Manga Sisa Blanco" title="Blusa Manga Sisa Blanco" src="data:image/gif;base64,R0lGODlhAQABAIAAAP///wAAACH5BAEAAAAALAAAAAABAAEAAAICRAEAOw=="> is not clickable at point (885, 404). Other element would receive the click: <div class="details mt-card-content">...</div>  (Session info: chrome=67.0.3396.99)  (Driver info: chromedriver=2.37.544315 (730aa6a5fdba159ac9f4c1e8cbc59bf1b5ce12b7),platform=Windows NT 6.1.7601 SP1 x86_64) (WARNING: The server did not provide any stacktrace information)Command duration or timeout: 0 millisecondsBuild info: version: '3.8.1', revision: '6e95a6684b', time: '2017-12-01T18:33:54.468Z'System info: host: 'SP4L8Z362', ip: '10.7.15.36', os.name: 'Windows 7', os.arch: 'amd64', os.version: '6.1', java.version: '1.8.0_121'Driver info: org.openqa.selenium.remote.RemoteWebDriverCapabilities {acceptInsecureCerts: false, acceptSslCerts: false, applicationCacheEnabled: false, browserConnectionEnabled: false, browserName: chrome, chrome: {chromedriverVersion: 2.37.544315 (730aa6a5fdba15..., userDataDir: C:\Users\41QS362\AppData\Lo...}, cssSelectorsEnabled: true, databaseEnabled: false, handlesAlerts: true, hasTouchScreen: false, javascriptEnabled: true, locationContextEnabled: true, mobileEmulationEnabled: false, nativeEvents: true, networkConnectionEnabled: false, pageLoadStrategy: normal, platform: XP, platformName: XP, rotatable: false, setWindowRect: true, takesHeapSnapshot: true, takesScreenshot: true, unexpectedAlertBehaviour: , unhandledPromptBehavior: , version: 67.0.3396.99, webStorageEnabled: true}Session ID: 2f5e4c24bd45ce277d78d0d0808fe9faBuild info: version: '3.8.1', revision: '6e95a6684b', time: '2017-12-01T18:33:54.468Z'System info: host: 'SP4L8Z362', ip: '10.7.15.36', os.name: 'Windows 7', os.arch: 'amd64', os.version: '6.1', java.version: '1.8.0_121'Driver info: driver.version: unknown
]]></system-err>
  </testcase>
  <testcase name="Compra efectivo usuario normaln baloto con descuento porcentaje" classname="Compras en efectivo" time="68.909">
    <error message="The following error occurred: unknown error: Element &lt;img class=&quot;lazy&quot; data-src=&quot;/medias/sys_master/images/images/hcc/heb/8796406644766/P506552-1.jpg&quot; alt=&quot;Blusa Manga Sisa Blanco&quot; title=&quot;Blusa Manga Sisa Blanco&quot; src=&quot;data:image/gif;base64,R0lGODlhAQABAIAAAP///wAAACH5BAEAAAAALAAAAAABAAEAAAICRAEAOw==&quot;&gt; is not clickable at point (885, 404). Other element would receive the click: &lt;div class=&quot;details mt-card-content&quot;&gt;...&lt;/div&gt;&#10;  (Session info: chrome=67.0.3396.99)&#10;  (Driver info: chromedriver=2.37.544315 (730aa6a5fdba159ac9f4c1e8cbc59bf1b5ce12b7),platform=Windows NT 6.1.7601 SP1 x86_64) (WARNING: The server did not provide any stacktrace information)&#10;Command duration or timeout: 0 milliseconds&#10;Build info: version: &apos;3.8.1&apos;, revision: &apos;6e95a6684b&apos;, time: &apos;2017-12-01T18:33:54.468Z&apos;&#10;System info: host: &apos;SP4L8Z362&apos;, ip: &apos;10.7.15.36&apos;, os.name: &apos;Windows 7&apos;, os.arch: &apos;amd64&apos;, os.version: &apos;6.1&apos;, java.version: &apos;1.8.0_121&apos;&#10;Driver info: org.openqa.selenium.remote.RemoteWebDriver&#10;Capabilities {acceptInsecureCerts: false, acceptSslCerts: false, applicationCacheEnabled: false, browserConnectionEnabled: false, browserName: chrome, chrome: {chromedriverVersion: 2.37.544315 (730aa6a5fdba15..., userDataDir: C:\Users\41QS362\AppData\Lo...}, cssSelectorsEnabled: true, databaseEnabled: false, handlesAlerts: true, hasTouchScreen: false, javascriptEnabled: true, locationContextEnabled: true, mobileEmulationEnabled: false, nativeEvents: true, networkConnectionEnabled: false, pageLoadStrategy: normal, platform: XP, platformName: XP, rotatable: false, setWindowRect: true, takesHeapSnapshot: true, takesScreenshot: true, unexpectedAlertBehaviour: , unhandledPromptBehavior: , version: 67.0.3396.99, webStorageEnabled: true}&#10;Session ID: 8c2774a507b886141083e8aff90e4c40" type="net.serenitybdd.core.exceptions.SerenityManagedException"><![CDATA[net.serenitybdd.core.exceptions.SerenityManagedException: 
The following error occurred: unknown error: Element <img class="lazy" data-src="/medias/sys_master/images/images/hcc/heb/8796406644766/P506552-1.jpg" alt="Blusa Manga Sisa Blanco" title="Blusa Manga Sisa Blanco" src="data:image/gif;base64,R0lGODlhAQABAIAAAP///wAAACH5BAEAAAAALAAAAAABAAEAAAICRAEAOw=="> is not clickable at point (885, 404). Other element would receive the click: <div class="details mt-card-content">...</div>
  (Session info: chrome=67.0.3396.99)
  (Driver info: chromedriver=2.37.544315 (730aa6a5fdba159ac9f4c1e8cbc59bf1b5ce12b7),platform=Windows NT 6.1.7601 SP1 x86_64) (WARNING: The server did not provide any stacktrace information)
Command duration or timeout: 0 milliseconds
Build info: version: '3.8.1', revision: '6e95a6684b', time: '2017-12-01T18:33:54.468Z'
System info: host: 'SP4L8Z362', ip: '10.7.15.36', os.name: 'Windows 7', os.arch: 'amd64', os.version: '6.1', java.version: '1.8.0_121'
Driver info: org.openqa.selenium.remote.RemoteWebDriver
Capabilities {acceptInsecureCerts: false, acceptSslCerts: false, applicationCacheEnabled: false, browserConnectionEnabled: false, browserName: chrome, chrome: {chromedriverVersion: 2.37.544315 (730aa6a5fdba15..., userDataDir: C:\Users\41QS362\AppData\Lo...}, cssSelectorsEnabled: true, databaseEnabled: false, handlesAlerts: true, hasTouchScreen: false, javascriptEnabled: true, locationContextEnabled: true, mobileEmulationEnabled: false, nativeEvents: true, networkConnectionEnabled: false, pageLoadStrategy: normal, platform: XP, platformName: XP, rotatable: false, setWindowRect: true, takesHeapSnapshot: true, takesScreenshot: true, unexpectedAlertBehaviour: , unhandledPromptBehavior: , version: 67.0.3396.99, webStorageEnabled: true}
Session ID: 8c2774a507b886141083e8aff90e4c40
]]></error>
    <system-out><![CDATA[    &amp#27;[32mGiven &amp#27;[0m&amp#27;[32mEstando en Home&amp#27;[0m                                                                 &amp#27;[90m# AgregarArticuloDefinition.estando_en_Home()&amp#27;[0m
    &amp#27;[32mAnd &amp#27;[0m&amp#27;[32mTengo datos a ingresar "&amp#27;[0m&amp#27;[32m&amp#27;[1msrc/test/resources/datadrivenDev/usuarios.xls&amp#27;[0m&amp#27;[32m"&amp#27;[0m            &amp#27;[90m# LogueoDesdeInicioDefinition.Tengo_datos_a_ingresar(String)&amp#27;[0m
    &amp#27;[32mAnd &amp#27;[0m&amp#27;[32mTeniendo articulos a seleccionar "&amp#27;[0m&amp#27;[32m&amp#27;[1msrc/test/resources/datadrivenDev/articulos.csv&amp#27;[0m&amp#27;[32m"&amp#27;[0m &amp#27;[90m# AgregarArticuloDefinition.teniendo_articulos_a_seleccionar(String)&amp#27;[0m
    &amp#27;[32mAnd &amp#27;[0m&amp#27;[32mteniendo datos en lista "&amp#27;[0m&amp#27;[32m&amp#27;[1msrc/test/resources/datadrivenDev/vaucher.xls&amp#27;[0m&amp#27;[32m"&amp#27;[0m            &amp#27;[90m# RedimirVaucherDefinition.teniendo_datos_en_lista(String)&amp#27;[0m
    &amp#27;[31mWhen &amp#27;[0m&amp#27;[31mSelecciona articulos desde PDP&amp#27;[0m                                                   &amp#27;[90m# AgregarArticuloDefinition.selecciona_articulos_desde_PDP()&amp#27;[0m
      &amp#27;[31mnet.serenitybdd.core.exceptions.SerenityManagedException: The following error occurred: unknown error: Element <img class="lazy" data-src="/medias/sys_master/images/images/hcc/heb/8796406644766/P506552-1.jpg" alt="Blusa Manga Sisa Blanco" title="Blusa Manga Sisa Blanco" src="data:image/gif;base64,R0lGODlhAQABAIAAAP///wAAACH5BAEAAAAALAAAAAABAAEAAAICRAEAOw=="> is not clickable at point (885, 404). Other element would receive the click: <div class="details mt-card-content">...</div>
  (Session info: chrome=67.0.3396.99)
  (Driver info: chromedriver=2.37.544315 (730aa6a5fdba159ac9f4c1e8cbc59bf1b5ce12b7),platform=Windows NT 6.1.7601 SP1 x86_64) (WARNING: The server did not provide any stacktrace information)
Command duration or timeout: 0 milliseconds
Build info: version: '3.8.1', revision: '6e95a6684b', time: '2017-12-01T18:33:54.468Z'
System info: host: 'SP4L8Z362', ip: '10.7.15.36', os.name: 'Windows 7', os.arch: 'amd64', os.version: '6.1', java.version: '1.8.0_121'
Driver info: org.openqa.selenium.remote.RemoteWebDriver
Capabilities {acceptInsecureCerts: false, acceptSslCerts: false, applicationCacheEnabled: false, browserConnectionEnabled: false, browserName: chrome, chrome: {chromedriverVersion: 2.37.544315 (730aa6a5fdba15..., userDataDir: C:\Users\41QS362\AppData\Lo...}, cssSelectorsEnabled: true, databaseEnabled: false, handlesAlerts: true, hasTouchScreen: false, javascriptEnabled: true, locationContextEnabled: true, mobileEmulationEnabled: false, nativeEvents: true, networkConnectionEnabled: false, pageLoadStrategy: normal, platform: XP, platformName: XP, rotatable: false, setWindowRect: true, takesHeapSnapshot: true, takesScreenshot: true, unexpectedAlertBehaviour: , unhandledPromptBehavior: , version: 67.0.3396.99, webStorageEnabled: true}
Session ID: 8c2774a507b886141083e8aff90e4c40
	at sun.reflect.NativeConstructorAccessorImpl.newInstance0(Native Method)
	at sun.reflect.NativeConstructorAccessorImpl.newInstance(NativeConstructorAccessorImpl.java:62)
	at sun.reflect.DelegatingConstructorAccessorImpl.newInstance(DelegatingConstructorAccessorImpl.java:45)
	at java.lang.reflect.Constructor.newInstance(Constructor.java:423)
	at org.openqa.selenium.remote.ErrorHandler.createThrowable(ErrorHandler.java:214)
	at org.openqa.selenium.remote.ErrorHandler.throwIfResponseFailed(ErrorHandler.java:166)
	at org.openqa.selenium.remote.http.JsonHttpResponseCodec.reconstructValue(JsonHttpResponseCodec.java:40)
	at org.openqa.selenium.remote.http.AbstractHttpResponseCodec.decode(AbstractHttpResponseCodec.java:80)
	at org.openqa.selenium.remote.http.AbstractHttpResponseCodec.decode(AbstractHttpResponseCodec.java:44)
	at org.openqa.selenium.remote.HttpCommandExecutor.execute(HttpCommandExecutor.java:164)
	at org.openqa.selenium.remote.RemoteWebDriver.execute(RemoteWebDriver.java:601)
	at org.openqa.selenium.remote.RemoteWebElement.execute(RemoteWebElement.java:279)
	at org.openqa.selenium.remote.RemoteWebElement.click(RemoteWebElement.java:83)
	at net.serenitybdd.core.pages.WebElementFacadeImpl.click(WebElementFacadeImpl.java:1046)
	at com.lineadirecta.pacifika.pageobjets.BusquedaDeArticulosPorSubcategoriaPage.abrirpaginadeproducto(BusquedaDeArticulosPorSubcategoriaPage.java:140)
	at com.lineadirecta.pacifika.steps.BusquedaDeaArticulosPorSubcategoriaSteps.AbrirPDP(BusquedaDeaArticulosPorSubcategoriaSteps.java:53)
	at com.lineadirecta.pacifika.steps.BusquedaDeaArticulosPorSubcategoriaSteps$$EnhancerByCGLIB$$77f8046.CGLIB$AbrirPDP$8(<generated>)
	at com.lineadirecta.pacifika.steps.BusquedaDeaArticulosPorSubcategoriaSteps$$EnhancerByCGLIB$$77f8046$$FastClassByCGLIB$$42dd1ba0.invoke(<generated>)
	at net.sf.cglib.proxy.MethodProxy.invokeSuper(MethodProxy.java:228)
	at net.thucydides.core.steps.StepInterceptor.invokeMethod(StepInterceptor.java:450)
	at net.thucydides.core.steps.StepInterceptor.executeTestStepMethod(StepInterceptor.java:435)
	at net.thucydides.core.steps.StepInterceptor.runTestStep(StepInterceptor.java:410)
	at net.thucydides.core.steps.StepInterceptor.runOrSkipMethod(StepInterceptor.java:151)
	at net.thucydides.core.steps.StepInterceptor.testStepResult(StepInterceptor.java:138)
	at net.thucydides.core.steps.StepInterceptor.intercept(StepInterceptor.java:69)
	at com.lineadirecta.pacifika.steps.BusquedaDeaArticulosPorSubcategoriaSteps$$EnhancerByCGLIB$$77f8046.AbrirPDP(<generated>)
	at com.lineadirecta.pacifika.definition.AgregarArticuloDefinition.selecciona_articulos_desde_PDP(AgregarArticuloDefinition.java:316)
	at ?.Selecciona articulos desde PDP(src/main/resources/features/Pruebas/dev/Compras/PDP/CompraEfectivo.feature:44)
&amp#27;[0m
    &amp#27;[36mAnd &amp#27;[0m&amp#27;[36mdigito vaucher de tipo "&amp#27;[0m&amp#27;[36m&amp#27;[1mporcentaje&amp#27;[0m&amp#27;[36m"&amp#27;[0m                                               &amp#27;[90m# RedimirVaucherDefinition.digito_vaucher_de_tipo(String)&amp#27;[0m
    &amp#27;[36mAnd &amp#27;[0m&amp#27;[36mLogueo e Ir a Pasarela "&amp#27;[0m&amp#27;[36m&amp#27;[1mnormaln&amp#27;[0m&amp#27;[36m"&amp#27;[0m                                                  &amp#27;[90m# LogueoDesdeInicioDefinition.Logueo_e_ir_a_Pasarela(String)&amp#27;[0m
    &amp#27;[36mAnd &amp#27;[0m&amp#27;[36mSelecciono "&amp#27;[0m&amp#27;[36m&amp#27;[1mbaloto&amp#27;[0m&amp#27;[36m"&amp#27;[0m                                                               &amp#27;[90m# CompraEfectivoDefinition.selecciono(String)&amp#27;[0m
    &amp#27;[36mAnd &amp#27;[0m&amp#27;[36mPagar Ahora&amp#27;[0m                                                                       &amp#27;[90m# CompraTCDefinition.pagar_Ahora()&amp#27;[0m
    &amp#27;[36mAnd &amp#27;[0m&amp#27;[36mGuarda orden&amp#27;[0m                                                                      &amp#27;[90m# CompraEfectivoDefinition.guardar_orden()&amp#27;[0m
    &amp#27;[36mThen &amp#27;[0m&amp#27;[36mVerifico Mensaje Pago Final "&amp#27;[0m&amp#27;[36m&amp#27;[1mTu pago est√° en estado Pendiente.&amp#27;[0m&amp#27;[36m"&amp#27;[0m                  &amp#27;[90m# CompraCreditoDefinition.verifico_vensaje_vago_final(String)&amp#27;[0m
]]></system-out>
    <system-err><![CDATA[ago 01, 2018 4:00:55 PM org.openqa.selenium.remote.DesiredCapabilities chrome
INFORMACI√ìN: Using `new ChromeOptions()` is preferred to `DesiredCapabilities.chrome()`
ago 01, 2018 4:00:55 PM org.openqa.selenium.remote.ProtocolHandshake createSession
INFORMACI√ìN: Detected dialect: OSS
java.lang.IllegalStateException: Cannot get a STRING value from a NUMERIC cell
	at org.apache.poi.hssf.usermodel.HSSFCell.typeMismatch(HSSFCell.java:654)
	at org.apache.poi.hssf.usermodel.HSSFCell.getRichStringCellValue(HSSFCell.java:731)
	at org.apache.poi.hssf.usermodel.HSSFCell.getStringCellValue(HSSFCell.java:714)
	at com.lineadirecta.pacifika.model.DatosLogueoDesdeInicioModel2.LlenarLista(DatosLogueoDesdeInicioModel2.java:77)
	at com.lineadirecta.pacifika.definition.LogueoDesdeInicioDefinition.Tengo_datos_a_ingresar(LogueoDesdeInicioDefinition.java:47)
	at sun.reflect.NativeMethodAccessorImpl.invoke0(Native Method)
	at sun.reflect.NativeMethodAccessorImpl.invoke(NativeMethodAccessorImpl.java:62)
	at sun.reflect.DelegatingMethodAccessorImpl.invoke(DelegatingMethodAccessorImpl.java:43)
	at java.lang.reflect.Method.invoke(Method.java:498)
	at cucumber.runtime.Utils$1.call(Utils.java:32)
	at cucumber.runtime.Timeout.timeout(Timeout.java:16)
	at cucumber.runtime.Utils.invoke(Utils.java:26)
	at cucumber.runtime.java.JavaStepDefinition.execute(JavaStepDefinition.java:37)
	at cucumber.runtime.StepDefinitionMatch.runStep(StepDefinitionMatch.java:40)
	at cucumber.api.TestStep.executeStep(TestStep.java:102)
	at cucumber.api.TestStep.run(TestStep.java:83)
	at cucumber.api.TestCase.run(TestCase.java:58)
	at cucumber.runner.Runner.runPickle(Runner.java:80)
	at cucumber.runtime.junit.PickleRunners$NoStepDescriptions.run(PickleRunners.java:140)
	at cucumber.runtime.junit.FeatureRunner.runChild(FeatureRunner.java:68)
	at cucumber.runtime.junit.FeatureRunner.runChild(FeatureRunner.java:23)
	at org.junit.runners.ParentRunner$3.run(ParentRunner.java:290)
	at org.junit.runners.ParentRunner$1.schedule(ParentRunner.java:71)
	at org.junit.runners.ParentRunner.runChildren(ParentRunner.java:288)
	at org.junit.runners.ParentRunner.access$000(ParentRunner.java:58)
	at org.junit.runners.ParentRunner$2.evaluate(ParentRunner.java:268)
	at org.junit.runners.ParentRunner.run(ParentRunner.java:363)
	at cucumber.runtime.junit.FeatureRunner.run(FeatureRunner.java:73)
	at cucumber.api.junit.Cucumber.runChild(Cucumber.java:117)
	at cucumber.api.junit.Cucumber.runChild(Cucumber.java:55)
	at org.junit.runners.ParentRunner$3.run(ParentRunner.java:290)
	at org.apache.maven.surefire.junitcore.pc.Scheduler$1.run(Scheduler.java:393)
	at org.apache.maven.surefire.junitcore.pc.InvokerStrategy.schedule(InvokerStrategy.java:54)
	at org.apache.maven.surefire.junitcore.pc.Scheduler.schedule(Scheduler.java:352)
	at org.junit.runners.ParentRunner.runChildren(ParentRunner.java:288)
	at org.junit.runners.ParentRunner.access$000(ParentRunner.java:58)
	at org.junit.runners.ParentRunner$2.evaluate(ParentRunner.java:268)
	at cucumber.api.junit.Cucumber$1.evaluate(Cucumber.java:126)
	at org.junit.runners.ParentRunner.run(ParentRunner.java:363)
	at org.junit.runners.Suite.runChild(Suite.java:128)
	at org.junit.runners.Suite.runChild(Suite.java:27)
	at org.junit.runners.ParentRunner$3.run(ParentRunner.java:290)
	at org.apache.maven.surefire.junitcore.pc.Scheduler$1.run(Scheduler.java:393)
	at java.util.concurrent.Executors$RunnableAdapter.call(Executors.java:511)
	at java.util.concurrent.FutureTask.run(FutureTask.java:266)
	at java.util.concurrent.ThreadPoolExecutor.runWorker(ThreadPoolExecutor.java:1142)
	at java.util.concurrent.ThreadPoolExecutor$Worker.run(ThreadPoolExecutor.java:617)
	at java.lang.Thread.run(Thread.java:745)
[pool-1-thread-1] ERROR net.serenitybdd.core.Serenity - 
           __  _____ _____ ____ _____   _____ _    ___ _     _____ ____  
  _       / / |_   _| ____/ ___|_   _| |  ___/ \  |_ _| |   | ____|  _ \ 
 (_)_____| |    | | |  _| \___ \ | |   | |_ / _ \  | || |   |  _| | | | |
  _|_____| |    | | | |___ ___) || |   |  _/ ___ \ | || |___| |___| |_| |
 (_)     | |    |_| |_____|____/ |_|   |_|/_/   \_\___|_____|_____|____/ 
          \_\                                                            

TEST FAILED WITH ERROR: Compra efectivo usuario <usuario> <forma> con descuento <voucher>
---------------------------------------------------------------------
[pool-1-thread-1] ERROR net.serenitybdd.core.Serenity - TEST FAILED AT STEP Abrir PDP: 2
[pool-1-thread-1] ERROR net.serenitybdd.core.Serenity - The following error occurred: unknown error: Element <img class="lazy" data-src="/medias/sys_master/images/images/hcc/heb/8796406644766/P506552-1.jpg" alt="Blusa Manga Sisa Blanco" title="Blusa Manga Sisa Blanco" src="data:image/gif;base64,R0lGODlhAQABAIAAAP///wAAACH5BAEAAAAALAAAAAABAAEAAAICRAEAOw=="> is not clickable at point (885, 404). Other element would receive the click: <div class="details mt-card-content">...</div>  (Session info: chrome=67.0.3396.99)  (Driver info: chromedriver=2.37.544315 (730aa6a5fdba159ac9f4c1e8cbc59bf1b5ce12b7),platform=Windows NT 6.1.7601 SP1 x86_64) (WARNING: The server did not provide any stacktrace information)Command duration or timeout: 0 millisecondsBuild info: version: '3.8.1', revision: '6e95a6684b', time: '2017-12-01T18:33:54.468Z'System info: host: 'SP4L8Z362', ip: '10.7.15.36', os.name: 'Windows 7', os.arch: 'amd64', os.version: '6.1', java.version: '1.8.0_121'Driver info: org.openqa.selenium.remote.RemoteWebDriverCapabilities {acceptInsecureCerts: false, acceptSslCerts: false, applicationCacheEnabled: false, browserConnectionEnabled: false, browserName: chrome, chrome: {chromedriverVersion: 2.37.544315 (730aa6a5fdba15..., userDataDir: C:\Users\41QS362\AppData\Lo...}, cssSelectorsEnabled: true, databaseEnabled: false, handlesAlerts: true, hasTouchScreen: false, javascriptEnabled: true, locationContextEnabled: true, mobileEmulationEnabled: false, nativeEvents: true, networkConnectionEnabled: false, pageLoadStrategy: normal, platform: XP, platformName: XP, rotatable: false, setWindowRect: true, takesHeapSnapshot: true, takesScreenshot: true, unexpectedAlertBehaviour: , unhandledPromptBehavior: , version: 67.0.3396.99, webStorageEnabled: true}Session ID: 2f5e4c24bd45ce277d78d0d0808fe9faBuild info: version: '3.8.1', revision: '6e95a6684b', time: '2017-12-01T18:33:54.468Z'System info: host: 'SP4L8Z362', ip: '10.7.15.36', os.name: 'Windows 7', os.arch: 'amd64', os.version: '6.1', java.version: '1.8.0_121'Driver info: driver.version: unknown
]]></system-err>
  </testcase>
  <testcase name="Compra efectivo usuario normal efecty con descuento freeshiping" classname="Compras en efectivo" time="140.169">
    <error type="java.lang.NullPointerException">java.lang.NullPointerException
</error>
    <system-out><![CDATA[    &amp#27;[32mGiven &amp#27;[0m&amp#27;[32mEstando en Home&amp#27;[0m                                                                 &amp#27;[90m# AgregarArticuloDefinition.estando_en_Home()&amp#27;[0m
    &amp#27;[32mAnd &amp#27;[0m&amp#27;[32mTengo datos a ingresar "&amp#27;[0m&amp#27;[32m&amp#27;[1msrc/test/resources/datadrivenDev/usuarios.xls&amp#27;[0m&amp#27;[32m"&amp#27;[0m            &amp#27;[90m# LogueoDesdeInicioDefinition.Tengo_datos_a_ingresar(String)&amp#27;[0m
    &amp#27;[32mAnd &amp#27;[0m&amp#27;[32mTeniendo articulos a seleccionar "&amp#27;[0m&amp#27;[32m&amp#27;[1msrc/test/resources/datadrivenDev/articulos.csv&amp#27;[0m&amp#27;[32m"&amp#27;[0m &amp#27;[90m# AgregarArticuloDefinition.teniendo_articulos_a_seleccionar(String)&amp#27;[0m
    &amp#27;[32mAnd &amp#27;[0m&amp#27;[32mteniendo datos en lista "&amp#27;[0m&amp#27;[32m&amp#27;[1msrc/test/resources/datadrivenDev/vaucher.xls&amp#27;[0m&amp#27;[32m"&amp#27;[0m            &amp#27;[90m# RedimirVaucherDefinition.teniendo_datos_en_lista(String)&amp#27;[0m
    &amp#27;[32mWhen &amp#27;[0m&amp#27;[32mSelecciona articulos desde PDP&amp#27;[0m                                                   &amp#27;[90m# AgregarArticuloDefinition.selecciona_articulos_desde_PDP()&amp#27;[0m
    &amp#27;[32mAnd &amp#27;[0m&amp#27;[32mdigito vaucher de tipo "&amp#27;[0m&amp#27;[32m&amp#27;[1mfreeshiping&amp#27;[0m&amp#27;[32m"&amp#27;[0m                                              &amp#27;[90m# RedimirVaucherDefinition.digito_vaucher_de_tipo(String)&amp#27;[0m
    &amp#27;[31mAnd &amp#27;[0m&amp#27;[31mLogueo e Ir a Pasarela "&amp#27;[0m&amp#27;[31m&amp#27;[1mnormal&amp#27;[0m&amp#27;[31m"&amp#27;[0m                                                   &amp#27;[90m# LogueoDesdeInicioDefinition.Logueo_e_ir_a_Pasarela(String)&amp#27;[0m
      &amp#27;[31mjava.lang.NullPointerException
	at com.lineadirecta.pacifika.definition.LogueoDesdeInicioDefinition.Logueo_e_ir_a_Pasarela(LogueoDesdeInicioDefinition.java:103)
	at ?.Logueo e Ir a Pasarela "normal"(src/main/resources/features/Pruebas/dev/Compras/PDP/CompraEfectivo.feature:46)
&amp#27;[0m
    &amp#27;[36mAnd &amp#27;[0m&amp#27;[36mSelecciono "&amp#27;[0m&amp#27;[36m&amp#27;[1mefecty&amp#27;[0m&amp#27;[36m"&amp#27;[0m                                                               &amp#27;[90m# CompraEfectivoDefinition.selecciono(String)&amp#27;[0m
    &amp#27;[36mAnd &amp#27;[0m&amp#27;[36mPagar Ahora&amp#27;[0m                                                                       &amp#27;[90m# CompraTCDefinition.pagar_Ahora()&amp#27;[0m
    &amp#27;[36mAnd &amp#27;[0m&amp#27;[36mGuarda orden&amp#27;[0m                                                                      &amp#27;[90m# CompraEfectivoDefinition.guardar_orden()&amp#27;[0m
    &amp#27;[36mThen &amp#27;[0m&amp#27;[36mVerifico Mensaje Pago Final "&amp#27;[0m&amp#27;[36m&amp#27;[1mTu pago est√° en estado Pendiente.&amp#27;[0m&amp#27;[36m"&amp#27;[0m                  &amp#27;[90m# CompraCreditoDefinition.verifico_vensaje_vago_final(String)&amp#27;[0m
]]></system-out>
    <system-err><![CDATA[ago 01, 2018 4:02:04 PM org.openqa.selenium.remote.DesiredCapabilities chrome
INFORMACI√ìN: Using `new ChromeOptions()` is preferred to `DesiredCapabilities.chrome()`
ago 01, 2018 4:02:05 PM org.openqa.selenium.remote.ProtocolHandshake createSession
INFORMACI√ìN: Detected dialect: OSS
java.lang.IllegalStateException: Cannot get a STRING value from a NUMERIC cell
	at org.apache.poi.hssf.usermodel.HSSFCell.typeMismatch(HSSFCell.java:654)
	at org.apache.poi.hssf.usermodel.HSSFCell.getRichStringCellValue(HSSFCell.java:731)
	at org.apache.poi.hssf.usermodel.HSSFCell.getStringCellValue(HSSFCell.java:714)
	at com.lineadirecta.pacifika.model.DatosLogueoDesdeInicioModel2.LlenarLista(DatosLogueoDesdeInicioModel2.java:77)
	at com.lineadirecta.pacifika.definition.LogueoDesdeInicioDefinition.Tengo_datos_a_ingresar(LogueoDesdeInicioDefinition.java:47)
	at sun.reflect.NativeMethodAccessorImpl.invoke0(Native Method)
	at sun.reflect.NativeMethodAccessorImpl.invoke(NativeMethodAccessorImpl.java:62)
	at sun.reflect.DelegatingMethodAccessorImpl.invoke(DelegatingMethodAccessorImpl.java:43)
	at java.lang.reflect.Method.invoke(Method.java:498)
	at cucumber.runtime.Utils$1.call(Utils.java:32)
	at cucumber.runtime.Timeout.timeout(Timeout.java:16)
	at cucumber.runtime.Utils.invoke(Utils.java:26)
	at cucumber.runtime.java.JavaStepDefinition.execute(JavaStepDefinition.java:37)
	at cucumber.runtime.StepDefinitionMatch.runStep(StepDefinitionMatch.java:40)
	at cucumber.api.TestStep.executeStep(TestStep.java:102)
	at cucumber.api.TestStep.run(TestStep.java:83)
	at cucumber.api.TestCase.run(TestCase.java:58)
	at cucumber.runner.Runner.runPickle(Runner.java:80)
	at cucumber.runtime.junit.PickleRunners$NoStepDescriptions.run(PickleRunners.java:140)
	at cucumber.runtime.junit.FeatureRunner.runChild(FeatureRunner.java:68)
	at cucumber.runtime.junit.FeatureRunner.runChild(FeatureRunner.java:23)
	at org.junit.runners.ParentRunner$3.run(ParentRunner.java:290)
	at org.junit.runners.ParentRunner$1.schedule(ParentRunner.java:71)
	at org.junit.runners.ParentRunner.runChildren(ParentRunner.java:288)
	at org.junit.runners.ParentRunner.access$000(ParentRunner.java:58)
	at org.junit.runners.ParentRunner$2.evaluate(ParentRunner.java:268)
	at org.junit.runners.ParentRunner.run(ParentRunner.java:363)
	at cucumber.runtime.junit.FeatureRunner.run(FeatureRunner.java:73)
	at cucumber.api.junit.Cucumber.runChild(Cucumber.java:117)
	at cucumber.api.junit.Cucumber.runChild(Cucumber.java:55)
	at org.junit.runners.ParentRunner$3.run(ParentRunner.java:290)
	at org.apache.maven.surefire.junitcore.pc.Scheduler$1.run(Scheduler.java:393)
	at org.apache.maven.surefire.junitcore.pc.InvokerStrategy.schedule(InvokerStrategy.java:54)
	at org.apache.maven.surefire.junitcore.pc.Scheduler.schedule(Scheduler.java:352)
	at org.junit.runners.ParentRunner.runChildren(ParentRunner.java:288)
	at org.junit.runners.ParentRunner.access$000(ParentRunner.java:58)
	at org.junit.runners.ParentRunner$2.evaluate(ParentRunner.java:268)
	at cucumber.api.junit.Cucumber$1.evaluate(Cucumber.java:126)
	at org.junit.runners.ParentRunner.run(ParentRunner.java:363)
	at org.junit.runners.Suite.runChild(Suite.java:128)
	at org.junit.runners.Suite.runChild(Suite.java:27)
	at org.junit.runners.ParentRunner$3.run(ParentRunner.java:290)
	at org.apache.maven.surefire.junitcore.pc.Scheduler$1.run(Scheduler.java:393)
	at java.util.concurrent.Executors$RunnableAdapter.call(Executors.java:511)
	at java.util.concurrent.FutureTask.run(FutureTask.java:266)
	at java.util.concurrent.ThreadPoolExecutor.runWorker(ThreadPoolExecutor.java:1142)
	at java.util.concurrent.ThreadPoolExecutor$Worker.run(ThreadPoolExecutor.java:617)
	at java.lang.Thread.run(Thread.java:745)
[pool-1-thread-1] ERROR net.serenitybdd.core.Serenity - 
           __  _____ _____ ____ _____   _____ _    ___ _     _____ ____  
  _       / / |_   _| ____/ ___|_   _| |  ___/ \  |_ _| |   | ____|  _ \ 
 (_)_____| |    | | |  _| \___ \ | |   | |_ / _ \  | || |   |  _| | | | |
  _|_____| |    | | | |___ ___) || |   |  _/ ___ \ | || |___| |___| |_| |
 (_)     | |    |_| |_____|____/ |_|   |_|/_/   \_\___|_____|_____|____/ 
          \_\                                                            

TEST FAILED WITH ERROR: Compra efectivo usuario <usuario> <forma> con descuento <voucher>
---------------------------------------------------------------------
[pool-1-thread-1] ERROR net.serenitybdd.core.Serenity - TEST FAILED AT STEP And Logueo e Ir a Pasarela "normal"
[pool-1-thread-1] ERROR net.serenitybdd.core.Serenity - The following error occurred: unknown error: Element <img class="lazy" data-src="/medias/sys_master/images/images/hcc/heb/8796406644766/P506552-1.jpg" alt="Blusa Manga Sisa Blanco" title="Blusa Manga Sisa Blanco" src="data:image/gif;base64,R0lGODlhAQABAIAAAP///wAAACH5BAEAAAAALAAAAAABAAEAAAICRAEAOw=="> is not clickable at point (885, 404). Other element would receive the click: <div class="details mt-card-content">...</div>  (Session info: chrome=67.0.3396.99)  (Driver info: chromedriver=2.37.544315 (730aa6a5fdba159ac9f4c1e8cbc59bf1b5ce12b7),platform=Windows NT 6.1.7601 SP1 x86_64) (WARNING: The server did not provide any stacktrace information)Command duration or timeout: 0 millisecondsBuild info: version: '3.8.1', revision: '6e95a6684b', time: '2017-12-01T18:33:54.468Z'System info: host: 'SP4L8Z362', ip: '10.7.15.36', os.name: 'Windows 7', os.arch: 'amd64', os.version: '6.1', java.version: '1.8.0_121'Driver info: org.openqa.selenium.remote.RemoteWebDriverCapabilities {acceptInsecureCerts: false, acceptSslCerts: false, applicationCacheEnabled: false, browserConnectionEnabled: false, browserName: chrome, chrome: {chromedriverVersion: 2.37.544315 (730aa6a5fdba15..., userDataDir: C:\Users\41QS362\AppData\Lo...}, cssSelectorsEnabled: true, databaseEnabled: false, handlesAlerts: true, hasTouchScreen: false, javascriptEnabled: true, locationContextEnabled: true, mobileEmulationEnabled: false, nativeEvents: true, networkConnectionEnabled: false, pageLoadStrategy: normal, platform: XP, platformName: XP, rotatable: false, setWindowRect: true, takesHeapSnapshot: true, takesScreenshot: true, unexpectedAlertBehaviour: , unhandledPromptBehavior: , version: 67.0.3396.99, webStorageEnabled: true}Session ID: 2f5e4c24bd45ce277d78d0d0808fe9faBuild info: version: '3.8.1', revision: '6e95a6684b', time: '2017-12-01T18:33:54.468Z'System info: host: 'SP4L8Z362', ip: '10.7.15.36', os.name: 'Windows 7', os.arch: 'amd64', os.version: '6.1', java.version: '1.8.0_121'Driver info: driver.version: unknown
]]></system-err>
  </testcase>
  <testcase name="Compra efectivo usuario aliada baloto con descuento fijo" classname="Compras en efectivo" time="120.465">
    <error message="The following error occurred: Expected enabled element was not enabled" type="net.serenitybdd.core.exceptions.SerenityManagedException">net.serenitybdd.core.exceptions.SerenityManagedException: The following error occurred: Expected enabled element was not enabled
Caused by: org.openqa.selenium.TimeoutException: Expected condition failed: waiting for By.xpath: (//input[@id='js-voucher-code-text'])[2] to be enabled (tried for 5 second(s) with 100 MILLISECONDS interval)
Caused by: org.openqa.selenium.NoSuchElementException: 
no such element: Unable to locate element: {"method":"xpath","selector":"(//input[@id='js-voucher-code-text'])[2]"}
  (Session info: chrome=67.0.3396.99)
  (Driver info: chromedriver=2.37.544315 (730aa6a5fdba159ac9f4c1e8cbc59bf1b5ce12b7),platform=Windows NT 6.1.7601 SP1 x86_64) (WARNING: The server did not provide any stacktrace information)
Command duration or timeout: 0 milliseconds
For documentation on this error, please visit: http://seleniumhq.org/exceptions/no_such_element.html
Build info: version: '3.8.1', revision: '6e95a6684b', time: '2017-12-01T18:33:54.468Z'
System info: host: 'SP4L8Z362', ip: '10.7.15.36', os.name: 'Windows 7', os.arch: 'amd64', os.version: '6.1', java.version: '1.8.0_121'
Driver info: org.openqa.selenium.remote.RemoteWebDriver
Capabilities {acceptInsecureCerts: false, acceptSslCerts: false, applicationCacheEnabled: false, browserConnectionEnabled: false, browserName: chrome, chrome: {chromedriverVersion: 2.37.544315 (730aa6a5fdba15..., userDataDir: C:\Users\41QS362\AppData\Lo...}, cssSelectorsEnabled: true, databaseEnabled: false, handlesAlerts: true, hasTouchScreen: false, javascriptEnabled: true, locationContextEnabled: true, mobileEmulationEnabled: false, nativeEvents: true, networkConnectionEnabled: false, pageLoadStrategy: normal, platform: XP, platformName: XP, rotatable: false, setWindowRect: true, takesHeapSnapshot: true, takesScreenshot: true, unexpectedAlertBehaviour: , unhandledPromptBehavior: , version: 67.0.3396.99, webStorageEnabled: true}
Session ID: e2533041215b2e60a5525f0f520bba9d
*** Element info: {Using=xpath, value=(//input[@id='js-voucher-code-text'])[2]}
</error>
    <system-out><![CDATA[    &amp#27;[32mGiven &amp#27;[0m&amp#27;[32mEstando en Home&amp#27;[0m                                                                 &amp#27;[90m# AgregarArticuloDefinition.estando_en_Home()&amp#27;[0m
    &amp#27;[32mAnd &amp#27;[0m&amp#27;[32mTengo datos a ingresar "&amp#27;[0m&amp#27;[32m&amp#27;[1msrc/test/resources/datadrivenDev/usuarios.xls&amp#27;[0m&amp#27;[32m"&amp#27;[0m            &amp#27;[90m# LogueoDesdeInicioDefinition.Tengo_datos_a_ingresar(String)&amp#27;[0m
    &amp#27;[32mAnd &amp#27;[0m&amp#27;[32mTeniendo articulos a seleccionar "&amp#27;[0m&amp#27;[32m&amp#27;[1msrc/test/resources/datadrivenDev/articulos.csv&amp#27;[0m&amp#27;[32m"&amp#27;[0m &amp#27;[90m# AgregarArticuloDefinition.teniendo_articulos_a_seleccionar(String)&amp#27;[0m
    &amp#27;[32mAnd &amp#27;[0m&amp#27;[32mteniendo datos en lista "&amp#27;[0m&amp#27;[32m&amp#27;[1msrc/test/resources/datadrivenDev/vaucher.xls&amp#27;[0m&amp#27;[32m"&amp#27;[0m            &amp#27;[90m# RedimirVaucherDefinition.teniendo_datos_en_lista(String)&amp#27;[0m
    &amp#27;[32mWhen &amp#27;[0m&amp#27;[32mSelecciona articulos desde PDP&amp#27;[0m                                                   &amp#27;[90m# AgregarArticuloDefinition.selecciona_articulos_desde_PDP()&amp#27;[0m
    &amp#27;[31mAnd &amp#27;[0m&amp#27;[31mdigito vaucher de tipo "&amp#27;[0m&amp#27;[31m&amp#27;[1mfijo&amp#27;[0m&amp#27;[31m"&amp#27;[0m                                                     &amp#27;[90m# RedimirVaucherDefinition.digito_vaucher_de_tipo(String)&amp#27;[0m
      &amp#27;[31mnet.serenitybdd.core.exceptions.SerenityManagedException: The following error occurred: Expected enabled element was not enabled
	at net.serenitybdd.core.pages.WebElementFacadeImpl.waitUntilEnabled(WebElementFacadeImpl.java:968)
	at net.serenitybdd.core.pages.WebElementFacadeImpl.waitUntilElementAvailable(WebElementFacadeImpl.java:807)
	at net.serenitybdd.core.pages.WebElementFacadeImpl.type(WebElementFacadeImpl.java:688)
	at com.lineadirecta.pacifika.pageobjets.RedimirVaucherPage.EscribirVaucher(RedimirVaucherPage.java:18)
	at com.lineadirecta.pacifika.steps.RedimirVaucherSteps.EscribirVaucher(RedimirVaucherSteps.java:15)
	at com.lineadirecta.pacifika.steps.RedimirVaucherSteps$$EnhancerByCGLIB$$e5aea0e2.CGLIB$EscribirVaucher$5(<generated>)
	at com.lineadirecta.pacifika.steps.RedimirVaucherSteps$$EnhancerByCGLIB$$e5aea0e2$$FastClassByCGLIB$$cb65673c.invoke(<generated>)
	at net.sf.cglib.proxy.MethodProxy.invokeSuper(MethodProxy.java:228)
	at net.thucydides.core.steps.StepInterceptor.invokeMethod(StepInterceptor.java:450)
	at net.thucydides.core.steps.StepInterceptor.executeTestStepMethod(StepInterceptor.java:435)
	at net.thucydides.core.steps.StepInterceptor.runTestStep(StepInterceptor.java:410)
	at net.thucydides.core.steps.StepInterceptor.runOrSkipMethod(StepInterceptor.java:151)
	at net.thucydides.core.steps.StepInterceptor.testStepResult(StepInterceptor.java:138)
	at net.thucydides.core.steps.StepInterceptor.intercept(StepInterceptor.java:69)
	at com.lineadirecta.pacifika.steps.RedimirVaucherSteps$$EnhancerByCGLIB$$e5aea0e2.EscribirVaucher(<generated>)
	at com.lineadirecta.pacifika.definition.RedimirVaucherDefinition.digito_vaucher_de_tipo(RedimirVaucherDefinition.java:109)
	at ?.digito vaucher de tipo "fijo"(src/main/resources/features/Pruebas/dev/Compras/PDP/CompraEfectivo.feature:45)
Caused by: org.openqa.selenium.TimeoutException: Expected condition failed: waiting for By.xpath: (//input[@id='js-voucher-code-text'])[2] to be enabled (tried for 5 second(s) with 100 MILLISECONDS interval)
	at org.openqa.selenium.support.ui.FluentWait.timeoutException(FluentWait.java:263)
	at org.openqa.selenium.support.ui.FluentWait.until(FluentWait.java:231)
	at net.serenitybdd.core.pages.WebElementFacadeImpl.waitUntilEnabled(WebElementFacadeImpl.java:965)
	at net.serenitybdd.core.pages.WebElementFacadeImpl.waitUntilElementAvailable(WebElementFacadeImpl.java:807)
	at net.serenitybdd.core.pages.WebElementFacadeImpl.type(WebElementFacadeImpl.java:688)
	at com.lineadirecta.pacifika.pageobjets.RedimirVaucherPage.EscribirVaucher(RedimirVaucherPage.java:18)
	at com.lineadirecta.pacifika.steps.RedimirVaucherSteps.EscribirVaucher(RedimirVaucherSteps.java:15)
	at com.lineadirecta.pacifika.steps.RedimirVaucherSteps$$EnhancerByCGLIB$$e5aea0e2.CGLIB$EscribirVaucher$5(<generated>)
	at com.lineadirecta.pacifika.steps.RedimirVaucherSteps$$EnhancerByCGLIB$$e5aea0e2$$FastClassByCGLIB$$cb65673c.invoke(<generated>)
	at net.sf.cglib.proxy.MethodProxy.invokeSuper(MethodProxy.java:228)
	at net.thucydides.core.steps.StepInterceptor.invokeMethod(StepInterceptor.java:450)
	at net.thucydides.core.steps.StepInterceptor.executeTestStepMethod(StepInterceptor.java:435)
	at net.thucydides.core.steps.StepInterceptor.runTestStep(StepInterceptor.java:410)
	at net.thucydides.core.steps.StepInterceptor.runOrSkipMethod(StepInterceptor.java:151)
	at net.thucydides.core.steps.StepInterceptor.testStepResult(StepInterceptor.java:138)
	at net.thucydides.core.steps.StepInterceptor.intercept(StepInterceptor.java:69)
	at com.lineadirecta.pacifika.steps.RedimirVaucherSteps$$EnhancerByCGLIB$$e5aea0e2.EscribirVaucher(<generated>)
	at com.lineadirecta.pacifika.definition.RedimirVaucherDefinition.digito_vaucher_de_tipo(RedimirVaucherDefinition.java:109)
	at sun.reflect.NativeMethodAccessorImpl.invoke0(Native Method)
	at sun.reflect.NativeMethodAccessorImpl.invoke(NativeMethodAccessorImpl.java:62)
	at sun.reflect.DelegatingMethodAccessorImpl.invoke(DelegatingMethodAccessorImpl.java:43)
	at java.lang.reflect.Method.invoke(Method.java:498)
	at cucumber.runtime.Utils$1.call(Utils.java:32)
	at cucumber.runtime.Timeout.timeout(Timeout.java:16)
	at cucumber.runtime.Utils.invoke(Utils.java:26)
	at cucumber.runtime.java.JavaStepDefinition.execute(JavaStepDefinition.java:37)
	at cucumber.runtime.StepDefinitionMatch.runStep(StepDefinitionMatch.java:40)
	at cucumber.api.TestStep.executeStep(TestStep.java:102)
	at cucumber.api.TestStep.run(TestStep.java:83)
	at cucumber.api.TestCase.run(TestCase.java:58)
	at cucumber.runner.Runner.runPickle(Runner.java:80)
	at cucumber.runtime.junit.PickleRunners$NoStepDescriptions.run(PickleRunners.java:140)
	at cucumber.runtime.junit.FeatureRunner.runChild(FeatureRunner.java:68)
	at cucumber.runtime.junit.FeatureRunner.runChild(FeatureRunner.java:23)
	at org.junit.runners.ParentRunner$3.run(ParentRunner.java:290)
	at org.junit.runners.ParentRunner$1.schedule(ParentRunner.java:71)
	at org.junit.runners.ParentRunner.runChildren(ParentRunner.java:288)
	at org.junit.runners.ParentRunner.access$000(ParentRunner.java:58)
	at org.junit.runners.ParentRunner$2.evaluate(ParentRunner.java:268)
	at org.junit.runners.ParentRunner.run(ParentRunner.java:363)
	at cucumber.runtime.junit.FeatureRunner.run(FeatureRunner.java:73)
	at cucumber.api.junit.Cucumber.runChild(Cucumber.java:117)
	at cucumber.api.junit.Cucumber.runChild(Cucumber.java:55)
	at org.junit.runners.ParentRunner$3.run(ParentRunner.java:290)
	at org.apache.maven.surefire.junitcore.pc.Scheduler$1.run(Scheduler.java:393)
	at org.apache.maven.surefire.junitcore.pc.InvokerStrategy.schedule(InvokerStrategy.java:54)
	at org.apache.maven.surefire.junitcore.pc.Scheduler.schedule(Scheduler.java:352)
	at org.junit.runners.ParentRunner.runChildren(ParentRunner.java:288)
	at org.junit.runners.ParentRunner.access$000(ParentRunner.java:58)
	at org.junit.runners.ParentRunner$2.evaluate(ParentRunner.java:268)
	at cucumber.api.junit.Cucumber$1.evaluate(Cucumber.java:126)
	at org.junit.runners.ParentRunner.run(ParentRunner.java:363)
	at org.junit.runners.Suite.runChild(Suite.java:128)
	at org.junit.runners.Suite.runChild(Suite.java:27)
	at org.junit.runners.ParentRunner$3.run(ParentRunner.java:290)
	at org.apache.maven.surefire.junitcore.pc.Scheduler$1.run(Scheduler.java:393)
	at java.util.concurrent.Executors$RunnableAdapter.call(Executors.java:511)
	at java.util.concurrent.FutureTask.run(FutureTask.java:266)
	at java.util.concurrent.ThreadPoolExecutor.runWorker(ThreadPoolExecutor.java:1142)
	at java.util.concurrent.ThreadPoolExecutor$Worker.run(ThreadPoolExecutor.java:617)
	at java.lang.Thread.run(Thread.java:745)
Caused by: org.openqa.selenium.NoSuchElementException: no such element: Unable to locate element: {"method":"xpath","selector":"(//input[@id='js-voucher-code-text'])[2]"}
  (Session info: chrome=67.0.3396.99)
  (Driver info: chromedriver=2.37.544315 (730aa6a5fdba159ac9f4c1e8cbc59bf1b5ce12b7),platform=Windows NT 6.1.7601 SP1 x86_64) (WARNING: The server did not provide any stacktrace information)
Command duration or timeout: 0 milliseconds
For documentation on this error, please visit: http://seleniumhq.org/exceptions/no_such_element.html
Build info: version: '3.8.1', revision: '6e95a6684b', time: '2017-12-01T18:33:54.468Z'
System info: host: 'SP4L8Z362', ip: '10.7.15.36', os.name: 'Windows 7', os.arch: 'amd64', os.version: '6.1', java.version: '1.8.0_121'
Driver info: org.openqa.selenium.remote.RemoteWebDriver
Capabilities {acceptInsecureCerts: false, acceptSslCerts: false, applicationCacheEnabled: false, browserConnectionEnabled: false, browserName: chrome, chrome: {chromedriverVersion: 2.37.544315 (730aa6a5fdba15..., userDataDir: C:\Users\41QS362\AppData\Lo...}, cssSelectorsEnabled: true, databaseEnabled: false, handlesAlerts: true, hasTouchScreen: false, javascriptEnabled: true, locationContextEnabled: true, mobileEmulationEnabled: false, nativeEvents: true, networkConnectionEnabled: false, pageLoadStrategy: normal, platform: XP, platformName: XP, rotatable: false, setWindowRect: true, takesHeapSnapshot: true, takesScreenshot: true, unexpectedAlertBehaviour: , unhandledPromptBehavior: , version: 67.0.3396.99, webStorageEnabled: true}
Session ID: e2533041215b2e60a5525f0f520bba9d
*** Element info: {Using=xpath, value=(//input[@id='js-voucher-code-text'])[2]}
	at sun.reflect.GeneratedConstructorAccessor62.newInstance(Unknown Source)
	at sun.reflect.DelegatingConstructorAccessorImpl.newInstance(DelegatingConstructorAccessorImpl.java:45)
	at java.lang.reflect.Constructor.newInstance(Constructor.java:423)
	at org.openqa.selenium.remote.ErrorHandler.createThrowable(ErrorHandler.java:214)
	at org.openqa.selenium.remote.ErrorHandler.throwIfResponseFailed(ErrorHandler.java:166)
	at org.openqa.selenium.remote.http.JsonHttpResponseCodec.reconstructValue(JsonHttpResponseCodec.java:40)
	at org.openqa.selenium.remote.http.AbstractHttpResponseCodec.decode(AbstractHttpResponseCodec.java:80)
	at org.openqa.selenium.remote.http.AbstractHttpResponseCodec.decode(AbstractHttpResponseCodec.java:44)
	at org.openqa.selenium.remote.HttpCommandExecutor.execute(HttpCommandExecutor.java:164)
	at org.openqa.selenium.remote.RemoteWebDriver.execute(RemoteWebDriver.java:601)
	at org.openqa.selenium.remote.RemoteWebDriver.findElement(RemoteWebDriver.java:371)
	at org.openqa.selenium.remote.RemoteWebDriver.findElementByXPath(RemoteWebDriver.java:473)
	at org.openqa.selenium.By$ByXPath.findElement(By.java:361)
	at org.openqa.selenium.remote.RemoteWebDriver.findElement(RemoteWebDriver.java:363)
	at net.thucydides.core.webdriver.WebDriverFacade.findElement(WebDriverFacade.java:278)
	at net.serenitybdd.core.pages.WebElementResolverByLocator.resolveForDriver(WebElementResolverByLocator.java:16)
	at net.serenitybdd.core.pages.WebElementFacadeImpl.getElement(WebElementFacadeImpl.java:209)
	at net.serenitybdd.core.pages.WebElementExpectations$3.apply(WebElementExpectations.java:63)
	at net.serenitybdd.core.pages.WebElementExpectations$3.apply(WebElementExpectations.java:55)
	at org.openqa.selenium.support.ui.FluentWait.until(FluentWait.java:208)
	... 59 more
&amp#27;[0m
    &amp#27;[36mAnd &amp#27;[0m&amp#27;[36mLogueo e Ir a Pasarela "&amp#27;[0m&amp#27;[36m&amp#27;[1maliada&amp#27;[0m&amp#27;[36m"&amp#27;[0m                                                   &amp#27;[90m# LogueoDesdeInicioDefinition.Logueo_e_ir_a_Pasarela(String)&amp#27;[0m
    &amp#27;[36mAnd &amp#27;[0m&amp#27;[36mSelecciono "&amp#27;[0m&amp#27;[36m&amp#27;[1mbaloto&amp#27;[0m&amp#27;[36m"&amp#27;[0m                                                               &amp#27;[90m# CompraEfectivoDefinition.selecciono(String)&amp#27;[0m
    &amp#27;[36mAnd &amp#27;[0m&amp#27;[36mPagar Ahora&amp#27;[0m                                                                       &amp#27;[90m# CompraTCDefinition.pagar_Ahora()&amp#27;[0m
    &amp#27;[36mAnd &amp#27;[0m&amp#27;[36mGuarda orden&amp#27;[0m                                                                      &amp#27;[90m# CompraEfectivoDefinition.guardar_orden()&amp#27;[0m
    &amp#27;[36mThen &amp#27;[0m&amp#27;[36mVerifico Mensaje Pago Final "&amp#27;[0m&amp#27;[36m&amp#27;[1mTu pago est√° en estado Pendiente.&amp#27;[0m&amp#27;[36m"&amp#27;[0m                  &amp#27;[90m# CompraCreditoDefinition.verifico_vensaje_vago_final(String)&amp#27;[0m
]]></system-out>
    <system-err><![CDATA[ago 01, 2018 4:04:24 PM org.openqa.selenium.remote.DesiredCapabilities chrome
INFORMACI√ìN: Using `new ChromeOptions()` is preferred to `DesiredCapabilities.chrome()`
ago 01, 2018 4:04:25 PM org.openqa.selenium.remote.ProtocolHandshake createSession
INFORMACI√ìN: Detected dialect: OSS
java.lang.IllegalStateException: Cannot get a STRING value from a NUMERIC cell
	at org.apache.poi.hssf.usermodel.HSSFCell.typeMismatch(HSSFCell.java:654)
	at org.apache.poi.hssf.usermodel.HSSFCell.getRichStringCellValue(HSSFCell.java:731)
	at org.apache.poi.hssf.usermodel.HSSFCell.getStringCellValue(HSSFCell.java:714)
	at com.lineadirecta.pacifika.model.DatosLogueoDesdeInicioModel2.LlenarLista(DatosLogueoDesdeInicioModel2.java:77)
	at com.lineadirecta.pacifika.definition.LogueoDesdeInicioDefinition.Tengo_datos_a_ingresar(LogueoDesdeInicioDefinition.java:47)
	at sun.reflect.NativeMethodAccessorImpl.invoke0(Native Method)
	at sun.reflect.NativeMethodAccessorImpl.invoke(NativeMethodAccessorImpl.java:62)
	at sun.reflect.DelegatingMethodAccessorImpl.invoke(DelegatingMethodAccessorImpl.java:43)
	at java.lang.reflect.Method.invoke(Method.java:498)
	at cucumber.runtime.Utils$1.call(Utils.java:32)
	at cucumber.runtime.Timeout.timeout(Timeout.java:16)
	at cucumber.runtime.Utils.invoke(Utils.java:26)
	at cucumber.runtime.java.JavaStepDefinition.execute(JavaStepDefinition.java:37)
	at cucumber.runtime.StepDefinitionMatch.runStep(StepDefinitionMatch.java:40)
	at cucumber.api.TestStep.executeStep(TestStep.java:102)
	at cucumber.api.TestStep.run(TestStep.java:83)
	at cucumber.api.TestCase.run(TestCase.java:58)
	at cucumber.runner.Runner.runPickle(Runner.java:80)
	at cucumber.runtime.junit.PickleRunners$NoStepDescriptions.run(PickleRunners.java:140)
	at cucumber.runtime.junit.FeatureRunner.runChild(FeatureRunner.java:68)
	at cucumber.runtime.junit.FeatureRunner.runChild(FeatureRunner.java:23)
	at org.junit.runners.ParentRunner$3.run(ParentRunner.java:290)
	at org.junit.runners.ParentRunner$1.schedule(ParentRunner.java:71)
	at org.junit.runners.ParentRunner.runChildren(ParentRunner.java:288)
	at org.junit.runners.ParentRunner.access$000(ParentRunner.java:58)
	at org.junit.runners.ParentRunner$2.evaluate(ParentRunner.java:268)
	at org.junit.runners.ParentRunner.run(ParentRunner.java:363)
	at cucumber.runtime.junit.FeatureRunner.run(FeatureRunner.java:73)
	at cucumber.api.junit.Cucumber.runChild(Cucumber.java:117)
	at cucumber.api.junit.Cucumber.runChild(Cucumber.java:55)
	at org.junit.runners.ParentRunner$3.run(ParentRunner.java:290)
	at org.apache.maven.surefire.junitcore.pc.Scheduler$1.run(Scheduler.java:393)
	at org.apache.maven.surefire.junitcore.pc.InvokerStrategy.schedule(InvokerStrategy.java:54)
	at org.apache.maven.surefire.junitcore.pc.Scheduler.schedule(Scheduler.java:352)
	at org.junit.runners.ParentRunner.runChildren(ParentRunner.java:288)
	at org.junit.runners.ParentRunner.access$000(ParentRunner.java:58)
	at org.junit.runners.ParentRunner$2.evaluate(ParentRunner.java:268)
	at cucumber.api.junit.Cucumber$1.evaluate(Cucumber.java:126)
	at org.junit.runners.ParentRunner.run(ParentRunner.java:363)
	at org.junit.runners.Suite.runChild(Suite.java:128)
	at org.junit.runners.Suite.runChild(Suite.java:27)
	at org.junit.runners.ParentRunner$3.run(ParentRunner.java:290)
	at org.apache.maven.surefire.junitcore.pc.Scheduler$1.run(Scheduler.java:393)
	at java.util.concurrent.Executors$RunnableAdapter.call(Executors.java:511)
	at java.util.concurrent.FutureTask.run(FutureTask.java:266)
	at java.util.concurrent.ThreadPoolExecutor.runWorker(ThreadPoolExecutor.java:1142)
	at java.util.concurrent.ThreadPoolExecutor$Worker.run(ThreadPoolExecutor.java:617)
	at java.lang.Thread.run(Thread.java:745)
[pool-1-thread-1] ERROR net.serenitybdd.core.Serenity - 
           __  _____ _____ ____ _____   _____ _    ___ _     _____ ____  
  _       / / |_   _| ____/ ___|_   _| |  ___/ \  |_ _| |   | ____|  _ \ 
 (_)_____| |    | | |  _| \___ \ | |   | |_ / _ \  | || |   |  _| | | | |
  _|_____| |    | | | |___ ___) || |   |  _/ ___ \ | || |___| |___| |_| |
 (_)     | |    |_| |_____|____/ |_|   |_|/_/   \_\___|_____|_____|____/ 
          \_\                                                            

TEST FAILED WITH ERROR: Compra efectivo usuario <usuario> <forma> con descuento <voucher>
---------------------------------------------------------------------
[pool-1-thread-1] ERROR net.serenitybdd.core.Serenity - TEST FAILED AT STEP Escribir vaucher: valorfijo
[pool-1-thread-1] ERROR net.serenitybdd.core.Serenity - The following error occurred: unknown error: Element <img class="lazy" data-src="/medias/sys_master/images/images/hcc/heb/8796406644766/P506552-1.jpg" alt="Blusa Manga Sisa Blanco" title="Blusa Manga Sisa Blanco" src="data:image/gif;base64,R0lGODlhAQABAIAAAP///wAAACH5BAEAAAAALAAAAAABAAEAAAICRAEAOw=="> is not clickable at point (885, 404). Other element would receive the click: <div class="details mt-card-content">...</div>  (Session info: chrome=67.0.3396.99)  (Driver info: chromedriver=2.37.544315 (730aa6a5fdba159ac9f4c1e8cbc59bf1b5ce12b7),platform=Windows NT 6.1.7601 SP1 x86_64) (WARNING: The server did not provide any stacktrace information)Command duration or timeout: 0 millisecondsBuild info: version: '3.8.1', revision: '6e95a6684b', time: '2017-12-01T18:33:54.468Z'System info: host: 'SP4L8Z362', ip: '10.7.15.36', os.name: 'Windows 7', os.arch: 'amd64', os.version: '6.1', java.version: '1.8.0_121'Driver info: org.openqa.selenium.remote.RemoteWebDriverCapabilities {acceptInsecureCerts: false, acceptSslCerts: false, applicationCacheEnabled: false, browserConnectionEnabled: false, browserName: chrome, chrome: {chromedriverVersion: 2.37.544315 (730aa6a5fdba15..., userDataDir: C:\Users\41QS362\AppData\Lo...}, cssSelectorsEnabled: true, databaseEnabled: false, handlesAlerts: true, hasTouchScreen: false, javascriptEnabled: true, locationContextEnabled: true, mobileEmulationEnabled: false, nativeEvents: true, networkConnectionEnabled: false, pageLoadStrategy: normal, platform: XP, platformName: XP, rotatable: false, setWindowRect: true, takesHeapSnapshot: true, takesScreenshot: true, unexpectedAlertBehaviour: , unhandledPromptBehavior: , version: 67.0.3396.99, webStorageEnabled: true}Session ID: 2f5e4c24bd45ce277d78d0d0808fe9faBuild info: version: '3.8.1', revision: '6e95a6684b', time: '2017-12-01T18:33:54.468Z'System info: host: 'SP4L8Z362', ip: '10.7.15.36', os.name: 'Windows 7', os.arch: 'amd64', os.version: '6.1', java.version: '1.8.0_121'Driver info: driver.version: unknown
]]></system-err>
  </testcase>
  <testcase name="Compra efectivo usuario aliada efecty con descuento porcentaje" classname="Compras en efectivo" time="152.003">
    <error message="The following error occurred: Expected enabled element was not enabled" type="net.serenitybdd.core.exceptions.SerenityManagedException">net.serenitybdd.core.exceptions.SerenityManagedException: The following error occurred: Expected enabled element was not enabled
Caused by: org.openqa.selenium.TimeoutException: Expected condition failed: waiting for By.xpath: (//input[@id='js-voucher-code-text'])[2] to be enabled (tried for 5 second(s) with 100 MILLISECONDS interval)
Caused by: org.openqa.selenium.NoSuchElementException: 
no such element: Unable to locate element: {"method":"xpath","selector":"(//input[@id='js-voucher-code-text'])[2]"}
  (Session info: chrome=67.0.3396.99)
  (Driver info: chromedriver=2.37.544315 (730aa6a5fdba159ac9f4c1e8cbc59bf1b5ce12b7),platform=Windows NT 6.1.7601 SP1 x86_64) (WARNING: The server did not provide any stacktrace information)
Command duration or timeout: 0 milliseconds
For documentation on this error, please visit: http://seleniumhq.org/exceptions/no_such_element.html
Build info: version: '3.8.1', revision: '6e95a6684b', time: '2017-12-01T18:33:54.468Z'
System info: host: 'SP4L8Z362', ip: '10.7.15.36', os.name: 'Windows 7', os.arch: 'amd64', os.version: '6.1', java.version: '1.8.0_121'
Driver info: org.openqa.selenium.remote.RemoteWebDriver
Capabilities {acceptInsecureCerts: false, acceptSslCerts: false, applicationCacheEnabled: false, browserConnectionEnabled: false, browserName: chrome, chrome: {chromedriverVersion: 2.37.544315 (730aa6a5fdba15..., userDataDir: C:\Users\41QS362\AppData\Lo...}, cssSelectorsEnabled: true, databaseEnabled: false, handlesAlerts: true, hasTouchScreen: false, javascriptEnabled: true, locationContextEnabled: true, mobileEmulationEnabled: false, nativeEvents: true, networkConnectionEnabled: false, pageLoadStrategy: normal, platform: XP, platformName: XP, rotatable: false, setWindowRect: true, takesHeapSnapshot: true, takesScreenshot: true, unexpectedAlertBehaviour: , unhandledPromptBehavior: , version: 67.0.3396.99, webStorageEnabled: true}
Session ID: 6c7b41e9103a4465cb6f4e75e4a3b238
*** Element info: {Using=xpath, value=(//input[@id='js-voucher-code-text'])[2]}
</error>
    <system-out><![CDATA[    &amp#27;[32mGiven &amp#27;[0m&amp#27;[32mEstando en Home&amp#27;[0m                                                                 &amp#27;[90m# AgregarArticuloDefinition.estando_en_Home()&amp#27;[0m
    &amp#27;[32mAnd &amp#27;[0m&amp#27;[32mTengo datos a ingresar "&amp#27;[0m&amp#27;[32m&amp#27;[1msrc/test/resources/datadrivenDev/usuarios.xls&amp#27;[0m&amp#27;[32m"&amp#27;[0m            &amp#27;[90m# LogueoDesdeInicioDefinition.Tengo_datos_a_ingresar(String)&amp#27;[0m
    &amp#27;[32mAnd &amp#27;[0m&amp#27;[32mTeniendo articulos a seleccionar "&amp#27;[0m&amp#27;[32m&amp#27;[1msrc/test/resources/datadrivenDev/articulos.csv&amp#27;[0m&amp#27;[32m"&amp#27;[0m &amp#27;[90m# AgregarArticuloDefinition.teniendo_articulos_a_seleccionar(String)&amp#27;[0m
    &amp#27;[32mAnd &amp#27;[0m&amp#27;[32mteniendo datos en lista "&amp#27;[0m&amp#27;[32m&amp#27;[1msrc/test/resources/datadrivenDev/vaucher.xls&amp#27;[0m&amp#27;[32m"&amp#27;[0m            &amp#27;[90m# RedimirVaucherDefinition.teniendo_datos_en_lista(String)&amp#27;[0m
    &amp#27;[32mWhen &amp#27;[0m&amp#27;[32mSelecciona articulos desde PDP&amp#27;[0m                                                   &amp#27;[90m# AgregarArticuloDefinition.selecciona_articulos_desde_PDP()&amp#27;[0m
    &amp#27;[31mAnd &amp#27;[0m&amp#27;[31mdigito vaucher de tipo "&amp#27;[0m&amp#27;[31m&amp#27;[1mporcentaje&amp#27;[0m&amp#27;[31m"&amp#27;[0m                                               &amp#27;[90m# RedimirVaucherDefinition.digito_vaucher_de_tipo(String)&amp#27;[0m
      &amp#27;[31mnet.serenitybdd.core.exceptions.SerenityManagedException: The following error occurred: Expected enabled element was not enabled
	at net.serenitybdd.core.pages.WebElementFacadeImpl.waitUntilEnabled(WebElementFacadeImpl.java:968)
	at net.serenitybdd.core.pages.WebElementFacadeImpl.waitUntilElementAvailable(WebElementFacadeImpl.java:807)
	at net.serenitybdd.core.pages.WebElementFacadeImpl.type(WebElementFacadeImpl.java:688)
	at com.lineadirecta.pacifika.pageobjets.RedimirVaucherPage.EscribirVaucher(RedimirVaucherPage.java:18)
	at com.lineadirecta.pacifika.steps.RedimirVaucherSteps.EscribirVaucher(RedimirVaucherSteps.java:15)
	at com.lineadirecta.pacifika.steps.RedimirVaucherSteps$$EnhancerByCGLIB$$e5aea0e2.CGLIB$EscribirVaucher$5(<generated>)
	at com.lineadirecta.pacifika.steps.RedimirVaucherSteps$$EnhancerByCGLIB$$e5aea0e2$$FastClassByCGLIB$$cb65673c.invoke(<generated>)
	at net.sf.cglib.proxy.MethodProxy.invokeSuper(MethodProxy.java:228)
	at net.thucydides.core.steps.StepInterceptor.invokeMethod(StepInterceptor.java:450)
	at net.thucydides.core.steps.StepInterceptor.executeTestStepMethod(StepInterceptor.java:435)
	at net.thucydides.core.steps.StepInterceptor.runTestStep(StepInterceptor.java:410)
	at net.thucydides.core.steps.StepInterceptor.runOrSkipMethod(StepInterceptor.java:151)
	at net.thucydides.core.steps.StepInterceptor.testStepResult(StepInterceptor.java:138)
	at net.thucydides.core.steps.StepInterceptor.intercept(StepInterceptor.java:69)
	at com.lineadirecta.pacifika.steps.RedimirVaucherSteps$$EnhancerByCGLIB$$e5aea0e2.EscribirVaucher(<generated>)
	at com.lineadirecta.pacifika.definition.RedimirVaucherDefinition.digito_vaucher_de_tipo(RedimirVaucherDefinition.java:109)
	at ?.digito vaucher de tipo "porcentaje"(src/main/resources/features/Pruebas/dev/Compras/PDP/CompraEfectivo.feature:45)
Caused by: org.openqa.selenium.TimeoutException: Expected condition failed: waiting for By.xpath: (//input[@id='js-voucher-code-text'])[2] to be enabled (tried for 5 second(s) with 100 MILLISECONDS interval)
	at org.openqa.selenium.support.ui.FluentWait.timeoutException(FluentWait.java:263)
	at org.openqa.selenium.support.ui.FluentWait.until(FluentWait.java:231)
	at net.serenitybdd.core.pages.WebElementFacadeImpl.waitUntilEnabled(WebElementFacadeImpl.java:965)
	at net.serenitybdd.core.pages.WebElementFacadeImpl.waitUntilElementAvailable(WebElementFacadeImpl.java:807)
	at net.serenitybdd.core.pages.WebElementFacadeImpl.type(WebElementFacadeImpl.java:688)
	at com.lineadirecta.pacifika.pageobjets.RedimirVaucherPage.EscribirVaucher(RedimirVaucherPage.java:18)
	at com.lineadirecta.pacifika.steps.RedimirVaucherSteps.EscribirVaucher(RedimirVaucherSteps.java:15)
	at com.lineadirecta.pacifika.steps.RedimirVaucherSteps$$EnhancerByCGLIB$$e5aea0e2.CGLIB$EscribirVaucher$5(<generated>)
	at com.lineadirecta.pacifika.steps.RedimirVaucherSteps$$EnhancerByCGLIB$$e5aea0e2$$FastClassByCGLIB$$cb65673c.invoke(<generated>)
	at net.sf.cglib.proxy.MethodProxy.invokeSuper(MethodProxy.java:228)
	at net.thucydides.core.steps.StepInterceptor.invokeMethod(StepInterceptor.java:450)
	at net.thucydides.core.steps.StepInterceptor.executeTestStepMethod(StepInterceptor.java:435)
	at net.thucydides.core.steps.StepInterceptor.runTestStep(StepInterceptor.java:410)
	at net.thucydides.core.steps.StepInterceptor.runOrSkipMethod(StepInterceptor.java:151)
	at net.thucydides.core.steps.StepInterceptor.testStepResult(StepInterceptor.java:138)
	at net.thucydides.core.steps.StepInterceptor.intercept(StepInterceptor.java:69)
	at com.lineadirecta.pacifika.steps.RedimirVaucherSteps$$EnhancerByCGLIB$$e5aea0e2.EscribirVaucher(<generated>)
	at com.lineadirecta.pacifika.definition.RedimirVaucherDefinition.digito_vaucher_de_tipo(RedimirVaucherDefinition.java:109)
	at sun.reflect.NativeMethodAccessorImpl.invoke0(Native Method)
	at sun.reflect.NativeMethodAccessorImpl.invoke(NativeMethodAccessorImpl.java:62)
	at sun.reflect.DelegatingMethodAccessorImpl.invoke(DelegatingMethodAccessorImpl.java:43)
	at java.lang.reflect.Method.invoke(Method.java:498)
	at cucumber.runtime.Utils$1.call(Utils.java:32)
	at cucumber.runtime.Timeout.timeout(Timeout.java:16)
	at cucumber.runtime.Utils.invoke(Utils.java:26)
	at cucumber.runtime.java.JavaStepDefinition.execute(JavaStepDefinition.java:37)
	at cucumber.runtime.StepDefinitionMatch.runStep(StepDefinitionMatch.java:40)
	at cucumber.api.TestStep.executeStep(TestStep.java:102)
	at cucumber.api.TestStep.run(TestStep.java:83)
	at cucumber.api.TestCase.run(TestCase.java:58)
	at cucumber.runner.Runner.runPickle(Runner.java:80)
	at cucumber.runtime.junit.PickleRunners$NoStepDescriptions.run(PickleRunners.java:140)
	at cucumber.runtime.junit.FeatureRunner.runChild(FeatureRunner.java:68)
	at cucumber.runtime.junit.FeatureRunner.runChild(FeatureRunner.java:23)
	at org.junit.runners.ParentRunner$3.run(ParentRunner.java:290)
	at org.junit.runners.ParentRunner$1.schedule(ParentRunner.java:71)
	at org.junit.runners.ParentRunner.runChildren(ParentRunner.java:288)
	at org.junit.runners.ParentRunner.access$000(ParentRunner.java:58)
	at org.junit.runners.ParentRunner$2.evaluate(ParentRunner.java:268)
	at org.junit.runners.ParentRunner.run(ParentRunner.java:363)
	at cucumber.runtime.junit.FeatureRunner.run(FeatureRunner.java:73)
	at cucumber.api.junit.Cucumber.runChild(Cucumber.java:117)
	at cucumber.api.junit.Cucumber.runChild(Cucumber.java:55)
	at org.junit.runners.ParentRunner$3.run(ParentRunner.java:290)
	at org.apache.maven.surefire.junitcore.pc.Scheduler$1.run(Scheduler.java:393)
	at org.apache.maven.surefire.junitcore.pc.InvokerStrategy.schedule(InvokerStrategy.java:54)
	at org.apache.maven.surefire.junitcore.pc.Scheduler.schedule(Scheduler.java:352)
	at org.junit.runners.ParentRunner.runChildren(ParentRunner.java:288)
	at org.junit.runners.ParentRunner.access$000(ParentRunner.java:58)
	at org.junit.runners.ParentRunner$2.evaluate(ParentRunner.java:268)
	at cucumber.api.junit.Cucumber$1.evaluate(Cucumber.java:126)
	at org.junit.runners.ParentRunner.run(ParentRunner.java:363)
	at org.junit.runners.Suite.runChild(Suite.java:128)
	at org.junit.runners.Suite.runChild(Suite.java:27)
	at org.junit.runners.ParentRunner$3.run(ParentRunner.java:290)
	at org.apache.maven.surefire.junitcore.pc.Scheduler$1.run(Scheduler.java:393)
	at java.util.concurrent.Executors$RunnableAdapter.call(Executors.java:511)
	at java.util.concurrent.FutureTask.run(FutureTask.java:266)
	at java.util.concurrent.ThreadPoolExecutor.runWorker(ThreadPoolExecutor.java:1142)
	at java.util.concurrent.ThreadPoolExecutor$Worker.run(ThreadPoolExecutor.java:617)
	at java.lang.Thread.run(Thread.java:745)
Caused by: org.openqa.selenium.NoSuchElementException: no such element: Unable to locate element: {"method":"xpath","selector":"(//input[@id='js-voucher-code-text'])[2]"}
  (Session info: chrome=67.0.3396.99)
  (Driver info: chromedriver=2.37.544315 (730aa6a5fdba159ac9f4c1e8cbc59bf1b5ce12b7),platform=Windows NT 6.1.7601 SP1 x86_64) (WARNING: The server did not provide any stacktrace information)
Command duration or timeout: 0 milliseconds
For documentation on this error, please visit: http://seleniumhq.org/exceptions/no_such_element.html
Build info: version: '3.8.1', revision: '6e95a6684b', time: '2017-12-01T18:33:54.468Z'
System info: host: 'SP4L8Z362', ip: '10.7.15.36', os.name: 'Windows 7', os.arch: 'amd64', os.version: '6.1', java.version: '1.8.0_121'
Driver info: org.openqa.selenium.remote.RemoteWebDriver
Capabilities {acceptInsecureCerts: false, acceptSslCerts: false, applicationCacheEnabled: false, browserConnectionEnabled: false, browserName: chrome, chrome: {chromedriverVersion: 2.37.544315 (730aa6a5fdba15..., userDataDir: C:\Users\41QS362\AppData\Lo...}, cssSelectorsEnabled: true, databaseEnabled: false, handlesAlerts: true, hasTouchScreen: false, javascriptEnabled: true, locationContextEnabled: true, mobileEmulationEnabled: false, nativeEvents: true, networkConnectionEnabled: false, pageLoadStrategy: normal, platform: XP, platformName: XP, rotatable: false, setWindowRect: true, takesHeapSnapshot: true, takesScreenshot: true, unexpectedAlertBehaviour: , unhandledPromptBehavior: , version: 67.0.3396.99, webStorageEnabled: true}
Session ID: 6c7b41e9103a4465cb6f4e75e4a3b238
*** Element info: {Using=xpath, value=(//input[@id='js-voucher-code-text'])[2]}
	at sun.reflect.GeneratedConstructorAccessor62.newInstance(Unknown Source)
	at sun.reflect.DelegatingConstructorAccessorImpl.newInstance(DelegatingConstructorAccessorImpl.java:45)
	at java.lang.reflect.Constructor.newInstance(Constructor.java:423)
	at org.openqa.selenium.remote.ErrorHandler.createThrowable(ErrorHandler.java:214)
	at org.openqa.selenium.remote.ErrorHandler.throwIfResponseFailed(ErrorHandler.java:166)
	at org.openqa.selenium.remote.http.JsonHttpResponseCodec.reconstructValue(JsonHttpResponseCodec.java:40)
	at org.openqa.selenium.remote.http.AbstractHttpResponseCodec.decode(AbstractHttpResponseCodec.java:80)
	at org.openqa.selenium.remote.http.AbstractHttpResponseCodec.decode(AbstractHttpResponseCodec.java:44)
	at org.openqa.selenium.remote.HttpCommandExecutor.execute(HttpCommandExecutor.java:164)
	at org.openqa.selenium.remote.RemoteWebDriver.execute(RemoteWebDriver.java:601)
	at org.openqa.selenium.remote.RemoteWebDriver.findElement(RemoteWebDriver.java:371)
	at org.openqa.selenium.remote.RemoteWebDriver.findElementByXPath(RemoteWebDriver.java:473)
	at org.openqa.selenium.By$ByXPath.findElement(By.java:361)
	at org.openqa.selenium.remote.RemoteWebDriver.findElement(RemoteWebDriver.java:363)
	at net.thucydides.core.webdriver.WebDriverFacade.findElement(WebDriverFacade.java:278)
	at net.serenitybdd.core.pages.WebElementResolverByLocator.resolveForDriver(WebElementResolverByLocator.java:16)
	at net.serenitybdd.core.pages.WebElementFacadeImpl.getElement(WebElementFacadeImpl.java:209)
	at net.serenitybdd.core.pages.WebElementExpectations$3.apply(WebElementExpectations.java:63)
	at net.serenitybdd.core.pages.WebElementExpectations$3.apply(WebElementExpectations.java:55)
	at org.openqa.selenium.support.ui.FluentWait.until(FluentWait.java:208)
	... 59 more
&amp#27;[0m
    &amp#27;[36mAnd &amp#27;[0m&amp#27;[36mLogueo e Ir a Pasarela "&amp#27;[0m&amp#27;[36m&amp#27;[1maliada&amp#27;[0m&amp#27;[36m"&amp#27;[0m                                                   &amp#27;[90m# LogueoDesdeInicioDefinition.Logueo_e_ir_a_Pasarela(String)&amp#27;[0m
    &amp#27;[36mAnd &amp#27;[0m&amp#27;[36mSelecciono "&amp#27;[0m&amp#27;[36m&amp#27;[1mefecty&amp#27;[0m&amp#27;[36m"&amp#27;[0m                                                               &amp#27;[90m# CompraEfectivoDefinition.selecciono(String)&amp#27;[0m
    &amp#27;[36mAnd &amp#27;[0m&amp#27;[36mPagar Ahora&amp#27;[0m                                                                       &amp#27;[90m# CompraTCDefinition.pagar_Ahora()&amp#27;[0m
    &amp#27;[36mAnd &amp#27;[0m&amp#27;[36mGuarda orden&amp#27;[0m                                                                      &amp#27;[90m# CompraEfectivoDefinition.guardar_orden()&amp#27;[0m
    &amp#27;[36mThen &amp#27;[0m&amp#27;[36mVerifico Mensaje Pago Final "&amp#27;[0m&amp#27;[36m&amp#27;[1mTu pago est√° en estado Pendiente.&amp#27;[0m&amp#27;[36m"&amp#27;[0m                  &amp#27;[90m# CompraCreditoDefinition.verifico_vensaje_vago_final(String)&amp#27;[0m
]]></system-out>
    <system-err><![CDATA[ago 01, 2018 4:06:24 PM org.openqa.selenium.remote.DesiredCapabilities chrome
INFORMACI√ìN: Using `new ChromeOptions()` is preferred to `DesiredCapabilities.chrome()`
ago 01, 2018 4:06:25 PM org.openqa.selenium.remote.ProtocolHandshake createSession
INFORMACI√ìN: Detected dialect: OSS
java.lang.IllegalStateException: Cannot get a STRING value from a NUMERIC cell
	at org.apache.poi.hssf.usermodel.HSSFCell.typeMismatch(HSSFCell.java:654)
	at org.apache.poi.hssf.usermodel.HSSFCell.getRichStringCellValue(HSSFCell.java:731)
	at org.apache.poi.hssf.usermodel.HSSFCell.getStringCellValue(HSSFCell.java:714)
	at com.lineadirecta.pacifika.model.DatosLogueoDesdeInicioModel2.LlenarLista(DatosLogueoDesdeInicioModel2.java:77)
	at com.lineadirecta.pacifika.definition.LogueoDesdeInicioDefinition.Tengo_datos_a_ingresar(LogueoDesdeInicioDefinition.java:47)
	at sun.reflect.NativeMethodAccessorImpl.invoke0(Native Method)
	at sun.reflect.NativeMethodAccessorImpl.invoke(NativeMethodAccessorImpl.java:62)
	at sun.reflect.DelegatingMethodAccessorImpl.invoke(DelegatingMethodAccessorImpl.java:43)
	at java.lang.reflect.Method.invoke(Method.java:498)
	at cucumber.runtime.Utils$1.call(Utils.java:32)
	at cucumber.runtime.Timeout.timeout(Timeout.java:16)
	at cucumber.runtime.Utils.invoke(Utils.java:26)
	at cucumber.runtime.java.JavaStepDefinition.execute(JavaStepDefinition.java:37)
	at cucumber.runtime.StepDefinitionMatch.runStep(StepDefinitionMatch.java:40)
	at cucumber.api.TestStep.executeStep(TestStep.java:102)
	at cucumber.api.TestStep.run(TestStep.java:83)
	at cucumber.api.TestCase.run(TestCase.java:58)
	at cucumber.runner.Runner.runPickle(Runner.java:80)
	at cucumber.runtime.junit.PickleRunners$NoStepDescriptions.run(PickleRunners.java:140)
	at cucumber.runtime.junit.FeatureRunner.runChild(FeatureRunner.java:68)
	at cucumber.runtime.junit.FeatureRunner.runChild(FeatureRunner.java:23)
	at org.junit.runners.ParentRunner$3.run(ParentRunner.java:290)
	at org.junit.runners.ParentRunner$1.schedule(ParentRunner.java:71)
	at org.junit.runners.ParentRunner.runChildren(ParentRunner.java:288)
	at org.junit.runners.ParentRunner.access$000(ParentRunner.java:58)
	at org.junit.runners.ParentRunner$2.evaluate(ParentRunner.java:268)
	at org.junit.runners.ParentRunner.run(ParentRunner.java:363)
	at cucumber.runtime.junit.FeatureRunner.run(FeatureRunner.java:73)
	at cucumber.api.junit.Cucumber.runChild(Cucumber.java:117)
	at cucumber.api.junit.Cucumber.runChild(Cucumber.java:55)
	at org.junit.runners.ParentRunner$3.run(ParentRunner.java:290)
	at org.apache.maven.surefire.junitcore.pc.Scheduler$1.run(Scheduler.java:393)
	at org.apache.maven.surefire.junitcore.pc.InvokerStrategy.schedule(InvokerStrategy.java:54)
	at org.apache.maven.surefire.junitcore.pc.Scheduler.schedule(Scheduler.java:352)
	at org.junit.runners.ParentRunner.runChildren(ParentRunner.java:288)
	at org.junit.runners.ParentRunner.access$000(ParentRunner.java:58)
	at org.junit.runners.ParentRunner$2.evaluate(ParentRunner.java:268)
	at cucumber.api.junit.Cucumber$1.evaluate(Cucumber.java:126)
	at org.junit.runners.ParentRunner.run(ParentRunner.java:363)
	at org.junit.runners.Suite.runChild(Suite.java:128)
	at org.junit.runners.Suite.runChild(Suite.java:27)
	at org.junit.runners.ParentRunner$3.run(ParentRunner.java:290)
	at org.apache.maven.surefire.junitcore.pc.Scheduler$1.run(Scheduler.java:393)
	at java.util.concurrent.Executors$RunnableAdapter.call(Executors.java:511)
	at java.util.concurrent.FutureTask.run(FutureTask.java:266)
	at java.util.concurrent.ThreadPoolExecutor.runWorker(ThreadPoolExecutor.java:1142)
	at java.util.concurrent.ThreadPoolExecutor$Worker.run(ThreadPoolExecutor.java:617)
	at java.lang.Thread.run(Thread.java:745)
[pool-1-thread-1] ERROR net.serenitybdd.core.Serenity - 
           __  _____ _____ ____ _____   _____ _    ___ _     _____ ____  
  _       / / |_   _| ____/ ___|_   _| |  ___/ \  |_ _| |   | ____|  _ \ 
 (_)_____| |    | | |  _| \___ \ | |   | |_ / _ \  | || |   |  _| | | | |
  _|_____| |    | | | |___ ___) || |   |  _/ ___ \ | || |___| |___| |_| |
 (_)     | |    |_| |_____|____/ |_|   |_|/_/   \_\___|_____|_____|____/ 
          \_\                                                            

TEST FAILED WITH ERROR: Compra efectivo usuario <usuario> <forma> con descuento <voucher>
---------------------------------------------------------------------
[pool-1-thread-1] ERROR net.serenitybdd.core.Serenity - TEST FAILED AT STEP Escribir vaucher: porcentaje
[pool-1-thread-1] ERROR net.serenitybdd.core.Serenity - The following error occurred: unknown error: Element <img class="lazy" data-src="/medias/sys_master/images/images/hcc/heb/8796406644766/P506552-1.jpg" alt="Blusa Manga Sisa Blanco" title="Blusa Manga Sisa Blanco" src="data:image/gif;base64,R0lGODlhAQABAIAAAP///wAAACH5BAEAAAAALAAAAAABAAEAAAICRAEAOw=="> is not clickable at point (885, 404). Other element would receive the click: <div class="details mt-card-content">...</div>  (Session info: chrome=67.0.3396.99)  (Driver info: chromedriver=2.37.544315 (730aa6a5fdba159ac9f4c1e8cbc59bf1b5ce12b7),platform=Windows NT 6.1.7601 SP1 x86_64) (WARNING: The server did not provide any stacktrace information)Command duration or timeout: 0 millisecondsBuild info: version: '3.8.1', revision: '6e95a6684b', time: '2017-12-01T18:33:54.468Z'System info: host: 'SP4L8Z362', ip: '10.7.15.36', os.name: 'Windows 7', os.arch: 'amd64', os.version: '6.1', java.version: '1.8.0_121'Driver info: org.openqa.selenium.remote.RemoteWebDriverCapabilities {acceptInsecureCerts: false, acceptSslCerts: false, applicationCacheEnabled: false, browserConnectionEnabled: false, browserName: chrome, chrome: {chromedriverVersion: 2.37.544315 (730aa6a5fdba15..., userDataDir: C:\Users\41QS362\AppData\Lo...}, cssSelectorsEnabled: true, databaseEnabled: false, handlesAlerts: true, hasTouchScreen: false, javascriptEnabled: true, locationContextEnabled: true, mobileEmulationEnabled: false, nativeEvents: true, networkConnectionEnabled: false, pageLoadStrategy: normal, platform: XP, platformName: XP, rotatable: false, setWindowRect: true, takesHeapSnapshot: true, takesScreenshot: true, unexpectedAlertBehaviour: , unhandledPromptBehavior: , version: 67.0.3396.99, webStorageEnabled: true}Session ID: 2f5e4c24bd45ce277d78d0d0808fe9faBuild info: version: '3.8.1', revision: '6e95a6684b', time: '2017-12-01T18:33:54.468Z'System info: host: 'SP4L8Z362', ip: '10.7.15.36', os.name: 'Windows 7', os.arch: 'amd64', os.version: '6.1', java.version: '1.8.0_121'Driver info: driver.version: unknown
]]></system-err>
  </testcase>
  <testcase name="Compra efectivo usuario aliadan efecty con descuento porcentaje" classname="Compras en efectivo" time="130.103">
    <error message="The following error occurred: Expected enabled element was not enabled" type="net.serenitybdd.core.exceptions.SerenityManagedException">net.serenitybdd.core.exceptions.SerenityManagedException: The following error occurred: Expected enabled element was not enabled
Caused by: org.openqa.selenium.TimeoutException: Expected condition failed: waiting for By.xpath: (//input[@id='js-voucher-code-text'])[2] to be enabled (tried for 5 second(s) with 100 MILLISECONDS interval)
Caused by: org.openqa.selenium.NoSuchElementException: 
no such element: Unable to locate element: {"method":"xpath","selector":"(//input[@id='js-voucher-code-text'])[2]"}
  (Session info: chrome=67.0.3396.99)
  (Driver info: chromedriver=2.37.544315 (730aa6a5fdba159ac9f4c1e8cbc59bf1b5ce12b7),platform=Windows NT 6.1.7601 SP1 x86_64) (WARNING: The server did not provide any stacktrace information)
Command duration or timeout: 0 milliseconds
For documentation on this error, please visit: http://seleniumhq.org/exceptions/no_such_element.html
Build info: version: '3.8.1', revision: '6e95a6684b', time: '2017-12-01T18:33:54.468Z'
System info: host: 'SP4L8Z362', ip: '10.7.15.36', os.name: 'Windows 7', os.arch: 'amd64', os.version: '6.1', java.version: '1.8.0_121'
Driver info: org.openqa.selenium.remote.RemoteWebDriver
Capabilities {acceptInsecureCerts: false, acceptSslCerts: false, applicationCacheEnabled: false, browserConnectionEnabled: false, browserName: chrome, chrome: {chromedriverVersion: 2.37.544315 (730aa6a5fdba15..., userDataDir: C:\Users\41QS362\AppData\Lo...}, cssSelectorsEnabled: true, databaseEnabled: false, handlesAlerts: true, hasTouchScreen: false, javascriptEnabled: true, locationContextEnabled: true, mobileEmulationEnabled: false, nativeEvents: true, networkConnectionEnabled: false, pageLoadStrategy: normal, platform: XP, platformName: XP, rotatable: false, setWindowRect: true, takesHeapSnapshot: true, takesScreenshot: true, unexpectedAlertBehaviour: , unhandledPromptBehavior: , version: 67.0.3396.99, webStorageEnabled: true}
Session ID: 3463fae6cb3803418e42f495fa24db4d
*** Element info: {Using=xpath, value=(//input[@id='js-voucher-code-text'])[2]}
</error>
    <system-out><![CDATA[    &amp#27;[32mGiven &amp#27;[0m&amp#27;[32mEstando en Home&amp#27;[0m                                                                 &amp#27;[90m# AgregarArticuloDefinition.estando_en_Home()&amp#27;[0m
    &amp#27;[32mAnd &amp#27;[0m&amp#27;[32mTengo datos a ingresar "&amp#27;[0m&amp#27;[32m&amp#27;[1msrc/test/resources/datadrivenDev/usuarios.xls&amp#27;[0m&amp#27;[32m"&amp#27;[0m            &amp#27;[90m# LogueoDesdeInicioDefinition.Tengo_datos_a_ingresar(String)&amp#27;[0m
    &amp#27;[32mAnd &amp#27;[0m&amp#27;[32mTeniendo articulos a seleccionar "&amp#27;[0m&amp#27;[32m&amp#27;[1msrc/test/resources/datadrivenDev/articulos.csv&amp#27;[0m&amp#27;[32m"&amp#27;[0m &amp#27;[90m# AgregarArticuloDefinition.teniendo_articulos_a_seleccionar(String)&amp#27;[0m
    &amp#27;[32mAnd &amp#27;[0m&amp#27;[32mteniendo datos en lista "&amp#27;[0m&amp#27;[32m&amp#27;[1msrc/test/resources/datadrivenDev/vaucher.xls&amp#27;[0m&amp#27;[32m"&amp#27;[0m            &amp#27;[90m# RedimirVaucherDefinition.teniendo_datos_en_lista(String)&amp#27;[0m
    &amp#27;[32mWhen &amp#27;[0m&amp#27;[32mSelecciona articulos desde PDP&amp#27;[0m                                                   &amp#27;[90m# AgregarArticuloDefinition.selecciona_articulos_desde_PDP()&amp#27;[0m
    &amp#27;[31mAnd &amp#27;[0m&amp#27;[31mdigito vaucher de tipo "&amp#27;[0m&amp#27;[31m&amp#27;[1mporcentaje&amp#27;[0m&amp#27;[31m"&amp#27;[0m                                               &amp#27;[90m# RedimirVaucherDefinition.digito_vaucher_de_tipo(String)&amp#27;[0m
      &amp#27;[31mnet.serenitybdd.core.exceptions.SerenityManagedException: The following error occurred: Expected enabled element was not enabled
	at net.serenitybdd.core.pages.WebElementFacadeImpl.waitUntilEnabled(WebElementFacadeImpl.java:968)
	at net.serenitybdd.core.pages.WebElementFacadeImpl.waitUntilElementAvailable(WebElementFacadeImpl.java:807)
	at net.serenitybdd.core.pages.WebElementFacadeImpl.type(WebElementFacadeImpl.java:688)
	at com.lineadirecta.pacifika.pageobjets.RedimirVaucherPage.EscribirVaucher(RedimirVaucherPage.java:18)
	at com.lineadirecta.pacifika.steps.RedimirVaucherSteps.EscribirVaucher(RedimirVaucherSteps.java:15)
	at com.lineadirecta.pacifika.steps.RedimirVaucherSteps$$EnhancerByCGLIB$$e5aea0e2.CGLIB$EscribirVaucher$5(<generated>)
	at com.lineadirecta.pacifika.steps.RedimirVaucherSteps$$EnhancerByCGLIB$$e5aea0e2$$FastClassByCGLIB$$cb65673c.invoke(<generated>)
	at net.sf.cglib.proxy.MethodProxy.invokeSuper(MethodProxy.java:228)
	at net.thucydides.core.steps.StepInterceptor.invokeMethod(StepInterceptor.java:450)
	at net.thucydides.core.steps.StepInterceptor.executeTestStepMethod(StepInterceptor.java:435)
	at net.thucydides.core.steps.StepInterceptor.runTestStep(StepInterceptor.java:410)
	at net.thucydides.core.steps.StepInterceptor.runOrSkipMethod(StepInterceptor.java:151)
	at net.thucydides.core.steps.StepInterceptor.testStepResult(StepInterceptor.java:138)
	at net.thucydides.core.steps.StepInterceptor.intercept(StepInterceptor.java:69)
	at com.lineadirecta.pacifika.steps.RedimirVaucherSteps$$EnhancerByCGLIB$$e5aea0e2.EscribirVaucher(<generated>)
	at com.lineadirecta.pacifika.definition.RedimirVaucherDefinition.digito_vaucher_de_tipo(RedimirVaucherDefinition.java:109)
	at ?.digito vaucher de tipo "porcentaje"(src/main/resources/features/Pruebas/dev/Compras/PDP/CompraEfectivo.feature:45)
Caused by: org.openqa.selenium.TimeoutException: Expected condition failed: waiting for By.xpath: (//input[@id='js-voucher-code-text'])[2] to be enabled (tried for 5 second(s) with 100 MILLISECONDS interval)
	at org.openqa.selenium.support.ui.FluentWait.timeoutException(FluentWait.java:263)
	at org.openqa.selenium.support.ui.FluentWait.until(FluentWait.java:231)
	at net.serenitybdd.core.pages.WebElementFacadeImpl.waitUntilEnabled(WebElementFacadeImpl.java:965)
	at net.serenitybdd.core.pages.WebElementFacadeImpl.waitUntilElementAvailable(WebElementFacadeImpl.java:807)
	at net.serenitybdd.core.pages.WebElementFacadeImpl.type(WebElementFacadeImpl.java:688)
	at com.lineadirecta.pacifika.pageobjets.RedimirVaucherPage.EscribirVaucher(RedimirVaucherPage.java:18)
	at com.lineadirecta.pacifika.steps.RedimirVaucherSteps.EscribirVaucher(RedimirVaucherSteps.java:15)
	at com.lineadirecta.pacifika.steps.RedimirVaucherSteps$$EnhancerByCGLIB$$e5aea0e2.CGLIB$EscribirVaucher$5(<generated>)
	at com.lineadirecta.pacifika.steps.RedimirVaucherSteps$$EnhancerByCGLIB$$e5aea0e2$$FastClassByCGLIB$$cb65673c.invoke(<generated>)
	at net.sf.cglib.proxy.MethodProxy.invokeSuper(MethodProxy.java:228)
	at net.thucydides.core.steps.StepInterceptor.invokeMethod(StepInterceptor.java:450)
	at net.thucydides.core.steps.StepInterceptor.executeTestStepMethod(StepInterceptor.java:435)
	at net.thucydides.core.steps.StepInterceptor.runTestStep(StepInterceptor.java:410)
	at net.thucydides.core.steps.StepInterceptor.runOrSkipMethod(StepInterceptor.java:151)
	at net.thucydides.core.steps.StepInterceptor.testStepResult(StepInterceptor.java:138)
	at net.thucydides.core.steps.StepInterceptor.intercept(StepInterceptor.java:69)
	at com.lineadirecta.pacifika.steps.RedimirVaucherSteps$$EnhancerByCGLIB$$e5aea0e2.EscribirVaucher(<generated>)
	at com.lineadirecta.pacifika.definition.RedimirVaucherDefinition.digito_vaucher_de_tipo(RedimirVaucherDefinition.java:109)
	at sun.reflect.NativeMethodAccessorImpl.invoke0(Native Method)
	at sun.reflect.NativeMethodAccessorImpl.invoke(NativeMethodAccessorImpl.java:62)
	at sun.reflect.DelegatingMethodAccessorImpl.invoke(DelegatingMethodAccessorImpl.java:43)
	at java.lang.reflect.Method.invoke(Method.java:498)
	at cucumber.runtime.Utils$1.call(Utils.java:32)
	at cucumber.runtime.Timeout.timeout(Timeout.java:16)
	at cucumber.runtime.Utils.invoke(Utils.java:26)
	at cucumber.runtime.java.JavaStepDefinition.execute(JavaStepDefinition.java:37)
	at cucumber.runtime.StepDefinitionMatch.runStep(StepDefinitionMatch.java:40)
	at cucumber.api.TestStep.executeStep(TestStep.java:102)
	at cucumber.api.TestStep.run(TestStep.java:83)
	at cucumber.api.TestCase.run(TestCase.java:58)
	at cucumber.runner.Runner.runPickle(Runner.java:80)
	at cucumber.runtime.junit.PickleRunners$NoStepDescriptions.run(PickleRunners.java:140)
	at cucumber.runtime.junit.FeatureRunner.runChild(FeatureRunner.java:68)
	at cucumber.runtime.junit.FeatureRunner.runChild(FeatureRunner.java:23)
	at org.junit.runners.ParentRunner$3.run(ParentRunner.java:290)
	at org.junit.runners.ParentRunner$1.schedule(ParentRunner.java:71)
	at org.junit.runners.ParentRunner.runChildren(ParentRunner.java:288)
	at org.junit.runners.ParentRunner.access$000(ParentRunner.java:58)
	at org.junit.runners.ParentRunner$2.evaluate(ParentRunner.java:268)
	at org.junit.runners.ParentRunner.run(ParentRunner.java:363)
	at cucumber.runtime.junit.FeatureRunner.run(FeatureRunner.java:73)
	at cucumber.api.junit.Cucumber.runChild(Cucumber.java:117)
	at cucumber.api.junit.Cucumber.runChild(Cucumber.java:55)
	at org.junit.runners.ParentRunner$3.run(ParentRunner.java:290)
	at org.apache.maven.surefire.junitcore.pc.Scheduler$1.run(Scheduler.java:393)
	at org.apache.maven.surefire.junitcore.pc.InvokerStrategy.schedule(InvokerStrategy.java:54)
	at org.apache.maven.surefire.junitcore.pc.Scheduler.schedule(Scheduler.java:352)
	at org.junit.runners.ParentRunner.runChildren(ParentRunner.java:288)
	at org.junit.runners.ParentRunner.access$000(ParentRunner.java:58)
	at org.junit.runners.ParentRunner$2.evaluate(ParentRunner.java:268)
	at cucumber.api.junit.Cucumber$1.evaluate(Cucumber.java:126)
	at org.junit.runners.ParentRunner.run(ParentRunner.java:363)
	at org.junit.runners.Suite.runChild(Suite.java:128)
	at org.junit.runners.Suite.runChild(Suite.java:27)
	at org.junit.runners.ParentRunner$3.run(ParentRunner.java:290)
	at org.apache.maven.surefire.junitcore.pc.Scheduler$1.run(Scheduler.java:393)
	at java.util.concurrent.Executors$RunnableAdapter.call(Executors.java:511)
	at java.util.concurrent.FutureTask.run(FutureTask.java:266)
	at java.util.concurrent.ThreadPoolExecutor.runWorker(ThreadPoolExecutor.java:1142)
	at java.util.concurrent.ThreadPoolExecutor$Worker.run(ThreadPoolExecutor.java:617)
	at java.lang.Thread.run(Thread.java:745)
Caused by: org.openqa.selenium.NoSuchElementException: no such element: Unable to locate element: {"method":"xpath","selector":"(//input[@id='js-voucher-code-text'])[2]"}
  (Session info: chrome=67.0.3396.99)
  (Driver info: chromedriver=2.37.544315 (730aa6a5fdba159ac9f4c1e8cbc59bf1b5ce12b7),platform=Windows NT 6.1.7601 SP1 x86_64) (WARNING: The server did not provide any stacktrace information)
Command duration or timeout: 0 milliseconds
For documentation on this error, please visit: http://seleniumhq.org/exceptions/no_such_element.html
Build info: version: '3.8.1', revision: '6e95a6684b', time: '2017-12-01T18:33:54.468Z'
System info: host: 'SP4L8Z362', ip: '10.7.15.36', os.name: 'Windows 7', os.arch: 'amd64', os.version: '6.1', java.version: '1.8.0_121'
Driver info: org.openqa.selenium.remote.RemoteWebDriver
Capabilities {acceptInsecureCerts: false, acceptSslCerts: false, applicationCacheEnabled: false, browserConnectionEnabled: false, browserName: chrome, chrome: {chromedriverVersion: 2.37.544315 (730aa6a5fdba15..., userDataDir: C:\Users\41QS362\AppData\Lo...}, cssSelectorsEnabled: true, databaseEnabled: false, handlesAlerts: true, hasTouchScreen: false, javascriptEnabled: true, locationContextEnabled: true, mobileEmulationEnabled: false, nativeEvents: true, networkConnectionEnabled: false, pageLoadStrategy: normal, platform: XP, platformName: XP, rotatable: false, setWindowRect: true, takesHeapSnapshot: true, takesScreenshot: true, unexpectedAlertBehaviour: , unhandledPromptBehavior: , version: 67.0.3396.99, webStorageEnabled: true}
Session ID: 3463fae6cb3803418e42f495fa24db4d
*** Element info: {Using=xpath, value=(//input[@id='js-voucher-code-text'])[2]}
	at sun.reflect.GeneratedConstructorAccessor62.newInstance(Unknown Source)
	at sun.reflect.DelegatingConstructorAccessorImpl.newInstance(DelegatingConstructorAccessorImpl.java:45)
	at java.lang.reflect.Constructor.newInstance(Constructor.java:423)
	at org.openqa.selenium.remote.ErrorHandler.createThrowable(ErrorHandler.java:214)
	at org.openqa.selenium.remote.ErrorHandler.throwIfResponseFailed(ErrorHandler.java:166)
	at org.openqa.selenium.remote.http.JsonHttpResponseCodec.reconstructValue(JsonHttpResponseCodec.java:40)
	at org.openqa.selenium.remote.http.AbstractHttpResponseCodec.decode(AbstractHttpResponseCodec.java:80)
	at org.openqa.selenium.remote.http.AbstractHttpResponseCodec.decode(AbstractHttpResponseCodec.java:44)
	at org.openqa.selenium.remote.HttpCommandExecutor.execute(HttpCommandExecutor.java:164)
	at org.openqa.selenium.remote.RemoteWebDriver.execute(RemoteWebDriver.java:601)
	at org.openqa.selenium.remote.RemoteWebDriver.findElement(RemoteWebDriver.java:371)
	at org.openqa.selenium.remote.RemoteWebDriver.findElementByXPath(RemoteWebDriver.java:473)
	at org.openqa.selenium.By$ByXPath.findElement(By.java:361)
	at org.openqa.selenium.remote.RemoteWebDriver.findElement(RemoteWebDriver.java:363)
	at net.thucydides.core.webdriver.WebDriverFacade.findElement(WebDriverFacade.java:278)
	at net.serenitybdd.core.pages.WebElementResolverByLocator.resolveForDriver(WebElementResolverByLocator.java:16)
	at net.serenitybdd.core.pages.WebElementFacadeImpl.getElement(WebElementFacadeImpl.java:209)
	at net.serenitybdd.core.pages.WebElementExpectations$3.apply(WebElementExpectations.java:63)
	at net.serenitybdd.core.pages.WebElementExpectations$3.apply(WebElementExpectations.java:55)
	at org.openqa.selenium.support.ui.FluentWait.until(FluentWait.java:208)
	... 59 more
&amp#27;[0m
    &amp#27;[36mAnd &amp#27;[0m&amp#27;[36mLogueo e Ir a Pasarela "&amp#27;[0m&amp#27;[36m&amp#27;[1maliadan&amp#27;[0m&amp#27;[36m"&amp#27;[0m                                                  &amp#27;[90m# LogueoDesdeInicioDefinition.Logueo_e_ir_a_Pasarela(String)&amp#27;[0m
    &amp#27;[36mAnd &amp#27;[0m&amp#27;[36mSelecciono "&amp#27;[0m&amp#27;[36m&amp#27;[1mefecty&amp#27;[0m&amp#27;[36m"&amp#27;[0m                                                               &amp#27;[90m# CompraEfectivoDefinition.selecciono(String)&amp#27;[0m
    &amp#27;[36mAnd &amp#27;[0m&amp#27;[36mPagar Ahora&amp#27;[0m                                                                       &amp#27;[90m# CompraTCDefinition.pagar_Ahora()&amp#27;[0m
    &amp#27;[36mAnd &amp#27;[0m&amp#27;[36mGuarda orden&amp#27;[0m                                                                      &amp#27;[90m# CompraEfectivoDefinition.guardar_orden()&amp#27;[0m
    &amp#27;[36mThen &amp#27;[0m&amp#27;[36mVerifico Mensaje Pago Final "&amp#27;[0m&amp#27;[36m&amp#27;[1mTu pago est√° en estado Pendiente.&amp#27;[0m&amp#27;[36m"&amp#27;[0m                  &amp#27;[90m# CompraCreditoDefinition.verifico_vensaje_vago_final(String)&amp#27;[0m
]]></system-out>
    <system-err><![CDATA[ago 01, 2018 4:08:56 PM org.openqa.selenium.remote.DesiredCapabilities chrome
INFORMACI√ìN: Using `new ChromeOptions()` is preferred to `DesiredCapabilities.chrome()`
ago 01, 2018 4:08:57 PM org.openqa.selenium.remote.ProtocolHandshake createSession
INFORMACI√ìN: Detected dialect: OSS
java.lang.IllegalStateException: Cannot get a STRING value from a NUMERIC cell
	at org.apache.poi.hssf.usermodel.HSSFCell.typeMismatch(HSSFCell.java:654)
	at org.apache.poi.hssf.usermodel.HSSFCell.getRichStringCellValue(HSSFCell.java:731)
	at org.apache.poi.hssf.usermodel.HSSFCell.getStringCellValue(HSSFCell.java:714)
	at com.lineadirecta.pacifika.model.DatosLogueoDesdeInicioModel2.LlenarLista(DatosLogueoDesdeInicioModel2.java:77)
	at com.lineadirecta.pacifika.definition.LogueoDesdeInicioDefinition.Tengo_datos_a_ingresar(LogueoDesdeInicioDefinition.java:47)
	at sun.reflect.NativeMethodAccessorImpl.invoke0(Native Method)
	at sun.reflect.NativeMethodAccessorImpl.invoke(NativeMethodAccessorImpl.java:62)
	at sun.reflect.DelegatingMethodAccessorImpl.invoke(DelegatingMethodAccessorImpl.java:43)
	at java.lang.reflect.Method.invoke(Method.java:498)
	at cucumber.runtime.Utils$1.call(Utils.java:32)
	at cucumber.runtime.Timeout.timeout(Timeout.java:16)
	at cucumber.runtime.Utils.invoke(Utils.java:26)
	at cucumber.runtime.java.JavaStepDefinition.execute(JavaStepDefinition.java:37)
	at cucumber.runtime.StepDefinitionMatch.runStep(StepDefinitionMatch.java:40)
	at cucumber.api.TestStep.executeStep(TestStep.java:102)
	at cucumber.api.TestStep.run(TestStep.java:83)
	at cucumber.api.TestCase.run(TestCase.java:58)
	at cucumber.runner.Runner.runPickle(Runner.java:80)
	at cucumber.runtime.junit.PickleRunners$NoStepDescriptions.run(PickleRunners.java:140)
	at cucumber.runtime.junit.FeatureRunner.runChild(FeatureRunner.java:68)
	at cucumber.runtime.junit.FeatureRunner.runChild(FeatureRunner.java:23)
	at org.junit.runners.ParentRunner$3.run(ParentRunner.java:290)
	at org.junit.runners.ParentRunner$1.schedule(ParentRunner.java:71)
	at org.junit.runners.ParentRunner.runChildren(ParentRunner.java:288)
	at org.junit.runners.ParentRunner.access$000(ParentRunner.java:58)
	at org.junit.runners.ParentRunner$2.evaluate(ParentRunner.java:268)
	at org.junit.runners.ParentRunner.run(ParentRunner.java:363)
	at cucumber.runtime.junit.FeatureRunner.run(FeatureRunner.java:73)
	at cucumber.api.junit.Cucumber.runChild(Cucumber.java:117)
	at cucumber.api.junit.Cucumber.runChild(Cucumber.java:55)
	at org.junit.runners.ParentRunner$3.run(ParentRunner.java:290)
	at org.apache.maven.surefire.junitcore.pc.Scheduler$1.run(Scheduler.java:393)
	at org.apache.maven.surefire.junitcore.pc.InvokerStrategy.schedule(InvokerStrategy.java:54)
	at org.apache.maven.surefire.junitcore.pc.Scheduler.schedule(Scheduler.java:352)
	at org.junit.runners.ParentRunner.runChildren(ParentRunner.java:288)
	at org.junit.runners.ParentRunner.access$000(ParentRunner.java:58)
	at org.junit.runners.ParentRunner$2.evaluate(ParentRunner.java:268)
	at cucumber.api.junit.Cucumber$1.evaluate(Cucumber.java:126)
	at org.junit.runners.ParentRunner.run(ParentRunner.java:363)
	at org.junit.runners.Suite.runChild(Suite.java:128)
	at org.junit.runners.Suite.runChild(Suite.java:27)
	at org.junit.runners.ParentRunner$3.run(ParentRunner.java:290)
	at org.apache.maven.surefire.junitcore.pc.Scheduler$1.run(Scheduler.java:393)
	at java.util.concurrent.Executors$RunnableAdapter.call(Executors.java:511)
	at java.util.concurrent.FutureTask.run(FutureTask.java:266)
	at java.util.concurrent.ThreadPoolExecutor.runWorker(ThreadPoolExecutor.java:1142)
	at java.util.concurrent.ThreadPoolExecutor$Worker.run(ThreadPoolExecutor.java:617)
	at java.lang.Thread.run(Thread.java:745)
[pool-1-thread-1] ERROR net.serenitybdd.core.Serenity - 
           __  _____ _____ ____ _____   _____ _    ___ _     _____ ____  
  _       / / |_   _| ____/ ___|_   _| |  ___/ \  |_ _| |   | ____|  _ \ 
 (_)_____| |    | | |  _| \___ \ | |   | |_ / _ \  | || |   |  _| | | | |
  _|_____| |    | | | |___ ___) || |   |  _/ ___ \ | || |___| |___| |_| |
 (_)     | |    |_| |_____|____/ |_|   |_|/_/   \_\___|_____|_____|____/ 
          \_\                                                            

TEST FAILED WITH ERROR: Compra efectivo usuario <usuario> <forma> con descuento <voucher>
---------------------------------------------------------------------
[pool-1-thread-1] ERROR net.serenitybdd.core.Serenity - TEST FAILED AT STEP Escribir vaucher: porcentaje
[pool-1-thread-1] ERROR net.serenitybdd.core.Serenity - The following error occurred: unknown error: Element <img class="lazy" data-src="/medias/sys_master/images/images/hcc/heb/8796406644766/P506552-1.jpg" alt="Blusa Manga Sisa Blanco" title="Blusa Manga Sisa Blanco" src="data:image/gif;base64,R0lGODlhAQABAIAAAP///wAAACH5BAEAAAAALAAAAAABAAEAAAICRAEAOw=="> is not clickable at point (885, 404). Other element would receive the click: <div class="details mt-card-content">...</div>  (Session info: chrome=67.0.3396.99)  (Driver info: chromedriver=2.37.544315 (730aa6a5fdba159ac9f4c1e8cbc59bf1b5ce12b7),platform=Windows NT 6.1.7601 SP1 x86_64) (WARNING: The server did not provide any stacktrace information)Command duration or timeout: 0 millisecondsBuild info: version: '3.8.1', revision: '6e95a6684b', time: '2017-12-01T18:33:54.468Z'System info: host: 'SP4L8Z362', ip: '10.7.15.36', os.name: 'Windows 7', os.arch: 'amd64', os.version: '6.1', java.version: '1.8.0_121'Driver info: org.openqa.selenium.remote.RemoteWebDriverCapabilities {acceptInsecureCerts: false, acceptSslCerts: false, applicationCacheEnabled: false, browserConnectionEnabled: false, browserName: chrome, chrome: {chromedriverVersion: 2.37.544315 (730aa6a5fdba15..., userDataDir: C:\Users\41QS362\AppData\Lo...}, cssSelectorsEnabled: true, databaseEnabled: false, handlesAlerts: true, hasTouchScreen: false, javascriptEnabled: true, locationContextEnabled: true, mobileEmulationEnabled: false, nativeEvents: true, networkConnectionEnabled: false, pageLoadStrategy: normal, platform: XP, platformName: XP, rotatable: false, setWindowRect: true, takesHeapSnapshot: true, takesScreenshot: true, unexpectedAlertBehaviour: , unhandledPromptBehavior: , version: 67.0.3396.99, webStorageEnabled: true}Session ID: 2f5e4c24bd45ce277d78d0d0808fe9faBuild info: version: '3.8.1', revision: '6e95a6684b', time: '2017-12-01T18:33:54.468Z'System info: host: 'SP4L8Z362', ip: '10.7.15.36', os.name: 'Windows 7', os.arch: 'amd64', os.version: '6.1', java.version: '1.8.0_121'Driver info: driver.version: unknown
]]></system-err>
  </testcase>
  <testcase name="Compra efectivo usuario aliada baloto con descuento freeshiping" classname="Compras en efectivo" time="120.816">
    <error type="java.lang.NullPointerException">java.lang.NullPointerException
</error>
    <system-out><![CDATA[    &amp#27;[32mGiven &amp#27;[0m&amp#27;[32mEstando en Home&amp#27;[0m                                                                 &amp#27;[90m# AgregarArticuloDefinition.estando_en_Home()&amp#27;[0m
    &amp#27;[32mAnd &amp#27;[0m&amp#27;[32mTengo datos a ingresar "&amp#27;[0m&amp#27;[32m&amp#27;[1msrc/test/resources/datadrivenDev/usuarios.xls&amp#27;[0m&amp#27;[32m"&amp#27;[0m            &amp#27;[90m# LogueoDesdeInicioDefinition.Tengo_datos_a_ingresar(String)&amp#27;[0m
    &amp#27;[32mAnd &amp#27;[0m&amp#27;[32mTeniendo articulos a seleccionar "&amp#27;[0m&amp#27;[32m&amp#27;[1msrc/test/resources/datadrivenDev/articulos.csv&amp#27;[0m&amp#27;[32m"&amp#27;[0m &amp#27;[90m# AgregarArticuloDefinition.teniendo_articulos_a_seleccionar(String)&amp#27;[0m
    &amp#27;[32mAnd &amp#27;[0m&amp#27;[32mteniendo datos en lista "&amp#27;[0m&amp#27;[32m&amp#27;[1msrc/test/resources/datadrivenDev/vaucher.xls&amp#27;[0m&amp#27;[32m"&amp#27;[0m            &amp#27;[90m# RedimirVaucherDefinition.teniendo_datos_en_lista(String)&amp#27;[0m
    &amp#27;[32mWhen &amp#27;[0m&amp#27;[32mSelecciona articulos desde PDP&amp#27;[0m                                                   &amp#27;[90m# AgregarArticuloDefinition.selecciona_articulos_desde_PDP()&amp#27;[0m
    &amp#27;[32mAnd &amp#27;[0m&amp#27;[32mdigito vaucher de tipo "&amp#27;[0m&amp#27;[32m&amp#27;[1mfreeshiping&amp#27;[0m&amp#27;[32m"&amp#27;[0m                                              &amp#27;[90m# RedimirVaucherDefinition.digito_vaucher_de_tipo(String)&amp#27;[0m
    &amp#27;[31mAnd &amp#27;[0m&amp#27;[31mLogueo e Ir a Pasarela "&amp#27;[0m&amp#27;[31m&amp#27;[1maliada&amp#27;[0m&amp#27;[31m"&amp#27;[0m                                                   &amp#27;[90m# LogueoDesdeInicioDefinition.Logueo_e_ir_a_Pasarela(String)&amp#27;[0m
      &amp#27;[31mjava.lang.NullPointerException
	at com.lineadirecta.pacifika.definition.LogueoDesdeInicioDefinition.Logueo_e_ir_a_Pasarela(LogueoDesdeInicioDefinition.java:103)
	at ?.Logueo e Ir a Pasarela "aliada"(src/main/resources/features/Pruebas/dev/Compras/PDP/CompraEfectivo.feature:46)
&amp#27;[0m
    &amp#27;[36mAnd &amp#27;[0m&amp#27;[36mSelecciono "&amp#27;[0m&amp#27;[36m&amp#27;[1mbaloto&amp#27;[0m&amp#27;[36m"&amp#27;[0m                                                               &amp#27;[90m# CompraEfectivoDefinition.selecciono(String)&amp#27;[0m
    &amp#27;[36mAnd &amp#27;[0m&amp#27;[36mPagar Ahora&amp#27;[0m                                                                       &amp#27;[90m# CompraTCDefinition.pagar_Ahora()&amp#27;[0m
    &amp#27;[36mAnd &amp#27;[0m&amp#27;[36mGuarda orden&amp#27;[0m                                                                      &amp#27;[90m# CompraEfectivoDefinition.guardar_orden()&amp#27;[0m
    &amp#27;[36mThen &amp#27;[0m&amp#27;[36mVerifico Mensaje Pago Final "&amp#27;[0m&amp#27;[36m&amp#27;[1mTu pago est√° en estado Pendiente.&amp#27;[0m&amp#27;[36m"&amp#27;[0m                  &amp#27;[90m# CompraCreditoDefinition.verifico_vensaje_vago_final(String)&amp#27;[0m
]]></system-out>
    <system-err><![CDATA[ago 01, 2018 4:11:06 PM org.openqa.selenium.remote.DesiredCapabilities chrome
INFORMACI√ìN: Using `new ChromeOptions()` is preferred to `DesiredCapabilities.chrome()`
ago 01, 2018 4:11:07 PM org.openqa.selenium.remote.ProtocolHandshake createSession
INFORMACI√ìN: Detected dialect: OSS
java.lang.IllegalStateException: Cannot get a STRING value from a NUMERIC cell
	at org.apache.poi.hssf.usermodel.HSSFCell.typeMismatch(HSSFCell.java:654)
	at org.apache.poi.hssf.usermodel.HSSFCell.getRichStringCellValue(HSSFCell.java:731)
	at org.apache.poi.hssf.usermodel.HSSFCell.getStringCellValue(HSSFCell.java:714)
	at com.lineadirecta.pacifika.model.DatosLogueoDesdeInicioModel2.LlenarLista(DatosLogueoDesdeInicioModel2.java:77)
	at com.lineadirecta.pacifika.definition.LogueoDesdeInicioDefinition.Tengo_datos_a_ingresar(LogueoDesdeInicioDefinition.java:47)
	at sun.reflect.NativeMethodAccessorImpl.invoke0(Native Method)
	at sun.reflect.NativeMethodAccessorImpl.invoke(NativeMethodAccessorImpl.java:62)
	at sun.reflect.DelegatingMethodAccessorImpl.invoke(DelegatingMethodAccessorImpl.java:43)
	at java.lang.reflect.Method.invoke(Method.java:498)
	at cucumber.runtime.Utils$1.call(Utils.java:32)
	at cucumber.runtime.Timeout.timeout(Timeout.java:16)
	at cucumber.runtime.Utils.invoke(Utils.java:26)
	at cucumber.runtime.java.JavaStepDefinition.execute(JavaStepDefinition.java:37)
	at cucumber.runtime.StepDefinitionMatch.runStep(StepDefinitionMatch.java:40)
	at cucumber.api.TestStep.executeStep(TestStep.java:102)
	at cucumber.api.TestStep.run(TestStep.java:83)
	at cucumber.api.TestCase.run(TestCase.java:58)
	at cucumber.runner.Runner.runPickle(Runner.java:80)
	at cucumber.runtime.junit.PickleRunners$NoStepDescriptions.run(PickleRunners.java:140)
	at cucumber.runtime.junit.FeatureRunner.runChild(FeatureRunner.java:68)
	at cucumber.runtime.junit.FeatureRunner.runChild(FeatureRunner.java:23)
	at org.junit.runners.ParentRunner$3.run(ParentRunner.java:290)
	at org.junit.runners.ParentRunner$1.schedule(ParentRunner.java:71)
	at org.junit.runners.ParentRunner.runChildren(ParentRunner.java:288)
	at org.junit.runners.ParentRunner.access$000(ParentRunner.java:58)
	at org.junit.runners.ParentRunner$2.evaluate(ParentRunner.java:268)
	at org.junit.runners.ParentRunner.run(ParentRunner.java:363)
	at cucumber.runtime.junit.FeatureRunner.run(FeatureRunner.java:73)
	at cucumber.api.junit.Cucumber.runChild(Cucumber.java:117)
	at cucumber.api.junit.Cucumber.runChild(Cucumber.java:55)
	at org.junit.runners.ParentRunner$3.run(ParentRunner.java:290)
	at org.apache.maven.surefire.junitcore.pc.Scheduler$1.run(Scheduler.java:393)
	at org.apache.maven.surefire.junitcore.pc.InvokerStrategy.schedule(InvokerStrategy.java:54)
	at org.apache.maven.surefire.junitcore.pc.Scheduler.schedule(Scheduler.java:352)
	at org.junit.runners.ParentRunner.runChildren(ParentRunner.java:288)
	at org.junit.runners.ParentRunner.access$000(ParentRunner.java:58)
	at org.junit.runners.ParentRunner$2.evaluate(ParentRunner.java:268)
	at cucumber.api.junit.Cucumber$1.evaluate(Cucumber.java:126)
	at org.junit.runners.ParentRunner.run(ParentRunner.java:363)
	at org.junit.runners.Suite.runChild(Suite.java:128)
	at org.junit.runners.Suite.runChild(Suite.java:27)
	at org.junit.runners.ParentRunner$3.run(ParentRunner.java:290)
	at org.apache.maven.surefire.junitcore.pc.Scheduler$1.run(Scheduler.java:393)
	at java.util.concurrent.Executors$RunnableAdapter.call(Executors.java:511)
	at java.util.concurrent.FutureTask.run(FutureTask.java:266)
	at java.util.concurrent.ThreadPoolExecutor.runWorker(ThreadPoolExecutor.java:1142)
	at java.util.concurrent.ThreadPoolExecutor$Worker.run(ThreadPoolExecutor.java:617)
	at java.lang.Thread.run(Thread.java:745)
[pool-1-thread-1] ERROR net.serenitybdd.core.Serenity - 
           __  _____ _____ ____ _____   _____ _    ___ _     _____ ____  
  _       / / |_   _| ____/ ___|_   _| |  ___/ \  |_ _| |   | ____|  _ \ 
 (_)_____| |    | | |  _| \___ \ | |   | |_ / _ \  | || |   |  _| | | | |
  _|_____| |    | | | |___ ___) || |   |  _/ ___ \ | || |___| |___| |_| |
 (_)     | |    |_| |_____|____/ |_|   |_|/_/   \_\___|_____|_____|____/ 
          \_\                                                            

TEST FAILED WITH ERROR: Compra efectivo usuario <usuario> <forma> con descuento <voucher>
---------------------------------------------------------------------
[pool-1-thread-1] ERROR net.serenitybdd.core.Serenity - TEST FAILED AT STEP And Logueo e Ir a Pasarela "aliada"
[pool-1-thread-1] ERROR net.serenitybdd.core.Serenity - The following error occurred: unknown error: Element <img class="lazy" data-src="/medias/sys_master/images/images/hcc/heb/8796406644766/P506552-1.jpg" alt="Blusa Manga Sisa Blanco" title="Blusa Manga Sisa Blanco" src="data:image/gif;base64,R0lGODlhAQABAIAAAP///wAAACH5BAEAAAAALAAAAAABAAEAAAICRAEAOw=="> is not clickable at point (885, 404). Other element would receive the click: <div class="details mt-card-content">...</div>  (Session info: chrome=67.0.3396.99)  (Driver info: chromedriver=2.37.544315 (730aa6a5fdba159ac9f4c1e8cbc59bf1b5ce12b7),platform=Windows NT 6.1.7601 SP1 x86_64) (WARNING: The server did not provide any stacktrace information)Command duration or timeout: 0 millisecondsBuild info: version: '3.8.1', revision: '6e95a6684b', time: '2017-12-01T18:33:54.468Z'System info: host: 'SP4L8Z362', ip: '10.7.15.36', os.name: 'Windows 7', os.arch: 'amd64', os.version: '6.1', java.version: '1.8.0_121'Driver info: org.openqa.selenium.remote.RemoteWebDriverCapabilities {acceptInsecureCerts: false, acceptSslCerts: false, applicationCacheEnabled: false, browserConnectionEnabled: false, browserName: chrome, chrome: {chromedriverVersion: 2.37.544315 (730aa6a5fdba15..., userDataDir: C:\Users\41QS362\AppData\Lo...}, cssSelectorsEnabled: true, databaseEnabled: false, handlesAlerts: true, hasTouchScreen: false, javascriptEnabled: true, locationContextEnabled: true, mobileEmulationEnabled: false, nativeEvents: true, networkConnectionEnabled: false, pageLoadStrategy: normal, platform: XP, platformName: XP, rotatable: false, setWindowRect: true, takesHeapSnapshot: true, takesScreenshot: true, unexpectedAlertBehaviour: , unhandledPromptBehavior: , version: 67.0.3396.99, webStorageEnabled: true}Session ID: 2f5e4c24bd45ce277d78d0d0808fe9faBuild info: version: '3.8.1', revision: '6e95a6684b', time: '2017-12-01T18:33:54.468Z'System info: host: 'SP4L8Z362', ip: '10.7.15.36', os.name: 'Windows 7', os.arch: 'amd64', os.version: '6.1', java.version: '1.8.0_121'Driver info: driver.version: unknown
]]></system-err>
  </testcase>
  <testcase name="Store Credit Mayor Compra usuario normal verifica pasarela" classname="Compras en efectivo" time="293.979">
    <error type="java.lang.NullPointerException">java.lang.NullPointerException
</error>
    <system-out><![CDATA[    &amp#27;[32mGiven &amp#27;[0m&amp#27;[32mEstando en Home&amp#27;[0m                                                                 &amp#27;[90m# AgregarArticuloDefinition.estando_en_Home()&amp#27;[0m
    &amp#27;[32mAnd &amp#27;[0m&amp#27;[32mTengo datos a ingresar "&amp#27;[0m&amp#27;[32m&amp#27;[1msrc/test/resources/datadrivenDev/usuarios.xls&amp#27;[0m&amp#27;[32m"&amp#27;[0m            &amp#27;[90m# LogueoDesdeInicioDefinition.Tengo_datos_a_ingresar(String)&amp#27;[0m
    &amp#27;[32mAnd &amp#27;[0m&amp#27;[32mTeniendo articulos a seleccionar "&amp#27;[0m&amp#27;[32m&amp#27;[1msrc/test/resources/datadrivenDev/articulos.csv&amp#27;[0m&amp#27;[32m"&amp#27;[0m &amp#27;[90m# AgregarArticuloDefinition.teniendo_articulos_a_seleccionar(String)&amp#27;[0m
    &amp#27;[32mWhen &amp#27;[0m&amp#27;[32mSelecciona articulos desde PDP mayor normal "&amp#27;[0m&amp#27;[32m&amp#27;[1m240000&amp#27;[0m&amp#27;[32m"&amp#27;[0m                             &amp#27;[90m# AgregarArticuloDefinition.selecciona_articulos_desde_PDP_mayor_normal(int)&amp#27;[0m
    &amp#27;[31mAnd &amp#27;[0m&amp#27;[31mLogueo e Ir a Pasarela "&amp#27;[0m&amp#27;[31m&amp#27;[1mnormal&amp#27;[0m&amp#27;[31m" mayor a "&amp#27;[0m&amp#27;[31m&amp#27;[1m100000&amp#27;[0m&amp#27;[31m"&amp#27;[0m                                  &amp#27;[90m# LogueoDesdeInicioDefinition.logueo_e_Ir_a_Pasarela_mayor_a(String,int)&amp#27;[0m
      &amp#27;[31mjava.lang.NullPointerException
	at com.lineadirecta.pacifika.definition.LogueoDesdeInicioDefinition.logueo_e_Ir_a_Pasarela_mayor_a(LogueoDesdeInicioDefinition.java:159)
	at ?.Logueo e Ir a Pasarela "normal" mayor a "100000"(src/main/resources/features/Pruebas/dev/Compras/PDP/CompraEfectivo.feature:70)
&amp#27;[0m
    &amp#27;[36mThen &amp#27;[0m&amp#27;[36mVerifica Pasarela&amp#27;[0m                                                                &amp#27;[90m# StoreCreditDefinition.verifica_pasarela()&amp#27;[0m
]]></system-out>
    <system-err><![CDATA[ago 01, 2018 4:13:07 PM org.openqa.selenium.remote.DesiredCapabilities chrome
INFORMACI√ìN: Using `new ChromeOptions()` is preferred to `DesiredCapabilities.chrome()`
ago 01, 2018 4:13:08 PM org.openqa.selenium.remote.ProtocolHandshake createSession
INFORMACI√ìN: Detected dialect: OSS
java.lang.IllegalStateException: Cannot get a STRING value from a NUMERIC cell
	at org.apache.poi.hssf.usermodel.HSSFCell.typeMismatch(HSSFCell.java:654)
	at org.apache.poi.hssf.usermodel.HSSFCell.getRichStringCellValue(HSSFCell.java:731)
	at org.apache.poi.hssf.usermodel.HSSFCell.getStringCellValue(HSSFCell.java:714)
	at com.lineadirecta.pacifika.model.DatosLogueoDesdeInicioModel2.LlenarLista(DatosLogueoDesdeInicioModel2.java:77)
	at com.lineadirecta.pacifika.definition.LogueoDesdeInicioDefinition.Tengo_datos_a_ingresar(LogueoDesdeInicioDefinition.java:47)
	at sun.reflect.GeneratedMethodAccessor47.invoke(Unknown Source)
	at sun.reflect.DelegatingMethodAccessorImpl.invoke(DelegatingMethodAccessorImpl.java:43)
	at java.lang.reflect.Method.invoke(Method.java:498)
	at cucumber.runtime.Utils$1.call(Utils.java:32)
	at cucumber.runtime.Timeout.timeout(Timeout.java:16)
	at cucumber.runtime.Utils.invoke(Utils.java:26)
	at cucumber.runtime.java.JavaStepDefinition.execute(JavaStepDefinition.java:37)
	at cucumber.runtime.StepDefinitionMatch.runStep(StepDefinitionMatch.java:40)
	at cucumber.api.TestStep.executeStep(TestStep.java:102)
	at cucumber.api.TestStep.run(TestStep.java:83)
	at cucumber.api.TestCase.run(TestCase.java:58)
	at cucumber.runner.Runner.runPickle(Runner.java:80)
	at cucumber.runtime.junit.PickleRunners$NoStepDescriptions.run(PickleRunners.java:140)
	at cucumber.runtime.junit.FeatureRunner.runChild(FeatureRunner.java:68)
	at cucumber.runtime.junit.FeatureRunner.runChild(FeatureRunner.java:23)
	at org.junit.runners.ParentRunner$3.run(ParentRunner.java:290)
	at org.junit.runners.ParentRunner$1.schedule(ParentRunner.java:71)
	at org.junit.runners.ParentRunner.runChildren(ParentRunner.java:288)
	at org.junit.runners.ParentRunner.access$000(ParentRunner.java:58)
	at org.junit.runners.ParentRunner$2.evaluate(ParentRunner.java:268)
	at org.junit.runners.ParentRunner.run(ParentRunner.java:363)
	at cucumber.runtime.junit.FeatureRunner.run(FeatureRunner.java:73)
	at cucumber.api.junit.Cucumber.runChild(Cucumber.java:117)
	at cucumber.api.junit.Cucumber.runChild(Cucumber.java:55)
	at org.junit.runners.ParentRunner$3.run(ParentRunner.java:290)
	at org.apache.maven.surefire.junitcore.pc.Scheduler$1.run(Scheduler.java:393)
	at org.apache.maven.surefire.junitcore.pc.InvokerStrategy.schedule(InvokerStrategy.java:54)
	at org.apache.maven.surefire.junitcore.pc.Scheduler.schedule(Scheduler.java:352)
	at org.junit.runners.ParentRunner.runChildren(ParentRunner.java:288)
	at org.junit.runners.ParentRunner.access$000(ParentRunner.java:58)
	at org.junit.runners.ParentRunner$2.evaluate(ParentRunner.java:268)
	at cucumber.api.junit.Cucumber$1.evaluate(Cucumber.java:126)
	at org.junit.runners.ParentRunner.run(ParentRunner.java:363)
	at org.junit.runners.Suite.runChild(Suite.java:128)
	at org.junit.runners.Suite.runChild(Suite.java:27)
	at org.junit.runners.ParentRunner$3.run(ParentRunner.java:290)
	at org.apache.maven.surefire.junitcore.pc.Scheduler$1.run(Scheduler.java:393)
	at java.util.concurrent.Executors$RunnableAdapter.call(Executors.java:511)
	at java.util.concurrent.FutureTask.run(FutureTask.java:266)
	at java.util.concurrent.ThreadPoolExecutor.runWorker(ThreadPoolExecutor.java:1142)
	at java.util.concurrent.ThreadPoolExecutor$Worker.run(ThreadPoolExecutor.java:617)
	at java.lang.Thread.run(Thread.java:745)
[pool-1-thread-1] ERROR net.serenitybdd.core.Serenity - 
           __  _____ _____ ____ _____   _____ _    ___ _     _____ ____  
  _       / / |_   _| ____/ ___|_   _| |  ___/ \  |_ _| |   | ____|  _ \ 
 (_)_____| |    | | |  _| \___ \ | |   | |_ / _ \  | || |   |  _| | | | |
  _|_____| |    | | | |___ ___) || |   |  _/ ___ \ | || |___| |___| |_| |
 (_)     | |    |_| |_____|____/ |_|   |_|/_/   \_\___|_____|_____|____/ 
          \_\                                                            

TEST FAILED WITH ERROR: Store Credit Mayor Compra usuario normal verifica pasarela
---------------------------------------------------------------------
[pool-1-thread-1] ERROR net.serenitybdd.core.Serenity - TEST FAILED AT STEP And Logueo e Ir a Pasarela "normal" mayor a "100000"
[pool-1-thread-1] ERROR net.serenitybdd.core.Serenity - 
]]></system-err>
  </testcase>
  <testcase name="Store Credit Mayor Compra usuario aliada verifica pasarela" classname="Compras en efectivo" time="318.577">
    <error type="java.lang.NullPointerException">java.lang.NullPointerException
</error>
    <system-out><![CDATA[    &amp#27;[32mGiven &amp#27;[0m&amp#27;[32mEstando en Home&amp#27;[0m                                                                 &amp#27;[90m# AgregarArticuloDefinition.estando_en_Home()&amp#27;[0m
    &amp#27;[32mAnd &amp#27;[0m&amp#27;[32mTengo datos a ingresar "&amp#27;[0m&amp#27;[32m&amp#27;[1msrc/test/resources/datadrivenDev/usuarios.xls&amp#27;[0m&amp#27;[32m"&amp#27;[0m            &amp#27;[90m# LogueoDesdeInicioDefinition.Tengo_datos_a_ingresar(String)&amp#27;[0m
    &amp#27;[32mAnd &amp#27;[0m&amp#27;[32mTeniendo articulos a seleccionar "&amp#27;[0m&amp#27;[32m&amp#27;[1msrc/test/resources/datadrivenDev/articulos.csv&amp#27;[0m&amp#27;[32m"&amp#27;[0m &amp#27;[90m# AgregarArticuloDefinition.teniendo_articulos_a_seleccionar(String)&amp#27;[0m
    &amp#27;[32mWhen &amp#27;[0m&amp#27;[32mSelecciona articulos desde PDP mayor aliada "&amp#27;[0m&amp#27;[32m&amp#27;[1m240000&amp#27;[0m&amp#27;[32m"&amp#27;[0m                             &amp#27;[90m# AgregarArticuloDefinition.selecciona_articulos_desde_PDP_mayor_aliada(int)&amp#27;[0m
    &amp#27;[31mAnd &amp#27;[0m&amp#27;[31mLogueo e Ir a Pasarela "&amp#27;[0m&amp#27;[31m&amp#27;[1maliada&amp#27;[0m&amp#27;[31m" mayor a "&amp#27;[0m&amp#27;[31m&amp#27;[1m100000&amp#27;[0m&amp#27;[31m"&amp#27;[0m                                  &amp#27;[90m# LogueoDesdeInicioDefinition.logueo_e_Ir_a_Pasarela_mayor_a(String,int)&amp#27;[0m
      &amp#27;[31mjava.lang.NullPointerException
	at com.lineadirecta.pacifika.definition.LogueoDesdeInicioDefinition.logueo_e_Ir_a_Pasarela_mayor_a(LogueoDesdeInicioDefinition.java:159)
	at ?.Logueo e Ir a Pasarela "aliada" mayor a "100000"(src/main/resources/features/Pruebas/dev/Compras/PDP/CompraEfectivo.feature:79)
&amp#27;[0m
    &amp#27;[36mThen &amp#27;[0m&amp#27;[36mVerifica Pasarela&amp#27;[0m                                                                &amp#27;[90m# StoreCreditDefinition.verifica_pasarela()&amp#27;[0m
]]></system-out>
    <system-err><![CDATA[ago 01, 2018 4:18:01 PM org.openqa.selenium.remote.DesiredCapabilities chrome
INFORMACI√ìN: Using `new ChromeOptions()` is preferred to `DesiredCapabilities.chrome()`
ago 01, 2018 4:18:02 PM org.openqa.selenium.remote.ProtocolHandshake createSession
INFORMACI√ìN: Detected dialect: OSS
java.lang.IllegalStateException: Cannot get a STRING value from a NUMERIC cell
	at org.apache.poi.hssf.usermodel.HSSFCell.typeMismatch(HSSFCell.java:654)
	at org.apache.poi.hssf.usermodel.HSSFCell.getRichStringCellValue(HSSFCell.java:731)
	at org.apache.poi.hssf.usermodel.HSSFCell.getStringCellValue(HSSFCell.java:714)
	at com.lineadirecta.pacifika.model.DatosLogueoDesdeInicioModel2.LlenarLista(DatosLogueoDesdeInicioModel2.java:77)
	at com.lineadirecta.pacifika.definition.LogueoDesdeInicioDefinition.Tengo_datos_a_ingresar(LogueoDesdeInicioDefinition.java:47)
	at sun.reflect.GeneratedMethodAccessor47.invoke(Unknown Source)
	at sun.reflect.DelegatingMethodAccessorImpl.invoke(DelegatingMethodAccessorImpl.java:43)
	at java.lang.reflect.Method.invoke(Method.java:498)
	at cucumber.runtime.Utils$1.call(Utils.java:32)
	at cucumber.runtime.Timeout.timeout(Timeout.java:16)
	at cucumber.runtime.Utils.invoke(Utils.java:26)
	at cucumber.runtime.java.JavaStepDefinition.execute(JavaStepDefinition.java:37)
	at cucumber.runtime.StepDefinitionMatch.runStep(StepDefinitionMatch.java:40)
	at cucumber.api.TestStep.executeStep(TestStep.java:102)
	at cucumber.api.TestStep.run(TestStep.java:83)
	at cucumber.api.TestCase.run(TestCase.java:58)
	at cucumber.runner.Runner.runPickle(Runner.java:80)
	at cucumber.runtime.junit.PickleRunners$NoStepDescriptions.run(PickleRunners.java:140)
	at cucumber.runtime.junit.FeatureRunner.runChild(FeatureRunner.java:68)
	at cucumber.runtime.junit.FeatureRunner.runChild(FeatureRunner.java:23)
	at org.junit.runners.ParentRunner$3.run(ParentRunner.java:290)
	at org.junit.runners.ParentRunner$1.schedule(ParentRunner.java:71)
	at org.junit.runners.ParentRunner.runChildren(ParentRunner.java:288)
	at org.junit.runners.ParentRunner.access$000(ParentRunner.java:58)
	at org.junit.runners.ParentRunner$2.evaluate(ParentRunner.java:268)
	at org.junit.runners.ParentRunner.run(ParentRunner.java:363)
	at cucumber.runtime.junit.FeatureRunner.run(FeatureRunner.java:73)
	at cucumber.api.junit.Cucumber.runChild(Cucumber.java:117)
	at cucumber.api.junit.Cucumber.runChild(Cucumber.java:55)
	at org.junit.runners.ParentRunner$3.run(ParentRunner.java:290)
	at org.apache.maven.surefire.junitcore.pc.Scheduler$1.run(Scheduler.java:393)
	at org.apache.maven.surefire.junitcore.pc.InvokerStrategy.schedule(InvokerStrategy.java:54)
	at org.apache.maven.surefire.junitcore.pc.Scheduler.schedule(Scheduler.java:352)
	at org.junit.runners.ParentRunner.runChildren(ParentRunner.java:288)
	at org.junit.runners.ParentRunner.access$000(ParentRunner.java:58)
	at org.junit.runners.ParentRunner$2.evaluate(ParentRunner.java:268)
	at cucumber.api.junit.Cucumber$1.evaluate(Cucumber.java:126)
	at org.junit.runners.ParentRunner.run(ParentRunner.java:363)
	at org.junit.runners.Suite.runChild(Suite.java:128)
	at org.junit.runners.Suite.runChild(Suite.java:27)
	at org.junit.runners.ParentRunner$3.run(ParentRunner.java:290)
	at org.apache.maven.surefire.junitcore.pc.Scheduler$1.run(Scheduler.java:393)
	at java.util.concurrent.Executors$RunnableAdapter.call(Executors.java:511)
	at java.util.concurrent.FutureTask.run(FutureTask.java:266)
	at java.util.concurrent.ThreadPoolExecutor.runWorker(ThreadPoolExecutor.java:1142)
	at java.util.concurrent.ThreadPoolExecutor$Worker.run(ThreadPoolExecutor.java:617)
	at java.lang.Thread.run(Thread.java:745)
[pool-1-thread-1] ERROR net.serenitybdd.core.Serenity - 
           __  _____ _____ ____ _____   _____ _    ___ _     _____ ____  
  _       / / |_   _| ____/ ___|_   _| |  ___/ \  |_ _| |   | ____|  _ \ 
 (_)_____| |    | | |  _| \___ \ | |   | |_ / _ \  | || |   |  _| | | | |
  _|_____| |    | | | |___ ___) || |   |  _/ ___ \ | || |___| |___| |_| |
 (_)     | |    |_| |_____|____/ |_|   |_|/_/   \_\___|_____|_____|____/ 
          \_\                                                            

TEST FAILED WITH ERROR: Store Credit Mayor Compra usuario aliada verifica pasarela
---------------------------------------------------------------------
[pool-1-thread-1] ERROR net.serenitybdd.core.Serenity - TEST FAILED AT STEP And Logueo e Ir a Pasarela "aliada" mayor a "100000"
[pool-1-thread-1] ERROR net.serenitybdd.core.Serenity - 
]]></system-err>
  </testcase>
</testsuite>